User-defined configuration file (/Users/sudo/CodeProjects/Tufts/EECE0193/Final_Project/EXPERIMENTS/Input/NVSim/iso_area/WriteDynamicEnergy/STTRAM/256KB/256KB.cfg) is loaded

Memory Cell: MRAM (Magnetoresistive)
Cell Area (F^2)    : 54.000 (5.400Fx10.000F)
Cell Aspect Ratio  : 0.540
Cell Turned-On Resistance : 3.000Kohm
Cell Turned-Off Resistance: 6.000Kohm
Read Mode: Current-Sensing
  - Read Voltage: 0.250V
Reset Mode: Current
  - Reset Current: 80.000uA
  - Reset Pulse: 10.000ns
Set Mode: Current
  - Set Current: 80.000uA
  - Set Pulse: 10.000ns
Access Type: CMOS
[WARNING] Associativity setting is ignored for non-cache designs

====================
DESIGN SPECIFICATION
====================
Design Target: Random Access Memory
Capacity   : 256KB
Data Width : 128Bits (16Bytes)

Searching for the best solution that is optimized for write energy ...

=============
CONFIGURATION
=============
Bank Organization: 4 x 1
 - Row Activation   : 1 / 4
 - Column Activation: 1 / 1
Mat Organization: 2 x 2
 - Row Activation   : 2 / 2
 - Column Activation: 2 / 2
 - Subarray Size    : 128 Rows x 1024 Columns
Mux Level:
 - Senseamp Mux      : 32
 - Output Level-1 Mux: 1
 - Output Level-2 Mux: 1
Local Wire:
 - Wire Type : Local Aggressive
 - Repeater Type: No Repeaters
 - Low Swing : No
Global Wire:
 - Wire Type : Global Aggressive
 - Repeater Type: No Repeaters
 - Low Swing : No
Buffer Design Style: Latency-Optimized
=============
   RESULT
=============
Area:
 - Total Area = 164.238um x 486.971um = 79979.024um^2
 |--- Mat Area      = 41.059um x 486.971um = 19994.756um^2   (68.532%)
 |--- Subarray Area = 20.530um x 239.979um = 4926.705um^2   (69.533%)
 - Area Efficiency = 68.532%
Timing:
 -  Read Latency = 3.688ns
 |--- H-Tree Latency = 2.888ps
 |--- Mat Latency    = 3.685ns
    |--- Predecoder Latency = 224.039ps
    |--- Subarray Latency   = 3.461ns
       |--- Row Decoder Latency = 1.968ns
       |--- Bitline Latency     = 3.581ps
       |--- Senseamp Latency    = 1.456ns
       |--- Mux Latency         = 32.891ps
       |--- Precharge Latency   = 229.180ps
 - Write Latency = 12.194ns
 |--- H-Tree Latency = 1.444ps
 |--- Mat Latency    = 12.192ns
    |--- Predecoder Latency = 224.039ps
    |--- Subarray Latency   = 11.968ns
       |--- Write Pulse Duration = 10.000ns
       |--- Row Decoder Latency = 1.968ns
       |--- Charge Latency      = 10.425ps
 - Read Bandwidth  = 9.293GB/s
 - Write Bandwidth = 1.337GB/s
Power:
 -  Read Dynamic Energy = 36.603pJ
 |--- H-Tree Dynamic Energy = 1.633pJ
 |--- Mat Dynamic Energy    = 34.971pJ per mat
    |--- Predecoder Dynamic Energy = 0.116pJ
    |--- Subarray Dynamic Energy   = 8.714pJ per active subarray
       |--- Row Decoder Dynamic Energy = 0.179pJ
       |--- Mux Decoder Dynamic Energy = 0.404pJ
       |--- Bitline & Cell Read Energy = 2.796pJ
       |--- Senseamp Dynamic Energy    = 4.812pJ
       |--- Mux Dynamic Energy         = 0.125pJ
       |--- Precharge Dynamic Energy   = 0.394pJ
 - Write Dynamic Energy = 133.347pJ
 |--- H-Tree Dynamic Energy = 1.633pJ
 |--- Mat Dynamic Energy    = 131.715pJ per mat
    |--- Predecoder Dynamic Energy = 0.116pJ
    |--- Subarray Dynamic Energy   = 32.900pJ per active subarray
       |--- Row Decoder Dynamic Energy = 0.179pJ
       |--- Mux Decoder Dynamic Energy = 0.404pJ
       |--- Mux Dynamic Energy         = 0.125pJ
       |--- Bitline & Cell Write Energy= 32.192pJ
 - Leakage Power = 78.848uW
 |--- H-Tree Leakage Power = 0.000pW
 |--- Mat Leakage Power    = 19.712uW per mat

Finished!
