User-defined configuration file (/Users/sudo/CodeProjects/Tufts/EECE0193/Final_Project/EXPERIMENTS/Input/Destiny/LeakagePower/SRAM/1024KB/1024KB.cfg) is loaded

====================
DESIGN SPECIFICATION
====================
Design Target: Random Access Memory
Capacity   : 1MB
Data Width : 128Bits (16Bytes)

Searching for the best solution that is optimized for leakage power ...
Using cell file: ./cell_defs/SRAM.cell
numSolutions = 21948 / numDesigns = 218700

=============
   SUMMARY   
=============
Optimized for: Leakage
Memory Cell: SRAM
Cell Area (F^2)    : 146 (14.6Fx10F)
Cell Aspect Ratio  : 1.46
SRAM Cell Access Transistor Width: 1.31F
SRAM Cell NMOS Width: 2.08F
SRAM Cell PMOS Width: 1.23F

=============
CONFIGURATION
=============
Bank Organization: 512 x 32 x 8
 - Row Activation   : 1 / 512 x 1
 - Column Activation: 32 / 32 x 1
Mat Organization: 2 x 2
 - Row Activation   : 2 / 2
 - Column Activation: 2 / 2
 - Subarray Size    : 2 Rows x 8 Columns
Mux Level:
 - Senseamp Mux      : 8
 - Output Level-1 Mux: 1
 - Output Level-2 Mux: 1
Local Wire:
 - Wire Type : Local Aggressive
 - Repeater Type: No Repeaters
 - Low Swing : No
Global Wire:
 - Wire Type : Global Aggressive
 - Repeater Type: No Repeaters
 - Low Swing : No
Buffer Design Style: Latency-Optimized
=============
   RESULT
=============
Area:
 - Total Area = 1.5313mm x 158.352um = 276100um^2
 |--- Mat Area      = 2.99083um x 4.9485um = 14.8001um^2   (244.457%)
 |--- Subarray Area = 1.49541um x 1.94189um = 2.90392um^2   (311.475%)
 |--- TSV Area      = 81um^2
 - Area Efficiency = 214.695%
Timing:
 -  Read Latency = 390.916ps
 |--- TSV Latency    = 0.0798758ps
 |--- H-Tree Latency = 279.246ps
 |--- Mat Latency    = 111.591ps
    |--- Predecoder Latency = 21.944ps
    |--- Subarray Latency   = 89.6467ps
       |--- Row Decoder Latency = 26.141ps
       |--- Bitline Latency     = 27.7542ps,2.07502e+10s,5.91171e+09s
       |--- Senseamp Latency    = 3.9879ps
       |--- Mux Latency         = 31.7636ps
       |--- Precharge Latency   = 12.4869ps
       |--- Read Pulse   = 0ps
 - Write Latency = 251.254ps
 |--- TSV Latency    = 0.0399379ps
 |--- H-Tree Latency = 139.623ps
 |--- Mat Latency    = 111.591ps
    |--- Predecoder Latency = 21.944ps
    |--- Subarray Latency   = 89.6467ps
       |--- Row Decoder Latency = 26.141ps
       |--- Charge Latency      = 2.31631ps
 - Read Bandwidth  = 210.547GB/s
 - Write Bandwidth = 178.478GB/s
Power:
 -  Read Dynamic Energy = 130.299pJ
 |--- TSV Dynamic Energy    = 105.03pJ
 |--- H-Tree Dynamic Energy = 24.3749pJ
 |--- Mat Dynamic Energy    = 0.0279147pJ per mat
    |--- Predecoder Dynamic Energy = 0.00123499pJ
    |--- Subarray Dynamic Energy   = 0.00666994pJ per active subarray
       |--- Row Decoder Dynamic Energy = 0.000727769pJ
       |--- Mux Decoder Dynamic Energy = 0.00174368pJ
       |--- Senseamp Dynamic Energy    = 0.000363496pJ
       |--- Mux Dynamic Energy         = 0.000338684pJ
       |--- Precharge Dynamic Energy   = 0.00308782pJ
 - Write Dynamic Energy = 129.811pJ
 |--- TSV Dynamic Energy    = 105.03pJ
 |--- H-Tree Dynamic Energy = 24.3749pJ
 |--- Mat Dynamic Energy    = 0.0126798pJ per mat
    |--- Predecoder Dynamic Energy = 0.00123499pJ
    |--- Subarray Dynamic Energy   = 0.0028612pJ per active subarray
       |--- Row Decoder Dynamic Energy = 0.000727769pJ
       |--- Mux Decoder Dynamic Energy = 0.00174368pJ
       |--- Mux Dynamic Energy         = 0.000338684pJ
 - Leakage Power = 267.584uW
 |--- TSV Leakage              = 0pW
 |--- H-Tree Leakage Power     = 0pW
 |--- Mat Leakage Power        = 2.0415nW per mat

Finished!
