User-defined configuration file (/Users/sudo/CodeProjects/Tufts/EECE0193/Final_Project/EXPERIMENTS/Input/NVSim/iso_area/ReadDynamicEnergy/RRAM/16KB/16KB.cfg) is loaded

Memory Cell: RRAM (Memristor)
Cell Area (F^2)    : 4.000 (2.000Fx2.000F)
Cell Aspect Ratio  : 1.000
Cell Turned-On Resistance : 1.000Mohm
Cell Turned-Off Resistance: 10.000Mohm
Read Mode: Current-Sensing
  - Read Voltage: 0.400V
Reset Mode: Voltage
  - Reset Voltage: 2.000V
  - Reset Pulse: 10.000ns
Set Mode: Voltage
  - Set Voltage: 2.000V
  - Set Pulse: 10.000ns
Access Type: None Access Device
[WARNING] Associativity setting is ignored for non-cache designs

====================
DESIGN SPECIFICATION
====================
Design Target: Random Access Memory
Capacity   : 16KB
Data Width : 128Bits (16Bytes)

Searching for the best solution that is optimized for read energy ...

=============
CONFIGURATION
=============
Bank Organization: 1 x 1
 - Row Activation   : 1 / 1
 - Column Activation: 1 / 1
Mat Organization: 2 x 2
 - Row Activation   : 2 / 2
 - Column Activation: 2 / 2
 - Subarray Size    : 256 Rows x 128 Columns
Mux Level:
 - Senseamp Mux      : 4
 - Output Level-1 Mux: 1
 - Output Level-2 Mux: 1
Local Wire:
 - Wire Type : Local Aggressive
 - Repeater Type: No Repeaters
 - Low Swing : No
Global Wire:
 - Wire Type : Global Aggressive
 - Repeater Type: No Repeaters
 - Low Swing : No
Buffer Design Style: Latency-Optimized
=============
   RESULT
=============
Area:
 - Total Area = 310.342um x 54.824um = 17014.210um^2
 |--- Mat Area      = 310.342um x 54.824um = 17014.210um^2   (1.491%)
 |--- Subarray Area = 151.572um x 27.412um = 4154.887um^2   (1.527%)
 - Area Efficiency = 1.491%
Timing:
 -  Read Latency = 1.891ns
 |--- H-Tree Latency = 0.000ps
 |--- Mat Latency    = 1.891ns
    |--- Predecoder Latency = 204.512ps
    |--- Subarray Latency   = 1.686ns
       |--- Row Decoder Latency = 136.174ps
       |--- Bitline Latency     = 8.951ps
       |--- Senseamp Latency    = 1.454ns
       |--- Mux Latency         = 10.532ps
       |--- Precharge Latency   = 700.231ps
 - Write Latency = 20.556ns
 |--- H-Tree Latency = 0.000ps
 |--- Mat Latency    = 20.556ns
    |--- Predecoder Latency = 204.512ps
    |--- Subarray Latency   = 20.352ns
       |--- Row Decoder Latency = 136.174ps
       |--- Charge Latency      = 69.314ps
 - Read Bandwidth  = 7.109GB/s
 - Write Bandwidth = 786.179MB/s
Power:
 -  Read Dynamic Energy = 20.666pJ
 |--- H-Tree Dynamic Energy = 0.000pJ
 |--- Mat Dynamic Energy    = 20.666pJ per mat
    |--- Predecoder Dynamic Energy = 0.082pJ
    |--- Subarray Dynamic Energy   = 5.146pJ per active subarray
       |--- Row Decoder Dynamic Energy = 0.014pJ
       |--- Mux Decoder Dynamic Energy = 0.243pJ
       |--- Bitline & Cell Read Energy = 0.015pJ
       |--- Senseamp Dynamic Energy    = 4.812pJ
       |--- Mux Dynamic Energy         = 0.014pJ
       |--- Precharge Dynamic Energy   = 0.049pJ
 - Write Dynamic Energy = 92.914pJ
 |--- H-Tree Dynamic Energy = 0.000pJ
 |--- Mat Dynamic Energy    = 92.914pJ per mat
    |--- Predecoder Dynamic Energy = 0.082pJ
    |--- Subarray Dynamic Energy   = 23.208pJ per active subarray
       |--- Row Decoder Dynamic Energy = 0.014pJ
       |--- Mux Decoder Dynamic Energy = 0.243pJ
       |--- Mux Dynamic Energy         = 0.014pJ
 - Leakage Power = 19.543uW
 |--- H-Tree Leakage Power = 0.000pW
 |--- Mat Leakage Power    = 19.543uW per mat

Finished!
