User-defined configuration file (/Users/sudo/CodeProjects/Tufts/EECE0193/Final_Project/EXPERIMENTS/Input/Destiny/ReadDynamicEnergy/RRAM_MLC/1024KB/1024KB.cfg) is loaded

====================
DESIGN SPECIFICATION
====================
Design Target: Random Access Memory
Capacity   : 2MB
Data Width : 256Bits (32Bytes)

Searching for the best solution that is optimized for read energy ...
Using cell file: ./cell_defs/RRAM_MLC.cell
numSolutions = 6438 / numDesigns = 43740

=============
   SUMMARY   
=============
Optimized for: Read Energy
Memory Cell: RRAM (Memristor)
Cell Area (F^2)    : 20 (4.47214Fx4.47214F)
Cell Aspect Ratio  : 1
Cell Turned-On Resistance : 1Mohm
Cell Turned-Off Resistance: 10Mohm
Read Mode: Current-Sensing
  - Read Voltage: 0.3V
Reset Mode: Voltage
  - Reset Voltage: 2.5V
  - Reset Pulse: 5ns
Set Mode: Current
  - Set Current: 25uA
  - Set Pulse: 5ns
Access Type: CMOS

=============
CONFIGURATION
=============
Bank Organization: 256 x 1
 - Row Activation   : 1 / 256
 - Column Activation: 1 / 1
Mat Organization: 2 x 2
 - Row Activation   : 2 / 2
 - Column Activation: 2 / 2
 - Subarray Size    : 1 Rows x 8192 Columns
Mux Level:
 - Senseamp Mux      : 256
 - Output Level-1 Mux: 1
 - Output Level-2 Mux: 1
Local Wire:
 - Wire Type : Local Aggressive
 - Repeater Type: No Repeaters
 - Low Swing : No
Global Wire:
 - Wire Type : Global Aggressive
 - Repeater Type: No Repeaters
 - Low Swing : No
Buffer Design Style: Latency-Optimized
=============
   RESULT
=============
Area:
 - Total Area = 1.14471mm x 1.64579mm = 1.88396mm^2
 |--- Mat Area      = 4.47153um x 1.64579mm = 7359.21um^2   (4.31016%)
 |--- Subarray Area = 2.23577um x 821.679um = 1837.08um^2   (4.31655%)
 - Area Efficiency = 4.31016%
Timing:
 -  Read Latency = 215.8ps
 |--- H-Tree Latency = 149.651ps
 |--- Mat Latency    = 66.1495ps
    |--- Predecoder Latency = 66.1495ps
    |--- Subarray Latency   = 0ps
       |--- Row Decoder Latency = 29.5833ns
       |--- Bitline Latency     = 0.000377185ps,3.54105e+10s,6.39069e+10s
       |--- Senseamp Latency    = 1.45399ns
       |--- Mux Latency         = 548.414ps
       |--- Precharge Latency   = 15.8279ps
       |--- Read Pulse   = 2ns
 - Write Total Latency = 140.975ps
 - RESET Latency = 140.975ps
 |--- H-Tree Latency = 74.8254ps
 |--- Mat Latency    = 66.1495ps
    |--- Predecoder Latency = 66.1495ps
    |--- Subarray Latency   = 0ps
       |--- RESET Pulse Duration = 5ns
       |--- Row Decoder Latency  = 29.5833ns
       |--- Charge Latency   = 1.18378ps
 - SET Latency   = 140.975ps
 |--- H-Tree Latency = 74.8254ps
 |--- Mat Latency    = 66.1495ps
    |--- Predecoder Latency = 66.1495ps
    |--- Subarray Latency   = 0ps
       |--- SET Pulse Duration   = 5ns
       |--- Row Decoder Latency  = 29.5833ns
       |--- Charger Latency      = 1.18378ps
 - Read Bandwidth  = -5.41135e+08B/s
 - Write Bandwidth = infTB/s
Power:
 -  Read Dynamic Energy = 54.6646pJ
 |--- H-Tree Dynamic Energy = 15.2602pJ
 |--- Mat Dynamic Energy    = 39.4044pJ per mat
    |--- Predecoder Dynamic Energy = 0.00185087pJ
    |--- Subarray Dynamic Energy   = 9.85064pJ per active subarray
       |--- Row Decoder Dynamic Energy = 0.427435pJ
       |--- Mux Decoder Dynamic Energy = 1.52585pJ
       |--- Bitline & Cell Read Energy = 0pJ
       |--- Senseamp Dynamic Energy    = 4.81163pJ
       |--- Mux Dynamic Energy         = 0.187122pJ
       |--- Precharge Dynamic Energy   = 2.89859pJ
 - Write Dynamic Energy = 23.8236pJ
 - RESET Dynamic Energy = 22.1139pJ
 |--- H-Tree Dynamic Energy = 15.2602pJ
 |--- Mat Dynamic Energy    = 6.85373pJ per mat
    |--- Predecoder Dynamic Energy = 0.00185087pJ
    |--- Subarray Dynamic Energy   = 2.1404pJ per active subarray
       |--- Row Decoder Dynamic Energy = 0.427435pJ
       |--- Mux Decoder Dynamic Energy = 1.52585pJ
       |--- Mux Dynamic Energy         = 0.187122pJ
       |--- Cell RESET Dynamic Energy  = 0pJ  0pJ
       |--- Single Cell RESET Energy  = 0.029375pJ  -0pJ
 - SET Dynamic Energy = 22.1139pJ
 |--- H-Tree Dynamic Energy = 15.2602pJ
 |--- Mat Dynamic Energy    = 6.85373pJ per mat
    |--- Predecoder Dynamic Energy = 0.00185087pJ
    |--- Subarray Dynamic Energy   = 2.1404pJ per active subarray
       |--- Row Decoder Dynamic Energy = 0.427435pJ
       |--- Mux Decoder Dynamic Energy = 1.52585pJ
       |--- Mux Dynamic Energy         = 0.187122pJ
       |--- Cell SET Dynamic Energy    = 0pJ  0pJ  2.1404pJ
       |--- Single Cell SET Energy  = 0.1pJ  0pJ
 - Leakage Power = 5.22424mW
 |--- H-Tree Leakage Power     = 0pW
 |--- Mat Leakage Power        = 20.4072uW per mat

Finished!
