User-defined configuration file (/Users/sudo/CodeProjects/Tufts/EECE0193/Final_Project/EXPERIMENTS/Input/NVSim/iso_capacity/WriteEDP/SRAM/64KB/64KB.cfg) is loaded

Memory Cell: SRAM
Cell Area (F^2)    : 146.000 (14.600Fx10.000F)
Cell Aspect Ratio  : 1.460
SRAM Cell Access Transistor Width: 1.310F
SRAM Cell NMOS Width: 2.080F
SRAM Cell PMOS Width: 1.230F
[WARNING] Associativity setting is ignored for non-cache designs

====================
DESIGN SPECIFICATION
====================
Design Target: Random Access Memory
Capacity   : 64KB
Data Width : 128Bits (16Bytes)

Searching for the best solution that is optimized for write energy-delay-product ...

=============
CONFIGURATION
=============
Bank Organization: 1 x 1
 - Row Activation   : 1 / 1
 - Column Activation: 1 / 1
Mat Organization: 2 x 2
 - Row Activation   : 2 / 2
 - Column Activation: 2 / 2
 - Subarray Size    : 256 Rows x 512 Columns
Mux Level:
 - Senseamp Mux      : 1
 - Output Level-1 Mux: 16
 - Output Level-2 Mux: 1
Local Wire:
 - Wire Type : Local Aggressive
 - Repeater Type: No Repeaters
 - Low Swing : No
Global Wire:
 - Wire Type : Global Aggressive
 - Repeater Type: No Repeaters
 - Low Swing : No
Buffer Design Style: Latency-Optimized
=============
   RESULT
=============
Area:
 - Total Area = 168.832um x 243.378um = 41090.063um^2
 |--- Mat Area      = 168.832um x 243.378um = 41090.063um^2   (90.164%)
 |--- Subarray Area = 84.416um x 118.077um = 9967.587um^2   (92.922%)
 - Area Efficiency = 90.164%
Timing:
 -  Read Latency = 1.044ns
 |--- H-Tree Latency = 0.000ps
 |--- Mat Latency    = 1.044ns
    |--- Predecoder Latency = 209.512ps
    |--- Subarray Latency   = 834.936ps
       |--- Row Decoder Latency = 385.312ps
       |--- Bitline Latency     = 412.534ps
       |--- Senseamp Latency    = 3.759ps
       |--- Mux Latency         = 33.332ps
       |--- Precharge Latency   = 711.604ps
 - Write Latency = 1.044ns
 |--- H-Tree Latency = 0.000ps
 |--- Mat Latency    = 1.044ns
    |--- Predecoder Latency = 209.512ps
    |--- Subarray Latency   = 834.936ps
       |--- Row Decoder Latency = 385.312ps
       |--- Charge Latency      = 277.455ps
 - Read Bandwidth  = 13.779GB/s
 - Write Bandwidth = 19.163GB/s
Power:
 -  Read Dynamic Energy = 11.165pJ
 |--- H-Tree Dynamic Energy = 0.000pJ
 |--- Mat Dynamic Energy    = 11.165pJ per mat
    |--- Predecoder Dynamic Energy = 0.091pJ
    |--- Subarray Dynamic Energy   = 2.769pJ per active subarray
       |--- Row Decoder Dynamic Energy = 0.052pJ
       |--- Mux Decoder Dynamic Energy = 0.120pJ
       |--- Senseamp Dynamic Energy    = 0.175pJ
       |--- Mux Dynamic Energy         = 0.011pJ
       |--- Precharge Dynamic Energy   = 0.202pJ
 - Write Dynamic Energy = 1.376pJ
 |--- H-Tree Dynamic Energy = 0.000pJ
 |--- Mat Dynamic Energy    = 1.376pJ per mat
    |--- Predecoder Dynamic Energy = 0.091pJ
    |--- Subarray Dynamic Energy   = 0.321pJ per active subarray
       |--- Row Decoder Dynamic Energy = 0.052pJ
       |--- Mux Decoder Dynamic Energy = 0.120pJ
       |--- Mux Dynamic Energy         = 0.011pJ
 - Leakage Power = 5.634uW
 |--- H-Tree Leakage Power = 0.000pW
 |--- Mat Leakage Power    = 5.634uW per mat

Finished!
