User-defined configuration file (/Users/sudo/CodeProjects/Tufts/EECE0193/Final_Project/EXPERIMENTS/Input/Destiny/iso_capacity/WriteEDP/SRAM/64KB/64KB.cfg) is loaded

====================
DESIGN SPECIFICATION
====================
Design Target: Random Access Memory
Capacity   : 64KB
Data Width : 128Bits (16Bytes)

Searching for the best solution that is optimized for write energy-delay-product ...
Using cell file: ./cell_defs/SRAM.cell
numSolutions = 9236 / numDesigns = 218700

=============
   SUMMARY   
=============
Optimized for: Write Energy-Delay-Product
Memory Cell: SRAM
Cell Area (F^2)    : 146 (14.6Fx10F)
Cell Aspect Ratio  : 1.46
SRAM Cell Access Transistor Width: 1.31F
SRAM Cell NMOS Width: 2.08F
SRAM Cell PMOS Width: 1.23F

=============
CONFIGURATION
=============
Bank Organization: 256 x 32 x 2
 - Row Activation   : 1 / 256 x 1
 - Column Activation: 32 / 32 x 1
Mat Organization: 2 x 2
 - Row Activation   : 2 / 2
 - Column Activation: 2 / 2
 - Subarray Size    : 1 Rows x 8 Columns
Mux Level:
 - Senseamp Mux      : 8
 - Output Level-1 Mux: 1
 - Output Level-2 Mux: 1
Local Wire:
 - Wire Type : Local Aggressive
 - Repeater Type: No Repeaters
 - Low Swing : No
Global Wire:
 - Wire Type : Global Aggressive
 - Repeater Type: No Repeaters
 - Low Swing : No
Buffer Design Style: Latency-Optimized
=============
   RESULT
=============
Area:
 - Total Area = 601.197um x 156.576um = 126776um^2
 |--- Mat Area      = 2.34843um x 4.89301um = 11.4909um^2   (39.3573%)
 |--- Subarray Area = 1.17421um x 1.94189um = 2.28019um^2   (49.5847%)
 |--- TSV Area      = 81um^2
 - Area Efficiency = 29.2234%
Timing:
 -  Read Latency = 152.556ps
 |--- TSV Latency    = 0.0114108ps
 |--- H-Tree Latency = 52.4669ps
 |--- Mat Latency    = 100.077ps
    |--- Predecoder Latency = 21.944ps
    |--- Subarray Latency   = 78.1333ps
       |--- Row Decoder Latency = 18.8063ps
       |--- Bitline Latency     = 23.5755ps,0ps,0ps
       |--- Senseamp Latency    = 3.9879ps
       |--- Mux Latency         = 31.7636ps
       |--- Precharge Latency   = 9.19656ps
       |--- Read Pulse   = 0ps
 - Write Latency = 126.316ps
 |--- TSV Latency    = 0.00570541ps
 |--- H-Tree Latency = 26.2334ps
 |--- Mat Latency    = 100.077ps
    |--- Predecoder Latency = 21.944ps
    |--- Subarray Latency   = 78.1333ps
       |--- Row Decoder Latency = 18.8063ps
       |--- Charge Latency      = 1.47114ps
 - Read Bandwidth  = 233.496GB/s
 - Write Bandwidth = 204.778GB/s
Power:
 -  Read Dynamic Energy = 26.9655pJ
 |--- TSV Dynamic Energy    = 14.1969pJ
 |--- H-Tree Dynamic Energy = 11.9245pJ
 |--- Mat Dynamic Energy    = 0.0263772pJ per mat
    |--- Predecoder Dynamic Energy = 0.000235869pJ
    |--- Subarray Dynamic Energy   = 0.00653534pJ per active subarray
       |--- Row Decoder Dynamic Energy = 0.000727769pJ
       |--- Mux Decoder Dynamic Energy = 0.00174368pJ
       |--- Senseamp Dynamic Energy    = 0.000363496pJ
       |--- Mux Dynamic Energy         = 0.000338684pJ
       |--- Precharge Dynamic Energy   = 0.00308782pJ
 - Write Dynamic Energy = 26.4931pJ
 |--- TSV Dynamic Energy    = 14.1969pJ
 |--- H-Tree Dynamic Energy = 11.9245pJ
 |--- Mat Dynamic Energy    = 0.0116134pJ per mat
    |--- Predecoder Dynamic Energy = 0.000235869pJ
    |--- Subarray Dynamic Energy   = 0.00284437pJ per active subarray
       |--- Row Decoder Dynamic Energy = 0.000727769pJ
       |--- Mux Decoder Dynamic Energy = 0.00174368pJ
       |--- Mux Dynamic Energy         = 0.000338684pJ
 - Leakage Power = 26.9791uW
 |--- TSV Leakage              = 0pW
 |--- H-Tree Leakage Power     = 0pW
 |--- Mat Leakage Power        = 1.64667nW per mat

Finished!
