User-defined configuration file (/Users/sudo/CodeProjects/Tufts/EECE0193/Final_Project/EXPERIMENTS/Input/Destiny/iso_area/LeakagePower/PCRAM/2048KB/2048KB.cfg) is loaded

====================
DESIGN SPECIFICATION
====================
Design Target: Random Access Memory
Capacity   : 2MB
Data Width : 128Bits (16Bytes)

Searching for the best solution that is optimized for leakage power ...
Using cell file: ./cell_defs/PCRAM.cell
numSolutions = 24237 / numDesigns = 218700

=============
   SUMMARY   
=============
Optimized for: Leakage
Memory Cell: PCRAM (Phase-Change)
Cell Area (F^2)    : 9 (3Fx3F)
Cell Aspect Ratio  : 1
Cell Turned-On Resistance : 1Kohm
Cell Turned-Off Resistance: 1Mohm
Read Mode: Voltage-Sensing
  - Read Current: 40uA
Reset Mode: Current
  - Reset Current: 300uA
  - Reset Pulse: 40ns
Set Mode: Current
  - Set Current: 150uA
  - Set Pulse: 150ns
Access Type: CMOS

=============
CONFIGURATION
=============
Bank Organization: 512 x 16
 - Row Activation   : 1 / 512
 - Column Activation: 16 / 16
Mat Organization: 2 x 2
 - Row Activation   : 2 / 2
 - Column Activation: 2 / 2
 - Subarray Size    : 8 Rows x 64 Columns
Mux Level:
 - Senseamp Mux      : 16
 - Output Level-1 Mux: 1
 - Output Level-2 Mux: 2
Local Wire:
 - Wire Type : Local Aggressive
 - Repeater Type: No Repeaters
 - Low Swing : No
Global Wire:
 - Wire Type : Global Aggressive
 - Repeater Type: No Repeaters
 - Low Swing : No
Buffer Design Style: Latency-Optimized
=============
   RESULT
=============
Area:
 - Total Area = 3.59228mm x 414.792um = 1.49005mm^2
 |--- Mat Area      = 7.01617um x 25.9245um = 181.891um^2   (4.90464%)
 |--- Subarray Area = 3.50808um x 11.6453um = 40.8528um^2   (5.45929%)
 - Area Efficiency = 4.90464%
Timing:
 -  Read Latency = 1.85828ns
 |--- H-Tree Latency = 1.55207ns
 |--- Mat Latency    = 306.211ps
    |--- Predecoder Latency = 96.6628ps
    |--- Subarray Latency   = 209.548ps
       |--- Row Decoder Latency = 75.974ps
       |--- Bitline Latency     = 33.3093ps,1.6796ps,33.3093ps
       |--- Senseamp Latency    = 3.9879ps
       |--- Mux Latency         = 19.0955ps
       |--- Precharge Latency   = 14.5143ps
       |--- Read Pulse   = 0ps
 - Write Total Latency = 151.027ns
 - RESET Latency = 41.0275ns
 |--- H-Tree Latency = 776.033ps
 |--- Mat Latency    = 40.2514ns
    |--- Predecoder Latency = 96.6628ps
    |--- Subarray Latency   = 40.1548ns
       |--- RESET Pulse Duration = 40ns
       |--- Row Decoder Latency  = 75.974ps
       |--- Charge Latency   = 1.60564ps
 - SET Latency   = 151.027ns
 |--- H-Tree Latency = 776.033ps
 |--- Mat Latency    = 150.251ns
    |--- Predecoder Latency = 96.6628ps
    |--- Subarray Latency   = 150.155ns
       |--- SET Pulse Duration   = 150ns
       |--- Row Decoder Latency  = 75.974ps
       |--- Charger Latency      = 1.60564ps
 - Read Bandwidth  = 108.043GB/s
 - Write Bandwidth = 106.557MB/s
Power:
 -  Read Dynamic Energy = 1.52164nJ
 |--- H-Tree Dynamic Energy = 59.6323pJ
 |--- Mat Dynamic Energy    = 91.3753pJ per mat
    |--- Predecoder Dynamic Energy = 0.00566741pJ
    |--- Subarray Dynamic Energy   = 22.8424pJ per active subarray
       |--- Row Decoder Dynamic Energy = 0.00485086pJ
       |--- Mux Decoder Dynamic Energy = 0.0845504pJ
       |--- Bitline & Cell Read Energy = 0.000510452pJ
       |--- Senseamp Dynamic Energy    = 0.00145399pJ
       |--- Mux Dynamic Energy         = 0.00858229pJ
       |--- Precharge Dynamic Energy   = 0.0254427pJ
 - Write Dynamic Energy = 11.5863nJ
 - RESET Dynamic Energy = 6.20998nJ
 |--- H-Tree Dynamic Energy = 59.6323pJ
 |--- Mat Dynamic Energy    = 384.397pJ per mat
    |--- Predecoder Dynamic Energy = 0.00566741pJ
    |--- Subarray Dynamic Energy   = 180.103pJ per active subarray
       |--- Row Decoder Dynamic Energy = 0.00485086pJ
       |--- Mux Decoder Dynamic Energy = 0.0845504pJ
       |--- Mux Dynamic Energy         = 0.00858229pJ
       |--- Cell RESET Dynamic Energy  = 96.0047pJ  0pJ
       |--- Single Cell RESET Energy  = 9.6pJ  0pJ
 - SET Dynamic Energy = 11.586nJ
 |--- H-Tree Dynamic Energy = 59.6323pJ
 |--- Mat Dynamic Energy    = 720.397pJ per mat
    |--- Predecoder Dynamic Energy = 0.00566741pJ
    |--- Subarray Dynamic Energy   = 180.103pJ per active subarray
       |--- Row Decoder Dynamic Energy = 0.00485086pJ
       |--- Mux Decoder Dynamic Energy = 0.0845504pJ
       |--- Mux Dynamic Energy         = 0.00858229pJ
       |--- Cell SET Dynamic Energy    = 180.005pJ  0pJ  180.103pJ
       |--- Single Cell SET Energy  = 18pJ  0pJ
 - Leakage Power = 394.493uW
 |--- H-Tree Leakage Power     = 0pW
 |--- Mat Leakage Power        = 48.1559nW per mat

Finished!
