User-defined configuration file (/Users/sudo/CodeProjects/Tufts/EECE0193/Final_Project/EXPERIMENTS/Input/Destiny/iso_capacity/ReadDynamicEnergy/STTRAM/1024KB/1024KB.cfg) is loaded

====================
DESIGN SPECIFICATION
====================
Design Target: Random Access Memory
Capacity   : 1MB
Data Width : 128Bits (16Bytes)

Searching for the best solution that is optimized for read energy ...
Using cell file: ./cell_defs/STTRAM.cell
numSolutions = 28480 / numDesigns = 218700

=============
   SUMMARY   
=============
Optimized for: Read Energy
Memory Cell: MRAM (Magnetoresistive)
Cell Area (F^2)    : 54 (5.4Fx10F)
Cell Aspect Ratio  : 0.54
Cell Turned-On Resistance : 3Kohm
Cell Turned-Off Resistance: 6Kohm
Read Mode: Current-Sensing
  - Read Voltage: 0.25V
Reset Mode: Current
  - Reset Current: 80uA
  - Reset Pulse: 10ns
Set Mode: Current
  - Set Current: 80uA
  - Set Pulse: 10ns
Access Type: CMOS

=============
CONFIGURATION
=============
Bank Organization: 512 x 32 x 2
 - Row Activation   : 1 / 512 x 1
 - Column Activation: 32 / 32 x 1
Mat Organization: 2 x 2
 - Row Activation   : 2 / 2
 - Column Activation: 2 / 2
 - Subarray Size    : 1 Rows x 64 Columns
Mux Level:
 - Senseamp Mux      : 64
 - Output Level-1 Mux: 1
 - Output Level-2 Mux: 1
Local Wire:
 - Wire Type : Local Aggressive
 - Repeater Type: No Repeaters
 - Low Swing : No
Global Wire:
 - Wire Type : Global Aggressive
 - Repeater Type: No Repeaters
 - Low Swing : No
Buffer Design Style: Latency-Optimized
=============
   RESULT
=============
Area:
 - Total Area = 3.79336mm x 1.38275mm = 5.27841mm^2
 |--- Mat Area      = 7.40891um x 43.211um = 320.146um^2   (4.17985%)
 |--- Subarray Area = 3.70446um x 20.8919um = 77.393um^2   (4.32263%)
 |--- TSV Area      = 81um^2
 - Area Efficiency = 4.15361%
Timing:
 -  Read Latency = 4.17798ns
 |--- TSV Latency    = 0.0114108ps
 |--- H-Tree Latency = 2.51599ns
 |--- Mat Latency    = 1.66197ns
    |--- Predecoder Latency = 21.944ps
    |--- Subarray Latency   = 1.64003ns
       |--- Row Decoder Latency = 90.1802ps
       |--- Bitline Latency     = 0.000227574ps,0ps,0ps
       |--- Senseamp Latency    = 1.456ns
       |--- Mux Latency         = 64.4226ps
       |--- Precharge Latency   = 8.38221ps
       |--- Read Pulse   = 0ps
 - Write Total Latency = 11.3999ns
 - RESET Latency = 11.3999ns
 |--- TSV Latency    = 0.00570541ps
 |--- H-Tree Latency = 1.258ns
 |--- Mat Latency    = 10.1419ns
    |--- Predecoder Latency = 21.944ps
    |--- Subarray Latency   = 10.12ns
       |--- RESET Pulse Duration = 10ns
       |--- Row Decoder Latency  = 90.1802ps
       |--- Charge Latency   = 0.347173ps
 - SET Latency   = 11.3999ns
 |--- TSV Latency    = 0.00570541ps
 |--- H-Tree Latency = 1.258ns
 |--- Mat Latency    = 10.1419ns
    |--- Predecoder Latency = 21.944ps
    |--- Subarray Latency   = 10.12ns
       |--- SET Pulse Duration   = 10ns
       |--- Row Decoder Latency  = 90.1802ps
       |--- Charger Latency      = 0.347173ps
 - Read Bandwidth  = 10.2681GB/s
 - Write Bandwidth = 1.58104GB/s
Power:
 -  Read Dynamic Energy = 145.377pJ
 |--- TSV Dynamic Energy    = 14.6006pJ
 |--- H-Tree Dynamic Energy = 89.2526pJ
 |--- Mat Dynamic Energy    = 1.29761pJ per mat
    |--- Predecoder Dynamic Energy = 0.000471738pJ
    |--- Subarray Dynamic Energy   = 0.324285pJ per active subarray
       |--- Row Decoder Dynamic Energy = 0.0155149pJ
       |--- Mux Decoder Dynamic Energy = 0.0355677pJ
       |--- Bitline & Cell Read Energy = 0.0873601pJ
       |--- Senseamp Dynamic Energy    = 0.150363pJ
       |--- Mux Dynamic Energy         = 0.00763239pJ
       |--- Precharge Dynamic Energy   = 0.0278383pJ
 - Write Dynamic Energy = 239.429pJ
 - RESET Dynamic Energy = 237.443pJ
 |--- TSV Dynamic Energy    = 14.6006pJ
 |--- H-Tree Dynamic Energy = 89.2526pJ
 |--- Mat Dynamic Energy    = 4.17469pJ per mat
    |--- Predecoder Dynamic Energy = 0.000471738pJ
    |--- Subarray Dynamic Energy   = 1.05907pJ per active subarray
       |--- Row Decoder Dynamic Energy = 0.0155149pJ
       |--- Mux Decoder Dynamic Energy = 0.0355677pJ
       |--- Mux Dynamic Energy         = 0.00763239pJ
       |--- Cell RESET Dynamic Energy  = 1.00035pJ  0pJ
       |--- Single Cell RESET Energy  = 1pJ  0pJ
 - SET Dynamic Energy = 237.443pJ
 |--- H-Tree Dynamic Energy = 89.2526pJ
 |--- Mat Dynamic Energy    = 4.17469pJ per mat
    |--- Predecoder Dynamic Energy = 0.000471738pJ
    |--- Subarray Dynamic Energy   = 1.05907pJ per active subarray
       |--- Row Decoder Dynamic Energy = 0.0155149pJ
       |--- Mux Decoder Dynamic Energy = 0.0355677pJ
       |--- Mux Dynamic Energy         = 0.00763239pJ
       |--- Cell SET Dynamic Energy    = 1.00035pJ  0pJ  1.05907pJ
       |--- Single Cell SET Energy  = 1pJ  0pJ
 - Leakage Power = 22.1489mW
 |--- TSV Leakage              = 0pW
 |--- H-Tree Leakage Power     = 0pW
 |--- Mat Leakage Power        = 675.931nW per mat

Finished!
