User-defined configuration file (/Users/sudo/CodeProjects/Tufts/EECE0193/Final_Project/EXPERIMENTS/Input/NVSim/iso_capacity/WriteLatency/STTRAM/2048KB/2048KB.cfg) is loaded

Memory Cell: MRAM (Magnetoresistive)
Cell Area (F^2)    : 54.000 (5.400Fx10.000F)
Cell Aspect Ratio  : 0.540
Cell Turned-On Resistance : 3.000Kohm
Cell Turned-Off Resistance: 6.000Kohm
Read Mode: Current-Sensing
  - Read Voltage: 0.250V
Reset Mode: Current
  - Reset Current: 80.000uA
  - Reset Pulse: 10.000ns
Set Mode: Current
  - Set Current: 80.000uA
  - Set Pulse: 10.000ns
Access Type: CMOS
[WARNING] Associativity setting is ignored for non-cache designs

====================
DESIGN SPECIFICATION
====================
Design Target: Random Access Memory
Capacity   : 2MB
Data Width : 128Bits (16Bytes)

Searching for the best solution that is optimized for write latency ...

=============
CONFIGURATION
=============
Bank Organization: 16 x 16
 - Row Activation   : 1 / 16
 - Column Activation: 16 / 16
Mat Organization: 2 x 2
 - Row Activation   : 2 / 2
 - Column Activation: 2 / 2
 - Subarray Size    : 256 Rows x 64 Columns
Mux Level:
 - Senseamp Mux      : 32
 - Output Level-1 Mux: 1
 - Output Level-2 Mux: 1
Local Wire:
 - Wire Type : Local Aggressive
 - Repeater Type: No Repeaters
 - Low Swing : No
Global Wire:
 - Wire Type : Global Aggressive
 - Repeater Type: No Repeaters
 - Low Swing : No
Buffer Design Style: Latency-Optimized
=============
   RESULT
=============
Area:
 - Total Area = 1.250mm x 723.034um = 903846.757um^2
 |--- Mat Area      = 78.130um x 45.190um = 3530.651um^2   (48.514%)
 |--- Subarray Area = 35.736um x 22.595um = 807.451um^2   (53.033%)
 - Area Efficiency = 48.514%
Timing:
 -  Read Latency = 2.230ns
 |--- H-Tree Latency = 415.660ps
 |--- Mat Latency    = 1.814ns
    |--- Predecoder Latency = 171.454ps
    |--- Subarray Latency   = 1.642ns
       |--- Row Decoder Latency = 139.754ps
       |--- Bitline Latency     = 13.793ps
       |--- Senseamp Latency    = 1.456ns
       |--- Mux Latency         = 32.891ps
       |--- Precharge Latency   = 445.110ps
 - Write Latency = 10.537ns
 |--- H-Tree Latency = 207.830ps
 |--- Mat Latency    = 10.329ns
    |--- Predecoder Latency = 171.454ps
    |--- Subarray Latency   = 10.158ns
       |--- Write Pulse Duration = 10.000ns
       |--- Row Decoder Latency = 139.754ps
       |--- Charge Latency      = 28.013ps
 - Read Bandwidth  = 8.214GB/s
 - Write Bandwidth = 1.575GB/s
Power:
 -  Read Dynamic Energy = 74.728pJ
 |--- H-Tree Dynamic Energy = 38.126pJ
 |--- Mat Dynamic Energy    = 2.288pJ per mat
    |--- Predecoder Dynamic Energy = 0.033pJ
    |--- Subarray Dynamic Energy   = 0.564pJ per active subarray
       |--- Row Decoder Dynamic Energy = 0.016pJ
       |--- Mux Decoder Dynamic Energy = 0.036pJ
       |--- Bitline & Cell Read Energy = 0.175pJ
       |--- Senseamp Dynamic Energy    = 0.301pJ
       |--- Mux Dynamic Energy         = 0.008pJ
       |--- Precharge Dynamic Energy   = 0.028pJ
 - Write Dynamic Energy = 171.944pJ
 |--- H-Tree Dynamic Energy = 38.126pJ
 |--- Mat Dynamic Energy    = 8.364pJ per mat
    |--- Predecoder Dynamic Energy = 0.033pJ
    |--- Subarray Dynamic Energy   = 2.083pJ per active subarray
       |--- Row Decoder Dynamic Energy = 0.016pJ
       |--- Mux Decoder Dynamic Energy = 0.036pJ
       |--- Mux Dynamic Energy         = 0.008pJ
       |--- Bitline & Cell Write Energy= 2.023pJ
 - Leakage Power = 404.503uW
 |--- H-Tree Leakage Power = 0.000pW
 |--- Mat Leakage Power    = 1.580uW per mat

Finished!
