User-defined configuration file (/Users/sudo/CodeProjects/Tufts/EECE0193/Final_Project/EXPERIMENTS/Input/NVSim/Area/RRAM/256KB/256KB.cfg) is loaded

Memory Cell: RRAM (Memristor)
Cell Area (F^2)    : 4.000 (2.000Fx2.000F)
Cell Aspect Ratio  : 1.000
Cell Turned-On Resistance : 1.000Mohm
Cell Turned-Off Resistance: 10.000Mohm
Read Mode: Current-Sensing
  - Read Voltage: 0.400V
Reset Mode: Voltage
  - Reset Voltage: 2.000V
  - Reset Pulse: 10.000ns
Set Mode: Voltage
  - Set Voltage: 2.000V
  - Set Pulse: 10.000ns
Access Type: None Access Device

====================
DESIGN SPECIFICATION
====================
Design Target: Random Access Memory
Capacity   : 256KB
Data Width : 128Bits (16Bytes)

Searching for the best solution that is optimized for area ...

=============
CONFIGURATION
=============
Bank Organization: 1 x 2
 - Row Activation   : 1 / 1
 - Column Activation: 2 / 2
Mat Organization: 2 x 2
 - Row Activation   : 2 / 2
 - Column Activation: 2 / 2
 - Subarray Size    : 512 Rows x 512 Columns
Mux Level:
 - Senseamp Mux      : 32
 - Output Level-1 Mux: 1
 - Output Level-2 Mux: 1
Local Wire:
 - Wire Type : Local Aggressive
 - Repeater Type: No Repeaters
 - Low Swing : No
Global Wire:
 - Wire Type : Global Aggressive
 - Repeater Type: No Repeaters
 - Low Swing : No
Buffer Design Style: Latency-Optimized
=============
   RESULT
=============
Area:
 - Total Area = 83.505um x 223.689um = 18679.196um^2
 |--- Mat Area      = 83.505um x 111.845um = 9339.598um^2   (21.736%)
 |--- Subarray Area = 41.753um x 51.568um = 2153.096um^2   (23.571%)
 - Area Efficiency = 21.736%
Timing:
 -  Read Latency = 3.013ns
 |--- H-Tree Latency = 17.144ps
 |--- Mat Latency    = 2.996ns
    |--- Predecoder Latency = 199.252ps
    |--- Subarray Latency   = 2.797ns
       |--- Row Decoder Latency = 209.232ps
       |--- Bitline Latency     = 35.803ps
       |--- Senseamp Latency    = 1.454ns
       |--- Mux Latency         = 20.365ps
       |--- Precharge Latency   = 1.410ns
 - Write Latency = 21.688ns
 |--- H-Tree Latency = 8.572ps
 |--- Mat Latency    = 21.679ns
    |--- Predecoder Latency = 199.252ps
    |--- Subarray Latency   = 21.480ns
       |--- Row Decoder Latency = 209.232ps
       |--- Charge Latency      = 96.881ps
 - Read Bandwidth  = 4.002GB/s
 - Write Bandwidth = 744.872MB/s
Power:
 -  Read Dynamic Energy = 37.885pJ
 |--- H-Tree Dynamic Energy = 2.993pJ
 |--- Mat Dynamic Energy    = 17.446pJ per mat
    |--- Predecoder Dynamic Energy = 0.051pJ
    |--- Subarray Dynamic Energy   = 4.349pJ per active subarray
       |--- Row Decoder Dynamic Energy = 0.045pJ
       |--- Mux Decoder Dynamic Energy = 1.678pJ
       |--- Bitline & Cell Read Energy = 0.007pJ
       |--- Senseamp Dynamic Energy    = 2.406pJ
       |--- Mux Dynamic Energy         = 0.026pJ
       |--- Precharge Dynamic Energy   = 0.186pJ
 - Write Dynamic Energy = 123.680pJ
 |--- H-Tree Dynamic Energy = 2.993pJ
 |--- Mat Dynamic Energy    = 60.344pJ per mat
    |--- Predecoder Dynamic Energy = 0.051pJ
    |--- Subarray Dynamic Energy   = 15.073pJ per active subarray
       |--- Row Decoder Dynamic Energy = 0.045pJ
       |--- Mux Decoder Dynamic Energy = 1.678pJ
       |--- Mux Dynamic Energy         = 0.026pJ
 - Leakage Power = 21.538uW
 |--- H-Tree Leakage Power = 0.000pW
 |--- Mat Leakage Power    = 10.769uW per mat

Finished!
