User-defined configuration file (/Users/sudo/CodeProjects/Tufts/EECE0193/Final_Project/EXPERIMENTS/Input/NVSim/iso_area/ReadLatency/RRAM/4096KB/4096KB.cfg) is loaded

Memory Cell: RRAM (Memristor)
Cell Area (F^2)    : 4.000 (2.000Fx2.000F)
Cell Aspect Ratio  : 1.000
Cell Turned-On Resistance : 1.000Mohm
Cell Turned-Off Resistance: 10.000Mohm
Read Mode: Current-Sensing
  - Read Voltage: 0.400V
Reset Mode: Voltage
  - Reset Voltage: 2.000V
  - Reset Pulse: 10.000ns
Set Mode: Voltage
  - Set Voltage: 2.000V
  - Set Pulse: 10.000ns
Access Type: None Access Device

====================
DESIGN SPECIFICATION
====================
Design Target: Random Access Memory
Capacity   : 4MB
Data Width : 128Bits (16Bytes)

Searching for the best solution that is optimized for read latency ...

=============
CONFIGURATION
=============
Bank Organization: 16 x 32
 - Row Activation   : 1 / 16
 - Column Activation: 32 / 32
Mat Organization: 2 x 2
 - Row Activation   : 2 / 2
 - Column Activation: 2 / 2
 - Subarray Size    : 512 Rows x 32 Columns
Mux Level:
 - Senseamp Mux      : 32
 - Output Level-1 Mux: 1
 - Output Level-2 Mux: 1
Local Wire:
 - Wire Type : Local Aggressive
 - Repeater Type: No Repeaters
 - Low Swing : No
Global Wire:
 - Wire Type : Global Aggressive
 - Repeater Type: No Repeaters
 - Low Swing : No
Buffer Design Style: Latency-Optimized
=============
   RESULT
=============
Area:
 - Total Area = 1.466mm x 446.977um = 655129.534um^2
 |--- Mat Area      = 91.606um x 13.968um = 1279.550um^2   (9.916%)
 |--- Subarray Area = 41.753um x 6.984um = 291.601um^2   (10.878%)
 - Area Efficiency = 9.916%
Timing:
 -  Read Latency = 2.197ns
 |--- H-Tree Latency = 335.566ps
 |--- Mat Latency    = 1.861ns
    |--- Predecoder Latency = 181.130ps
    |--- Subarray Latency   = 1.680ns
       |--- Row Decoder Latency = 93.961ps
       |--- Bitline Latency     = 35.803ps
       |--- Senseamp Latency    = 1.454ns
       |--- Mux Latency         = 20.365ps
       |--- Precharge Latency   = 1.408ns
 - Write Latency = 20.713ns
 |--- H-Tree Latency = 167.783ps
 |--- Mat Latency    = 20.545ns
    |--- Predecoder Latency = 181.130ps
    |--- Subarray Latency   = 20.364ns
       |--- Row Decoder Latency = 93.961ps
       |--- Charge Latency      = 96.881ps
 - Read Bandwidth  = 5.343GB/s
 - Write Bandwidth = 785.702MB/s
Power:
 -  Read Dynamic Energy = 77.818pJ
 |--- H-Tree Dynamic Energy = 39.119pJ
 |--- Mat Dynamic Energy    = 1.209pJ per mat
    |--- Predecoder Dynamic Energy = 0.030pJ
    |--- Subarray Dynamic Energy   = 0.295pJ per active subarray
       |--- Row Decoder Dynamic Energy = 0.003pJ
       |--- Mux Decoder Dynamic Energy = 0.126pJ
       |--- Bitline & Cell Read Energy = 0.000pJ
       |--- Senseamp Dynamic Energy    = 0.150pJ
       |--- Mux Dynamic Energy         = 0.002pJ
       |--- Precharge Dynamic Energy   = 0.013pJ
 - Write Dynamic Energy = 163.434pJ
 |--- H-Tree Dynamic Energy = 39.119pJ
 |--- Mat Dynamic Energy    = 3.885pJ per mat
    |--- Predecoder Dynamic Energy = 0.030pJ
    |--- Subarray Dynamic Energy   = 0.964pJ per active subarray
       |--- Row Decoder Dynamic Energy = 0.003pJ
       |--- Mux Decoder Dynamic Energy = 0.126pJ
       |--- Mux Dynamic Energy         = 0.002pJ
 - Leakage Power = 388.921uW
 |--- H-Tree Leakage Power = 0.000pW
 |--- Mat Leakage Power    = 759.611nW per mat

Finished!
