User-defined configuration file (/Users/sudo/CodeProjects/Tufts/EECE0193/Final_Project/EXPERIMENTS/Input/Destiny/ReadEDP/PCRAM/1024KB/1024KB.cfg) is loaded

====================
DESIGN SPECIFICATION
====================
Design Target: Random Access Memory
Capacity   : 1MB
Data Width : 128Bits (16Bytes)

Searching for the best solution that is optimized for read energy-delay-product ...
Using cell file: ./cell_defs/PCRAM.cell
numSolutions = 19890 / numDesigns = 218700

=============
   SUMMARY   
=============
Optimized for: Read Energy-Delay-Product
Memory Cell: PCRAM (Phase-Change)
Cell Area (F^2)    : 9 (3Fx3F)
Cell Aspect Ratio  : 1
Cell Turned-On Resistance : 1Kohm
Cell Turned-Off Resistance: 1Mohm
Read Mode: Voltage-Sensing
  - Read Current: 40uA
Reset Mode: Current
  - Reset Current: 300uA
  - Reset Pulse: 40ns
Set Mode: Current
  - Set Current: 150uA
  - Set Pulse: 150ns
Access Type: CMOS

=============
CONFIGURATION
=============
Bank Organization: 64 x 32 x 16
 - Row Activation   : 1 / 64 x 1
 - Column Activation: 32 / 32 x 1
Mat Organization: 2 x 2
 - Row Activation   : 2 / 2
 - Column Activation: 2 / 2
 - Subarray Size    : 16 Rows x 4 Columns
Mux Level:
 - Senseamp Mux      : 4
 - Output Level-1 Mux: 1
 - Output Level-2 Mux: 1
Local Wire:
 - Wire Type : Local Aggressive
 - Repeater Type: No Repeaters
 - Low Swing : No
Global Wire:
 - Wire Type : Global Aggressive
 - Repeater Type: No Repeaters
 - Low Swing : No
Buffer Design Style: Latency-Optimized
=============
   RESULT
=============
Area:
 - Total Area = 510.641um x 113.716um = 92574um^2
 |--- Mat Area      = 7.97877um x 3.55362um = 28.3535um^2   (62.9276%)
 |--- Subarray Area = 3.32959um x 1.77681um = 5.91605um^2   (75.3973%)
 |--- TSV Area      = 81um^2
 - Area Efficiency = 39.472%
Timing:
 -  Read Latency = 155.687ps
 |--- TSV Latency    = 0.171162ps
 |--- H-Tree Latency = 35.6743ps
 |--- Mat Latency    = 119.842ps
    |--- Predecoder Latency = 57.5513ps
    |--- Subarray Latency   = 62.2905ps
       |--- Row Decoder Latency = 39.7013ps
       |--- Bitline Latency     = 13.5478ps,0.683564ps,13.5478ps
       |--- Senseamp Latency    = 3.80391ps
       |--- Mux Latency         = 5.23757ps
       |--- Precharge Latency   = 21.7098ps
       |--- Read Pulse   = 0ps
 - Write Total Latency = 150.115ns
 - RESET Latency = 40.1152ns
 |--- TSV Latency    = 0.0855811ps
 |--- H-Tree Latency = 17.8372ps
 |--- Mat Latency    = 40.0973ns
    |--- Predecoder Latency = 57.5513ps
    |--- Subarray Latency   = 40.0397ns
       |--- RESET Pulse Duration = 40ns
       |--- Row Decoder Latency  = 39.7013ps
       |--- Charge Latency   = 0.727324ps
 - SET Latency   = 150.115ns
 |--- TSV Latency    = 0.0855811ps
 |--- H-Tree Latency = 17.8372ps
 |--- Mat Latency    = 150.097ns
    |--- Predecoder Latency = 57.5513ps
    |--- Subarray Latency   = 150.04ns
       |--- SET Pulse Duration   = 150ns
       |--- Row Decoder Latency  = 39.7013ps
       |--- Charger Latency      = 0.727324ps
 - Read Bandwidth  = 361.181GB/s
 - Write Bandwidth = 106.638MB/s
Power:
 -  Read Dynamic Energy = 499.954pJ
 |--- TSV Dynamic Energy    = 236.167pJ
 |--- H-Tree Dynamic Energy = 9.95876pJ
 |--- Mat Dynamic Energy    = 7.93213pJ per mat
    |--- Predecoder Dynamic Energy = 0.00291002pJ
    |--- Subarray Dynamic Energy   = 1.98231pJ per active subarray
       |--- Row Decoder Dynamic Energy = 0.000423817pJ
       |--- Mux Decoder Dynamic Energy = 0.00415385pJ
       |--- Bitline & Cell Read Energy = 0.00024345pJ
       |--- Senseamp Dynamic Energy    = 0.000346726pJ
       |--- Mux Dynamic Energy         = 0.000620515pJ
       |--- Precharge Dynamic Energy   = 0.00145566pJ
 - Write Dynamic Energy = 11.7673nJ
 - RESET Dynamic Energy = 6.39125nJ
 |--- TSV Dynamic Energy    = 236.167pJ
 |--- H-Tree Dynamic Energy = 9.95876pJ
 |--- Mat Dynamic Energy    = 192.035pJ per mat
    |--- Predecoder Dynamic Energy = 0.00291002pJ
    |--- Subarray Dynamic Energy   = 90.0085pJ per active subarray
       |--- Row Decoder Dynamic Energy = 0.000423817pJ
       |--- Mux Decoder Dynamic Energy = 0.00415385pJ
       |--- Mux Dynamic Energy         = 0.000620515pJ
       |--- Cell RESET Dynamic Energy  = 48.0033pJ  0pJ
       |--- Single Cell RESET Energy  = 9.6pJ  0pJ
 - SET Dynamic Energy = 11.7672nJ
 |--- H-Tree Dynamic Energy = 9.95876pJ
 |--- Mat Dynamic Energy    = 360.035pJ per mat
    |--- Predecoder Dynamic Energy = 0.00291002pJ
    |--- Subarray Dynamic Energy   = 90.0085pJ per active subarray
       |--- Row Decoder Dynamic Energy = 0.000423817pJ
       |--- Mux Decoder Dynamic Energy = 0.00415385pJ
       |--- Mux Dynamic Energy         = 0.000620515pJ
       |--- Cell SET Dynamic Energy    = 90.0033pJ  0pJ  90.0085pJ
       |--- Single Cell SET Energy  = 18pJ  0pJ
 - Leakage Power = 66.4254uW
 |--- TSV Leakage              = 0pW
 |--- H-Tree Leakage Power     = 0pW
 |--- Mat Leakage Power        = 2.02714nW per mat

Finished!
