User-defined configuration file (/Users/sudo/CodeProjects/Tufts/EECE0193/Final_Project/EXPERIMENTS/Input/NVSim/iso_area/WriteDynamicEnergy/RRAM/1024KB/1024KB.cfg) is loaded

Memory Cell: RRAM (Memristor)
Cell Area (F^2)    : 4.000 (2.000Fx2.000F)
Cell Aspect Ratio  : 1.000
Cell Turned-On Resistance : 1.000Mohm
Cell Turned-Off Resistance: 10.000Mohm
Read Mode: Current-Sensing
  - Read Voltage: 0.400V
Reset Mode: Voltage
  - Reset Voltage: 2.000V
  - Reset Pulse: 10.000ns
Set Mode: Voltage
  - Set Voltage: 2.000V
  - Set Pulse: 10.000ns
Access Type: None Access Device

====================
DESIGN SPECIFICATION
====================
Design Target: Random Access Memory
Capacity   : 1MB
Data Width : 128Bits (16Bytes)

Searching for the best solution that is optimized for write energy ...

=============
CONFIGURATION
=============
Bank Organization: 16 x 4
 - Row Activation   : 1 / 16
 - Column Activation: 4 / 4
Mat Organization: 2 x 2
 - Row Activation   : 2 / 2
 - Column Activation: 2 / 2
 - Subarray Size    : 64 Rows x 512 Columns
Mux Level:
 - Senseamp Mux      : 64
 - Output Level-1 Mux: 1
 - Output Level-2 Mux: 1
Local Wire:
 - Wire Type : Local Aggressive
 - Repeater Type: No Repeaters
 - Low Swing : No
Global Wire:
 - Wire Type : Global Aggressive
 - Repeater Type: No Repeaters
 - Low Swing : No
Buffer Design Style: Latency-Optimized
=============
   RESULT
=============
Area:
 - Total Area = 405.829um x 430.551um = 174730.013um^2
 |--- Mat Area      = 25.364um x 107.638um = 2730.156um^2   (9.295%)
 |--- Subarray Area = 12.682um x 51.568um = 653.993um^2   (9.700%)
 - Area Efficiency = 9.295%
Timing:
 -  Read Latency = 2.129ns
 |--- H-Tree Latency = 98.128ps
 |--- Mat Latency    = 2.030ns
    |--- Predecoder Latency = 128.593ps
    |--- Subarray Latency   = 1.902ns
       |--- Row Decoder Latency = 208.384ps
       |--- Bitline Latency     = 0.559ps
       |--- Senseamp Latency    = 1.454ns
       |--- Mux Latency         = 145.430ps
       |--- Precharge Latency   = 182.140ps
 - Write Latency = 20.591ns
 |--- H-Tree Latency = 49.064ps
 |--- Mat Latency    = 20.542ns
    |--- Predecoder Latency = 128.593ps
    |--- Subarray Latency   = 20.413ns
       |--- Row Decoder Latency = 208.384ps
       |--- Charge Latency      = 55.508ps
 - Read Bandwidth  = 8.530GB/s
 - Write Bandwidth = 783.817MB/s
Power:
 -  Read Dynamic Energy = 41.814pJ
 |--- H-Tree Dynamic Energy = 14.095pJ
 |--- Mat Dynamic Energy    = 6.930pJ per mat
    |--- Predecoder Dynamic Energy = 0.035pJ
    |--- Subarray Dynamic Energy   = 1.724pJ per active subarray
       |--- Row Decoder Dynamic Energy = 0.045pJ
       |--- Mux Decoder Dynamic Energy = 0.273pJ
       |--- Bitline & Cell Read Energy = 0.004pJ
       |--- Senseamp Dynamic Energy    = 1.203pJ
       |--- Mux Dynamic Energy         = 0.013pJ
       |--- Precharge Dynamic Energy   = 0.186pJ
 - Write Dynamic Energy = 100.316pJ
 |--- H-Tree Dynamic Energy = 14.095pJ
 |--- Mat Dynamic Energy    = 21.555pJ per mat
    |--- Predecoder Dynamic Energy = 0.035pJ
    |--- Subarray Dynamic Energy   = 5.380pJ per active subarray
       |--- Row Decoder Dynamic Energy = 0.045pJ
       |--- Mux Decoder Dynamic Energy = 0.273pJ
       |--- Mux Dynamic Energy         = 0.013pJ
 - Leakage Power = 329.147uW
 |--- H-Tree Leakage Power = 0.000pW
 |--- Mat Leakage Power    = 5.143uW per mat

Finished!
