User-defined configuration file (/Users/sudo/CodeProjects/Tufts/EECE0193/Final_Project/EXPERIMENTS/Input/Destiny/LeakagePower/RRAM_MLC/16KB/16KB.cfg) is loaded

====================
DESIGN SPECIFICATION
====================
Design Target: Random Access Memory
Capacity   : 32KB
Data Width : 256Bits (32Bytes)

Searching for the best solution that is optimized for leakage power ...
Using cell file: ./cell_defs/RRAM_MLC.cell
numSolutions = 2181 / numDesigns = 43740

=============
   SUMMARY   
=============
Optimized for: Leakage
Memory Cell: RRAM (Memristor)
Cell Area (F^2)    : 20 (4.47214Fx4.47214F)
Cell Aspect Ratio  : 1
Cell Turned-On Resistance : 1Mohm
Cell Turned-Off Resistance: 10Mohm
Read Mode: Current-Sensing
  - Read Voltage: 0.3V
Reset Mode: Voltage
  - Reset Voltage: 2.5V
  - Reset Pulse: 5ns
Set Mode: Current
  - Set Current: 25uA
  - Set Pulse: 5ns
Access Type: CMOS

=============
CONFIGURATION
=============
Bank Organization: 4 x 16
 - Row Activation   : 1 / 4
 - Column Activation: 16 / 16
Mat Organization: 2 x 2
 - Row Activation   : 2 / 2
 - Column Activation: 2 / 2
 - Subarray Size    : 16 Rows x 32 Columns
Mux Level:
 - Senseamp Mux      : 16
 - Output Level-1 Mux: 1
 - Output Level-2 Mux: 1
Local Wire:
 - Wire Type : Local Aggressive
 - Repeater Type: No Repeaters
 - Low Swing : No
Global Wire:
 - Wire Type : Global Aggressive
 - Repeater Type: No Repeaters
 - Low Swing : No
Buffer Design Style: Latency-Optimized
=============
   RESULT
=============
Area:
 - Total Area = 156.615um x 170.21um = 26657.3um^2
 |--- Mat Area      = 39.1537um x 10.6381um = 416.521um^2   (4.75958%)
 |--- Subarray Area = 18.2823um x 5.31905um = 97.2443um^2   (5.09661%)
 - Area Efficiency = 4.75958%
Timing:
 -  Read Latency = 117.4ps
 |--- H-Tree Latency = 15.8094ps
 |--- Mat Latency    = 101.591ps
    |--- Predecoder Latency = 101.591ps
    |--- Subarray Latency   = 0ps
       |--- Row Decoder Latency = 81.3155ps
       |--- Bitline Latency     = 0.0965579ps,4.28726e+10s,6.88055e+10s
       |--- Senseamp Latency    = 1.45399ns
       |--- Mux Latency         = 48.4298ps
       |--- Precharge Latency   = 34.8601ps
       |--- Read Pulse   = 2ns
 - Write Total Latency = 109.495ps
 - RESET Latency = 109.495ps
 |--- H-Tree Latency = 7.90471ps
 |--- Mat Latency    = 101.591ps
    |--- Predecoder Latency = 101.591ps
    |--- Subarray Latency   = 0ps
       |--- RESET Pulse Duration = 5ns
       |--- Row Decoder Latency  = 81.3155ps
       |--- Charge Latency   = 9.6136ps
 - SET Latency   = 109.495ps
 |--- H-Tree Latency = 7.90471ps
 |--- Mat Latency    = 101.591ps
    |--- Predecoder Latency = 101.591ps
    |--- Subarray Latency   = 0ps
       |--- SET Pulse Duration   = 5ns
       |--- Row Decoder Latency  = 81.3155ps
       |--- Charger Latency      = 9.6136ps
 - Read Bandwidth  = -3.44417e+11B/s
 - Write Bandwidth = infTB/s
Power:
 -  Read Dynamic Energy = 27.3685pJ
 |--- H-Tree Dynamic Energy = 6.3932pJ
 |--- Mat Dynamic Energy    = 1.31096pJ per mat
    |--- Predecoder Dynamic Energy = 0.0148901pJ
    |--- Subarray Dynamic Energy   = 0.324016pJ per active subarray
       |--- Row Decoder Dynamic Energy = 0.00217104pJ
       |--- Mux Decoder Dynamic Energy = 0.00663467pJ
       |--- Bitline & Cell Read Energy = 0pJ
       |--- Senseamp Dynamic Energy    = 0.300727pJ
       |--- Mux Dynamic Energy         = 0.00103278pJ
       |--- Precharge Dynamic Energy   = 0.0134506pJ
 - Write Dynamic Energy = 7.2611pJ
 - RESET Dynamic Energy = 7.12216pJ
 |--- H-Tree Dynamic Energy = 6.3932pJ
 |--- Mat Dynamic Energy    = 0.0455599pJ per mat
    |--- Predecoder Dynamic Energy = 0.0148901pJ
    |--- Subarray Dynamic Energy   = 0.00983849pJ per active subarray
       |--- Row Decoder Dynamic Energy = 0.00217104pJ
       |--- Mux Decoder Dynamic Energy = 0.00663467pJ
       |--- Mux Dynamic Energy         = 0.00103278pJ
       |--- Cell RESET Dynamic Energy  = 0pJ  0pJ
       |--- Single Cell RESET Energy  = 0.029375pJ  -0pJ
 - SET Dynamic Energy = 7.12216pJ
 |--- H-Tree Dynamic Energy = 6.3932pJ
 |--- Mat Dynamic Energy    = 0.0455599pJ per mat
    |--- Predecoder Dynamic Energy = 0.0148901pJ
    |--- Subarray Dynamic Energy   = 0.00983849pJ per active subarray
       |--- Row Decoder Dynamic Energy = 0.00217104pJ
       |--- Mux Decoder Dynamic Energy = 0.00663467pJ
       |--- Mux Dynamic Energy         = 0.00103278pJ
       |--- Cell SET Dynamic Energy    = 0pJ  0pJ  0.00983849pJ
       |--- Single Cell SET Energy  = 0.1pJ  0pJ
 - Leakage Power = 77.3505uW
 |--- H-Tree Leakage Power     = 0pW
 |--- Mat Leakage Power        = 1.2086uW per mat

Finished!
