User-defined configuration file (/Users/sudo/CodeProjects/Tufts/EECE0193/Final_Project/EXPERIMENTS/Input/Destiny/iso_capacity/LeakagePower/STTRAM/128KB/128KB.cfg) is loaded

====================
DESIGN SPECIFICATION
====================
Design Target: Random Access Memory
Capacity   : 128KB
Data Width : 128Bits (16Bytes)

Searching for the best solution that is optimized for leakage power ...
Using cell file: ./cell_defs/STTRAM.cell
numSolutions = 17234 / numDesigns = 218700

=============
   SUMMARY   
=============
Optimized for: Leakage
Memory Cell: MRAM (Magnetoresistive)
Cell Area (F^2)    : 54 (5.4Fx10F)
Cell Aspect Ratio  : 0.54
Cell Turned-On Resistance : 3Kohm
Cell Turned-Off Resistance: 6Kohm
Read Mode: Current-Sensing
  - Read Voltage: 0.25V
Reset Mode: Current
  - Reset Current: 80uA
  - Reset Pulse: 10ns
Set Mode: Current
  - Set Current: 80uA
  - Set Pulse: 10ns
Access Type: CMOS

=============
CONFIGURATION
=============
Bank Organization: 8 x 32
 - Row Activation   : 1 / 8
 - Column Activation: 32 / 32
Mat Organization: 2 x 2
 - Row Activation   : 2 / 2
 - Column Activation: 2 / 2
 - Subarray Size    : 128 Rows x 8 Columns
Mux Level:
 - Senseamp Mux      : 8
 - Output Level-1 Mux: 1
 - Output Level-2 Mux: 1
Local Wire:
 - Wire Type : Local Aggressive
 - Repeater Type: No Repeaters
 - Low Swing : No
Global Wire:
 - Wire Type : Global Aggressive
 - Repeater Type: No Repeaters
 - Low Swing : No
Buffer Design Style: Latency-Optimized
=============
   RESULT
=============
Area:
 - Total Area = 529.693um x 218.507um = 115742um^2
 |--- Mat Area      = 66.2116um x 6.82834um = 452.116um^2   (23.6782%)
 |--- Subarray Area = 30.4914um x 3.41417um = 104.103um^2   (25.7085%)
 - Area Efficiency = 23.6782%
Timing:
 -  Read Latency = 1.75505ns
 |--- H-Tree Latency = 53.333ps
 |--- Mat Latency    = 1.70172ns
    |--- Predecoder Latency = 157.606ps
    |--- Subarray Latency   = 1.54412ns
       |--- Row Decoder Latency = 75.2908ps
       |--- Bitline Latency     = 3.58064ps,1.46333e+10s,9.15714e+09s
       |--- Senseamp Latency    = 1.456ns
       |--- Mux Latency         = 9.24174ps
       |--- Precharge Latency   = 223.686ps
       |--- Read Pulse   = 0ps
 - Write Total Latency = 10.2596ns
 - RESET Latency = 10.2596ns
 |--- H-Tree Latency = 26.6665ps
 |--- Mat Latency    = 10.2329ns
    |--- Predecoder Latency = 157.606ps
    |--- Subarray Latency   = 10.0753ns
       |--- RESET Pulse Duration = 10ns
       |--- Row Decoder Latency  = 75.2908ps
       |--- Charge Latency   = 10.425ps
 - SET Latency   = 10.2596ns
 |--- H-Tree Latency = 26.6665ps
 |--- Mat Latency    = 10.2329ns
    |--- Predecoder Latency = 157.606ps
    |--- Subarray Latency   = 10.0753ns
       |--- SET Pulse Duration   = 10ns
       |--- Row Decoder Latency  = 75.2908ps
       |--- Charger Latency      = 10.425ps
 - Read Bandwidth  = 9.45341GB/s
 - Write Bandwidth = 1.58804GB/s
Power:
 -  Read Dynamic Energy = 47.5368pJ
 |--- H-Tree Dynamic Energy = 15.267pJ
 |--- Mat Dynamic Energy    = 1.00843pJ per mat
    |--- Predecoder Dynamic Energy = 0.0205599pJ
    |--- Subarray Dynamic Energy   = 0.246968pJ per active subarray
       |--- Row Decoder Dynamic Energy = 0.00182275pJ
       |--- Mux Decoder Dynamic Energy = 0.00319957pJ
       |--- Bitline & Cell Read Energy = 0.0873601pJ
       |--- Senseamp Dynamic Energy    = 0.150363pJ
       |--- Mux Dynamic Energy         = 0.00109491pJ
       |--- Precharge Dynamic Energy   = 0.00308782pJ
 - Write Dynamic Energy = 145.475pJ
 - RESET Dynamic Energy = 145.241pJ
 |--- H-Tree Dynamic Energy = 15.267pJ
 |--- Mat Dynamic Energy    = 4.0617pJ per mat
    |--- Predecoder Dynamic Energy = 0.0205599pJ
    |--- Subarray Dynamic Energy   = 1.01211pJ per active subarray
       |--- Row Decoder Dynamic Energy = 0.00182275pJ
       |--- Mux Decoder Dynamic Energy = 0.00319957pJ
       |--- Mux Dynamic Energy         = 0.00109491pJ
       |--- Cell RESET Dynamic Energy  = 1.00599pJ  0pJ
       |--- Single Cell RESET Energy  = 1pJ  0pJ
 - SET Dynamic Energy = 145.241pJ
 |--- H-Tree Dynamic Energy = 15.267pJ
 |--- Mat Dynamic Energy    = 4.0617pJ per mat
    |--- Predecoder Dynamic Energy = 0.0205599pJ
    |--- Subarray Dynamic Energy   = 1.01211pJ per active subarray
       |--- Row Decoder Dynamic Energy = 0.00182275pJ
       |--- Mux Decoder Dynamic Energy = 0.00319957pJ
       |--- Mux Dynamic Energy         = 0.00109491pJ
       |--- Cell SET Dynamic Energy    = 1.00599pJ  0pJ  1.01211pJ
       |--- Single Cell SET Energy  = 1pJ  0pJ
 - Leakage Power = 159.196uW
 |--- H-Tree Leakage Power     = 0pW
 |--- Mat Leakage Power        = 621.86nW per mat

Finished!
