User-defined configuration file (/Users/sudo/CodeProjects/Tufts/EECE0193/Final_Project/EXPERIMENTS/Input/NVSim/iso_capacity/ReadDynamicEnergy/SRAM/512KB/512KB.cfg) is loaded

Memory Cell: SRAM
Cell Area (F^2)    : 146.000 (14.600Fx10.000F)
Cell Aspect Ratio  : 1.460
SRAM Cell Access Transistor Width: 1.310F
SRAM Cell NMOS Width: 2.080F
SRAM Cell PMOS Width: 1.230F

====================
DESIGN SPECIFICATION
====================
Design Target: Random Access Memory
Capacity   : 512KB
Data Width : 128Bits (16Bytes)

Searching for the best solution that is optimized for read energy ...

=============
CONFIGURATION
=============
Bank Organization: 64 x 1
 - Row Activation   : 1 / 64
 - Column Activation: 1 / 1
Mat Organization: 2 x 2
 - Row Activation   : 2 / 2
 - Column Activation: 2 / 2
 - Subarray Size    : 8 Rows x 2048 Columns
Mux Level:
 - Senseamp Mux      : 64
 - Output Level-1 Mux: 1
 - Output Level-2 Mux: 1
Local Wire:
 - Wire Type : Local Aggressive
 - Repeater Type: No Repeaters
 - Low Swing : No
Global Wire:
 - Wire Type : Global Aggressive
 - Repeater Type: No Repeaters
 - Low Swing : No
Buffer Design Style: Latency-Optimized
=============
   RESULT
=============
Area:
 - Total Area = 480.577um x 914.808um = 439635.715um^2
 |--- Mat Area      = 7.509um x 914.808um = 6869.308um^2   (67.416%)
 |--- Subarray Area = 3.755um x 455.367um = 1709.678um^2   (67.718%)
 - Area Efficiency = 67.416%
Timing:
 -  Read Latency = 4.485ns
 |--- H-Tree Latency = 26.370ps
 |--- Mat Latency    = 4.458ns
    |--- Predecoder Latency = 219.423ps
    |--- Subarray Latency   = 4.239ns
       |--- Row Decoder Latency = 3.519ns
       |--- Bitline Latency     = 567.060ps
       |--- Senseamp Latency    = 3.988ps
       |--- Mux Latency         = 148.427ps
       |--- Precharge Latency   = 35.853ps
 - Write Latency = 4.471ns
 |--- H-Tree Latency = 13.185ps
 |--- Mat Latency    = 4.458ns
    |--- Predecoder Latency = 219.423ps
    |--- Subarray Latency   = 4.239ns
       |--- Row Decoder Latency = 3.519ns
       |--- Charge Latency      = 7.427ps
 - Read Bandwidth  = 21.183GB/s
 - Write Bandwidth = 3.775GB/s
Power:
 -  Read Dynamic Energy = 13.357pJ
 |--- H-Tree Dynamic Energy = 6.289pJ
 |--- Mat Dynamic Energy    = 7.067pJ per mat
    |--- Predecoder Dynamic Energy = 0.094pJ
    |--- Subarray Dynamic Energy   = 1.743pJ per active subarray
       |--- Row Decoder Dynamic Energy = 0.175pJ
       |--- Mux Decoder Dynamic Energy = 0.418pJ
       |--- Senseamp Dynamic Energy    = 0.012pJ
       |--- Mux Dynamic Energy         = 0.051pJ
       |--- Precharge Dynamic Energy   = 0.776pJ
 - Write Dynamic Energy = 8.979pJ
 |--- H-Tree Dynamic Energy = 6.289pJ
 |--- Mat Dynamic Energy    = 2.689pJ per mat
    |--- Predecoder Dynamic Energy = 0.094pJ
    |--- Subarray Dynamic Energy   = 0.649pJ per active subarray
       |--- Row Decoder Dynamic Energy = 0.175pJ
       |--- Mux Decoder Dynamic Energy = 0.418pJ
       |--- Mux Dynamic Energy         = 0.051pJ
 - Leakage Power = 60.222uW
 |--- H-Tree Leakage Power = 0.000pW
 |--- Mat Leakage Power    = 940.973nW per mat

Finished!
