User-defined configuration file (/Users/sudo/CodeProjects/Tufts/EECE0193/Final_Project/EXPERIMENTS/Input/NVSim/iso_area/ReadEDP/SRAM/1024KB/1024KB.cfg) is loaded

Memory Cell: SRAM
Cell Area (F^2)    : 146.000 (14.600Fx10.000F)
Cell Aspect Ratio  : 1.460
SRAM Cell Access Transistor Width: 1.310F
SRAM Cell NMOS Width: 2.080F
SRAM Cell PMOS Width: 1.230F

====================
DESIGN SPECIFICATION
====================
Design Target: Random Access Memory
Capacity   : 1MB
Data Width : 128Bits (16Bytes)

Searching for the best solution that is optimized for read energy-delay-product ...

=============
CONFIGURATION
=============
Bank Organization: 64 x 8
 - Row Activation   : 1 / 64
 - Column Activation: 8 / 8
Mat Organization: 2 x 2
 - Row Activation   : 2 / 2
 - Column Activation: 2 / 2
 - Subarray Size    : 32 Rows x 128 Columns
Mux Level:
 - Senseamp Mux      : 8
 - Output Level-1 Mux: 1
 - Output Level-2 Mux: 4
Local Wire:
 - Wire Type : Local Aggressive
 - Repeater Type: No Repeaters
 - Low Swing : No
Global Wire:
 - Wire Type : Global Aggressive
 - Repeater Type: No Repeaters
 - Low Swing : No
Buffer Design Style: Latency-Optimized
=============
   RESULT
=============
Area:
 - Total Area = 1.510mm x 526.970um = 795507.641um^2
 |--- Mat Area      = 23.587um x 65.871um = 1553.726um^2   (74.515%)
 |--- Subarray Area = 11.794um x 31.144um = 367.296um^2   (78.803%)
 - Area Efficiency = 74.515%
Timing:
 -  Read Latency = 763.270ps
 |--- H-Tree Latency = 385.076ps
 |--- Mat Latency    = 378.194ps
    |--- Predecoder Latency = 117.850ps
    |--- Subarray Latency   = 260.345ps
       |--- Row Decoder Latency = 145.046ps
       |--- Bitline Latency     = 71.214ps
       |--- Senseamp Latency    = 3.988ps
       |--- Mux Latency         = 40.097ps
       |--- Precharge Latency   = 90.313ps
 - Write Latency = 570.732ps
 |--- H-Tree Latency = 192.538ps
 |--- Mat Latency    = 378.194ps
    |--- Predecoder Latency = 117.850ps
    |--- Subarray Latency   = 260.345ps
       |--- Row Decoder Latency = 145.046ps
       |--- Charge Latency      = 57.379ps
 - Read Bandwidth  = 77.817GB/s
 - Write Bandwidth = 61.457GB/s
Power:
 -  Read Dynamic Energy = 39.312pJ
 |--- H-Tree Dynamic Energy = 33.071pJ
 |--- Mat Dynamic Energy    = 0.780pJ per mat
    |--- Predecoder Dynamic Energy = 0.024pJ
    |--- Subarray Dynamic Energy   = 0.189pJ per active subarray
       |--- Row Decoder Dynamic Energy = 0.016pJ
       |--- Mux Decoder Dynamic Energy = 0.036pJ
       |--- Senseamp Dynamic Energy    = 0.006pJ
       |--- Mux Dynamic Energy         = 0.006pJ
       |--- Precharge Dynamic Energy   = 0.054pJ
 - Write Dynamic Energy = 35.188pJ
 |--- H-Tree Dynamic Energy = 33.071pJ
 |--- Mat Dynamic Energy    = 0.265pJ per mat
    |--- Predecoder Dynamic Energy = 0.024pJ
    |--- Subarray Dynamic Energy   = 0.060pJ per active subarray
       |--- Row Decoder Dynamic Energy = 0.016pJ
       |--- Mux Decoder Dynamic Energy = 0.036pJ
       |--- Mux Dynamic Energy         = 0.006pJ
 - Leakage Power = 112.335uW
 |--- H-Tree Leakage Power = 0.000pW
 |--- Mat Leakage Power    = 219.404nW per mat

Finished!
