User-defined configuration file (/Users/sudo/CodeProjects/Tufts/EECE0193/Final_Project/EXPERIMENTS/Input/NVSim/iso_capacity/ReadDynamicEnergy/SRAM/4096KB/4096KB.cfg) is loaded

Memory Cell: SRAM
Cell Area (F^2)    : 146.000 (14.600Fx10.000F)
Cell Aspect Ratio  : 1.460
SRAM Cell Access Transistor Width: 1.310F
SRAM Cell NMOS Width: 2.080F
SRAM Cell PMOS Width: 1.230F

====================
DESIGN SPECIFICATION
====================
Design Target: Random Access Memory
Capacity   : 4MB
Data Width : 128Bits (16Bytes)

Searching for the best solution that is optimized for read energy ...

=============
CONFIGURATION
=============
Bank Organization: 128 x 1
 - Row Activation   : 1 / 128
 - Column Activation: 1 / 1
Mat Organization: 2 x 2
 - Row Activation   : 2 / 2
 - Column Activation: 2 / 2
 - Subarray Size    : 16 Rows x 4096 Columns
Mux Level:
 - Senseamp Mux      : 128
 - Output Level-1 Mux: 1
 - Output Level-2 Mux: 1
Local Wire:
 - Wire Type : Local Aggressive
 - Repeater Type: No Repeaters
 - Low Swing : No
Global Wire:
 - Wire Type : Global Aggressive
 - Repeater Type: No Repeaters
 - Low Swing : No
Buffer Design Style: Latency-Optimized
=============
   RESULT
=============
Area:
 - Total Area = 1.617mm x 1.817mm = 2.938mm^2
 |--- Mat Area      = 12.629um x 1.817mm = 22951.875um^2   (80.709%)
 |--- Subarray Area = 6.315um x 906.557um = 5724.591um^2   (80.897%)
 - Area Efficiency = 80.709%
Timing:
 -  Read Latency = 15.769ns
 |--- H-Tree Latency = 298.432ps
 |--- Mat Latency    = 15.471ns
    |--- Predecoder Latency = 307.709ps
    |--- Subarray Latency   = 15.163ns
       |--- Row Decoder Latency = 13.343ns
       |--- Bitline Latency     = 1.535ns
       |--- Senseamp Latency    = 3.988ps
       |--- Mux Latency         = 281.756ps
       |--- Precharge Latency   = 62.221ps
 - Write Latency = 15.620ns
 |--- H-Tree Latency = 149.216ps
 |--- Mat Latency    = 15.471ns
    |--- Predecoder Latency = 307.709ps
    |--- Subarray Latency   = 15.163ns
       |--- Row Decoder Latency = 13.343ns
       |--- Charge Latency      = 14.345ps
 - Read Bandwidth  = 8.499GB/s
 - Write Bandwidth = 1.055GB/s
Power:
 -  Read Dynamic Energy = 37.996pJ
 |--- H-Tree Dynamic Energy = 21.772pJ
 |--- Mat Dynamic Energy    = 16.224pJ per mat
    |--- Predecoder Dynamic Energy = 0.350pJ
    |--- Subarray Dynamic Energy   = 3.969pJ per active subarray
       |--- Row Decoder Dynamic Energy = 0.340pJ
       |--- Mux Decoder Dynamic Energy = 0.804pJ
       |--- Senseamp Dynamic Energy    = 0.012pJ
       |--- Mux Dynamic Energy         = 0.096pJ
       |--- Precharge Dynamic Energy   = 1.542pJ
 - Write Dynamic Energy = 27.121pJ
 |--- H-Tree Dynamic Energy = 21.772pJ
 |--- Mat Dynamic Energy    = 5.349pJ per mat
    |--- Predecoder Dynamic Energy = 0.350pJ
    |--- Subarray Dynamic Energy   = 1.250pJ per active subarray
       |--- Row Decoder Dynamic Energy = 0.340pJ
       |--- Mux Decoder Dynamic Energy = 0.804pJ
       |--- Mux Dynamic Energy         = 0.096pJ
 - Leakage Power = 394.579uW
 |--- H-Tree Leakage Power = 0.000pW
 |--- Mat Leakage Power    = 3.083uW per mat

Finished!
