User-defined configuration file (/Users/sudo/CodeProjects/Tufts/EECE0193/Final_Project/EXPERIMENTS/Input/Destiny/Area/RRAM_MLC/256KB/256KB.cfg) is loaded

====================
DESIGN SPECIFICATION
====================
Design Target: Random Access Memory
Capacity   : 512KB
Data Width : 256Bits (32Bytes)

Searching for the best solution that is optimized for area ...
Using cell file: ./cell_defs/RRAM_MLC.cell
numSolutions = 4752 / numDesigns = 43740

=============
   SUMMARY   
=============
Optimized for: Area
Memory Cell: RRAM (Memristor)
Cell Area (F^2)    : 20 (4.47214Fx4.47214F)
Cell Aspect Ratio  : 1
Cell Turned-On Resistance : 1Mohm
Cell Turned-Off Resistance: 10Mohm
Read Mode: Current-Sensing
  - Read Voltage: 0.3V
Reset Mode: Voltage
  - Reset Voltage: 2.5V
  - Reset Pulse: 5ns
Set Mode: Current
  - Set Current: 25uA
  - Set Pulse: 5ns
Access Type: CMOS

=============
CONFIGURATION
=============
Bank Organization: 128 x 2
 - Row Activation   : 1 / 128
 - Column Activation: 2 / 2
Mat Organization: 2 x 2
 - Row Activation   : 2 / 2
 - Column Activation: 2 / 2
 - Subarray Size    : 2 Rows x 1024 Columns
Mux Level:
 - Senseamp Mux      : 64
 - Output Level-1 Mux: 1
 - Output Level-2 Mux: 1
Local Wire:
 - Wire Type : Local Aggressive
 - Repeater Type: No Repeaters
 - Low Swing : No
Global Wire:
 - Wire Type : Global Aggressive
 - Repeater Type: No Repeaters
 - Low Swing : No
Buffer Design Style: Latency-Optimized
=============
   RESULT
=============
Area:
 - Total Area = 1.34356mm x 469.857um = 631282um^2
 |--- Mat Area      = 10.4966um x 234.928um = 2465.95um^2   (3.21575%)
 |--- Subarray Area = 5.24829um x 116.441um = 611.116um^2   (3.244%)
 - Area Efficiency = 3.21575%
Timing:
 -  Read Latency = 379.882ps
 |--- H-Tree Latency = 281.789ps
 |--- Mat Latency    = 98.0933ps
    |--- Predecoder Latency = 98.0933ps
    |--- Subarray Latency   = 0ps
       |--- Row Decoder Latency = 624.605ps
       |--- Bitline Latency     = 0.00150874ps,3.54105e+10s,6.39069e+10s
       |--- Senseamp Latency    = 1.45399ns
       |--- Mux Latency         = 148.427ps
       |--- Precharge Latency   = 12.789ps
       |--- Read Pulse   = 2ns
 - Write Total Latency = 238.988ps
 - RESET Latency = 238.988ps
 |--- H-Tree Latency = 140.894ps
 |--- Mat Latency    = 98.0933ps
    |--- Predecoder Latency = 98.0933ps
    |--- Subarray Latency   = 0ps
       |--- RESET Pulse Duration = 5ns
       |--- Row Decoder Latency  = 624.605ps
       |--- Charge Latency   = 1.74049ps
 - SET Latency   = 238.988ps
 |--- H-Tree Latency = 140.894ps
 |--- Mat Latency    = 98.0933ps
    |--- Predecoder Latency = 98.0933ps
    |--- Subarray Latency   = 0ps
       |--- SET Pulse Duration   = 5ns
       |--- Row Decoder Latency  = 624.605ps
       |--- Charger Latency      = 1.74049ps
 - Read Bandwidth  = -2.61517e+10B/s
 - Write Bandwidth = infTB/s
Power:
 -  Read Dynamic Energy = 48.6102pJ
 |--- H-Tree Dynamic Energy = 23.8794pJ
 |--- Mat Dynamic Energy    = 12.3654pJ per mat
    |--- Predecoder Dynamic Energy = 0.03041pJ
    |--- Subarray Dynamic Energy   = 3.08375pJ per active subarray
       |--- Row Decoder Dynamic Energy = 0.0626808pJ
       |--- Mux Decoder Dynamic Energy = 0.218708pJ
       |--- Bitline & Cell Read Energy = 0pJ
       |--- Senseamp Dynamic Energy    = 2.40582pJ
       |--- Mux Dynamic Energy         = 0.0253219pJ
       |--- Precharge Dynamic Energy   = 0.371222pJ
 - Write Dynamic Energy = 26.3939pJ
 - RESET Dynamic Energy = 25.8925pJ
 |--- H-Tree Dynamic Energy = 23.8794pJ
 |--- Mat Dynamic Energy    = 1.00653pJ per mat
    |--- Predecoder Dynamic Energy = 0.03041pJ
    |--- Subarray Dynamic Energy   = 0.306711pJ per active subarray
       |--- Row Decoder Dynamic Energy = 0.0626808pJ
       |--- Mux Decoder Dynamic Energy = 0.218708pJ
       |--- Mux Dynamic Energy         = 0.0253219pJ
       |--- Cell RESET Dynamic Energy  = 0pJ  0pJ
       |--- Single Cell RESET Energy  = 0.029375pJ  -0pJ
 - SET Dynamic Energy = 25.8925pJ
 |--- H-Tree Dynamic Energy = 23.8794pJ
 |--- Mat Dynamic Energy    = 1.00653pJ per mat
    |--- Predecoder Dynamic Energy = 0.03041pJ
    |--- Subarray Dynamic Energy   = 0.306711pJ per active subarray
       |--- Row Decoder Dynamic Energy = 0.0626808pJ
       |--- Mux Decoder Dynamic Energy = 0.218708pJ
       |--- Mux Dynamic Energy         = 0.0253219pJ
       |--- Cell SET Dynamic Energy    = 0pJ  0pJ  0.306711pJ
       |--- Single Cell SET Energy  = 0.1pJ  0pJ
 - Leakage Power = 2.52122mW
 |--- H-Tree Leakage Power     = 0pW
 |--- Mat Leakage Power        = 9.84852uW per mat

Finished!
