User-defined configuration file (/Users/sudo/CodeProjects/Tufts/EECE0193/Final_Project/EXPERIMENTS/Input/NVSim/iso_capacity/Area/SRAM/2048KB/2048KB.cfg) is loaded

Memory Cell: SRAM
Cell Area (F^2)    : 146.000 (14.600Fx10.000F)
Cell Aspect Ratio  : 1.460
SRAM Cell Access Transistor Width: 1.310F
SRAM Cell NMOS Width: 2.080F
SRAM Cell PMOS Width: 1.230F
[WARNING] Associativity setting is ignored for non-cache designs

====================
DESIGN SPECIFICATION
====================
Design Target: Random Access Memory
Capacity   : 2MB
Data Width : 128Bits (16Bytes)

Searching for the best solution that is optimized for area ...

=============
CONFIGURATION
=============
Bank Organization: 1 x 1
 - Row Activation   : 1 / 1
 - Column Activation: 1 / 1
Mat Organization: 2 x 2
 - Row Activation   : 2 / 2
 - Column Activation: 2 / 2
 - Subarray Size    : 1024 Rows x 4096 Columns
Mux Level:
 - Senseamp Mux      : 128
 - Output Level-1 Mux: 1
 - Output Level-2 Mux: 1
Local Wire:
 - Wire Type : Local Aggressive
 - Repeater Type: No Repeaters
 - Low Swing : No
Global Wire:
 - Wire Type : Global Aggressive
 - Repeater Type: No Repeaters
 - Low Swing : No
Buffer Design Style: Latency-Optimized
=============
   RESULT
=============
Area:
 - Total Area = 660.169um x 1.825mm = 1.205mm^2
 |--- Mat Area      = 660.169um x 1.825mm = 1.205mm^2   (98.400%)
 |--- Subarray Area = 330.084um x 906.557um = 299240.095um^2   (99.046%)
 - Area Efficiency = 98.400%
Timing:
 -  Read Latency = 19.203ns
 |--- H-Tree Latency = 0.000ps
 |--- Mat Latency    = 19.203ns
    |--- Predecoder Latency = 436.333ps
    |--- Subarray Latency   = 18.766ns
       |--- Row Decoder Latency = 13.351ns
       |--- Bitline Latency     = 5.129ns
       |--- Senseamp Latency    = 3.988ps
       |--- Mux Latency         = 281.756ps
       |--- Precharge Latency   = 3.558ns
 - Write Latency = 19.203ns
 |--- H-Tree Latency = 0.000ps
 |--- Mat Latency    = 19.203ns
    |--- Predecoder Latency = 436.333ps
    |--- Subarray Latency   = 18.766ns
       |--- Row Decoder Latency = 13.351ns
       |--- Charge Latency      = 1.842ns
 - Read Bandwidth  = 1.783GB/s
 - Write Bandwidth = 852.597MB/s
Power:
 -  Read Dynamic Energy = 294.203pJ
 |--- H-Tree Dynamic Energy = 0.000pJ
 |--- Mat Dynamic Energy    = 294.203pJ per mat
    |--- Predecoder Dynamic Energy = 0.470pJ
    |--- Subarray Dynamic Energy   = 73.433pJ per active subarray
       |--- Row Decoder Dynamic Energy = 0.340pJ
       |--- Mux Decoder Dynamic Energy = 0.804pJ
       |--- Senseamp Dynamic Energy    = 0.012pJ
       |--- Mux Dynamic Energy         = 0.096pJ
       |--- Precharge Dynamic Energy   = 1.542pJ
 - Write Dynamic Energy = 7.640pJ
 |--- H-Tree Dynamic Energy = 0.000pJ
 |--- Mat Dynamic Energy    = 7.640pJ per mat
    |--- Predecoder Dynamic Energy = 0.470pJ
    |--- Subarray Dynamic Energy   = 1.792pJ per active subarray
       |--- Row Decoder Dynamic Energy = 0.340pJ
       |--- Mux Decoder Dynamic Energy = 0.804pJ
       |--- Mux Dynamic Energy         = 0.096pJ
 - Leakage Power = 158.792uW
 |--- H-Tree Leakage Power = 0.000pW
 |--- Mat Leakage Power    = 158.792uW per mat

Finished!
