User-defined configuration file (/Users/sudo/CodeProjects/Tufts/EECE0193/Final_Project/EXPERIMENTS/Input/NVSim/iso_area/WriteDynamicEnergy/STTRAM/32KB/32KB.cfg) is loaded

Memory Cell: MRAM (Magnetoresistive)
Cell Area (F^2)    : 54.000 (5.400Fx10.000F)
Cell Aspect Ratio  : 0.540
Cell Turned-On Resistance : 3.000Kohm
Cell Turned-Off Resistance: 6.000Kohm
Read Mode: Current-Sensing
  - Read Voltage: 0.250V
Reset Mode: Current
  - Reset Current: 80.000uA
  - Reset Pulse: 10.000ns
Set Mode: Current
  - Set Current: 80.000uA
  - Set Pulse: 10.000ns
Access Type: CMOS

====================
DESIGN SPECIFICATION
====================
Design Target: Random Access Memory
Capacity   : 32KB
Data Width : 128Bits (16Bytes)

Searching for the best solution that is optimized for write energy ...

=============
CONFIGURATION
=============
Bank Organization: 1 x 1
 - Row Activation   : 1 / 1
 - Column Activation: 1 / 1
Mat Organization: 2 x 2
 - Row Activation   : 2 / 2
 - Column Activation: 2 / 2
 - Subarray Size    : 128 Rows x 512 Columns
Mux Level:
 - Senseamp Mux      : 1
 - Output Level-1 Mux: 1
 - Output Level-2 Mux: 16
Local Wire:
 - Wire Type : Local Aggressive
 - Repeater Type: No Repeaters
 - Low Swing : No
Global Wire:
 - Wire Type : Global Aggressive
 - Repeater Type: No Repeaters
 - Low Swing : No
Buffer Design Style: Latency-Optimized
=============
   RESULT
=============
Area:
 - Total Area = 263.121um x 254.679um = 67011.288um^2
 |--- Mat Area      = 263.121um x 254.679um = 67011.288um^2   (10.224%)
 |--- Subarray Area = 128.077um x 127.339um = 16309.281um^2   (10.502%)
 - Area Efficiency = 10.224%
Timing:
 -  Read Latency = 2.342ns
 |--- H-Tree Latency = 0.000ps
 |--- Mat Latency    = 2.342ns
    |--- Predecoder Latency = 222.996ps
    |--- Subarray Latency   = 2.119ns
       |--- Row Decoder Latency = 644.465ps
       |--- Bitline Latency     = 3.581ps
       |--- Senseamp Latency    = 1.456ns
       |--- Mux Latency         = 15.766ps
       |--- Precharge Latency   = 226.290ps
 - Write Latency = 10.867ns
 |--- H-Tree Latency = 0.000ps
 |--- Mat Latency    = 10.867ns
    |--- Predecoder Latency = 222.996ps
    |--- Subarray Latency   = 10.644ns
       |--- Write Pulse Duration = 10.000ns
       |--- Row Decoder Latency = 644.465ps
       |--- Charge Latency      = 10.425ps
 - Read Bandwidth  = 9.405GB/s
 - Write Bandwidth = 1.503GB/s
Power:
 -  Read Dynamic Energy = 321.497pJ
 |--- H-Tree Dynamic Energy = 0.000pJ
 |--- Mat Dynamic Energy    = 321.497pJ per mat
    |--- Predecoder Dynamic Energy = 0.114pJ
    |--- Subarray Dynamic Energy   = 80.346pJ per active subarray
       |--- Row Decoder Dynamic Energy = 0.095pJ
       |--- Mux Decoder Dynamic Energy = 0.218pJ
       |--- Bitline & Cell Read Energy = 2.795pJ
       |--- Senseamp Dynamic Energy    = 76.975pJ
       |--- Mux Dynamic Energy         = 0.060pJ
       |--- Precharge Dynamic Energy   = 0.202pJ
 - Write Dynamic Energy = 130.338pJ
 |--- H-Tree Dynamic Energy = 0.000pJ
 |--- Mat Dynamic Energy    = 130.338pJ per mat
    |--- Predecoder Dynamic Energy = 0.114pJ
    |--- Subarray Dynamic Energy   = 32.556pJ per active subarray
       |--- Row Decoder Dynamic Energy = 0.095pJ
       |--- Mux Decoder Dynamic Energy = 0.218pJ
       |--- Mux Dynamic Energy         = 0.060pJ
       |--- Bitline & Cell Write Energy= 32.183pJ
 - Leakage Power = 307.650uW
 |--- H-Tree Leakage Power = 0.000pW
 |--- Mat Leakage Power    = 307.650uW per mat

Finished!
