User-defined configuration file (/h/mrocke01/EECE0193/NVSim/cfg_files/SRAM_cache_512_4.cfg) is loaded

Memory Cell: SRAM
Cell Area (F^2)    : 146.000 (14.600Fx10.000F)
Cell Aspect Ratio  : 1.460
SRAM Cell Access Transistor Width: 1.310F
SRAM Cell NMOS Width: 2.080F
SRAM Cell PMOS Width: 1.230F

====================
DESIGN SPECIFICATION
====================
Design Target: Cache
Capacity   : 512KB
Cache Line Size: 64Bytes
Cache Associativity: 4 Ways

Searching for the best solution that is optimized for read energy-delay-product ...

=======================
CACHE DESIGN -- SUMMARY
=======================
Access Mode: Sequential
Area:
 - Total Area = 0.566mm^2
 |--- Data Array Area = 1087.675um x 497.123um = 0.541mm^2
 |--- Tag Array Area  = 201.340um x 127.868um = 0.026mm^2
Timing:
 - Cache Hit Latency   = 0.902ns
 - Cache Miss Latency  = 0.489ns
 - Cache Write Latency = 0.426ns
Power:
 - Cache Hit Dynamic Energy   = 0.112nJ per access
 - Cache Miss Dynamic Energy  = 0.001nJ per access
 - Cache Write Dynamic Energy = 0.109nJ per access
 - Cache Total Leakage Power  = 0.075mW
 |--- Cache Data Array Leakage Power = 0.072mW
 |--- Cache Tag Array Leakage Power  = 0.003mW

CACHE DATA ARRAY
=============
CONFIGURATION
=============
Bank Organization: 128 x 128
 - Row Activation   : 1 / 128
 - Column Activation: 128 / 128
Mat Organization: 2 x 2
 - Row Activation   : 2 / 2
 - Column Activation: 2 / 2
 - Subarray Size    : 8 Rows x 8 Columns
Mux Level:
 - Senseamp Mux      : 8
 - Output Level-1 Mux: 1
 - Output Level-2 Mux: 1
 - One set is partitioned into 1 rows
Local Wire:
 - Wire Type : Local Aggressive
 - Repeater Type: No Repeaters
 - Low Swing : No
Global Wire:
 - Wire Type : Global Aggressive
 - Repeater Type: No Repeaters
 - Low Swing : No
Buffer Design Style: Latency-Optimized
=============
   RESULT
=============
Area:
 - Total Area = 1.088mm x 497.123um = 540708.531um^2
 |--- Mat Area      = 8.497um x 3.884um = 33.002um^2   (54.814%)
 |--- Subarray Area = 3.423um x 1.942um = 6.646um^2   (68.045%)
 - Area Efficiency = 54.814%
Timing:
 -  Read Latency = 413.358ps
 |--- H-Tree Latency = 247.993ps
 |--- Mat Latency    = 165.366ps
    |--- Predecoder Latency = 61.970ps
    |--- Subarray Latency   = 103.396ps
       |--- Row Decoder Latency = 30.809ps
       |--- Bitline Latency     = 36.835ps
       |--- Senseamp Latency    = 3.988ps
       |--- Mux Latency         = 31.764ps
       |--- Precharge Latency   = 28.832ps
 - Write Latency = 289.362ps
 |--- H-Tree Latency = 123.996ps
 |--- Mat Latency    = 165.366ps
    |--- Predecoder Latency = 61.970ps
    |--- Subarray Latency   = 103.396ps
       |--- Row Decoder Latency = 30.809ps
       |--- Charge Latency      = 7.427ps
 - Read Bandwidth  = 631.047GB/s
 - Write Bandwidth = 618.981GB/s
Power:
 -  Read Dynamic Energy = 110.207pJ
 |--- H-Tree Dynamic Energy = 106.164pJ
 |--- Mat Dynamic Energy    = 0.032pJ per mat
    |--- Predecoder Dynamic Energy = 0.002pJ
    |--- Subarray Dynamic Energy   = 0.007pJ per active subarray
       |--- Row Decoder Dynamic Energy = 0.001pJ
       |--- Mux Decoder Dynamic Energy = 0.002pJ
       |--- Senseamp Dynamic Energy    = 0.000pJ
       |--- Mux Dynamic Energy         = 0.000pJ
       |--- Precharge Dynamic Energy   = 0.003pJ
 - Write Dynamic Energy = 107.895pJ
 |--- H-Tree Dynamic Energy = 106.164pJ
 |--- Mat Dynamic Energy    = 0.014pJ per mat
    |--- Predecoder Dynamic Energy = 0.002pJ
    |--- Subarray Dynamic Energy   = 0.003pJ per active subarray
       |--- Row Decoder Dynamic Energy = 0.001pJ
       |--- Mux Decoder Dynamic Energy = 0.002pJ
       |--- Mux Dynamic Energy         = 0.000pJ
 - Leakage Power = 71.891uW
 |--- H-Tree Leakage Power = 0.000pW
 |--- Mat Leakage Power    = 4.388nW per mat

CACHE TAG ARRAY
=============
CONFIGURATION
=============
Bank Organization: 8 x 1
 - Row Activation   : 1 / 8
 - Column Activation: 1 / 1
Mat Organization: 2 x 2
 - Row Activation   : 1 / 2
 - Column Activation: 1 / 2
 - Subarray Size    : 32 Rows x 264 Columns
Mux Level:
 - Senseamp Mux      : 1
 - Output Level-1 Mux: 1
 - Output Level-2 Mux: 2
 - One set is partitioned into 1 rows
Local Wire:
 - Wire Type : Local Aggressive
 - Repeater Type: No Repeaters
 - Low Swing : No
Global Wire:
 - Wire Type : Global Aggressive
 - Repeater Type: No Repeaters
 - Low Swing : No
Buffer Design Style: Latency-Optimized
=============
   RESULT
=============
Area:
 - Total Area = 201.340um x 127.868um = 25744.910um^2
 |--- Mat Area      = 25.167um x 127.868um = 3218.114um^2   (74.201%)
 |--- Subarray Area = 12.467um x 62.058um = 773.703um^2   (77.157%)
 - Area Efficiency = 74.201%
Timing:
 -  Read Latency = 488.751ps
 |--- H-Tree Latency = 4.557ps
 |--- Mat Latency    = 484.194ps
    |--- Predecoder Latency = 132.570ps
    |--- Subarray Latency   = 291.649ps
       |--- Row Decoder Latency = 208.552ps
       |--- Bitline Latency     = 75.171ps
       |--- Senseamp Latency    = 3.759ps
       |--- Mux Latency         = 4.167ps
       |--- Precharge Latency   = 91.195ps
    |--- Comparator Latency  = 59.975ps
 - Write Latency = 426.497ps
 |--- H-Tree Latency = 2.279ps
 |--- Mat Latency    = 424.219ps
    |--- Predecoder Latency = 132.570ps
    |--- Subarray Latency   = 291.649ps
       |--- Row Decoder Latency = 208.552ps
       |--- Charge Latency      = 28.540ps
 - Read Bandwidth  = 23.667GB/s
 - Write Bandwidth = 14.144GB/s
Power:
 -  Read Dynamic Energy = 1.363pJ
 |--- H-Tree Dynamic Energy = 0.771pJ
 |--- Mat Dynamic Energy    = 0.593pJ per mat
    |--- Predecoder Dynamic Energy = 0.147pJ
    |--- Subarray Dynamic Energy   = 0.446pJ per active subarray
       |--- Row Decoder Dynamic Energy = 0.029pJ
       |--- Mux Decoder Dynamic Energy = 0.070pJ
       |--- Senseamp Dynamic Energy    = 0.090pJ
       |--- Mux Dynamic Energy         = 0.006pJ
       |--- Precharge Dynamic Energy   = 0.106pJ
 - Write Dynamic Energy = 1.095pJ
 |--- H-Tree Dynamic Energy = 0.771pJ
 |--- Mat Dynamic Energy    = 0.324pJ per mat
    |--- Predecoder Dynamic Energy = 0.147pJ
    |--- Subarray Dynamic Energy   = 0.177pJ per active subarray
       |--- Row Decoder Dynamic Energy = 0.029pJ
       |--- Mux Decoder Dynamic Energy = 0.070pJ
       |--- Mux Dynamic Energy         = 0.006pJ
 - Leakage Power = 3.354uW
 |--- H-Tree Leakage Power = 0.000pW
 |--- Mat Leakage Power    = 419.282nW per mat

Finished!
