User-defined configuration file (/h/mrocke01/EECE0193/NVSim/cfg_files/SRAM_cache_16_1.cfg) is loaded

Memory Cell: SRAM
Cell Area (F^2)    : 146.000 (14.600Fx10.000F)
Cell Aspect Ratio  : 1.460
SRAM Cell Access Transistor Width: 1.310F
SRAM Cell NMOS Width: 2.080F
SRAM Cell PMOS Width: 1.230F

====================
DESIGN SPECIFICATION
====================
Design Target: Cache
Capacity   : 16KB
Cache Line Size: 64Bytes
Cache Associativity: 1 Ways

Searching for the best solution that is optimized for read energy-delay-product ...

=======================
CACHE DESIGN -- SUMMARY
=======================
Access Mode: Sequential
Area:
 - Total Area = 0.012mm^2
 |--- Data Array Area = 175.609um x 62.287um = 0.011mm^2
 |--- Tag Array Area  = 49.361um x 20.150um = 0.001mm^2
Timing:
 - Cache Hit Latency   = 0.998ns
 - Cache Miss Latency  = 0.362ns
 - Cache Write Latency = 0.636ns
Power:
 - Cache Hit Dynamic Energy   = 0.003nJ per access
 - Cache Miss Dynamic Energy  = 0.000nJ per access
 - Cache Write Dynamic Energy = 0.003nJ per access
 - Cache Total Leakage Power  = 0.002mW
 |--- Cache Data Array Leakage Power = 0.002mW
 |--- Cache Tag Array Leakage Power  = 0.000mW

CACHE DATA ARRAY
=============
CONFIGURATION
=============
Bank Organization: 1 x 1
 - Row Activation   : 1 / 1
 - Column Activation: 1 / 1
Mat Organization: 2 x 2
 - Row Activation   : 2 / 2
 - Column Activation: 2 / 2
 - Subarray Size    : 256 Rows x 128 Columns
Mux Level:
 - Senseamp Mux      : 1
 - Output Level-1 Mux: 1
 - Output Level-2 Mux: 1
 - One set is partitioned into 1 rows
Local Wire:
 - Wire Type : Local Aggressive
 - Repeater Type: No Repeaters
 - Low Swing : No
Global Wire:
 - Wire Type : Global Aggressive
 - Repeater Type: No Repeaters
 - Low Swing : No
Buffer Design Style: Latency-Optimized
=============
   RESULT
=============
Area:
 - Total Area = 175.609um x 62.287um = 10938.201um^2
 |--- Mat Area      = 175.609um x 62.287um = 10938.201um^2   (84.676%)
 |--- Subarray Area = 84.218um x 31.144um = 2622.855um^2   (88.282%)
 - Area Efficiency = 84.676%
Timing:
 -  Read Latency = 635.771ps
 |--- H-Tree Latency = 0.000ps
 |--- Mat Latency    = 635.771ps
    |--- Predecoder Latency = 190.658ps
    |--- Subarray Latency   = 445.113ps
       |--- Row Decoder Latency = 147.176ps
       |--- Bitline Latency     = 294.177ps
       |--- Senseamp Latency    = 3.759ps
       |--- Mux Latency         = 0.000ps
       |--- Precharge Latency   = 709.133ps
 - Write Latency = 635.771ps
 |--- H-Tree Latency = 0.000ps
 |--- Mat Latency    = 635.771ps
    |--- Predecoder Latency = 190.658ps
    |--- Subarray Latency   = 445.113ps
       |--- Row Decoder Latency = 147.176ps
       |--- Charge Latency      = 61.179ps
 - Read Bandwidth  = 63.551GB/s
 - Write Bandwidth = 143.784GB/s
Power:
 -  Read Dynamic Energy = 2.867pJ
 |--- H-Tree Dynamic Energy = 0.000pJ
 |--- Mat Dynamic Energy    = 2.867pJ per mat
    |--- Predecoder Dynamic Energy = 0.059pJ
    |--- Subarray Dynamic Energy   = 0.702pJ per active subarray
       |--- Row Decoder Dynamic Energy = 0.016pJ
       |--- Mux Decoder Dynamic Energy = 0.036pJ
       |--- Senseamp Dynamic Energy    = 0.044pJ
       |--- Mux Dynamic Energy         = 0.000pJ
       |--- Precharge Dynamic Energy   = 0.054pJ
 - Write Dynamic Energy = 2.475pJ
 |--- H-Tree Dynamic Energy = 0.000pJ
 |--- Mat Dynamic Energy    = 2.475pJ per mat
    |--- Predecoder Dynamic Energy = 0.059pJ
    |--- Subarray Dynamic Energy   = 0.604pJ per active subarray
       |--- Row Decoder Dynamic Energy = 0.016pJ
       |--- Mux Decoder Dynamic Energy = 0.036pJ
       |--- Mux Dynamic Energy         = 0.000pJ
 - Leakage Power = 1.571uW
 |--- H-Tree Leakage Power = 0.000pW
 |--- Mat Leakage Power    = 1.571uW per mat

CACHE TAG ARRAY
=============
CONFIGURATION
=============
Bank Organization: 1 x 1
 - Row Activation   : 1 / 1
 - Column Activation: 1 / 1
Mat Organization: 2 x 2
 - Row Activation   : 1 / 2
 - Column Activation: 1 / 2
 - Subarray Size    : 64 Rows x 36 Columns
Mux Level:
 - Senseamp Mux      : 1
 - Output Level-1 Mux: 1
 - Output Level-2 Mux: 1
 - One set is partitioned into 1 rows
Local Wire:
 - Wire Type : Local Aggressive
 - Repeater Type: No Repeaters
 - Low Swing : No
Global Wire:
 - Wire Type : Global Aggressive
 - Repeater Type: No Repeaters
 - Low Swing : No
Buffer Design Style: Latency-Optimized
=============
   RESULT
=============
Area:
 - Total Area = 49.361um x 20.150um = 994.600um^2
 |--- Mat Area      = 49.361um x 20.150um = 994.600um^2   (65.477%)
 |--- Subarray Area = 22.548um x 10.075um = 227.164um^2   (71.670%)
 - Area Efficiency = 65.477%
Timing:
 -  Read Latency = 362.457ps
 |--- H-Tree Latency = 0.000ps
 |--- Mat Latency    = 362.457ps
    |--- Predecoder Latency = 111.620ps
    |--- Subarray Latency   = 189.129ps
       |--- Row Decoder Latency = 103.791ps
       |--- Bitline Latency     = 81.579ps
       |--- Senseamp Latency    = 3.759ps
       |--- Mux Latency         = 0.000ps
       |--- Precharge Latency   = 172.488ps
    |--- Comparator Latency  = 61.708ps
 - Write Latency = 300.749ps
 |--- H-Tree Latency = 0.000ps
 |--- Mat Latency    = 300.749ps
    |--- Predecoder Latency = 111.620ps
    |--- Subarray Latency   = 189.129ps
       |--- Row Decoder Latency = 103.791ps
       |--- Charge Latency      = 3.824ps
 - Read Bandwidth  = 17.454GB/s
 - Write Bandwidth = 23.793GB/s
Power:
 -  Read Dynamic Energy = 0.126pJ
 |--- H-Tree Dynamic Energy = 0.000pJ
 |--- Mat Dynamic Energy    = 0.126pJ per mat
    |--- Predecoder Dynamic Energy = 0.047pJ
    |--- Subarray Dynamic Energy   = 0.080pJ per active subarray
       |--- Row Decoder Dynamic Energy = 0.005pJ
       |--- Mux Decoder Dynamic Energy = 0.007pJ
       |--- Senseamp Dynamic Energy    = 0.012pJ
       |--- Mux Dynamic Energy         = 0.000pJ
       |--- Precharge Dynamic Energy   = 0.016pJ
 - Write Dynamic Energy = 0.098pJ
 |--- H-Tree Dynamic Energy = 0.000pJ
 |--- Mat Dynamic Energy    = 0.098pJ per mat
    |--- Predecoder Dynamic Energy = 0.047pJ
    |--- Subarray Dynamic Energy   = 0.051pJ per active subarray
       |--- Row Decoder Dynamic Energy = 0.005pJ
       |--- Mux Decoder Dynamic Energy = 0.007pJ
       |--- Mux Dynamic Energy         = 0.000pJ
 - Leakage Power = 130.731nW
 |--- H-Tree Leakage Power = 0.000pW
 |--- Mat Leakage Power    = 130.731nW per mat

Finished!
