User-defined configuration file (/Users/sudo/CodeProjects/Tufts/EECE0193/Final_Project/EXPERIMENTS/Input/Destiny/iso_capacity/Area/PCRAM/16KB/16KB.cfg) is loaded

====================
DESIGN SPECIFICATION
====================
Design Target: Random Access Memory
Capacity   : 16KB
Data Width : 128Bits (16Bytes)

Searching for the best solution that is optimized for area ...
Using cell file: ./cell_defs/PCRAM.cell
numSolutions = 4164 / numDesigns = 218700

=============
   SUMMARY   
=============
Optimized for: Area
Memory Cell: PCRAM (Phase-Change)
Cell Area (F^2)    : 9 (3Fx3F)
Cell Aspect Ratio  : 1
Cell Turned-On Resistance : 1Kohm
Cell Turned-Off Resistance: 1Mohm
Read Mode: Voltage-Sensing
  - Read Current: 40uA
Reset Mode: Current
  - Reset Current: 300uA
  - Reset Pulse: 40ns
Set Mode: Current
  - Set Current: 150uA
  - Set Pulse: 150ns
Access Type: CMOS

=============
CONFIGURATION
=============
Bank Organization: 128 x 32
 - Row Activation   : 1 / 128
 - Column Activation: 32 / 32
Mat Organization: 2 x 2
 - Row Activation   : 2 / 2
 - Column Activation: 2 / 2
 - Subarray Size    : 1 Rows x 8 Columns
Mux Level:
 - Senseamp Mux      : 8
 - Output Level-1 Mux: 1
 - Output Level-2 Mux: 1
Local Wire:
 - Wire Type : Local Aggressive
 - Repeater Type: No Repeaters
 - Low Swing : No
Global Wire:
 - Wire Type : Global Aggressive
 - Repeater Type: No Repeaters
 - Low Swing : No
Buffer Design Style: Latency-Optimized
=============
   RESULT
=============
Area:
 - Total Area = 617.204um x 79.7963um = 49250.6um^2
 |--- Mat Area      = 4.82191um x 2.49363um = 12.0241um^2   (1.15927%)
 |--- Subarray Area = 1.90634um x 1.24682um = 2.37685um^2   (1.46614%)
 - Area Efficiency = 1.15927%
Timing:
 -  Read Latency = 161.751ps
 |--- H-Tree Latency = 46.4095ps
 |--- Mat Latency    = 115.341ps
    |--- Predecoder Latency = 21.944ps
    |--- Subarray Latency   = 93.3975ps
       |--- Row Decoder Latency = 14.5962ps
       |--- Bitline Latency     = 18.3412ps,0.92425ps,18.3412ps
       |--- Senseamp Latency    = 3.9879ps
       |--- Mux Latency         = 9.24174ps
       |--- Precharge Latency   = 6.97046ps
       |--- Read Pulse   = 0ps
 - Write Total Latency = 150.107ns
 - RESET Latency = 40.1073ns
 |--- H-Tree Latency = 23.2047ps
 |--- Mat Latency    = 40.0841ns
    |--- Predecoder Latency = 21.944ps
    |--- Subarray Latency   = 40.0621ns
       |--- RESET Pulse Duration = 40ns
       |--- Row Decoder Latency  = 14.5962ps
       |--- Charge Latency   = 0.322876ps
 - SET Latency   = 150.107ns
 |--- H-Tree Latency = 23.2047ps
 |--- Mat Latency    = 150.084ns
    |--- Predecoder Latency = 21.944ps
    |--- Subarray Latency   = 150.062ns
       |--- SET Pulse Duration   = 150ns
       |--- Row Decoder Latency  = 14.5962ps
       |--- Charger Latency      = 0.322876ps
 - Read Bandwidth  = 186.542GB/s
 - Write Bandwidth = 106.622MB/s
Power:
 -  Read Dynamic Energy = 251.548pJ
 |--- H-Tree Dynamic Energy = 10.0511pJ
 |--- Mat Dynamic Energy    = 7.54678pJ per mat
    |--- Predecoder Dynamic Energy = 0.000235869pJ
    |--- Subarray Dynamic Energy   = 1.88664pJ per active subarray
       |--- Row Decoder Dynamic Energy = 0.000414424pJ
       |--- Mux Decoder Dynamic Energy = 0.0137107pJ
       |--- Bitline & Cell Read Energy = 0.000255226pJ
       |--- Senseamp Dynamic Energy    = 0.000363496pJ
       |--- Mux Dynamic Energy         = 0.00109491pJ
       |--- Precharge Dynamic Energy   = 0.00285844pJ
 - Write Dynamic Energy = 11.5322nJ
 - RESET Dynamic Energy = 6.15615nJ
 |--- H-Tree Dynamic Energy = 10.0511pJ
 |--- Mat Dynamic Energy    = 192.066pJ per mat
    |--- Predecoder Dynamic Energy = 0.000235869pJ
    |--- Subarray Dynamic Energy   = 90.0168pJ per active subarray
       |--- Row Decoder Dynamic Energy = 0.000414424pJ
       |--- Mux Decoder Dynamic Energy = 0.0137107pJ
       |--- Mux Dynamic Energy         = 0.00109491pJ
       |--- Cell RESET Dynamic Energy  = 48.0015pJ  0pJ
       |--- Single Cell RESET Energy  = 9.6pJ  0pJ
 - SET Dynamic Energy = 11.5322nJ
 |--- H-Tree Dynamic Energy = 10.0511pJ
 |--- Mat Dynamic Energy    = 360.066pJ per mat
    |--- Predecoder Dynamic Energy = 0.000235869pJ
    |--- Subarray Dynamic Energy   = 90.0168pJ per active subarray
       |--- Row Decoder Dynamic Energy = 0.000414424pJ
       |--- Mux Decoder Dynamic Energy = 0.0137107pJ
       |--- Mux Dynamic Energy         = 0.00109491pJ
       |--- Cell SET Dynamic Energy    = 90.0015pJ  0pJ  90.0168pJ
       |--- Single Cell SET Energy  = 18pJ  0pJ
 - Leakage Power = 23.5999uW
 |--- H-Tree Leakage Power     = 0pW
 |--- Mat Leakage Power        = 5.7617nW per mat

Finished!
