User-defined configuration file (/Users/sudo/CodeProjects/Tufts/EECE0193/Final_Project/EXPERIMENTS/Input/NVSim/iso_area/ReadDynamicEnergy/SRAM/2048KB/2048KB.cfg) is loaded

Memory Cell: SRAM
Cell Area (F^2)    : 146.000 (14.600Fx10.000F)
Cell Aspect Ratio  : 1.460
SRAM Cell Access Transistor Width: 1.310F
SRAM Cell NMOS Width: 2.080F
SRAM Cell PMOS Width: 1.230F

====================
DESIGN SPECIFICATION
====================
Design Target: Random Access Memory
Capacity   : 2MB
Data Width : 128Bits (16Bytes)

Searching for the best solution that is optimized for read energy ...

=============
CONFIGURATION
=============
Bank Organization: 128 x 1
 - Row Activation   : 1 / 128
 - Column Activation: 1 / 1
Mat Organization: 2 x 2
 - Row Activation   : 2 / 2
 - Column Activation: 2 / 2
 - Subarray Size    : 8 Rows x 4096 Columns
Mux Level:
 - Senseamp Mux      : 128
 - Output Level-1 Mux: 1
 - Output Level-2 Mux: 1
Local Wire:
 - Wire Type : Local Aggressive
 - Repeater Type: No Repeaters
 - Low Swing : No
Global Wire:
 - Wire Type : Global Aggressive
 - Repeater Type: No Repeaters
 - Low Swing : No
Buffer Design Style: Latency-Optimized
=============
   RESULT
=============
Area:
 - Total Area = 958.734um x 1.816mm = 1.741mm^2
 |--- Mat Area      = 7.490um x 1.816mm = 13603.235um^2   (68.087%)
 |--- Subarray Area = 3.745um x 905.927um = 3392.744um^2   (68.249%)
 - Area Efficiency = 68.087%
Timing:
 -  Read Latency = 15.513ns
 |--- H-Tree Latency = 104.969ps
 |--- Mat Latency    = 15.408ns
    |--- Predecoder Latency = 310.636ps
    |--- Subarray Latency   = 15.097ns
       |--- Row Decoder Latency = 13.331ns
       |--- Bitline Latency     = 1.480ns
       |--- Senseamp Latency    = 3.988ps
       |--- Mux Latency         = 281.756ps
       |--- Precharge Latency   = 39.793ps
 - Write Latency = 15.460ns
 |--- H-Tree Latency = 52.485ps
 |--- Mat Latency    = 15.408ns
    |--- Predecoder Latency = 310.636ps
    |--- Subarray Latency   = 15.097ns
       |--- Row Decoder Latency = 13.331ns
       |--- Charge Latency      = 7.427ps
 - Read Bandwidth  = 8.860GB/s
 - Write Bandwidth = 1.060GB/s
Power:
 -  Read Dynamic Energy = 26.666pJ
 |--- H-Tree Dynamic Energy = 12.823pJ
 |--- Mat Dynamic Energy    = 13.843pJ per mat
    |--- Predecoder Dynamic Energy = 0.175pJ
    |--- Subarray Dynamic Energy   = 3.417pJ per active subarray
       |--- Row Decoder Dynamic Energy = 0.340pJ
       |--- Mux Decoder Dynamic Energy = 0.804pJ
       |--- Senseamp Dynamic Energy    = 0.012pJ
       |--- Mux Dynamic Energy         = 0.096pJ
       |--- Precharge Dynamic Energy   = 1.542pJ
 - Write Dynamic Energy = 17.978pJ
 |--- H-Tree Dynamic Energy = 12.823pJ
 |--- Mat Dynamic Energy    = 5.156pJ per mat
    |--- Predecoder Dynamic Energy = 0.175pJ
    |--- Subarray Dynamic Energy   = 1.245pJ per active subarray
       |--- Row Decoder Dynamic Energy = 0.340pJ
       |--- Mux Decoder Dynamic Energy = 0.804pJ
       |--- Mux Dynamic Energy         = 0.096pJ
 - Leakage Power = 236.414uW
 |--- H-Tree Leakage Power = 0.000pW
 |--- Mat Leakage Power    = 1.847uW per mat

Finished!
