User-defined configuration file (/Users/sudo/CodeProjects/Tufts/EECE0193/Final_Project/EXPERIMENTS/Input/Destiny/iso_capacity/WriteDynamicEnergy/SRAM/4096KB/4096KB.cfg) is loaded

====================
DESIGN SPECIFICATION
====================
Design Target: Random Access Memory
Capacity   : 4MB
Data Width : 128Bits (16Bytes)

Searching for the best solution that is optimized for write energy ...
Using cell file: ./cell_defs/SRAM.cell
numSolutions = 30098 / numDesigns = 218700

=============
   SUMMARY   
=============
Optimized for: Write Energy
Memory Cell: SRAM
Cell Area (F^2)    : 146 (14.6Fx10F)
Cell Aspect Ratio  : 1.46
SRAM Cell Access Transistor Width: 1.31F
SRAM Cell NMOS Width: 2.08F
SRAM Cell PMOS Width: 1.23F

=============
CONFIGURATION
=============
Bank Organization: 512 x 32 x 16
 - Row Activation   : 1 / 512 x 1
 - Column Activation: 32 / 32 x 1
Mat Organization: 2 x 2
 - Row Activation   : 2 / 2
 - Column Activation: 2 / 2
 - Subarray Size    : 2 Rows x 16 Columns
Mux Level:
 - Senseamp Mux      : 16
 - Output Level-1 Mux: 1
 - Output Level-2 Mux: 1
Local Wire:
 - Wire Type : Local Aggressive
 - Repeater Type: No Repeaters
 - Low Swing : No
Global Wire:
 - Wire Type : Global Aggressive
 - Repeater Type: No Repeaters
 - Low Swing : No
Buffer Design Style: Latency-Optimized
=============
   RESULT
=============
Area:
 - Total Area = 1.61155mm x 277.066um = 481254um^2
 |--- Mat Area      = 3.14756um x 8.6583um = 27.2525um^2   (531.034%)
 |--- Subarray Area = 1.57378um x 3.861um = 6.07635um^2   (595.422%)
 |--- TSV Area      = 81um^2
 - Area Efficiency = 492.69%
Timing:
 -  Read Latency = 511.482ps
 |--- TSV Latency    = 0.171162ps
 |--- H-Tree Latency = 331.639ps
 |--- Mat Latency    = 179.672ps
    |--- Predecoder Latency = 22.4424ps
    |--- Subarray Latency   = 157.229ps
       |--- Row Decoder Latency = 34.7452ps
       |--- Bitline Latency     = 38.3724ps,3.08888e+10s,6.05082e+10s
       |--- Senseamp Latency    = 3.9879ps
       |--- Mux Latency         = 48.4298ps
       |--- Precharge Latency   = 12.868ps
       |--- Read Pulse   = 0ps
 - Write Latency = 345.577ps
 |--- TSV Latency    = 0.0855811ps
 |--- H-Tree Latency = 165.82ps
 |--- Mat Latency    = 179.672ps
    |--- Predecoder Latency = 22.4424ps
    |--- Subarray Latency   = 157.229ps
       |--- Row Decoder Latency = 34.7452ps
       |--- Charge Latency      = 2.31631ps
 - Read Bandwidth  = 118.21GB/s
 - Write Bandwidth = 101.762GB/s
Power:
 -  Read Dynamic Energy = 269.835pJ
 |--- TSV Dynamic Energy    = 239.195pJ
 |--- H-Tree Dynamic Energy = 28.9349pJ
 |--- Mat Dynamic Energy    = 0.0532882pJ per mat
    |--- Predecoder Dynamic Energy = 0.00184728pJ
    |--- Subarray Dynamic Energy   = 0.0128602pJ per active subarray
       |--- Row Decoder Dynamic Energy = 0.00139783pJ
       |--- Mux Decoder Dynamic Energy = 0.00366979pJ
       |--- Senseamp Dynamic Energy    = 0.000363496pJ
       |--- Mux Dynamic Energy         = 0.00051639pJ
       |--- Precharge Dynamic Energy   = 0.00609574pJ
 - Write Dynamic Energy = 268.91pJ
 |--- TSV Dynamic Energy    = 239.195pJ
 |--- H-Tree Dynamic Energy = 28.9349pJ
 |--- Mat Dynamic Energy    = 0.0243876pJ per mat
    |--- Predecoder Dynamic Energy = 0.00184728pJ
    |--- Subarray Dynamic Energy   = 0.00563507pJ per active subarray
       |--- Row Decoder Dynamic Energy = 0.00139783pJ
       |--- Mux Decoder Dynamic Energy = 0.00366979pJ
       |--- Mux Dynamic Energy         = 0.00051639pJ
 - Leakage Power = 1.17673mW
 |--- TSV Leakage              = 0pW
 |--- H-Tree Leakage Power     = 0pW
 |--- Mat Leakage Power        = 4.48886nW per mat

Finished!
