User-defined configuration file (/Users/sudo/CodeProjects/Tufts/EECE0193/Final_Project/EXPERIMENTS/Input/Destiny/iso_capacity/ReadDynamicEnergy/RRAM/1024KB/1024KB.cfg) is loaded

====================
DESIGN SPECIFICATION
====================
Design Target: Random Access Memory
Capacity   : 1MB
Data Width : 128Bits (16Bytes)

Searching for the best solution that is optimized for read energy ...
Using cell file: ./cell_defs/RRAM.cell
numSolutions = 10032 / numDesigns = 218700

=============
   SUMMARY   
=============
Optimized for: Read Energy
Memory Cell: RRAM (Memristor)
Cell Area (F^2)    : 4 (2Fx2F)
Cell Aspect Ratio  : 1
Cell Turned-On Resistance : 1Mohm
Cell Turned-Off Resistance: 10Mohm
Read Mode: Current-Sensing
  - Read Voltage: 0.4V
Reset Mode: Voltage
  - Reset Voltage: 2V
  - Reset Pulse: 10ns
Set Mode: Voltage
  - Set Voltage: 2V
  - Set Pulse: 10ns
Access Type: None Access Device

=============
CONFIGURATION
=============
Bank Organization: 256 x 16 x 2
 - Row Activation   : 1 / 256 x 1
 - Column Activation: 16 / 16 x 1
Mat Organization: 2 x 2
 - Row Activation   : 2 / 2
 - Column Activation: 2 / 2
 - Subarray Size    : 1 Rows x 256 Columns
Mux Level:
 - Senseamp Mux      : 128
 - Output Level-1 Mux: 1
 - Output Level-2 Mux: 1
Local Wire:
 - Wire Type : Local Aggressive
 - Repeater Type: No Repeaters
 - Low Swing : No
Global Wire:
 - Wire Type : Global Aggressive
 - Repeater Type: No Repeaters
 - Low Swing : No
Buffer Design Style: Latency-Optimized
=============
   RESULT
=============
Area:
 - Total Area = 2.84372mm x 1.1358mm = 3.26303mm^2
 |--- Mat Area      = 11.1083um x 70.9875um = 788.549um^2   (0.502813%)
 |--- Subarray Area = 5.55414um x 34.496um = 191.596um^2   (0.517356%)
 |--- TSV Area      = 81um^2
 - Area Efficiency = 0.497708%
Timing:
 -  Read Latency = 3.43229ns
 |--- TSV Latency    = 0.0114108ps
 |--- H-Tree Latency = 1.51058ns
 |--- Mat Latency    = 1.9217ns
    |--- Predecoder Latency = 66.1495ps
    |--- Subarray Latency   = 1.85555ns
       |--- Row Decoder Latency = 103.845ps
       |--- Bitline Latency     = 0.000136593ps,1.47013e+10s,9.76261e+09s
       |--- Senseamp Latency    = 1.45399ns
       |--- Mux Latency         = 281.756ps
       |--- Precharge Latency   = 10.0009ps
       |--- Read Pulse   = 0ps
 - Write Latency = 20.9428ns
 |--- TSV Latency    = 0.00570541ps
 |--- H-Tree Latency = 755.288ps
 |--- Mat Latency    = 20.1875ns
    |--- Predecoder Latency = 66.1495ps
    |--- Subarray Latency   = 20.1213ns
       |--- Row Decoder Latency = 103.845ps
       |--- Charge Latency      = 1.52774ps
 - Read Bandwidth  = 9.08209GB/s
 - Write Bandwidth = 795.176MB/s
Power:
 -  Read Dynamic Energy = 112.362pJ
 |--- TSV Dynamic Energy    = 14.6006pJ
 |--- H-Tree Dynamic Energy = 67.9627pJ
 |--- Mat Dynamic Energy    = 1.86239pJ per mat
    |--- Predecoder Dynamic Energy = 0.0011613pJ
    |--- Subarray Dynamic Energy   = 0.465307pJ per active subarray
       |--- Row Decoder Dynamic Energy = 0.0255691pJ
       |--- Mux Decoder Dynamic Energy = 0.036688pJ
       |--- Bitline & Cell Read Energy = 0.000930552pJ
       |--- Senseamp Dynamic Energy    = 0.300727pJ
       |--- Mux Dynamic Energy         = 0.00600853pJ
       |--- Precharge Dynamic Energy   = 0.0953826pJ
 - Write Dynamic Energy = 472.08pJ
 |--- TSV Dynamic Energy    = 14.6006pJ
 |--- H-Tree Dynamic Energy = 67.9627pJ
 |--- Mat Dynamic Energy    = 24.3448pJ per mat
    |--- Predecoder Dynamic Energy = 0.0011613pJ
    |--- Subarray Dynamic Energy   = 6.0859pJ per active subarray
       |--- Row Decoder Dynamic Energy = 0.0255691pJ
       |--- Mux Decoder Dynamic Energy = 0.036688pJ
       |--- Mux Dynamic Energy         = 0.00600853pJ
 - Leakage Power = 11.143mW
 |--- TSV Leakage              = 0pW
 |--- H-Tree Leakage Power     = 0pW
 |--- Mat Leakage Power        = 1.36023uW per mat

Finished!
