User-defined configuration file (/Users/sudo/CodeProjects/Tufts/EECE0193/Final_Project/EXPERIMENTS/Input/Destiny/ReadDynamicEnergy/PCRAM/512KB/512KB.cfg) is loaded

====================
DESIGN SPECIFICATION
====================
Design Target: Random Access Memory
Capacity   : 512KB
Data Width : 128Bits (16Bytes)

Searching for the best solution that is optimized for read energy ...
Using cell file: ./cell_defs/PCRAM.cell
numSolutions = 15998 / numDesigns = 218700

=============
   SUMMARY   
=============
Optimized for: Read Energy
Memory Cell: PCRAM (Phase-Change)
Cell Area (F^2)    : 9 (3Fx3F)
Cell Aspect Ratio  : 1
Cell Turned-On Resistance : 1Kohm
Cell Turned-Off Resistance: 1Mohm
Read Mode: Voltage-Sensing
  - Read Current: 40uA
Reset Mode: Current
  - Reset Current: 300uA
  - Reset Pulse: 40ns
Set Mode: Current
  - Set Current: 150uA
  - Set Pulse: 150ns
Access Type: CMOS

=============
CONFIGURATION
=============
Bank Organization: 128 x 32 x 16
 - Row Activation   : 1 / 128 x 1
 - Column Activation: 32 / 32 x 1
Mat Organization: 2 x 2
 - Row Activation   : 2 / 2
 - Column Activation: 2 / 2
 - Subarray Size    : 2 Rows x 8 Columns
Mux Level:
 - Senseamp Mux      : 8
 - Output Level-1 Mux: 1
 - Output Level-2 Mux: 1
Local Wire:
 - Wire Type : Local Aggressive
 - Repeater Type: No Repeaters
 - Low Swing : No
Global Wire:
 - Wire Type : Global Aggressive
 - Repeater Type: No Repeaters
 - Low Swing : No
Buffer Design Style: Latency-Optimized
=============
   RESULT
=============
Area:
 - Total Area = 641.048um x 79.7963um = 85497.3um^2
 |--- Mat Area      = 5.00819um x 2.49363um = 12.4886um^2   (35.717%)
 |--- Subarray Area = 1.97234um x 1.24682um = 2.45914um^2   (45.3465%)
 |--- TSV Area      = 81um^2
 - Area Efficiency = 21.3696%
Timing:
 -  Read Latency = 175.449ps
 |--- TSV Latency    = 0.171162ps
 |--- H-Tree Latency = 49.8357ps
 |--- Mat Latency    = 125.442ps
    |--- Predecoder Latency = 21.944ps
    |--- Subarray Latency   = 103.498ps
       |--- Row Decoder Latency = 21.4943ps
       |--- Bitline Latency     = 18.4927ps,0.931967ps,18.4927ps
       |--- Senseamp Latency    = 3.9879ps
       |--- Mux Latency         = 9.24174ps
       |--- Precharge Latency   = 8.36384ps
       |--- Read Pulse   = 0ps
 - Write Total Latency = 150.119ns
 - RESET Latency = 40.1191ns
 |--- TSV Latency    = 0.0855811ps
 |--- H-Tree Latency = 24.9178ps
 |--- Mat Latency    = 40.0941ns
    |--- Predecoder Latency = 21.944ps
    |--- Subarray Latency   = 40.0721ns
       |--- RESET Pulse Duration = 40ns
       |--- Row Decoder Latency  = 21.4943ps
       |--- Charge Latency   = 0.348924ps
 - SET Latency   = 150.119ns
 |--- TSV Latency    = 0.0855811ps
 |--- H-Tree Latency = 24.9178ps
 |--- Mat Latency    = 150.094ns
    |--- Predecoder Latency = 21.944ps
    |--- Subarray Latency   = 150.072ns
       |--- SET Pulse Duration   = 150ns
       |--- Row Decoder Latency  = 21.4943ps
       |--- Charger Latency      = 0.348924ps
 - Read Bandwidth  = 177.055GB/s
 - Write Bandwidth = 106.615MB/s
Power:
 -  Read Dynamic Energy = 503.923pJ
 |--- TSV Dynamic Energy    = 234.148pJ
 |--- H-Tree Dynamic Energy = 10.4787pJ
 |--- Mat Dynamic Energy    = 8.10298pJ per mat
    |--- Predecoder Dynamic Energy = 0.00118538pJ
    |--- Subarray Dynamic Energy   = 2.02545pJ per active subarray
       |--- Row Decoder Dynamic Energy = 0.000414424pJ
       |--- Mux Decoder Dynamic Energy = 0.0137107pJ
       |--- Bitline & Cell Read Energy = 0.000255226pJ
       |--- Senseamp Dynamic Energy    = 0.000363496pJ
       |--- Mux Dynamic Energy         = 0.00109491pJ
       |--- Precharge Dynamic Energy   = 0.00285844pJ
 - Write Dynamic Energy = 11.7668nJ
 - RESET Dynamic Energy = 6.39077nJ
 |--- TSV Dynamic Energy    = 234.148pJ
 |--- H-Tree Dynamic Energy = 10.4787pJ
 |--- Mat Dynamic Energy    = 192.067pJ per mat
    |--- Predecoder Dynamic Energy = 0.00118538pJ
    |--- Subarray Dynamic Energy   = 90.0169pJ per active subarray
       |--- Row Decoder Dynamic Energy = 0.000414424pJ
       |--- Mux Decoder Dynamic Energy = 0.0137107pJ
       |--- Mux Dynamic Energy         = 0.00109491pJ
       |--- Cell RESET Dynamic Energy  = 48.0017pJ  0pJ
       |--- Single Cell RESET Energy  = 9.6pJ  0pJ
 - SET Dynamic Energy = 11.7668nJ
 |--- H-Tree Dynamic Energy = 10.4787pJ
 |--- Mat Dynamic Energy    = 360.067pJ per mat
    |--- Predecoder Dynamic Energy = 0.00118538pJ
    |--- Subarray Dynamic Energy   = 90.0169pJ per active subarray
       |--- Row Decoder Dynamic Energy = 0.000414424pJ
       |--- Mux Decoder Dynamic Energy = 0.0137107pJ
       |--- Mux Dynamic Energy         = 0.00109491pJ
       |--- Cell SET Dynamic Energy    = 90.0017pJ  0pJ  90.0169pJ
       |--- Single Cell SET Energy  = 18pJ  0pJ
 - Leakage Power = 382.817uW
 |--- TSV Leakage              = 0pW
 |--- H-Tree Leakage Power     = 0pW
 |--- Mat Leakage Power        = 5.84132nW per mat

Finished!
