User-defined configuration file (/Users/sudo/CodeProjects/Tufts/EECE0193/Final_Project/EXPERIMENTS/Input/Destiny/iso_capacity/ReadDynamicEnergy/STTRAM/64KB/64KB.cfg) is loaded

====================
DESIGN SPECIFICATION
====================
Design Target: Random Access Memory
Capacity   : 64KB
Data Width : 128Bits (16Bytes)

Searching for the best solution that is optimized for read energy ...
Using cell file: ./cell_defs/STTRAM.cell
numSolutions = 14103 / numDesigns = 218700

=============
   SUMMARY   
=============
Optimized for: Read Energy
Memory Cell: MRAM (Magnetoresistive)
Cell Area (F^2)    : 54 (5.4Fx10F)
Cell Aspect Ratio  : 0.54
Cell Turned-On Resistance : 3Kohm
Cell Turned-Off Resistance: 6Kohm
Read Mode: Current-Sensing
  - Read Voltage: 0.25V
Reset Mode: Current
  - Reset Current: 80uA
  - Reset Pulse: 10ns
Set Mode: Current
  - Set Current: 80uA
  - Set Pulse: 10ns
Access Type: CMOS

=============
CONFIGURATION
=============
Bank Organization: 128 x 8
 - Row Activation   : 1 / 128
 - Column Activation: 8 / 8
Mat Organization: 2 x 2
 - Row Activation   : 2 / 2
 - Column Activation: 2 / 2
 - Subarray Size    : 1 Rows x 128 Columns
Mux Level:
 - Senseamp Mux      : 32
 - Output Level-1 Mux: 1
 - Output Level-2 Mux: 1
Local Wire:
 - Wire Type : Local Aggressive
 - Repeater Type: No Repeaters
 - Low Swing : No
Global Wire:
 - Wire Type : Global Aggressive
 - Repeater Type: No Repeaters
 - Low Swing : No
Buffer Design Style: Latency-Optimized
=============
   RESULT
=============
Area:
 - Total Area = 1.39318mm x 604.83um = 842637um^2
 |--- Mat Area      = 10.8842um x 75.6037um = 822.888um^2   (1.62618%)
 |--- Subarray Area = 5.44211um x 37.2126um = 202.515um^2   (1.65193%)
 - Area Efficiency = 1.62618%
Timing:
 -  Read Latency = 2.05067ns
 |--- H-Tree Latency = 386.162ps
 |--- Mat Latency    = 1.66451ns
    |--- Predecoder Latency = 21.944ps
    |--- Subarray Latency   = 1.64256ns
       |--- Row Decoder Latency = 124.11ps
       |--- Bitline Latency     = 0.000227574ps,4.28726e+10s,6.88055e+10s
       |--- Senseamp Latency    = 1.456ns
       |--- Mux Latency         = 32.8907ps
       |--- Precharge Latency   = 8.54873ps
       |--- Read Pulse   = 0ps
 - Write Total Latency = 10.369ns
 - RESET Latency = 10.369ns
 |--- H-Tree Latency = 193.081ps
 |--- Mat Latency    = 10.176ns
    |--- Predecoder Latency = 21.944ps
    |--- Subarray Latency   = 10.154ns
       |--- RESET Pulse Duration = 10ns
       |--- Row Decoder Latency  = 124.11ps
       |--- Charge Latency   = 0.347173ps
 - SET Latency   = 10.369ns
 |--- H-Tree Latency = 193.081ps
 |--- Mat Latency    = 10.176ns
    |--- Predecoder Latency = 21.944ps
    |--- Subarray Latency   = 10.154ns
       |--- SET Pulse Duration   = 10ns
       |--- Row Decoder Latency  = 124.11ps
       |--- Charger Latency      = 0.347173ps
 - Read Bandwidth  = 10.478GB/s
 - Write Bandwidth = 1.57573GB/s
Power:
 -  Read Dynamic Energy = 67.9006pJ
 |--- H-Tree Dynamic Energy = 32.2004pJ
 |--- Mat Dynamic Energy    = 4.46252pJ per mat
    |--- Predecoder Dynamic Energy = 0.000439014pJ
    |--- Subarray Dynamic Energy   = 1.11552pJ per active subarray
       |--- Row Decoder Dynamic Energy = 0.0287647pJ
       |--- Mux Decoder Dynamic Energy = 0.0661181pJ
       |--- Bitline & Cell Read Energy = 0.349441pJ
       |--- Senseamp Dynamic Energy    = 0.601454pJ
       |--- Mux Dynamic Energy         = 0.0155867pJ
       |--- Precharge Dynamic Energy   = 0.0541396pJ
 - Write Dynamic Energy = 163.784pJ
 - RESET Dynamic Energy = 162.864pJ
 |--- H-Tree Dynamic Energy = 32.2004pJ
 |--- Mat Dynamic Energy    = 16.3329pJ per mat
    |--- Predecoder Dynamic Energy = 0.000439014pJ
    |--- Subarray Dynamic Energy   = 4.11189pJ per active subarray
       |--- Row Decoder Dynamic Energy = 0.0287647pJ
       |--- Mux Decoder Dynamic Energy = 0.0661181pJ
       |--- Mux Dynamic Energy         = 0.0155867pJ
       |--- Cell RESET Dynamic Energy  = 4.00142pJ  0pJ
       |--- Single Cell RESET Energy  = 1pJ  0pJ
 - SET Dynamic Energy = 162.864pJ
 |--- H-Tree Dynamic Energy = 32.2004pJ
 |--- Mat Dynamic Energy    = 16.3329pJ per mat
    |--- Predecoder Dynamic Energy = 0.000439014pJ
    |--- Subarray Dynamic Energy   = 4.11189pJ per active subarray
       |--- Row Decoder Dynamic Energy = 0.0287647pJ
       |--- Mux Decoder Dynamic Energy = 0.0661181pJ
       |--- Mux Dynamic Energy         = 0.0155867pJ
       |--- Cell SET Dynamic Energy    = 4.00142pJ  0pJ  4.11189pJ
       |--- Single Cell SET Energy  = 1pJ  0pJ
 - Leakage Power = 2.52748mW
 |--- H-Tree Leakage Power     = 0pW
 |--- Mat Leakage Power        = 2.46824uW per mat

Finished!
