User-defined configuration file (./cfg_files/SRAM_cache.cfg) is loaded


numLevelsMemCell 4

cap input 131072 
cap after log 65536 
cap after rounding 65536


cap input beginning: 65536 bytes
Memory Cell: RRAM (Memristor)
Cell Area (F^2)    : 4.000 (2.000Fx2.000F)
Cell Aspect Ratio  : 1.000
Cell Turned-On Resistance : 1.000Mohm
Cell Turned-Off Resistance: 10.000Mohm
Read Mode: Current-Sensing
  - Read Voltage: 0.400V
Reset Mode: Voltage
  - Reset Voltage: 2.000V
  - Reset Pulse: 10.000ns
Set Mode: Voltage
  - Set Voltage: 2.000V
  - Set Pulse: 10.000ns
Access Type: None Access Device

[HW3] memristor flash model

[WARNING] Associativity setting is ignored for non-cache designs

====================
DESIGN SPECIFICATION
====================
Design Target: Random Access Memory
Capacity   : 64KB
Data Width : 512Bits (64Bytes)

Searching for the best solution that is optimized for read energy-delay-product ...

valid inputs

inputParameter->numLevelsMemCell == [2, 4]: 4
inputParameter->isMLC == [true, false]: true
inputParameter->fileMemCell == "[SRAM, RRAM]": ./cell_defs/RRAM.cell
cell->memCellType == [memristor (5)]: 5

continuing


=============
CONFIGURATION
=============
Bank Organization: 1 x 2
 - Row Activation   : 1 / 1
 - Column Activation: 2 / 2
Mat Organization: 2 x 2
 - Row Activation   : 2 / 2
 - Column Activation: 2 / 2
 - Subarray Size    : 512 Rows x 128 Columns
Mux Level:
 - Senseamp Mux      : 2
 - Output Level-1 Mux: 1
 - Output Level-2 Mux: 1
Local Wire:
 - Wire Type : Local Aggressive
 - Repeater Type: No Repeaters
 - Low Swing : No
Global Wire:
 - Wire Type : Global Aggressive
 - Repeater Type: No Repeaters
 - Low Swing : No
Buffer Design Style: Latency-Optimized
=============
   RESULT
=============
Area:
 - Total Area = 614.203um x 133.848um = 82209.859um^2
 |--- Mat Area      = 614.203um x 66.924um = 41104.930um^2   (1.235%)
 |--- Subarray Area = 302.049um x 33.462um = 10107.164um^2   (1.255%)
 - Area Efficiency = 1.235%
Timing:
 -  Read Latency = 2.070ns
 |--- H-Tree Latency = 6.138ps
 |--- Mat Latency    = 2.064ns
    |--- Predecoder Latency = 253.909ps
    |--- Subarray Latency   = 1.810ns
       |--- Row Decoder Latency = 149.247ps
       |--- Bitline Latency     = 35.803ps
       |--- Senseamp Latency    = 1.457ns
       |--- Mux Latency         = 4.521ps
       |--- Precharge Latency   = 1.409ns
 - Write Latency = 20.763ns
 |--- H-Tree Latency = 3.069ps
 |--- Mat Latency    = 20.760ns
    |--- Predecoder Latency = 253.909ps
    |--- Subarray Latency   = 20.506ns
       |--- Row Decoder Latency = 149.247ps
       |--- Charge Latency      = 96.881ps
 - Read Bandwidth  = 20.852GB/s
 - Write Bandwidth = 3.121GB/s
Power:
 -  Read Dynamic Energy = 88.484pJ
 |--- H-Tree Dynamic Energy = 6.584pJ
 |--- Mat Dynamic Energy    = 40.950pJ per mat
    |--- Predecoder Dynamic Energy = 0.145pJ
    |--- Subarray Dynamic Energy   = 10.201pJ per active subarray
       |--- Row Decoder Dynamic Energy = 0.017pJ
       |--- Mux Decoder Dynamic Energy = 0.443pJ
       |--- Bitline & Cell Read Energy = 0.030pJ
       |--- Senseamp Dynamic Energy    = 9.639pJ
       |--- Mux Dynamic Energy         = 0.023pJ
       |--- Precharge Dynamic Energy   = 0.049pJ
 - Write Dynamic Energy = 436.441pJ
 |--- H-Tree Dynamic Energy = 6.584pJ
 |--- Mat Dynamic Energy    = 214.929pJ per mat
    |--- Predecoder Dynamic Energy = 0.145pJ
    |--- Subarray Dynamic Energy   = 53.696pJ per active subarray
       |--- Row Decoder Dynamic Energy = 0.017pJ
       |--- Mux Decoder Dynamic Energy = 0.443pJ
       |--- Mux Dynamic Energy         = 0.023pJ
 - Leakage Power = 78.805uW
 |--- H-Tree Leakage Power = 0.000pW
 |--- Mat Leakage Power    = 39.403uW per mat

Finished!
