User-defined configuration file (./cfg_files/SRAM_cache.cfg) is loaded


numLevelsMemCell 4

cap input 32768 
cap after log 16384 
cap after rounding 16384


cap input beginning: 16384 bytes
Memory Cell: RRAM (Memristor)
Cell Area (F^2)    : 4.000 (2.000Fx2.000F)
Cell Aspect Ratio  : 1.000
Cell Turned-On Resistance : 1.000Mohm
Cell Turned-Off Resistance: 10.000Mohm
Read Mode: Current-Sensing
  - Read Voltage: 0.400V
Reset Mode: Voltage
  - Reset Voltage: 2.000V
  - Reset Pulse: 10.000ns
Set Mode: Voltage
  - Set Voltage: 2.000V
  - Set Pulse: 10.000ns
Access Type: None Access Device

[HW3] memristor flash model

[WARNING] Associativity setting is ignored for non-cache designs

====================
DESIGN SPECIFICATION
====================
Design Target: Random Access Memory
Capacity   : 16KB
Data Width : 512Bits (64Bytes)

Searching for the best solution that is optimized for read energy-delay-product ...

valid inputs

inputParameter->numLevelsMemCell == [2, 4]: 4
inputParameter->isMLC == [true, false]: true
inputParameter->fileMemCell == "[SRAM, RRAM]": ./cell_defs/RRAM.cell
cell->memCellType == [memristor (5)]: 5

continuing


=============
CONFIGURATION
=============
Bank Organization: 1 x 2
 - Row Activation   : 1 / 1
 - Column Activation: 2 / 2
Mat Organization: 2 x 2
 - Row Activation   : 2 / 2
 - Column Activation: 2 / 2
 - Subarray Size    : 128 Rows x 128 Columns
Mux Level:
 - Senseamp Mux      : 2
 - Output Level-1 Mux: 1
 - Output Level-2 Mux: 1
Local Wire:
 - Wire Type : Local Aggressive
 - Repeater Type: No Repeaters
 - Low Swing : No
Global Wire:
 - Wire Type : Global Aggressive
 - Repeater Type: No Repeaters
 - Low Swing : No
Buffer Design Style: Latency-Optimized
=============
   RESULT
=============
Area:
 - Total Area = 576.251um x 133.848um = 77130.064um^2
 |--- Mat Area      = 576.251um x 66.924um = 38565.032um^2   (0.329%)
 |--- Subarray Area = 284.667um x 33.462um = 9525.522um^2   (0.333%)
 - Area Efficiency = 0.329%
Timing:
 -  Read Latency = 1.877ns
 |--- H-Tree Latency = 6.138ps
 |--- Mat Latency    = 1.871ns
    |--- Predecoder Latency = 235.815ps
    |--- Subarray Latency   = 1.635ns
       |--- Row Decoder Latency = 148.469ps
       |--- Bitline Latency     = 2.238ps
       |--- Senseamp Latency    = 1.457ns
       |--- Mux Latency         = 16.405ps
       |--- Precharge Latency   = 352.746ps
 - Write Latency = 20.520ns
 |--- H-Tree Latency = 3.069ps
 |--- Mat Latency    = 20.517ns
    |--- Predecoder Latency = 235.815ps
    |--- Subarray Latency   = 20.281ns
       |--- Row Decoder Latency = 148.469ps
       |--- Charge Latency      = 60.677ps
 - Read Bandwidth  = 34.796GB/s
 - Write Bandwidth = 3.156GB/s
Power:
 -  Read Dynamic Energy = 85.957pJ
 |--- H-Tree Dynamic Energy = 6.558pJ
 |--- Mat Dynamic Energy    = 39.699pJ per mat
    |--- Predecoder Dynamic Energy = 0.137pJ
    |--- Subarray Dynamic Energy   = 9.891pJ per active subarray
       |--- Row Decoder Dynamic Energy = 0.017pJ
       |--- Mux Decoder Dynamic Energy = 0.134pJ
       |--- Bitline & Cell Read Energy = 0.030pJ
       |--- Senseamp Dynamic Energy    = 9.639pJ
       |--- Mux Dynamic Energy         = 0.022pJ
       |--- Precharge Dynamic Energy   = 0.049pJ
 - Write Dynamic Energy = 345.513pJ
 |--- H-Tree Dynamic Energy = 6.558pJ
 |--- Mat Dynamic Energy    = 169.477pJ per mat
    |--- Predecoder Dynamic Energy = 0.137pJ
    |--- Subarray Dynamic Energy   = 42.335pJ per active subarray
       |--- Row Decoder Dynamic Energy = 0.017pJ
       |--- Mux Decoder Dynamic Energy = 0.134pJ
       |--- Mux Dynamic Energy         = 0.022pJ
 - Leakage Power = 77.344uW
 |--- H-Tree Leakage Power = 0.000pW
 |--- Mat Leakage Power    = 38.672uW per mat

Finished!
