User-defined configuration file (/Users/sudo/CodeProjects/Tufts/EECE0193/Final_Project/EXPERIMENTS/Input/NVSim/iso_capacity/ReadEDP/STTRAM/32KB/32KB.cfg) is loaded

Memory Cell: MRAM (Magnetoresistive)
Cell Area (F^2)    : 54.000 (5.400Fx10.000F)
Cell Aspect Ratio  : 0.540
Cell Turned-On Resistance : 3.000Kohm
Cell Turned-Off Resistance: 6.000Kohm
Read Mode: Current-Sensing
  - Read Voltage: 0.250V
Reset Mode: Current
  - Reset Current: 80.000uA
  - Reset Pulse: 10.000ns
Set Mode: Current
  - Set Current: 80.000uA
  - Set Pulse: 10.000ns
Access Type: CMOS
[WARNING] Associativity setting is ignored for non-cache designs

====================
DESIGN SPECIFICATION
====================
Design Target: Random Access Memory
Capacity   : 32KB
Data Width : 128Bits (16Bytes)

Searching for the best solution that is optimized for read energy-delay-product ...

=============
CONFIGURATION
=============
Bank Organization: 1 x 1
 - Row Activation   : 1 / 1
 - Column Activation: 1 / 1
Mat Organization: 2 x 2
 - Row Activation   : 2 / 2
 - Column Activation: 2 / 2
 - Subarray Size    : 512 Rows x 128 Columns
Mux Level:
 - Senseamp Mux      : 4
 - Output Level-1 Mux: 1
 - Output Level-2 Mux: 1
Local Wire:
 - Wire Type : Local Aggressive
 - Repeater Type: No Repeaters
 - Low Swing : No
Global Wire:
 - Wire Type : Global Aggressive
 - Repeater Type: No Repeaters
 - Low Swing : No
Buffer Design Style: Latency-Optimized
=============
   RESULT
=============
Area:
 - Total Area = 189.893um x 77.831um = 14779.559um^2
 |--- Mat Area      = 189.893um x 77.831um = 14779.559um^2   (46.357%)
 |--- Subarray Area = 90.476um x 38.916um = 3520.928um^2   (48.648%)
 - Area Efficiency = 46.357%
Timing:
 -  Read Latency = 1.903ns
 |--- H-Tree Latency = 0.000ps
 |--- Mat Latency    = 1.903ns
    |--- Predecoder Latency = 208.476ps
    |--- Subarray Latency   = 1.695ns
       |--- Row Decoder Latency = 181.876ps
       |--- Bitline Latency     = 51.586ps
       |--- Senseamp Latency    = 1.456ns
       |--- Mux Latency         = 5.300ps
       |--- Precharge Latency   = 910.964ps
 - Write Latency = 10.426ns
 |--- H-Tree Latency = 0.000ps
 |--- Mat Latency    = 10.426ns
    |--- Predecoder Latency = 208.476ps
    |--- Subarray Latency   = 10.218ns
       |--- Write Pulse Duration = 10.000ns
       |--- Row Decoder Latency = 181.876ps
       |--- Charge Latency      = 85.567ps
 - Read Bandwidth  = 6.601GB/s
 - Write Bandwidth = 1.566GB/s
Power:
 -  Read Dynamic Energy = 31.204pJ
 |--- H-Tree Dynamic Energy = 0.000pJ
 |--- Mat Dynamic Energy    = 31.204pJ per mat
    |--- Predecoder Dynamic Energy = 0.065pJ
    |--- Subarray Dynamic Energy   = 7.785pJ per active subarray
       |--- Row Decoder Dynamic Energy = 0.029pJ
       |--- Mux Decoder Dynamic Energy = 0.066pJ
       |--- Bitline & Cell Read Energy = 2.796pJ
       |--- Senseamp Dynamic Energy    = 4.812pJ
       |--- Mux Dynamic Energy         = 0.020pJ
       |--- Precharge Dynamic Energy   = 0.054pJ
 - Write Dynamic Energy = 131.473pJ
 |--- H-Tree Dynamic Energy = 0.000pJ
 |--- Mat Dynamic Energy    = 131.473pJ per mat
    |--- Predecoder Dynamic Energy = 0.065pJ
    |--- Subarray Dynamic Energy   = 32.852pJ per active subarray
       |--- Row Decoder Dynamic Energy = 0.029pJ
       |--- Mux Decoder Dynamic Energy = 0.066pJ
       |--- Mux Dynamic Energy         = 0.020pJ
       |--- Bitline & Cell Write Energy= 32.737pJ
 - Leakage Power = 20.267uW
 |--- H-Tree Leakage Power = 0.000pW
 |--- Mat Leakage Power    = 20.267uW per mat

Finished!
