User-defined configuration file (/Users/sudo/CodeProjects/Tufts/EECE0193/Final_Project/EXPERIMENTS/Input/Destiny/iso_area/WriteLatency/PCRAM/4096KB/4096KB.cfg) is loaded

====================
DESIGN SPECIFICATION
====================
Design Target: Random Access Memory
Capacity   : 4MB
Data Width : 128Bits (16Bytes)

Searching for the best solution that is optimized for write latency ...
Using cell file: ./cell_defs/PCRAM.cell
numSolutions = 28960 / numDesigns = 218700

=============
   SUMMARY   
=============
Optimized for: Write Latency
Memory Cell: PCRAM (Phase-Change)
Cell Area (F^2)    : 9 (3Fx3F)
Cell Aspect Ratio  : 1
Cell Turned-On Resistance : 1Kohm
Cell Turned-Off Resistance: 1Mohm
Read Mode: Voltage-Sensing
  - Read Current: 40uA
Reset Mode: Current
  - Reset Current: 300uA
  - Reset Pulse: 40ns
Set Mode: Current
  - Set Current: 150uA
  - Set Pulse: 150ns
Access Type: CMOS

=============
CONFIGURATION
=============
Bank Organization: 64 x 32 x 16
 - Row Activation   : 1 / 64 x 1
 - Column Activation: 32 / 32 x 1
Mat Organization: 2 x 2
 - Row Activation   : 2 / 2
 - Column Activation: 2 / 2
 - Subarray Size    : 32 Rows x 8 Columns
Mux Level:
 - Senseamp Mux      : 8
 - Output Level-1 Mux: 1
 - Output Level-2 Mux: 1
Local Wire:
 - Wire Type : Local Aggressive
 - Repeater Type: No Repeaters
 - Low Swing : No
Global Wire:
 - Wire Type : Global Aggressive
 - Repeater Type: No Repeaters
 - Low Swing : No
Buffer Design Style: Latency-Optimized
=============
   RESULT
=============
Area:
 - Total Area = 627.049um x 152.636um = 130459um^2
 |--- Mat Area      = 9.79763um x 4.76989um = 46.7336um^2   (152.714%)
 |--- Subarray Area = 3.95234um x 2.38494um = 9.4261um^2   (189.285%)
 |--- TSV Area      = 81um^2
 - Area Efficiency = 112.037%
Timing:
 -  Read Latency = 237.451ps
 |--- TSV Latency    = 0.171162ps
 |--- H-Tree Latency = 55.5268ps
 |--- Mat Latency    = 181.753ps
    |--- Predecoder Latency = 66.3229ps
    |--- Subarray Latency   = 115.43ps
       |--- Row Decoder Latency = 48.9786ps
       |--- Bitline Latency     = 23.0358ps,1.16382ps,23.0358ps
       |--- Senseamp Latency    = 3.9879ps
       |--- Mux Latency         = 9.24174ps
       |--- Precharge Latency   = 36.1839ps
       |--- Read Pulse   = 0ps
 - Write Total Latency = 150.175ns
 - RESET Latency = 40.1745ns
 |--- TSV Latency    = 0.0855811ps
 |--- H-Tree Latency = 27.7634ps
 |--- Mat Latency    = 40.1467ns
    |--- Predecoder Latency = 66.3229ps
    |--- Subarray Latency   = 40.0804ns
       |--- RESET Pulse Duration = 40ns
       |--- Row Decoder Latency  = 48.9786ps
       |--- Charge Latency   = 1.19118ps
 - SET Latency   = 150.175ns
 |--- TSV Latency    = 0.0855811ps
 |--- H-Tree Latency = 27.7634ps
 |--- Mat Latency    = 150.147ns
    |--- Predecoder Latency = 66.3229ps
    |--- Subarray Latency   = 150.08ns
       |--- SET Pulse Duration   = 150ns
       |--- Row Decoder Latency  = 48.9786ps
       |--- Charger Latency      = 1.19118ps
 - Read Bandwidth  = 155.891GB/s
 - Write Bandwidth = 106.61MB/s
Power:
 -  Read Dynamic Energy = 1.04457nJ
 |--- TSV Dynamic Energy    = 239.195pJ
 |--- H-Tree Dynamic Energy = 12.9397pJ
 |--- Mat Dynamic Energy    = 24.7637pJ per mat
    |--- Predecoder Dynamic Energy = 0.00350911pJ
    |--- Subarray Dynamic Energy   = 6.19006pJ per active subarray
       |--- Row Decoder Dynamic Energy = 0.000655541pJ
       |--- Mux Decoder Dynamic Energy = 0.0137107pJ
       |--- Bitline & Cell Read Energy = 0.000255226pJ
       |--- Senseamp Dynamic Energy    = 0.000363496pJ
       |--- Mux Dynamic Energy         = 0.00109491pJ
       |--- Precharge Dynamic Energy   = 0.00285844pJ
 - Write Dynamic Energy = 11.7749nJ
 - RESET Dynamic Energy = 6.39879nJ
 |--- TSV Dynamic Energy    = 239.195pJ
 |--- H-Tree Dynamic Energy = 12.9397pJ
 |--- Mat Dynamic Energy    = 192.083pJ per mat
    |--- Predecoder Dynamic Energy = 0.00350911pJ
    |--- Subarray Dynamic Energy   = 90.0206pJ per active subarray
       |--- Row Decoder Dynamic Energy = 0.000655541pJ
       |--- Mux Decoder Dynamic Energy = 0.0137107pJ
       |--- Mux Dynamic Energy         = 0.00109491pJ
       |--- Cell RESET Dynamic Energy  = 48.0051pJ  0pJ
       |--- Single Cell RESET Energy  = 9.6pJ  0pJ
 - SET Dynamic Energy = 11.7748nJ
 |--- H-Tree Dynamic Energy = 12.9397pJ
 |--- Mat Dynamic Energy    = 360.083pJ per mat
    |--- Predecoder Dynamic Energy = 0.00350911pJ
    |--- Subarray Dynamic Energy   = 90.0206pJ per active subarray
       |--- Row Decoder Dynamic Energy = 0.000655541pJ
       |--- Mux Decoder Dynamic Energy = 0.0137107pJ
       |--- Mux Dynamic Energy         = 0.00109491pJ
       |--- Cell SET Dynamic Energy    = 90.0051pJ  0pJ  90.0206pJ
       |--- Single Cell SET Energy  = 18pJ  0pJ
 - Leakage Power = 271.448uW
 |--- TSV Leakage              = 0pW
 |--- H-Tree Leakage Power     = 0pW
 |--- Mat Leakage Power        = 8.28394nW per mat

Finished!
