User-defined configuration file (/Users/sudo/CodeProjects/Tufts/EECE0193/Final_Project/EXPERIMENTS/Input/Destiny/iso_area/ReadEDP/STTRAM/32KB/32KB.cfg) is loaded

====================
DESIGN SPECIFICATION
====================
Design Target: Random Access Memory
Capacity   : 32KB
Data Width : 128Bits (16Bytes)

Searching for the best solution that is optimized for read energy-delay-product ...
Using cell file: ./cell_defs/STTRAM.cell
numSolutions = 11315 / numDesigns = 218700

=============
   SUMMARY   
=============
Optimized for: Read Energy-Delay-Product
Memory Cell: MRAM (Magnetoresistive)
Cell Area (F^2)    : 54 (5.4Fx10F)
Cell Aspect Ratio  : 0.54
Cell Turned-On Resistance : 3Kohm
Cell Turned-Off Resistance: 6Kohm
Read Mode: Current-Sensing
  - Read Voltage: 0.25V
Reset Mode: Current
  - Reset Current: 80uA
  - Reset Pulse: 10ns
Set Mode: Current
  - Set Current: 80uA
  - Set Pulse: 10ns
Access Type: CMOS

=============
CONFIGURATION
=============
Bank Organization: 64 x 32 x 2
 - Row Activation   : 1 / 64 x 1
 - Column Activation: 32 / 32 x 1
Mat Organization: 2 x 2
 - Row Activation   : 2 / 2
 - Column Activation: 2 / 2
 - Subarray Size    : 1 Rows x 16 Columns
Mux Level:
 - Senseamp Mux      : 16
 - Output Level-1 Mux: 1
 - Output Level-2 Mux: 1
Local Wire:
 - Wire Type : Local Aggressive
 - Repeater Type: No Repeaters
 - Low Swing : No
Global Wire:
 - Wire Type : Global Aggressive
 - Repeater Type: No Repeaters
 - Low Swing : No
Buffer Design Style: Latency-Optimized
=============
   RESULT
=============
Area:
 - Total Area = 1.15681mm x 489.15um = 598414um^2
 |--- Mat Area      = 18.0751um x 15.2859um = 276.295um^2   (1.21081%)
 |--- Subarray Area = 8.60718um x 7.64296um = 65.7843um^2   (1.27135%)
 |--- TSV Area      = 81um^2
 - Area Efficiency = 1.14493%
Timing:
 -  Read Latency = 1.83307ns
 |--- TSV Latency    = 0.0114108ps
 |--- H-Tree Latency = 261.992ps
 |--- Mat Latency    = 1.57107ns
    |--- Predecoder Latency = 18.9293ps
    |--- Subarray Latency   = 1.55214ns
       |--- Row Decoder Latency = 62.4576ps
       |--- Bitline Latency     = 0.000227574ps,2.02619e+10s,1.58326e+10s
       |--- Senseamp Latency    = 1.456ns
       |--- Mux Latency         = 17.1247ps
       |--- Precharge Latency   = 8.39508ps
       |--- Read Pulse   = 0ps
 - Write Total Latency = 10.2293ns
 - RESET Latency = 10.2293ns
 |--- TSV Latency    = 0.00570541ps
 |--- H-Tree Latency = 130.996ps
 |--- Mat Latency    = 10.0983ns
    |--- Predecoder Latency = 18.9293ps
    |--- Subarray Latency   = 10.0794ns
       |--- RESET Pulse Duration = 10ns
       |--- Row Decoder Latency  = 62.4576ps
       |--- Charge Latency   = 0.347173ps
 - SET Latency   = 10.2293ns
 |--- TSV Latency    = 0.00570541ps
 |--- H-Tree Latency = 130.996ps
 |--- Mat Latency    = 10.0983ns
    |--- Predecoder Latency = 18.9293ps
    |--- Subarray Latency   = 10.0794ns
       |--- SET Pulse Duration   = 10ns
       |--- Row Decoder Latency  = 62.4576ps
       |--- Charger Latency      = 0.347173ps
 - Read Bandwidth  = 10.6803GB/s
 - Write Bandwidth = 1.5874GB/s
Power:
 -  Read Dynamic Energy = 75.1886pJ
 |--- TSV Dynamic Energy    = 14.1296pJ
 |--- H-Tree Dynamic Energy = 28.1324pJ
 |--- Mat Dynamic Energy    = 1.02895pJ per mat
    |--- Predecoder Dynamic Energy = 0.00040629pJ
    |--- Subarray Dynamic Energy   = 0.257137pJ per active subarray
       |--- Row Decoder Dynamic Energy = 0.00467486pJ
       |--- Mux Decoder Dynamic Energy = 0.00661176pJ
       |--- Bitline & Cell Read Energy = 0.0873601pJ
       |--- Senseamp Dynamic Energy    = 0.150363pJ
       |--- Mux Dynamic Energy         = 0.00202883pJ
       |--- Precharge Dynamic Energy   = 0.00609574pJ
 - Write Dynamic Energy = 172.025pJ
 - RESET Dynamic Energy = 171.426pJ
 |--- TSV Dynamic Energy    = 14.1296pJ
 |--- H-Tree Dynamic Energy = 28.1324pJ
 |--- Mat Dynamic Energy    = 4.03639pJ per mat
    |--- Predecoder Dynamic Energy = 0.00040629pJ
    |--- Subarray Dynamic Energy   = 1.01367pJ per active subarray
       |--- Row Decoder Dynamic Energy = 0.00467486pJ
       |--- Mux Decoder Dynamic Energy = 0.00661176pJ
       |--- Mux Dynamic Energy         = 0.00202883pJ
       |--- Cell RESET Dynamic Energy  = 1.00035pJ  0pJ
       |--- Single Cell RESET Energy  = 1pJ  0pJ
 - SET Dynamic Energy = 171.426pJ
 |--- H-Tree Dynamic Energy = 28.1324pJ
 |--- Mat Dynamic Energy    = 4.03639pJ per mat
    |--- Predecoder Dynamic Energy = 0.00040629pJ
    |--- Subarray Dynamic Energy   = 1.01367pJ per active subarray
       |--- Row Decoder Dynamic Energy = 0.00467486pJ
       |--- Mux Decoder Dynamic Energy = 0.00661176pJ
       |--- Mux Dynamic Energy         = 0.00202883pJ
       |--- Cell SET Dynamic Energy    = 1.00035pJ  0pJ  1.01367pJ
       |--- Single Cell SET Energy  = 1pJ  0pJ
 - Leakage Power = 2.47466mW
 |--- TSV Leakage              = 0pW
 |--- H-Tree Leakage Power     = 0pW
 |--- Mat Leakage Power        = 604.165nW per mat

Finished!
