User-defined configuration file (/Users/sudo/CodeProjects/Tufts/EECE0193/Final_Project/EXPERIMENTS/Input/Destiny/iso_area/Area/PCRAM/256KB/256KB.cfg) is loaded

====================
DESIGN SPECIFICATION
====================
Design Target: Random Access Memory
Capacity   : 256KB
Data Width : 128Bits (16Bytes)

Searching for the best solution that is optimized for area ...
Using cell file: ./cell_defs/PCRAM.cell
numSolutions = 12659 / numDesigns = 218700

=============
   SUMMARY   
=============
Optimized for: Area
Memory Cell: PCRAM (Phase-Change)
Cell Area (F^2)    : 9 (3Fx3F)
Cell Aspect Ratio  : 1
Cell Turned-On Resistance : 1Kohm
Cell Turned-Off Resistance: 1Mohm
Read Mode: Voltage-Sensing
  - Read Current: 40uA
Reset Mode: Current
  - Reset Current: 300uA
  - Reset Pulse: 40ns
Set Mode: Current
  - Set Current: 150uA
  - Set Pulse: 150ns
Access Type: CMOS

=============
CONFIGURATION
=============
Bank Organization: 64 x 32 x 16
 - Row Activation   : 1 / 64 x 1
 - Column Activation: 32 / 32 x 1
Mat Organization: 2 x 2
 - Row Activation   : 2 / 2
 - Column Activation: 2 / 2
 - Subarray Size    : 4 Rows x 4 Columns
Mux Level:
 - Senseamp Mux      : 4
 - Output Level-1 Mux: 1
 - Output Level-2 Mux: 1
Local Wire:
 - Wire Type : Local Aggressive
 - Repeater Type: No Repeaters
 - Low Swing : No
Global Wire:
 - Wire Type : Global Aggressive
 - Repeater Type: No Repeaters
 - Low Swing : No
Buffer Design Style: Latency-Optimized
=============
   RESULT
=============
Area:
 - Total Area = 387.587um x 54.3747um = 55337.9um^2
 |--- Mat Area      = 6.05605um x 1.69921um = 10.2905um^2   (43.3463%)
 |--- Subarray Area = 2.53759um x 849.604nm = 2.15595um^2   (51.7237%)
 |--- TSV Area      = 81um^2
 - Area Efficiency = 16.508%
Timing:
 -  Read Latency = 124.296ps
 |--- TSV Latency    = 0.171162ps
 |--- H-Tree Latency = 18.5018ps
 |--- Mat Latency    = 105.623ps
    |--- Predecoder Latency = 48.9046ps
    |--- Subarray Latency   = 56.7182ps
       |--- Row Decoder Latency = 20.5808ps
       |--- Bitline Latency     = 11.731ps,0.591309ps,11.731ps
       |--- Senseamp Latency    = 3.80391ps
       |--- Mux Latency         = 5.23757ps
       |--- Precharge Latency   = 10.4015ps
       |--- Read Pulse   = 0ps
 - Write Total Latency = 150.095ns
 - RESET Latency = 40.0946ns
 |--- TSV Latency    = 0.0855811ps
 |--- H-Tree Latency = 9.25089ps
 |--- Mat Latency    = 40.0853ns
    |--- Predecoder Latency = 48.9046ps
    |--- Subarray Latency   = 40.0363ns
       |--- RESET Pulse Duration = 40ns
       |--- Row Decoder Latency  = 20.5808ps
       |--- Charge Latency   = 0.401411ps
 - SET Latency   = 150.095ns
 |--- TSV Latency    = 0.0855811ps
 |--- H-Tree Latency = 9.25089ps
 |--- Mat Latency    = 150.085ns
    |--- Predecoder Latency = 48.9046ps
    |--- Subarray Latency   = 150.036ns
       |--- SET Pulse Duration   = 150ns
       |--- Row Decoder Latency  = 20.5808ps
       |--- Charger Latency      = 0.401411ps
 - Read Bandwidth  = 343.798GB/s
 - Write Bandwidth = 106.641MB/s
Power:
 -  Read Dynamic Energy = 386.775pJ
 |--- TSV Dynamic Energy    = 233.139pJ
 |--- H-Tree Dynamic Energy = 6.49506pJ
 |--- Mat Dynamic Energy    = 4.59814pJ per mat
    |--- Predecoder Dynamic Energy = 0.00118723pJ
    |--- Subarray Dynamic Energy   = 1.14924pJ per active subarray
       |--- Row Decoder Dynamic Energy = 0.000230017pJ
       |--- Mux Decoder Dynamic Energy = 0.00415385pJ
       |--- Bitline & Cell Read Energy = 0.00024345pJ
       |--- Senseamp Dynamic Energy    = 0.000346726pJ
       |--- Mux Dynamic Energy         = 0.000620515pJ
       |--- Precharge Dynamic Energy   = 0.00145566pJ
 - Write Dynamic Energy = 11.7606nJ
 - RESET Dynamic Energy = 6.38453nJ
 |--- TSV Dynamic Energy    = 233.139pJ
 |--- H-Tree Dynamic Energy = 6.49506pJ
 |--- Mat Dynamic Energy    = 192.028pJ per mat
    |--- Predecoder Dynamic Energy = 0.00118723pJ
    |--- Subarray Dynamic Energy   = 90.0069pJ per active subarray
       |--- Row Decoder Dynamic Energy = 0.000230017pJ
       |--- Mux Decoder Dynamic Energy = 0.00415385pJ
       |--- Mux Dynamic Energy         = 0.000620515pJ
       |--- Cell RESET Dynamic Energy  = 48.0019pJ  0pJ
       |--- Single Cell RESET Energy  = 9.6pJ  0pJ
 - SET Dynamic Energy = 11.7605nJ
 |--- H-Tree Dynamic Energy = 6.49506pJ
 |--- Mat Dynamic Energy    = 360.028pJ per mat
    |--- Predecoder Dynamic Energy = 0.00118723pJ
    |--- Subarray Dynamic Energy   = 90.0069pJ per active subarray
       |--- Row Decoder Dynamic Energy = 0.000230017pJ
       |--- Mux Decoder Dynamic Energy = 0.00415385pJ
       |--- Mux Dynamic Energy         = 0.000620515pJ
       |--- Cell SET Dynamic Energy    = 90.0019pJ  0pJ  90.0069pJ
       |--- Single Cell SET Energy  = 18pJ  0pJ
 - Leakage Power = 37.8021uW
 |--- TSV Leakage              = 0pW
 |--- H-Tree Leakage Power     = 0pW
 |--- Mat Leakage Power        = 1.15363nW per mat

Finished!
