User-defined configuration file (/Users/sudo/CodeProjects/Tufts/EECE0193/Final_Project/EXPERIMENTS/Input/NVSim/iso_area/LeakagePower/SRAM/256KB/256KB.cfg) is loaded

Memory Cell: SRAM
Cell Area (F^2)    : 146.000 (14.600Fx10.000F)
Cell Aspect Ratio  : 1.460
SRAM Cell Access Transistor Width: 1.310F
SRAM Cell NMOS Width: 2.080F
SRAM Cell PMOS Width: 1.230F
[WARNING] Associativity setting is ignored for non-cache designs

====================
DESIGN SPECIFICATION
====================
Design Target: Random Access Memory
Capacity   : 256KB
Data Width : 128Bits (16Bytes)

Searching for the best solution that is optimized for leakage power ...

=============
CONFIGURATION
=============
Bank Organization: 1 x 1
 - Row Activation   : 1 / 1
 - Column Activation: 1 / 1
Mat Organization: 2 x 2
 - Row Activation   : 2 / 2
 - Column Activation: 2 / 2
 - Subarray Size    : 256 Rows x 2048 Columns
Mux Level:
 - Senseamp Mux      : 8
 - Output Level-1 Mux: 2
 - Output Level-2 Mux: 4
Local Wire:
 - Wire Type : Local Aggressive
 - Repeater Type: No Repeaters
 - Low Swing : No
Global Wire:
 - Wire Type : Global Aggressive
 - Repeater Type: No Repeaters
 - Low Swing : No
Buffer Design Style: Latency-Optimized
=============
   RESULT
=============
Area:
 - Total Area = 167.881um x 920.233um = 154489.594um^2
 |--- Mat Area      = 167.881um x 920.233um = 154489.594um^2   (95.924%)
 |--- Subarray Area = 83.940um x 455.997um = 38276.569um^2   (96.791%)
 - Area Efficiency = 95.924%
Timing:
 -  Read Latency = 5.095ns
 |--- H-Tree Latency = 0.000ps
 |--- Mat Latency    = 5.095ns
    |--- Predecoder Latency = 280.883ps
    |--- Subarray Latency   = 4.815ns
       |--- Row Decoder Latency = 3.539ns
       |--- Bitline Latency     = 1.217ns
       |--- Senseamp Latency    = 3.988ps
       |--- Mux Latency         = 54.680ps
       |--- Precharge Latency   = 719.085ps
 - Write Latency = 5.095ns
 |--- H-Tree Latency = 0.000ps
 |--- Mat Latency    = 5.095ns
    |--- Predecoder Latency = 280.883ps
    |--- Subarray Latency   = 4.815ns
       |--- Row Decoder Latency = 3.539ns
       |--- Charge Latency      = 713.772ps
 - Read Bandwidth  = 8.020GB/s
 - Write Bandwidth = 3.323GB/s
Power:
 -  Read Dynamic Energy = 41.887pJ
 |--- H-Tree Dynamic Energy = 0.000pJ
 |--- Mat Dynamic Energy    = 41.887pJ per mat
    |--- Predecoder Dynamic Energy = 0.217pJ
    |--- Subarray Dynamic Energy   = 10.418pJ per active subarray
       |--- Row Decoder Dynamic Energy = 0.175pJ
       |--- Mux Decoder Dynamic Energy = 0.418pJ
       |--- Senseamp Dynamic Energy    = 0.093pJ
       |--- Mux Dynamic Energy         = 0.098pJ
       |--- Precharge Dynamic Energy   = 0.776pJ
 - Write Dynamic Energy = 3.537pJ
 |--- H-Tree Dynamic Energy = 0.000pJ
 |--- Mat Dynamic Energy    = 3.537pJ per mat
    |--- Predecoder Dynamic Energy = 0.217pJ
    |--- Subarray Dynamic Energy   = 0.830pJ per active subarray
       |--- Row Decoder Dynamic Energy = 0.175pJ
       |--- Mux Decoder Dynamic Energy = 0.418pJ
       |--- Mux Dynamic Energy         = 0.098pJ
 - Leakage Power = 20.303uW
 |--- H-Tree Leakage Power = 0.000pW
 |--- Mat Leakage Power    = 20.303uW per mat

Finished!
