User-defined configuration file (/Users/sudo/CodeProjects/Tufts/EECE0193/Final_Project/EXPERIMENTS/Input/NVSim/ReadDynamicEnergy/RRAM/32KB/32KB.cfg) is loaded

Memory Cell: RRAM (Memristor)
Cell Area (F^2)    : 4.000 (2.000Fx2.000F)
Cell Aspect Ratio  : 1.000
Cell Turned-On Resistance : 1.000Mohm
Cell Turned-Off Resistance: 10.000Mohm
Read Mode: Current-Sensing
  - Read Voltage: 0.400V
Reset Mode: Voltage
  - Reset Voltage: 2.000V
  - Reset Pulse: 10.000ns
Set Mode: Voltage
  - Set Voltage: 2.000V
  - Set Pulse: 10.000ns
Access Type: None Access Device

====================
DESIGN SPECIFICATION
====================
Design Target: Random Access Memory
Capacity   : 32KB
Data Width : 128Bits (16Bytes)

Searching for the best solution that is optimized for read energy ...

=============
CONFIGURATION
=============
Bank Organization: 1 x 1
 - Row Activation   : 1 / 1
 - Column Activation: 1 / 1
Mat Organization: 2 x 2
 - Row Activation   : 2 / 2
 - Column Activation: 2 / 2
 - Subarray Size    : 512 Rows x 128 Columns
Mux Level:
 - Senseamp Mux      : 4
 - Output Level-1 Mux: 1
 - Output Level-2 Mux: 1
Local Wire:
 - Wire Type : Local Aggressive
 - Repeater Type: No Repeaters
 - Low Swing : No
Global Wire:
 - Wire Type : Global Aggressive
 - Repeater Type: No Repeaters
 - Low Swing : No
Buffer Design Style: Latency-Optimized
=============
   RESULT
=============
Area:
 - Total Area = 334.848um x 54.824um = 18357.733um^2
 |--- Mat Area      = 334.848um x 54.824um = 18357.733um^2   (2.765%)
 |--- Subarray Area = 162.954um x 27.412um = 4466.895um^2   (2.840%)
 - Area Efficiency = 2.765%
Timing:
 -  Read Latency = 2.021ns
 |--- H-Tree Latency = 0.000ps
 |--- Mat Latency    = 2.021ns
    |--- Predecoder Latency = 221.649ps
    |--- Subarray Latency   = 1.800ns
       |--- Row Decoder Latency = 136.747ps
       |--- Bitline Latency     = 35.803ps
       |--- Senseamp Latency    = 1.454ns
       |--- Mux Latency         = 4.307ps
       |--- Precharge Latency   = 1.409ns
 - Write Latency = 20.721ns
 |--- H-Tree Latency = 0.000ps
 |--- Mat Latency    = 20.721ns
    |--- Predecoder Latency = 221.649ps
    |--- Subarray Latency   = 20.499ns
       |--- Row Decoder Latency = 136.747ps
       |--- Charge Latency      = 96.881ps
 - Read Bandwidth  = 5.209GB/s
 - Write Bandwidth = 780.510MB/s
Power:
 -  Read Dynamic Energy = 21.463pJ
 |--- H-Tree Dynamic Energy = 0.000pJ
 |--- Mat Dynamic Energy    = 21.463pJ per mat
    |--- Predecoder Dynamic Energy = 0.087pJ
    |--- Subarray Dynamic Energy   = 5.344pJ per active subarray
       |--- Row Decoder Dynamic Energy = 0.014pJ
       |--- Mux Decoder Dynamic Energy = 0.443pJ
       |--- Bitline & Cell Read Energy = 0.015pJ
       |--- Senseamp Dynamic Energy    = 4.812pJ
       |--- Mux Dynamic Energy         = 0.011pJ
       |--- Precharge Dynamic Energy   = 0.049pJ
 - Write Dynamic Energy = 108.384pJ
 |--- H-Tree Dynamic Energy = 0.000pJ
 |--- Mat Dynamic Energy    = 108.384pJ per mat
    |--- Predecoder Dynamic Energy = 0.087pJ
    |--- Subarray Dynamic Energy   = 27.074pJ per active subarray
       |--- Row Decoder Dynamic Energy = 0.014pJ
       |--- Mux Decoder Dynamic Energy = 0.443pJ
       |--- Mux Dynamic Energy         = 0.011pJ
 - Leakage Power = 19.853uW
 |--- H-Tree Leakage Power = 0.000pW
 |--- Mat Leakage Power    = 19.853uW per mat

Finished!
