User-defined configuration file (/h/mrocke01/EECE0193/NVSim/cfg_files/SRAM_cache_128_1.cfg) is loaded

Memory Cell: SRAM
Cell Area (F^2)    : 146.000 (14.600Fx10.000F)
Cell Aspect Ratio  : 1.460
SRAM Cell Access Transistor Width: 1.310F
SRAM Cell NMOS Width: 2.080F
SRAM Cell PMOS Width: 1.230F

====================
DESIGN SPECIFICATION
====================
Design Target: Cache
Capacity   : 128KB
Cache Line Size: 64Bytes
Cache Associativity: 1 Ways

Searching for the best solution that is optimized for read energy-delay-product ...

=======================
CACHE DESIGN -- SUMMARY
=======================
Access Mode: Sequential
Area:
 - Total Area = 0.146mm^2
 |--- Data Array Area = 533.428um x 262.273um = 0.140mm^2
 |--- Tag Array Area  = 94.414um x 67.818um = 0.006mm^2
Timing:
 - Cache Hit Latency   = 0.627ns
 - Cache Miss Latency  = 0.422ns
 - Cache Write Latency = 0.361ns
Power:
 - Cache Hit Dynamic Energy   = 0.057nJ per access
 - Cache Miss Dynamic Energy  = 0.001nJ per access
 - Cache Write Dynamic Energy = 0.056nJ per access
 - Cache Total Leakage Power  = 0.020mW
 |--- Cache Data Array Leakage Power = 0.019mW
 |--- Cache Tag Array Leakage Power  = 0.001mW

CACHE DATA ARRAY
=============
CONFIGURATION
=============
Bank Organization: 64 x 128
 - Row Activation   : 1 / 64
 - Column Activation: 128 / 128
Mat Organization: 2 x 2
 - Row Activation   : 2 / 2
 - Column Activation: 2 / 2
 - Subarray Size    : 8 Rows x 4 Columns
Mux Level:
 - Senseamp Mux      : 4
 - Output Level-1 Mux: 1
 - Output Level-2 Mux: 1
 - One set is partitioned into 1 rows
Local Wire:
 - Wire Type : Local Aggressive
 - Repeater Type: No Repeaters
 - Low Swing : No
Global Wire:
 - Wire Type : Global Aggressive
 - Repeater Type: No Repeaters
 - Low Swing : No
Buffer Design Style: Latency-Optimized
=============
   RESULT
=============
Area:
 - Total Area = 533.428um x 262.273um = 139903.370um^2
 |--- Mat Area      = 8.335um x 2.049um = 17.078um^2   (52.963%)
 |--- Subarray Area = 3.465um x 1.025um = 3.550um^2   (63.699%)
 - Area Efficiency = 52.963%
Timing:
 -  Read Latency = 204.995ps
 |--- H-Tree Latency = 63.911ps
 |--- Mat Latency    = 141.084ps
    |--- Predecoder Latency = 57.888ps
    |--- Subarray Latency   = 83.197ps
       |--- Row Decoder Latency = 24.913ps
       |--- Bitline Latency     = 30.865ps
       |--- Senseamp Latency    = 3.988ps
       |--- Mux Latency         = 23.431ps
       |--- Precharge Latency   = 28.445ps
 - Write Latency = 173.040ps
 |--- H-Tree Latency = 31.955ps
 |--- Mat Latency    = 141.084ps
    |--- Predecoder Latency = 57.888ps
    |--- Subarray Latency   = 83.197ps
       |--- Row Decoder Latency = 24.913ps
       |--- Charge Latency      = 7.427ps
 - Read Bandwidth  = 737.935GB/s
 - Write Bandwidth = 769.261GB/s
Power:
 -  Read Dynamic Energy = 56.536pJ
 |--- H-Tree Dynamic Energy = 54.236pJ
 |--- Mat Dynamic Energy    = 0.018pJ per mat
    |--- Predecoder Dynamic Energy = 0.001pJ
    |--- Subarray Dynamic Energy   = 0.004pJ per active subarray
       |--- Row Decoder Dynamic Energy = 0.000pJ
       |--- Mux Decoder Dynamic Energy = 0.001pJ
       |--- Senseamp Dynamic Energy    = 0.000pJ
       |--- Mux Dynamic Energy         = 0.000pJ
       |--- Precharge Dynamic Energy   = 0.002pJ
 - Write Dynamic Energy = 55.312pJ
 |--- H-Tree Dynamic Energy = 54.236pJ
 |--- Mat Dynamic Energy    = 0.008pJ per mat
    |--- Predecoder Dynamic Energy = 0.001pJ
    |--- Subarray Dynamic Energy   = 0.002pJ per active subarray
       |--- Row Decoder Dynamic Energy = 0.000pJ
       |--- Mux Decoder Dynamic Energy = 0.001pJ
       |--- Mux Dynamic Energy         = 0.000pJ
 - Leakage Power = 19.479uW
 |--- H-Tree Leakage Power = 0.000pW
 |--- Mat Leakage Power    = 2.378nW per mat

CACHE TAG ARRAY
=============
CONFIGURATION
=============
Bank Organization: 4 x 1
 - Row Activation   : 1 / 4
 - Column Activation: 1 / 1
Mat Organization: 2 x 2
 - Row Activation   : 1 / 2
 - Column Activation: 1 / 2
 - Subarray Size    : 32 Rows x 132 Columns
Mux Level:
 - Senseamp Mux      : 4
 - Output Level-1 Mux: 1
 - Output Level-2 Mux: 1
 - One set is partitioned into 1 rows
Local Wire:
 - Wire Type : Local Aggressive
 - Repeater Type: No Repeaters
 - Low Swing : No
Global Wire:
 - Wire Type : Global Aggressive
 - Repeater Type: No Repeaters
 - Low Swing : No
Buffer Design Style: Latency-Optimized
=============
   RESULT
=============
Area:
 - Total Area = 94.414um x 67.818um = 6402.941um^2
 |--- Mat Area      = 23.603um x 67.818um = 1600.735um^2   (74.587%)
 |--- Subarray Area = 11.747um x 32.189um = 378.125um^2   (78.938%)
 - Area Efficiency = 74.587%
Timing:
 -  Read Latency = 421.744ps
 |--- H-Tree Latency = 0.954ps
 |--- Mat Latency    = 420.789ps
    |--- Predecoder Latency = 118.371ps
    |--- Subarray Latency   = 242.444ps
       |--- Row Decoder Latency = 146.677ps
       |--- Bitline Latency     = 68.349ps
       |--- Senseamp Latency    = 3.988ps
       |--- Mux Latency         = 23.431ps
       |--- Precharge Latency   = 90.325ps
    |--- Comparator Latency  = 59.975ps
 - Write Latency = 361.292ps
 |--- H-Tree Latency = 0.477ps
 |--- Mat Latency    = 360.814ps
    |--- Predecoder Latency = 118.371ps
    |--- Subarray Latency   = 242.444ps
       |--- Row Decoder Latency = 146.677ps
       |--- Charge Latency      = 28.540ps
 - Read Bandwidth  = 22.166GB/s
 - Write Bandwidth = 17.014GB/s
Power:
 -  Read Dynamic Energy = 0.546pJ
 |--- H-Tree Dynamic Energy = 0.291pJ
 |--- Mat Dynamic Energy    = 0.255pJ per mat
    |--- Predecoder Dynamic Energy = 0.052pJ
    |--- Subarray Dynamic Energy   = 0.203pJ per active subarray
       |--- Row Decoder Dynamic Energy = 0.016pJ
       |--- Mux Decoder Dynamic Energy = 0.038pJ
       |--- Senseamp Dynamic Energy    = 0.012pJ
       |--- Mux Dynamic Energy         = 0.008pJ
       |--- Precharge Dynamic Energy   = 0.056pJ
 - Write Dynamic Energy = 0.423pJ
 |--- H-Tree Dynamic Energy = 0.291pJ
 |--- Mat Dynamic Energy    = 0.132pJ per mat
    |--- Predecoder Dynamic Energy = 0.052pJ
    |--- Subarray Dynamic Energy   = 0.080pJ per active subarray
       |--- Row Decoder Dynamic Energy = 0.016pJ
       |--- Mux Decoder Dynamic Energy = 0.038pJ
       |--- Mux Dynamic Energy         = 0.008pJ
 - Leakage Power = 878.734nW
 |--- H-Tree Leakage Power = 0.000pW
 |--- Mat Leakage Power    = 219.683nW per mat

Finished!
