User-defined configuration file (/h/mrocke01/EECE0193/NVSim/cfg_files/SRAM_cache_2048_8.cfg) is loaded

Memory Cell: SRAM
Cell Area (F^2)    : 146.000 (14.600Fx10.000F)
Cell Aspect Ratio  : 1.460
SRAM Cell Access Transistor Width: 1.310F
SRAM Cell NMOS Width: 2.080F
SRAM Cell PMOS Width: 1.230F

====================
DESIGN SPECIFICATION
====================
Design Target: Cache
Capacity   : 2MB
Cache Line Size: 64Bytes
Cache Associativity: 8 Ways

Searching for the best solution that is optimized for read energy-delay-product ...

=======================
CACHE DESIGN -- SUMMARY
=======================
Access Mode: Sequential
Area:
 - Total Area = 1.567mm^2
 |--- Data Array Area = 1474.563um x 995.498um = 1.468mm^2
 |--- Tag Array Area  = 400.278um x 248.679um = 0.100mm^2
Timing:
 - Cache Hit Latency   = 1.693ns
 - Cache Miss Latency  = 0.513ns
 - Cache Write Latency = 0.833ns
Power:
 - Cache Hit Dynamic Energy   = 0.175nJ per access
 - Cache Miss Dynamic Energy  = 0.004nJ per access
 - Cache Write Dynamic Energy = 0.167nJ per access
 - Cache Total Leakage Power  = 0.229mW
 |--- Cache Data Array Leakage Power = 0.216mW
 |--- Cache Tag Array Leakage Power  = 0.013mW

CACHE DATA ARRAY
=============
CONFIGURATION
=============
Bank Organization: 64 x 8
 - Row Activation   : 1 / 64
 - Column Activation: 8 / 8
Mat Organization: 2 x 2
 - Row Activation   : 2 / 2
 - Column Activation: 2 / 2
 - Subarray Size    : 32 Rows x 256 Columns
Mux Level:
 - Senseamp Mux      : 16
 - Output Level-1 Mux: 1
 - Output Level-2 Mux: 1
 - One set is partitioned into 1 rows
Local Wire:
 - Wire Type : Local Aggressive
 - Repeater Type: No Repeaters
 - Low Swing : No
Global Wire:
 - Wire Type : Global Aggressive
 - Repeater Type: No Repeaters
 - Low Swing : No
Buffer Design Style: Latency-Optimized
=============
   RESULT
=============
Area:
 - Total Area = 1.475mm x 995.498um = 1.468mm^2
 |--- Mat Area      = 23.040um x 124.437um = 2867.040um^2   (80.763%)
 |--- Subarray Area = 11.520um x 60.298um = 694.635um^2   (83.336%)
 - Area Efficiency = 80.763%
Timing:
 -  Read Latency = 1.180ns
 |--- H-Tree Latency = 693.914ps
 |--- Mat Latency    = 485.607ps
    |--- Predecoder Latency = 131.583ps
    |--- Subarray Latency   = 354.024ps
       |--- Row Decoder Latency = 204.500ps
       |--- Bitline Latency     = 97.106ps
       |--- Senseamp Latency    = 3.988ps
       |--- Mux Latency         = 48.430ps
       |--- Precharge Latency   = 91.133ps
 - Write Latency = 832.564ps
 |--- H-Tree Latency = 346.957ps
 |--- Mat Latency    = 485.607ps
    |--- Predecoder Latency = 131.583ps
    |--- Subarray Latency   = 354.024ps
       |--- Row Decoder Latency = 204.500ps
       |--- Charge Latency      = 28.540ps
 - Read Bandwidth  = 265.939GB/s
 - Write Bandwidth = 180.779GB/s
Power:
 -  Read Dynamic Energy = 171.072pJ
 |--- H-Tree Dynamic Energy = 159.346pJ
 |--- Mat Dynamic Energy    = 1.466pJ per mat
    |--- Predecoder Dynamic Energy = 0.038pJ
    |--- Subarray Dynamic Energy   = 0.357pJ per active subarray
       |--- Row Decoder Dynamic Energy = 0.029pJ
       |--- Mux Decoder Dynamic Energy = 0.068pJ
       |--- Senseamp Dynamic Energy    = 0.006pJ
       |--- Mux Dynamic Energy         = 0.008pJ
       |--- Precharge Dynamic Energy   = 0.103pJ
 - Write Dynamic Energy = 163.307pJ
 |--- H-Tree Dynamic Energy = 159.346pJ
 |--- Mat Dynamic Energy    = 0.495pJ per mat
    |--- Predecoder Dynamic Energy = 0.038pJ
    |--- Subarray Dynamic Energy   = 0.114pJ per active subarray
       |--- Row Decoder Dynamic Energy = 0.029pJ
       |--- Mux Decoder Dynamic Energy = 0.068pJ
       |--- Mux Dynamic Energy         = 0.008pJ
 - Leakage Power = 215.633uW
 |--- H-Tree Leakage Power = 0.000pW
 |--- Mat Leakage Power    = 421.159nW per mat

CACHE TAG ARRAY
=============
CONFIGURATION
=============
Bank Organization: 16 x 2
 - Row Activation   : 1 / 16
 - Column Activation: 1 / 2
Mat Organization: 2 x 2
 - Row Activation   : 1 / 2
 - Column Activation: 1 / 2
 - Subarray Size    : 32 Rows x 256 Columns
Mux Level:
 - Senseamp Mux      : 1
 - Output Level-1 Mux: 1
 - Output Level-2 Mux: 1
 - One set is partitioned into 1 rows
Local Wire:
 - Wire Type : Local Aggressive
 - Repeater Type: No Repeaters
 - Low Swing : No
Global Wire:
 - Wire Type : Global Aggressive
 - Repeater Type: No Repeaters
 - Low Swing : No
Buffer Design Style: Latency-Optimized
=============
   RESULT
=============
Area:
 - Total Area = 400.278um x 248.679um = 99540.726um^2
 |--- Mat Area      = 25.017um x 124.340um = 3110.648um^2   (74.438%)
 |--- Subarray Area = 12.269um x 60.298um = 739.821um^2   (78.246%)
 - Area Efficiency = 74.438%
Timing:
 -  Read Latency = 513.394ps
 |--- H-Tree Latency = 39.415ps
 |--- Mat Latency    = 473.978ps
    |--- Predecoder Latency = 131.852ps
    |--- Subarray Latency   = 282.152ps
       |--- Row Decoder Latency = 204.519ps
       |--- Bitline Latency     = 73.873ps
       |--- Senseamp Latency    = 3.759ps
       |--- Mux Latency         = 0.000ps
       |--- Precharge Latency   = 91.133ps
    |--- Comparator Latency  = 59.975ps
 - Write Latency = 433.711ps
 |--- H-Tree Latency = 19.708ps
 |--- Mat Latency    = 414.004ps
    |--- Predecoder Latency = 131.852ps
    |--- Subarray Latency   = 282.152ps
       |--- Row Decoder Latency = 204.519ps
       |--- Charge Latency      = 0.956ps
 - Read Bandwidth  = 23.702GB/s
 - Write Bandwidth = 14.177GB/s
Power:
 -  Read Dynamic Energy = 3.676pJ
 |--- H-Tree Dynamic Energy = 2.996pJ
 |--- Mat Dynamic Energy    = 0.681pJ per mat
    |--- Predecoder Dynamic Energy = 0.254pJ
    |--- Subarray Dynamic Energy   = 0.427pJ per active subarray
       |--- Row Decoder Dynamic Energy = 0.029pJ
       |--- Mux Decoder Dynamic Energy = 0.068pJ
       |--- Senseamp Dynamic Energy    = 0.088pJ
       |--- Mux Dynamic Energy         = 0.000pJ
       |--- Precharge Dynamic Energy   = 0.103pJ
 - Write Dynamic Energy = 3.485pJ
 |--- H-Tree Dynamic Energy = 2.996pJ
 |--- Mat Dynamic Energy    = 0.489pJ per mat
    |--- Predecoder Dynamic Energy = 0.254pJ
    |--- Subarray Dynamic Energy   = 0.236pJ per active subarray
       |--- Row Decoder Dynamic Energy = 0.029pJ
       |--- Mux Decoder Dynamic Energy = 0.068pJ
       |--- Mux Dynamic Energy         = 0.000pJ
 - Leakage Power = 13.192uW
 |--- H-Tree Leakage Power = 0.000pW
 |--- Mat Leakage Power    = 412.243nW per mat

Finished!
