User-defined configuration file (/h/mrocke01/EECE0193/NVSim/cfg_files/SRAM_cache_1024_1.cfg) is loaded

Memory Cell: SRAM
Cell Area (F^2)    : 146.000 (14.600Fx10.000F)
Cell Aspect Ratio  : 1.460
SRAM Cell Access Transistor Width: 1.310F
SRAM Cell NMOS Width: 2.080F
SRAM Cell PMOS Width: 1.230F

====================
DESIGN SPECIFICATION
====================
Design Target: Cache
Capacity   : 1MB
Cache Line Size: 64Bytes
Cache Associativity: 1 Ways

Searching for the best solution that is optimized for read energy-delay-product ...

=======================
CACHE DESIGN -- SUMMARY
=======================
Access Mode: Sequential
Area:
 - Total Area = 0.860mm^2
 |--- Data Array Area = 1484.243um x 526.554um = 0.782mm^2
 |--- Tag Array Area  = 345.365um x 225.858um = 0.078mm^2
Timing:
 - Cache Hit Latency   = 0.980ns
 - Cache Miss Latency  = 0.234ns
 - Cache Write Latency = 0.558ns
Power:
 - Cache Hit Dynamic Energy   = 0.128nJ per access
 - Cache Miss Dynamic Energy  = 0.003nJ per access
 - Cache Write Dynamic Energy = 0.124nJ per access
 - Cache Total Leakage Power  = 0.119mW
 |--- Cache Data Array Leakage Power = 0.111mW
 |--- Cache Tag Array Leakage Power  = 0.009mW

CACHE DATA ARRAY
=============
CONFIGURATION
=============
Bank Organization: 64 x 8
 - Row Activation   : 1 / 64
 - Column Activation: 8 / 8
Mat Organization: 2 x 2
 - Row Activation   : 2 / 2
 - Column Activation: 2 / 2
 - Subarray Size    : 32 Rows x 128 Columns
Mux Level:
 - Senseamp Mux      : 8
 - Output Level-1 Mux: 1
 - Output Level-2 Mux: 1
 - One set is partitioned into 1 rows
Local Wire:
 - Wire Type : Local Aggressive
 - Repeater Type: No Repeaters
 - Low Swing : No
Global Wire:
 - Wire Type : Global Aggressive
 - Repeater Type: No Repeaters
 - Low Swing : No
Buffer Design Style: Latency-Optimized
=============
   RESULT
=============
Area:
 - Total Area = 1.484mm x 526.554um = 781533.989um^2
 |--- Mat Area      = 23.191um x 65.819um = 1526.434um^2   (75.847%)
 |--- Subarray Area = 11.596um x 31.144um = 361.130um^2   (80.148%)
 - Area Efficiency = 75.847%
Timing:
 -  Read Latency = 745.964ps
 |--- H-Tree Latency = 376.215ps
 |--- Mat Latency    = 369.749ps
    |--- Predecoder Latency = 117.745ps
    |--- Subarray Latency   = 252.004ps
       |--- Row Decoder Latency = 145.039ps
       |--- Bitline Latency     = 71.214ps
       |--- Senseamp Latency    = 3.988ps
       |--- Mux Latency         = 31.764ps
       |--- Precharge Latency   = 90.313ps
 - Write Latency = 557.857ps
 |--- H-Tree Latency = 188.107ps
 |--- Mat Latency    = 369.749ps
    |--- Predecoder Latency = 117.745ps
    |--- Subarray Latency   = 252.004ps
       |--- Row Decoder Latency = 145.039ps
       |--- Charge Latency      = 28.540ps
 - Read Bandwidth  = 324.414GB/s
 - Write Bandwidth = 253.964GB/s
Power:
 -  Read Dynamic Energy = 124.565pJ
 |--- H-Tree Dynamic Energy = 118.338pJ
 |--- Mat Dynamic Energy    = 0.778pJ per mat
    |--- Predecoder Dynamic Energy = 0.024pJ
    |--- Subarray Dynamic Energy   = 0.189pJ per active subarray
       |--- Row Decoder Dynamic Energy = 0.016pJ
       |--- Mux Decoder Dynamic Energy = 0.036pJ
       |--- Senseamp Dynamic Energy    = 0.006pJ
       |--- Mux Dynamic Energy         = 0.005pJ
       |--- Precharge Dynamic Energy   = 0.054pJ
 - Write Dynamic Energy = 120.654pJ
 |--- H-Tree Dynamic Energy = 118.338pJ
 |--- Mat Dynamic Energy    = 0.289pJ per mat
    |--- Predecoder Dynamic Energy = 0.024pJ
    |--- Subarray Dynamic Energy   = 0.066pJ per active subarray
       |--- Row Decoder Dynamic Energy = 0.016pJ
       |--- Mux Decoder Dynamic Energy = 0.036pJ
       |--- Mux Dynamic Energy         = 0.005pJ
 - Leakage Power = 110.685uW
 |--- H-Tree Leakage Power = 0.000pW
 |--- Mat Leakage Power    = 216.181nW per mat

CACHE TAG ARRAY
=============
CONFIGURATION
=============
Bank Organization: 32 x 32
 - Row Activation   : 1 / 32
 - Column Activation: 1 / 32
Mat Organization: 2 x 2
 - Row Activation   : 2 / 2
 - Column Activation: 1 / 2
 - Subarray Size    : 8 Rows x 15 Columns
Mux Level:
 - Senseamp Mux      : 1
 - Output Level-1 Mux: 1
 - Output Level-2 Mux: 1
 - One set is partitioned into 1 rows
Local Wire:
 - Wire Type : Local Aggressive
 - Repeater Type: No Repeaters
 - Low Swing : No
Global Wire:
 - Wire Type : Global Aggressive
 - Repeater Type: No Repeaters
 - Low Swing : No
Buffer Design Style: Latency-Optimized
=============
   RESULT
=============
Area:
 - Total Area = 345.365um x 225.858um = 78003.354um^2
 |--- Mat Area      = 10.793um x 7.058um = 76.175um^2   (44.527%)
 |--- Subarray Area = 4.234um x 3.529um = 14.941um^2   (56.756%)
 - Area Efficiency = 44.527%
Timing:
 -  Read Latency = 233.607ps
 |--- H-Tree Latency = 36.890ps
 |--- Mat Latency    = 196.718ps
    |--- Predecoder Latency = 71.738ps
    |--- Subarray Latency   = 66.737ps
       |--- Row Decoder Latency = 39.352ps
       |--- Bitline Latency     = 23.626ps
       |--- Senseamp Latency    = 3.759ps
       |--- Mux Latency         = 0.000ps
       |--- Precharge Latency   = 29.316ps
    |--- Comparator Latency  = 58.242ps
 - Write Latency = 156.920ps
 |--- H-Tree Latency = 18.445ps
 |--- Mat Latency    = 138.475ps
    |--- Predecoder Latency = 71.738ps
    |--- Subarray Latency   = 66.737ps
       |--- Row Decoder Latency = 39.352ps
       |--- Charge Latency      = 0.060ps
 - Read Bandwidth  = 66.136GB/s
 - Write Bandwidth = 56.191GB/s
Power:
 -  Read Dynamic Energy = 3.184pJ
 |--- H-Tree Dynamic Energy = 3.121pJ
 |--- Mat Dynamic Energy    = 0.063pJ per mat
    |--- Predecoder Dynamic Energy = 0.028pJ
    |--- Subarray Dynamic Energy   = 0.017pJ per active subarray
       |--- Row Decoder Dynamic Energy = 0.001pJ
       |--- Mux Decoder Dynamic Energy = 0.003pJ
       |--- Senseamp Dynamic Energy    = 0.005pJ
       |--- Mux Dynamic Energy         = 0.000pJ
       |--- Precharge Dynamic Energy   = 0.006pJ
 - Write Dynamic Energy = 3.162pJ
 |--- H-Tree Dynamic Energy = 3.121pJ
 |--- Mat Dynamic Energy    = 0.041pJ per mat
    |--- Predecoder Dynamic Energy = 0.028pJ
    |--- Subarray Dynamic Energy   = 0.007pJ per active subarray
       |--- Row Decoder Dynamic Energy = 0.001pJ
       |--- Mux Decoder Dynamic Energy = 0.003pJ
       |--- Mux Dynamic Energy         = 0.000pJ
 - Leakage Power = 8.583uW
 |--- H-Tree Leakage Power = 0.000pW
 |--- Mat Leakage Power    = 8.382nW per mat

Finished!
