User-defined configuration file (/h/mrocke01/EECE0193/NVSim/cfg_files/SRAM_cache_1024_8.cfg) is loaded

Memory Cell: SRAM
Cell Area (F^2)    : 146.000 (14.600Fx10.000F)
Cell Aspect Ratio  : 1.460
SRAM Cell Access Transistor Width: 1.310F
SRAM Cell NMOS Width: 2.080F
SRAM Cell PMOS Width: 1.230F

====================
DESIGN SPECIFICATION
====================
Design Target: Cache
Capacity   : 1MB
Cache Line Size: 64Bytes
Cache Associativity: 8 Ways

Searching for the best solution that is optimized for read energy-delay-product ...

=======================
CACHE DESIGN -- SUMMARY
=======================
Access Mode: Sequential
Area:
 - Total Area = 0.833mm^2
 |--- Data Array Area = 1484.243um x 526.554um = 0.782mm^2
 |--- Tag Array Area  = 400.067um x 127.860um = 0.051mm^2
Timing:
 - Cache Hit Latency   = 1.244ns
 - Cache Miss Latency  = 0.498ns
 - Cache Write Latency = 0.558ns
Power:
 - Cache Hit Dynamic Energy   = 0.127nJ per access
 - Cache Miss Dynamic Energy  = 0.002nJ per access
 - Cache Write Dynamic Energy = 0.123nJ per access
 - Cache Total Leakage Power  = 0.117mW
 |--- Cache Data Array Leakage Power = 0.111mW
 |--- Cache Tag Array Leakage Power  = 0.007mW

CACHE DATA ARRAY
=============
CONFIGURATION
=============
Bank Organization: 64 x 8
 - Row Activation   : 1 / 64
 - Column Activation: 8 / 8
Mat Organization: 2 x 2
 - Row Activation   : 2 / 2
 - Column Activation: 2 / 2
 - Subarray Size    : 32 Rows x 128 Columns
Mux Level:
 - Senseamp Mux      : 8
 - Output Level-1 Mux: 1
 - Output Level-2 Mux: 1
 - One set is partitioned into 1 rows
Local Wire:
 - Wire Type : Local Aggressive
 - Repeater Type: No Repeaters
 - Low Swing : No
Global Wire:
 - Wire Type : Global Aggressive
 - Repeater Type: No Repeaters
 - Low Swing : No
Buffer Design Style: Latency-Optimized
=============
   RESULT
=============
Area:
 - Total Area = 1.484mm x 526.554um = 781533.989um^2
 |--- Mat Area      = 23.191um x 65.819um = 1526.434um^2   (75.847%)
 |--- Subarray Area = 11.596um x 31.144um = 361.130um^2   (80.148%)
 - Area Efficiency = 75.847%
Timing:
 -  Read Latency = 745.964ps
 |--- H-Tree Latency = 376.215ps
 |--- Mat Latency    = 369.749ps
    |--- Predecoder Latency = 117.745ps
    |--- Subarray Latency   = 252.004ps
       |--- Row Decoder Latency = 145.039ps
       |--- Bitline Latency     = 71.214ps
       |--- Senseamp Latency    = 3.988ps
       |--- Mux Latency         = 31.764ps
       |--- Precharge Latency   = 90.313ps
 - Write Latency = 557.857ps
 |--- H-Tree Latency = 188.107ps
 |--- Mat Latency    = 369.749ps
    |--- Predecoder Latency = 117.745ps
    |--- Subarray Latency   = 252.004ps
       |--- Row Decoder Latency = 145.039ps
       |--- Charge Latency      = 28.540ps
 - Read Bandwidth  = 324.414GB/s
 - Write Bandwidth = 253.964GB/s
Power:
 -  Read Dynamic Energy = 124.565pJ
 |--- H-Tree Dynamic Energy = 118.338pJ
 |--- Mat Dynamic Energy    = 0.778pJ per mat
    |--- Predecoder Dynamic Energy = 0.024pJ
    |--- Subarray Dynamic Energy   = 0.189pJ per active subarray
       |--- Row Decoder Dynamic Energy = 0.016pJ
       |--- Mux Decoder Dynamic Energy = 0.036pJ
       |--- Senseamp Dynamic Energy    = 0.006pJ
       |--- Mux Dynamic Energy         = 0.005pJ
       |--- Precharge Dynamic Energy   = 0.054pJ
 - Write Dynamic Energy = 120.654pJ
 |--- H-Tree Dynamic Energy = 118.338pJ
 |--- Mat Dynamic Energy    = 0.289pJ per mat
    |--- Predecoder Dynamic Energy = 0.024pJ
    |--- Subarray Dynamic Energy   = 0.066pJ per active subarray
       |--- Row Decoder Dynamic Energy = 0.016pJ
       |--- Mux Decoder Dynamic Energy = 0.036pJ
       |--- Mux Dynamic Energy         = 0.005pJ
 - Leakage Power = 110.685uW
 |--- H-Tree Leakage Power = 0.000pW
 |--- Mat Leakage Power    = 216.181nW per mat

CACHE TAG ARRAY
=============
CONFIGURATION
=============
Bank Organization: 16 x 1
 - Row Activation   : 1 / 16
 - Column Activation: 1 / 1
Mat Organization: 2 x 2
 - Row Activation   : 1 / 2
 - Column Activation: 1 / 2
 - Subarray Size    : 32 Rows x 264 Columns
Mux Level:
 - Senseamp Mux      : 1
 - Output Level-1 Mux: 1
 - Output Level-2 Mux: 1
 - One set is partitioned into 1 rows
Local Wire:
 - Wire Type : Local Aggressive
 - Repeater Type: No Repeaters
 - Low Swing : No
Global Wire:
 - Wire Type : Global Aggressive
 - Repeater Type: No Repeaters
 - Low Swing : No
Buffer Design Style: Latency-Optimized
=============
   RESULT
=============
Area:
 - Total Area = 400.067um x 127.860um = 51152.388um^2
 |--- Mat Area      = 25.004um x 127.860um = 3197.024um^2   (74.691%)
 |--- Subarray Area = 12.269um x 62.058um = 761.415um^2   (78.403%)
 - Area Efficiency = 74.691%
Timing:
 -  Read Latency = 498.160ps
 |--- H-Tree Latency = 18.208ps
 |--- Mat Latency    = 479.952ps
    |--- Predecoder Latency = 132.501ps
    |--- Subarray Latency   = 287.477ps
       |--- Row Decoder Latency = 208.547ps
       |--- Bitline Latency     = 75.171ps
       |--- Senseamp Latency    = 3.759ps
       |--- Mux Latency         = 0.000ps
       |--- Precharge Latency   = 91.195ps
    |--- Comparator Latency  = 59.975ps
 - Write Latency = 429.082ps
 |--- H-Tree Latency = 9.104ps
 |--- Mat Latency    = 419.978ps
    |--- Predecoder Latency = 132.501ps
    |--- Subarray Latency   = 287.477ps
       |--- Row Decoder Latency = 208.547ps
       |--- Charge Latency      = 0.956ps
 - Read Bandwidth  = 24.247GB/s
 - Write Bandwidth = 14.349GB/s
Power:
 -  Read Dynamic Energy = 2.471pJ
 |--- H-Tree Dynamic Energy = 1.776pJ
 |--- Mat Dynamic Energy    = 0.694pJ per mat
    |--- Predecoder Dynamic Energy = 0.254pJ
    |--- Subarray Dynamic Energy   = 0.440pJ per active subarray
       |--- Row Decoder Dynamic Energy = 0.029pJ
       |--- Mux Decoder Dynamic Energy = 0.070pJ
       |--- Senseamp Dynamic Energy    = 0.090pJ
       |--- Mux Dynamic Energy         = 0.000pJ
       |--- Precharge Dynamic Energy   = 0.106pJ
 - Write Dynamic Energy = 2.274pJ
 |--- H-Tree Dynamic Energy = 1.776pJ
 |--- Mat Dynamic Energy    = 0.497pJ per mat
    |--- Predecoder Dynamic Energy = 0.254pJ
    |--- Subarray Dynamic Energy   = 0.243pJ per active subarray
       |--- Row Decoder Dynamic Energy = 0.029pJ
       |--- Mux Decoder Dynamic Energy = 0.070pJ
       |--- Mux Dynamic Energy         = 0.000pJ
 - Leakage Power = 6.762uW
 |--- H-Tree Leakage Power = 0.000pW
 |--- Mat Leakage Power    = 422.630nW per mat

Finished!
