User-defined configuration file (/Users/sudo/CodeProjects/Tufts/EECE0193/Final_Project/EXPERIMENTS/Input/Destiny/iso_capacity/Area/PCRAM/1024KB/1024KB.cfg) is loaded

====================
DESIGN SPECIFICATION
====================
Design Target: Random Access Memory
Capacity   : 1MB
Data Width : 128Bits (16Bytes)

Searching for the best solution that is optimized for area ...
Using cell file: ./cell_defs/PCRAM.cell
numSolutions = 19890 / numDesigns = 218700

=============
   SUMMARY   
=============
Optimized for: Area
Memory Cell: PCRAM (Phase-Change)
Cell Area (F^2)    : 9 (3Fx3F)
Cell Aspect Ratio  : 1
Cell Turned-On Resistance : 1Kohm
Cell Turned-Off Resistance: 1Mohm
Read Mode: Voltage-Sensing
  - Read Current: 40uA
Reset Mode: Current
  - Reset Current: 300uA
  - Reset Pulse: 40ns
Set Mode: Current
  - Set Current: 150uA
  - Set Pulse: 150ns
Access Type: CMOS

=============
CONFIGURATION
=============
Bank Organization: 64 x 32 x 16
 - Row Activation   : 1 / 64 x 1
 - Column Activation: 32 / 32 x 1
Mat Organization: 2 x 2
 - Row Activation   : 2 / 2
 - Column Activation: 2 / 2
 - Subarray Size    : 8 Rows x 8 Columns
Mux Level:
 - Senseamp Mux      : 8
 - Output Level-1 Mux: 1
 - Output Level-2 Mux: 1
Local Wire:
 - Wire Type : Local Aggressive
 - Repeater Type: No Repeaters
 - Low Swing : No
Global Wire:
 - Wire Type : Global Aggressive
 - Repeater Type: No Repeaters
 - Low Swing : No
Buffer Design Style: Latency-Optimized
=============
   RESULT
=============
Area:
 - Total Area = 404.39um x 79.7963um = 66774.8um^2
 |--- Mat Area      = 6.31859um x 2.49363um = 15.7563um^2   (113.239%)
 |--- Subarray Area = 2.36834um x 1.24682um = 2.95288um^2   (151.057%)
 |--- TSV Area      = 81um^2
 - Area Efficiency = 54.7224%
Timing:
 -  Read Latency = 184.045ps
 |--- TSV Latency    = 0.171162ps
 |--- H-Tree Latency = 21.5778ps
 |--- Mat Latency    = 162.296ps
    |--- Predecoder Latency = 53.4019ps
    |--- Subarray Latency   = 108.894ps
       |--- Row Decoder Latency = 24.6301ps
       |--- Bitline Latency     = 19.4012ps,0.978284ps,19.4012ps
       |--- Senseamp Latency    = 3.9879ps
       |--- Mux Latency         = 9.24174ps
       |--- Precharge Latency   = 14.5815ps
       |--- Read Pulse   = 0ps
 - Write Total Latency = 150.141ns
 - RESET Latency = 40.141ns
 |--- TSV Latency    = 0.0855811ps
 |--- H-Tree Latency = 10.7889ps
 |--- Mat Latency    = 40.1302ns
    |--- Predecoder Latency = 53.4019ps
    |--- Subarray Latency   = 40.0768ns
       |--- RESET Pulse Duration = 40ns
       |--- Row Decoder Latency  = 24.6301ps
       |--- Charge Latency   = 0.507956ps
 - SET Latency   = 150.141ns
 |--- TSV Latency    = 0.0855811ps
 |--- H-Tree Latency = 10.7889ps
 |--- Mat Latency    = 150.13ns
    |--- Predecoder Latency = 53.4019ps
    |--- Subarray Latency   = 150.077ns
       |--- SET Pulse Duration   = 150ns
       |--- Row Decoder Latency  = 24.6301ps
       |--- Charger Latency      = 0.507956ps
 - Read Bandwidth  = 161.869GB/s
 - Write Bandwidth = 106.612MB/s
Power:
 -  Read Dynamic Energy = 609.676pJ
 |--- TSV Dynamic Energy    = 236.167pJ
 |--- H-Tree Dynamic Energy = 7.60241pJ
 |--- Mat Dynamic Energy    = 11.4346pJ per mat
    |--- Predecoder Dynamic Energy = 0.00130243pJ
    |--- Subarray Dynamic Energy   = 2.85832pJ per active subarray
       |--- Row Decoder Dynamic Energy = 0.000414424pJ
       |--- Mux Decoder Dynamic Energy = 0.0137107pJ
       |--- Bitline & Cell Read Energy = 0.000255226pJ
       |--- Senseamp Dynamic Energy    = 0.000363496pJ
       |--- Mux Dynamic Energy         = 0.00109491pJ
       |--- Precharge Dynamic Energy   = 0.00285844pJ
 - Write Dynamic Energy = 11.7661nJ
 - RESET Dynamic Energy = 6.39001nJ
 |--- TSV Dynamic Energy    = 236.167pJ
 |--- H-Tree Dynamic Energy = 7.60241pJ
 |--- Mat Dynamic Energy    = 192.07pJ per mat
    |--- Predecoder Dynamic Energy = 0.00130243pJ
    |--- Subarray Dynamic Energy   = 90.0176pJ per active subarray
       |--- Row Decoder Dynamic Energy = 0.000414424pJ
       |--- Mux Decoder Dynamic Energy = 0.0137107pJ
       |--- Mux Dynamic Energy         = 0.00109491pJ
       |--- Cell RESET Dynamic Energy  = 48.0023pJ  0pJ
       |--- Single Cell RESET Energy  = 9.6pJ  0pJ
 - SET Dynamic Energy = 11.766nJ
 |--- H-Tree Dynamic Energy = 7.60241pJ
 |--- Mat Dynamic Energy    = 360.07pJ per mat
    |--- Predecoder Dynamic Energy = 0.00130243pJ
    |--- Subarray Dynamic Energy   = 90.0176pJ per active subarray
       |--- Row Decoder Dynamic Energy = 0.000414424pJ
       |--- Mux Decoder Dynamic Energy = 0.0137107pJ
       |--- Mux Dynamic Energy         = 0.00109491pJ
       |--- Cell SET Dynamic Energy    = 90.0023pJ  0pJ  90.0176pJ
       |--- Single Cell SET Energy  = 18pJ  0pJ
 - Leakage Power = 205.615uW
 |--- TSV Leakage              = 0pW
 |--- H-Tree Leakage Power     = 0pW
 |--- Mat Leakage Power        = 6.27487nW per mat

Finished!
