User-defined configuration file (/Users/sudo/CodeProjects/Tufts/EECE0193/Final_Project/EXPERIMENTS/Input/Destiny/ReadLatency/3D_RRAM/2048KB/2048KB.cfg) is loaded

====================
DESIGN SPECIFICATION
====================
Design Target: Random Access Memory
Capacity   : 2MB
Data Width : 128Bits (16Bytes)

Searching for the best solution that is optimized for read latency ...
Using cell file: ./cell_defs/RRAM.cell
numSolutions = 10468 / numDesigns = 218700

=============
   SUMMARY   
=============
Optimized for: Read Latency
Memory Cell: RRAM (Memristor)
Cell Area (F^2)    : 4 (2Fx2F)
Cell Aspect Ratio  : 1
Cell Turned-On Resistance : 1Mohm
Cell Turned-Off Resistance: 10Mohm
Read Mode: Current-Sensing
  - Read Voltage: 0.4V
Reset Mode: Voltage
  - Reset Voltage: 2V
  - Reset Pulse: 10ns
Set Mode: Voltage
  - Set Voltage: 2V
  - Set Pulse: 10ns
Access Type: None Access Device

=============
CONFIGURATION
=============
Bank Organization: 8 x 32 x 16
 - Row Activation   : 1 / 8 x 1
 - Column Activation: 32 / 32 x 1
Mat Organization: 2 x 2
 - Row Activation   : 2 / 2
 - Column Activation: 2 / 2
 - Subarray Size    : 64 Rows x 16 Columns
Mux Level:
 - Senseamp Mux      : 16
 - Output Level-1 Mux: 1
 - Output Level-2 Mux: 1
Local Wire:
 - Wire Type : Local Aggressive
 - Repeater Type: No Repeaters
 - Low Swing : No
Global Wire:
 - Wire Type : Global Aggressive
 - Repeater Type: No Repeaters
 - Low Swing : No
Buffer Design Style: Latency-Optimized
=============
   RESULT
=============
Area:
 - Total Area = 645.966um x 316.574um = 239083um^2
 |--- Mat Area      = 80.7458um x 9.89294um = 798.813um^2   (15.8833%)
 |--- Subarray Area = 38.3471um x 4.94647um = 189.683um^2   (16.7223%)
 |--- TSV Area      = 81um^2
 - Area Efficiency = 13.5855%
Timing:
 -  Read Latency = 1.78587ns
 |--- TSV Latency    = 0.171162ps
 |--- H-Tree Latency = 92.649ps
 |--- Mat Latency    = 1.69305ns
    |--- Predecoder Latency = 118.036ps
    |--- Subarray Latency   = 1.57501ns
       |--- Row Decoder Latency = 72.0334ps
       |--- Bitline Latency     = 0.559478ps,1.46333e+10s,9.11946e+09s
       |--- Senseamp Latency    = 1.45399ns
       |--- Mux Latency         = 48.4298ps
       |--- Precharge Latency   = 180.845ps
       |--- Read Pulse   = 0ps
 - Write Latency = 20.277ns
 |--- TSV Latency    = 0.0855811ps
 |--- H-Tree Latency = 46.3245ps
 |--- Mat Latency    = 20.2306ns
    |--- Predecoder Latency = 118.036ps
    |--- Subarray Latency   = 20.1125ns
       |--- Row Decoder Latency = 72.0334ps
       |--- Charge Latency      = 58.7728ps
 - Read Bandwidth  = 9.50219GB/s
 - Write Bandwidth = 795.524MB/s
Power:
 -  Read Dynamic Energy = 278.601pJ
 |--- TSV Dynamic Energy    = 237.176pJ
 |--- H-Tree Dynamic Energy = 20.0818pJ
 |--- Mat Dynamic Energy    = 0.666981pJ per mat
    |--- Predecoder Dynamic Energy = 0.024627pJ
    |--- Subarray Dynamic Energy   = 0.160588pJ per active subarray
       |--- Row Decoder Dynamic Energy = 0.00163678pJ
       |--- Mux Decoder Dynamic Energy = 0.00201282pJ
       |--- Bitline & Cell Read Energy = 0.000465276pJ
       |--- Senseamp Dynamic Energy    = 0.150363pJ
       |--- Mux Dynamic Energy         = 0.00051639pJ
       |--- Precharge Dynamic Energy   = 0.00559118pJ
 - Write Dynamic Energy = 661.504pJ
 |--- TSV Dynamic Energy    = 237.176pJ
 |--- H-Tree Dynamic Energy = 20.0818pJ
 |--- Mat Dynamic Energy    = 12.6327pJ per mat
    |--- Predecoder Dynamic Energy = 0.024627pJ
    |--- Subarray Dynamic Energy   = 3.15202pJ per active subarray
       |--- Row Decoder Dynamic Energy = 0.00163678pJ
       |--- Mux Decoder Dynamic Energy = 0.00201282pJ
       |--- Mux Dynamic Energy         = 0.00051639pJ
 - Leakage Power = 2.51444mW
 |--- TSV Leakage              = 0pW
 |--- H-Tree Leakage Power     = 0pW
 |--- Mat Leakage Power        = 613.876nW per mat

Finished!
