User-defined configuration file (/Users/sudo/CodeProjects/Tufts/EECE0193/Final_Project/EXPERIMENTS/Input/NVSim/iso_area/ReadLatency/STTRAM/16KB/16KB.cfg) is loaded

Memory Cell: MRAM (Magnetoresistive)
Cell Area (F^2)    : 54.000 (5.400Fx10.000F)
Cell Aspect Ratio  : 0.540
Cell Turned-On Resistance : 3.000Kohm
Cell Turned-Off Resistance: 6.000Kohm
Read Mode: Current-Sensing
  - Read Voltage: 0.250V
Reset Mode: Current
  - Reset Current: 80.000uA
  - Reset Pulse: 10.000ns
Set Mode: Current
  - Set Current: 80.000uA
  - Set Pulse: 10.000ns
Access Type: CMOS
[WARNING] Associativity setting is ignored for non-cache designs

====================
DESIGN SPECIFICATION
====================
Design Target: Random Access Memory
Capacity   : 16KB
Data Width : 128Bits (16Bytes)

Searching for the best solution that is optimized for read latency ...

=============
CONFIGURATION
=============
Bank Organization: 16 x 32
 - Row Activation   : 1 / 16
 - Column Activation: 32 / 32
Mat Organization: 2 x 2
 - Row Activation   : 2 / 2
 - Column Activation: 2 / 2
 - Subarray Size    : 8 Rows x 8 Columns
Mux Level:
 - Senseamp Mux      : 8
 - Output Level-1 Mux: 1
 - Output Level-2 Mux: 1
Local Wire:
 - Wire Type : Local Aggressive
 - Repeater Type: No Repeaters
 - Low Swing : No
Global Wire:
 - Wire Type : Global Aggressive
 - Repeater Type: No Repeaters
 - Low Swing : No
Buffer Design Style: Latency-Optimized
=============
   RESULT
=============
Area:
 - Total Area = 562.322um x 153.621um = 86384.290um^2
 |--- Mat Area      = 35.145um x 4.801um = 168.719um^2   (3.966%)
 |--- Subarray Area = 16.235um x 2.400um = 38.970um^2   (4.292%)
 - Area Efficiency = 3.966%
Timing:
 -  Read Latency = 1.648ns
 |--- H-Tree Latency = 46.742ps
 |--- Mat Latency    = 1.602ns
    |--- Predecoder Latency = 100.400ps
    |--- Subarray Latency   = 1.501ns
       |--- Row Decoder Latency = 36.008ps
       |--- Bitline Latency     = 0.015ps
       |--- Senseamp Latency    = 1.456ns
       |--- Mux Latency         = 9.242ps
       |--- Precharge Latency   = 21.559ps
 - Write Latency = 10.160ns
 |--- H-Tree Latency = 23.371ps
 |--- Mat Latency    = 10.136ns
    |--- Predecoder Latency = 100.400ps
    |--- Subarray Latency   = 10.036ns
       |--- Write Pulse Duration = 10.000ns
       |--- Row Decoder Latency = 36.008ps
       |--- Charge Latency      = 0.711ps
 - Read Bandwidth  = 10.761GB/s
 - Write Bandwidth = 1.594GB/s
Power:
 -  Read Dynamic Energy = 43.931pJ
 |--- H-Tree Dynamic Energy = 12.175pJ
 |--- Mat Dynamic Energy    = 0.992pJ per mat
    |--- Predecoder Dynamic Energy = 0.006pJ
    |--- Subarray Dynamic Energy   = 0.247pJ per active subarray
       |--- Row Decoder Dynamic Energy = 0.001pJ
       |--- Mux Decoder Dynamic Energy = 0.003pJ
       |--- Bitline & Cell Read Energy = 0.087pJ
       |--- Senseamp Dynamic Energy    = 0.150pJ
       |--- Mux Dynamic Energy         = 0.001pJ
       |--- Precharge Dynamic Energy   = 0.003pJ
 - Write Dynamic Energy = 141.192pJ
 |--- H-Tree Dynamic Energy = 12.175pJ
 |--- Mat Dynamic Energy    = 4.032pJ per mat
    |--- Predecoder Dynamic Energy = 0.006pJ
    |--- Subarray Dynamic Energy   = 1.006pJ per active subarray
       |--- Row Decoder Dynamic Energy = 0.001pJ
       |--- Mux Decoder Dynamic Energy = 0.003pJ
       |--- Mux Dynamic Energy         = 0.001pJ
       |--- Bitline & Cell Write Energy= 1.001pJ
 - Leakage Power = 308.993uW
 |--- H-Tree Leakage Power = 0.000pW
 |--- Mat Leakage Power    = 603.502nW per mat

Finished!
