User-defined configuration file (/Users/sudo/CodeProjects/Tufts/EECE0193/Final_Project/EXPERIMENTS/Input/Destiny/iso_capacity/ReadLatency/PCRAM/4096KB/4096KB.cfg) is loaded

====================
DESIGN SPECIFICATION
====================
Design Target: Random Access Memory
Capacity   : 4MB
Data Width : 128Bits (16Bytes)

Searching for the best solution that is optimized for read latency ...
Using cell file: ./cell_defs/PCRAM.cell
numSolutions = 28960 / numDesigns = 218700

=============
   SUMMARY   
=============
Optimized for: Read Latency
Memory Cell: PCRAM (Phase-Change)
Cell Area (F^2)    : 9 (3Fx3F)
Cell Aspect Ratio  : 1
Cell Turned-On Resistance : 1Kohm
Cell Turned-Off Resistance: 1Mohm
Read Mode: Voltage-Sensing
  - Read Current: 40uA
Reset Mode: Current
  - Reset Current: 300uA
  - Reset Pulse: 40ns
Set Mode: Current
  - Set Current: 150uA
  - Set Pulse: 150ns
Access Type: CMOS

=============
CONFIGURATION
=============
Bank Organization: 32 x 32 x 16
 - Row Activation   : 1 / 32 x 1
 - Column Activation: 32 / 32 x 1
Mat Organization: 2 x 2
 - Row Activation   : 2 / 2
 - Column Activation: 2 / 2
 - Subarray Size    : 64 Rows x 8 Columns
Mux Level:
 - Senseamp Mux      : 8
 - Output Level-1 Mux: 1
 - Output Level-2 Mux: 1
Local Wire:
 - Wire Type : Local Aggressive
 - Repeater Type: No Repeaters
 - Low Swing : No
Global Wire:
 - Wire Type : Global Aggressive
 - Repeater Type: No Repeaters
 - Low Swing : No
Buffer Design Style: Latency-Optimized
=============
   RESULT
=============
Area:
 - Total Area = 460.305um x 152.636um = 105008um^2
 |--- Mat Area      = 14.3845um x 4.76989um = 68.6126um^2   (208.034%)
 |--- Subarray Area = 6.06434um x 2.38494um = 14.4631um^2   (246.727%)
 |--- TSV Area      = 81um^2
 - Area Efficiency = 139.192%
Timing:
 -  Read Latency = 231.047ps
 |--- TSV Latency    = 0.171162ps
 |--- H-Tree Latency = 34.8074ps
 |--- Mat Latency    = 196.069ps
    |--- Predecoder Latency = 74.1819ps
    |--- Subarray Latency   = 121.887ps
       |--- Row Decoder Latency = 49.9457ps
       |--- Bitline Latency     = 27.8826ps,1.41189ps,27.8826ps
       |--- Senseamp Latency    = 3.9879ps
       |--- Mux Latency         = 9.24174ps
       |--- Precharge Latency   = 63.9927ps
       |--- Read Pulse   = 0ps
 - Write Total Latency = 150.175ns
 - RESET Latency = 40.1747ns
 |--- TSV Latency    = 0.0855811ps
 |--- H-Tree Latency = 17.4037ps
 |--- Mat Latency    = 40.1572ns
    |--- Predecoder Latency = 74.1819ps
    |--- Subarray Latency   = 40.083ns
       |--- RESET Pulse Duration = 40ns
       |--- Row Decoder Latency  = 49.9457ps
       |--- Charge Latency   = 2.21935ps
 - SET Latency   = 150.175ns
 |--- TSV Latency    = 0.0855811ps
 |--- H-Tree Latency = 17.4037ps
 |--- Mat Latency    = 150.157ns
    |--- Predecoder Latency = 74.1819ps
    |--- Subarray Latency   = 150.083ns
       |--- SET Pulse Duration   = 150ns
       |--- Row Decoder Latency  = 49.9457ps
       |--- Charger Latency      = 2.21935ps
 - Read Bandwidth  = 117.704GB/s
 - Write Bandwidth = 106.608MB/s
Power:
 -  Read Dynamic Energy = 1.61124nJ
 |--- TSV Dynamic Energy    = 239.195pJ
 |--- H-Tree Dynamic Energy = 11.0009pJ
 |--- Mat Dynamic Energy    = 42.5326pJ per mat
    |--- Predecoder Dynamic Energy = 0.00438939pJ
    |--- Subarray Dynamic Energy   = 10.6321pJ per active subarray
       |--- Row Decoder Dynamic Energy = 0.000655541pJ
       |--- Mux Decoder Dynamic Energy = 0.0137107pJ
       |--- Bitline & Cell Read Energy = 0.000255226pJ
       |--- Senseamp Dynamic Energy    = 0.000363496pJ
       |--- Mux Dynamic Energy         = 0.00109491pJ
       |--- Precharge Dynamic Energy   = 0.00285844pJ
 - Write Dynamic Energy = 11.7734nJ
 - RESET Dynamic Energy = 6.39735nJ
 |--- TSV Dynamic Energy    = 239.195pJ
 |--- H-Tree Dynamic Energy = 11.0009pJ
 |--- Mat Dynamic Energy    = 192.099pJ per mat
    |--- Predecoder Dynamic Energy = 0.00438939pJ
    |--- Subarray Dynamic Energy   = 90.0242pJ per active subarray
       |--- Row Decoder Dynamic Energy = 0.000655541pJ
       |--- Mux Decoder Dynamic Energy = 0.0137107pJ
       |--- Mux Dynamic Energy         = 0.00109491pJ
       |--- Cell RESET Dynamic Energy  = 48.0088pJ  0pJ
       |--- Single Cell RESET Energy  = 9.6pJ  0pJ
 - SET Dynamic Energy = 11.7734nJ
 |--- H-Tree Dynamic Energy = 11.0009pJ
 |--- Mat Dynamic Energy    = 360.099pJ per mat
    |--- Predecoder Dynamic Energy = 0.00438939pJ
    |--- Subarray Dynamic Energy   = 90.0242pJ per active subarray
       |--- Row Decoder Dynamic Energy = 0.000655541pJ
       |--- Mux Decoder Dynamic Energy = 0.0137107pJ
       |--- Mux Dynamic Energy         = 0.00109491pJ
       |--- Cell SET Dynamic Energy    = 90.0088pJ  0pJ  90.0242pJ
       |--- Single Cell SET Energy  = 18pJ  0pJ
 - Leakage Power = 175.142uW
 |--- TSV Leakage              = 0pW
 |--- H-Tree Leakage Power     = 0pW
 |--- Mat Leakage Power        = 10.6898nW per mat

Finished!
