User-defined configuration file (/Users/sudo/CodeProjects/Tufts/EECE0193/Final_Project/EXPERIMENTS/Input/NVSim/iso_capacity/WriteEDP/STTRAM/2048KB/2048KB.cfg) is loaded

Memory Cell: MRAM (Magnetoresistive)
Cell Area (F^2)    : 54.000 (5.400Fx10.000F)
Cell Aspect Ratio  : 0.540
Cell Turned-On Resistance : 3.000Kohm
Cell Turned-Off Resistance: 6.000Kohm
Read Mode: Current-Sensing
  - Read Voltage: 0.250V
Reset Mode: Current
  - Reset Current: 80.000uA
  - Reset Pulse: 10.000ns
Set Mode: Current
  - Set Current: 80.000uA
  - Set Pulse: 10.000ns
Access Type: CMOS

====================
DESIGN SPECIFICATION
====================
Design Target: Random Access Memory
Capacity   : 2MB
Data Width : 128Bits (16Bytes)

Searching for the best solution that is optimized for write energy-delay-product ...

=============
CONFIGURATION
=============
Bank Organization: 8 x 2
 - Row Activation   : 1 / 8
 - Column Activation: 2 / 2
Mat Organization: 2 x 2
 - Row Activation   : 2 / 2
 - Column Activation: 2 / 2
 - Subarray Size    : 512 Rows x 512 Columns
Mux Level:
 - Senseamp Mux      : 32
 - Output Level-1 Mux: 1
 - Output Level-2 Mux: 1
Local Wire:
 - Wire Type : Local Aggressive
 - Repeater Type: No Repeaters
 - Low Swing : No
Global Wire:
 - Wire Type : Global Aggressive
 - Repeater Type: No Repeaters
 - Low Swing : No
Buffer Design Style: Latency-Optimized
=============
   RESULT
=============
Area:
 - Total Area = 1.058mm x 527.352um = 558139.732um^2
 |--- Mat Area      = 132.298um x 263.676um = 34883.733um^2   (78.563%)
 |--- Subarray Area = 66.149um x 127.339um = 8423.354um^2   (81.338%)
 - Area Efficiency = 78.563%
Timing:
 -  Read Latency = 2.627ns
 |--- H-Tree Latency = 221.216ps
 |--- Mat Latency    = 2.406ns
    |--- Predecoder Latency = 222.313ps
    |--- Subarray Latency   = 2.183ns
       |--- Row Decoder Latency = 642.936ps
       |--- Bitline Latency     = 51.586ps
       |--- Senseamp Latency    = 1.456ns
       |--- Mux Latency         = 32.891ps
       |--- Precharge Latency   = 913.436ps
 - Write Latency = 10.976ns
 |--- H-Tree Latency = 110.608ps
 |--- Mat Latency    = 10.865ns
    |--- Predecoder Latency = 222.313ps
    |--- Subarray Latency   = 10.643ns
       |--- Write Pulse Duration = 10.000ns
       |--- Row Decoder Latency = 642.936ps
       |--- Charge Latency      = 85.567ps
 - Read Bandwidth  = 6.520GB/s
 - Write Bandwidth = 1.503GB/s
Power:
 -  Read Dynamic Energy = 55.213pJ
 |--- H-Tree Dynamic Energy = 19.721pJ
 |--- Mat Dynamic Energy    = 17.746pJ per mat
    |--- Predecoder Dynamic Energy = 0.089pJ
    |--- Subarray Dynamic Energy   = 4.414pJ per active subarray
       |--- Row Decoder Dynamic Energy = 0.095pJ
       |--- Mux Decoder Dynamic Energy = 0.218pJ
       |--- Bitline & Cell Read Energy = 1.398pJ
       |--- Senseamp Dynamic Energy    = 2.406pJ
       |--- Mux Dynamic Energy         = 0.062pJ
       |--- Precharge Dynamic Energy   = 0.202pJ
 - Write Dynamic Energy = 153.849pJ
 |--- H-Tree Dynamic Energy = 19.721pJ
 |--- Mat Dynamic Energy    = 67.064pJ per mat
    |--- Predecoder Dynamic Energy = 0.089pJ
    |--- Subarray Dynamic Energy   = 16.744pJ per active subarray
       |--- Row Decoder Dynamic Energy = 0.095pJ
       |--- Mux Decoder Dynamic Energy = 0.218pJ
       |--- Mux Dynamic Energy         = 0.062pJ
       |--- Bitline & Cell Write Energy= 16.368pJ
 - Leakage Power = 177.625uW
 |--- H-Tree Leakage Power = 0.000pW
 |--- Mat Leakage Power    = 11.102uW per mat

Finished!
