User-defined configuration file (/Users/sudo/CodeProjects/Tufts/EECE0193/Final_Project/EXPERIMENTS/Input/NVSim/iso_area/WriteEDP/STTRAM/1024KB/1024KB.cfg) is loaded

Memory Cell: MRAM (Magnetoresistive)
Cell Area (F^2)    : 54.000 (5.400Fx10.000F)
Cell Aspect Ratio  : 0.540
Cell Turned-On Resistance : 3.000Kohm
Cell Turned-Off Resistance: 6.000Kohm
Read Mode: Current-Sensing
  - Read Voltage: 0.250V
Reset Mode: Current
  - Reset Current: 80.000uA
  - Reset Pulse: 10.000ns
Set Mode: Current
  - Set Current: 80.000uA
  - Set Pulse: 10.000ns
Access Type: CMOS

====================
DESIGN SPECIFICATION
====================
Design Target: Random Access Memory
Capacity   : 1MB
Data Width : 128Bits (16Bytes)

Searching for the best solution that is optimized for write energy-delay-product ...

=============
CONFIGURATION
=============
Bank Organization: 8 x 1
 - Row Activation   : 1 / 8
 - Column Activation: 1 / 1
Mat Organization: 2 x 2
 - Row Activation   : 2 / 2
 - Column Activation: 2 / 2
 - Subarray Size    : 512 Rows x 512 Columns
Mux Level:
 - Senseamp Mux      : 16
 - Output Level-1 Mux: 1
 - Output Level-2 Mux: 1
Local Wire:
 - Wire Type : Local Aggressive
 - Repeater Type: No Repeaters
 - Low Swing : No
Global Wire:
 - Wire Type : Global Aggressive
 - Repeater Type: No Repeaters
 - Low Swing : No
Buffer Design Style: Latency-Optimized
=============
   RESULT
=============
Area:
 - Total Area = 1.114mm x 263.640um = 293691.355um^2
 |--- Mat Area      = 139.248um x 263.640um = 36711.419um^2   (74.651%)
 |--- Subarray Area = 69.624um x 127.339um = 8865.897um^2   (77.278%)
 - Area Efficiency = 74.651%
Timing:
 -  Read Latency = 2.530ns
 |--- H-Tree Latency = 139.513ps
 |--- Mat Latency    = 2.391ns
    |--- Predecoder Latency = 223.051ps
    |--- Subarray Latency   = 2.168ns
       |--- Row Decoder Latency = 643.095ps
       |--- Bitline Latency     = 51.586ps
       |--- Senseamp Latency    = 1.456ns
       |--- Mux Latency         = 17.125ps
       |--- Precharge Latency   = 913.436ps
 - Write Latency = 10.936ns
 |--- H-Tree Latency = 69.756ps
 |--- Mat Latency    = 10.866ns
    |--- Predecoder Latency = 223.051ps
    |--- Subarray Latency   = 10.643ns
       |--- Write Pulse Duration = 10.000ns
       |--- Row Decoder Latency = 643.095ps
       |--- Charge Latency      = 85.567ps
 - Read Bandwidth  = 6.562GB/s
 - Write Bandwidth = 1.503GB/s
Power:
 -  Read Dynamic Energy = 46.053pJ
 |--- H-Tree Dynamic Energy = 13.082pJ
 |--- Mat Dynamic Energy    = 32.972pJ per mat
    |--- Predecoder Dynamic Energy = 0.090pJ
    |--- Subarray Dynamic Energy   = 8.220pJ per active subarray
       |--- Row Decoder Dynamic Energy = 0.095pJ
       |--- Mux Decoder Dynamic Energy = 0.218pJ
       |--- Bitline & Cell Read Energy = 2.796pJ
       |--- Senseamp Dynamic Energy    = 4.812pJ
       |--- Mux Dynamic Energy         = 0.065pJ
       |--- Precharge Dynamic Energy   = 0.202pJ
 - Write Dynamic Energy = 145.631pJ
 |--- H-Tree Dynamic Energy = 13.082pJ
 |--- Mat Dynamic Energy    = 132.549pJ per mat
    |--- Predecoder Dynamic Energy = 0.090pJ
    |--- Subarray Dynamic Energy   = 33.115pJ per active subarray
       |--- Row Decoder Dynamic Energy = 0.095pJ
       |--- Mux Decoder Dynamic Energy = 0.218pJ
       |--- Mux Dynamic Energy         = 0.065pJ
       |--- Bitline & Cell Write Energy= 32.737pJ
 - Leakage Power = 165.278uW
 |--- H-Tree Leakage Power = 0.000pW
 |--- Mat Leakage Power    = 20.660uW per mat

Finished!
