User-defined configuration file (/Users/sudo/CodeProjects/Tufts/EECE0193/Final_Project/EXPERIMENTS/Input/Destiny/iso_area/ReadEDP/PCRAM/2048KB/2048KB.cfg) is loaded

====================
DESIGN SPECIFICATION
====================
Design Target: Random Access Memory
Capacity   : 2MB
Data Width : 128Bits (16Bytes)

Searching for the best solution that is optimized for read energy-delay-product ...
Using cell file: ./cell_defs/PCRAM.cell
numSolutions = 24237 / numDesigns = 218700

=============
   SUMMARY   
=============
Optimized for: Read Energy-Delay-Product
Memory Cell: PCRAM (Phase-Change)
Cell Area (F^2)    : 9 (3Fx3F)
Cell Aspect Ratio  : 1
Cell Turned-On Resistance : 1Kohm
Cell Turned-Off Resistance: 1Mohm
Read Mode: Voltage-Sensing
  - Read Current: 40uA
Reset Mode: Current
  - Reset Current: 300uA
  - Reset Pulse: 40ns
Set Mode: Current
  - Set Current: 150uA
  - Set Pulse: 150ns
Access Type: CMOS

=============
CONFIGURATION
=============
Bank Organization: 64 x 32 x 16
 - Row Activation   : 1 / 64 x 1
 - Column Activation: 32 / 32 x 1
Mat Organization: 2 x 2
 - Row Activation   : 2 / 2
 - Column Activation: 2 / 2
 - Subarray Size    : 32 Rows x 4 Columns
Mux Level:
 - Senseamp Mux      : 4
 - Output Level-1 Mux: 1
 - Output Level-2 Mux: 1
Local Wire:
 - Wire Type : Local Aggressive
 - Repeater Type: No Repeaters
 - Low Swing : No
Global Wire:
 - Wire Type : Global Aggressive
 - Repeater Type: No Repeaters
 - Low Swing : No
Buffer Design Style: Latency-Optimized
=============
   RESULT
=============
Area:
 - Total Area = 670.497um x 113.716um = 110833um^2
 |--- Mat Area      = 10.4765um x 3.55362um = 37.2296um^2   (95.8494%)
 |--- Subarray Area = 4.38559um x 1.77681um = 7.79236um^2   (114.485%)
 |--- TSV Area      = 81um^2
 - Area Efficiency = 65.9383%
Timing:
 -  Read Latency = 188.513ps
 |--- TSV Latency    = 0.171162ps
 |--- H-Tree Latency = 57.2328ps
 |--- Mat Latency    = 131.109ps
    |--- Predecoder Latency = 65.6217ps
    |--- Subarray Latency   = 65.4874ps
       |--- Row Decoder Latency = 40.4756ps
       |--- Bitline Latency     = 15.9704ps,0.80674ps,15.9704ps
       |--- Senseamp Latency    = 3.80391ps
       |--- Mux Latency         = 5.23757ps
       |--- Precharge Latency   = 35.8465ps
       |--- Read Pulse   = 0ps
 - Write Total Latency = 150.135ns
 - RESET Latency = 40.1348ns
 |--- TSV Latency    = 0.0855811ps
 |--- H-Tree Latency = 28.6164ps
 |--- Mat Latency    = 40.1061ns
    |--- Predecoder Latency = 65.6217ps
    |--- Subarray Latency   = 40.0405ns
       |--- RESET Pulse Duration = 40ns
       |--- Row Decoder Latency  = 40.4756ps
       |--- Charge Latency   = 1.19118ps
 - SET Latency   = 150.135ns
 |--- TSV Latency    = 0.0855811ps
 |--- H-Tree Latency = 28.6164ps
 |--- Mat Latency    = 150.106ns
    |--- Predecoder Latency = 65.6217ps
    |--- Subarray Latency   = 150.04ns
       |--- SET Pulse Duration   = 150ns
       |--- Row Decoder Latency  = 40.4756ps
       |--- Charger Latency      = 1.19118ps
 - Read Bandwidth  = 262.906GB/s
 - Write Bandwidth = 106.638MB/s
Power:
 -  Read Dynamic Energy = 645.418pJ
 |--- TSV Dynamic Energy    = 237.176pJ
 |--- H-Tree Dynamic Energy = 12.2543pJ
 |--- Mat Dynamic Energy    = 12.3746pJ per mat
    |--- Predecoder Dynamic Energy = 0.00340556pJ
    |--- Subarray Dynamic Energy   = 3.0928pJ per active subarray
       |--- Row Decoder Dynamic Energy = 0.000423817pJ
       |--- Mux Decoder Dynamic Energy = 0.00415385pJ
       |--- Bitline & Cell Read Energy = 0.00024345pJ
       |--- Senseamp Dynamic Energy    = 0.000346726pJ
       |--- Mux Dynamic Energy         = 0.000620515pJ
       |--- Precharge Dynamic Energy   = 0.00145566pJ
 - Write Dynamic Energy = 11.7709nJ
 - RESET Dynamic Energy = 6.3948nJ
 |--- TSV Dynamic Energy    = 237.176pJ
 |--- H-Tree Dynamic Energy = 12.2543pJ
 |--- Mat Dynamic Energy    = 192.043pJ per mat
    |--- Predecoder Dynamic Energy = 0.00340556pJ
    |--- Subarray Dynamic Energy   = 90.0103pJ per active subarray
       |--- Row Decoder Dynamic Energy = 0.000423817pJ
       |--- Mux Decoder Dynamic Energy = 0.00415385pJ
       |--- Mux Dynamic Energy         = 0.000620515pJ
       |--- Cell RESET Dynamic Energy  = 48.0051pJ  0pJ
       |--- Single Cell RESET Energy  = 9.6pJ  0pJ
 - SET Dynamic Energy = 11.7708nJ
 |--- H-Tree Dynamic Energy = 12.2543pJ
 |--- Mat Dynamic Energy    = 360.043pJ per mat
    |--- Predecoder Dynamic Energy = 0.00340556pJ
    |--- Subarray Dynamic Energy   = 90.0103pJ per active subarray
       |--- Row Decoder Dynamic Energy = 0.000423817pJ
       |--- Mux Decoder Dynamic Energy = 0.00415385pJ
       |--- Mux Dynamic Energy         = 0.000620515pJ
       |--- Cell SET Dynamic Energy    = 90.0051pJ  0pJ  90.0103pJ
       |--- Single Cell SET Energy  = 18pJ  0pJ
 - Leakage Power = 99.7694uW
 |--- TSV Leakage              = 0pW
 |--- H-Tree Leakage Power     = 0pW
 |--- Mat Leakage Power        = 3.04472nW per mat

Finished!
