User-defined configuration file (/Users/sudo/CodeProjects/Tufts/EECE0193/Final_Project/EXPERIMENTS/Input/Destiny/iso_capacity/WriteLatency/PCRAM/2048KB/2048KB.cfg) is loaded

====================
DESIGN SPECIFICATION
====================
Design Target: Random Access Memory
Capacity   : 2MB
Data Width : 128Bits (16Bytes)

Searching for the best solution that is optimized for write latency ...
Using cell file: ./cell_defs/PCRAM.cell
numSolutions = 24237 / numDesigns = 218700

=============
   SUMMARY   
=============
Optimized for: Write Latency
Memory Cell: PCRAM (Phase-Change)
Cell Area (F^2)    : 9 (3Fx3F)
Cell Aspect Ratio  : 1
Cell Turned-On Resistance : 1Kohm
Cell Turned-Off Resistance: 1Mohm
Read Mode: Voltage-Sensing
  - Read Current: 40uA
Reset Mode: Current
  - Reset Current: 300uA
  - Reset Pulse: 40ns
Set Mode: Current
  - Set Current: 150uA
  - Set Pulse: 150ns
Access Type: CMOS

=============
CONFIGURATION
=============
Bank Organization: 32 x 32 x 16
 - Row Activation   : 1 / 32 x 1
 - Column Activation: 32 / 32 x 1
Mat Organization: 2 x 2
 - Row Activation   : 2 / 2
 - Column Activation: 2 / 2
 - Subarray Size    : 64 Rows x 4 Columns
Mux Level:
 - Senseamp Mux      : 4
 - Output Level-1 Mux: 1
 - Output Level-2 Mux: 1
Local Wire:
 - Wire Type : Local Aggressive
 - Repeater Type: No Repeaters
 - Low Swing : No
Global Wire:
 - Wire Type : Global Aggressive
 - Repeater Type: No Repeaters
 - Low Swing : No
Buffer Design Style: Latency-Optimized
=============
   RESULT
=============
Area:
 - Total Area = 483.028um x 113.716um = 89514.9um^2
 |--- Mat Area      = 15.0946um x 3.55362um = 53.6406um^2   (133.05%)
 |--- Subarray Area = 6.49759um x 1.77681um = 11.545um^2   (154.545%)
 |--- TSV Area      = 81um^2
 - Area Efficiency = 81.6417%
Timing:
 -  Read Latency = 177.515ps
 |--- TSV Latency    = 0.171162ps
 |--- H-Tree Latency = 32.5219ps
 |--- Mat Latency    = 144.821ps
    |--- Predecoder Latency = 73.5686ps
    |--- Subarray Latency   = 71.2529ps
       |--- Row Decoder Latency = 41.3954ps
       |--- Bitline Latency     = 20.816ps,1.05367ps,20.816ps
       |--- Senseamp Latency    = 3.80391ps
       |--- Mux Latency         = 5.23757ps
       |--- Precharge Latency   = 63.6229ps
       |--- Read Pulse   = 0ps
 - Write Total Latency = 150.132ns
 - RESET Latency = 40.1323ns
 |--- TSV Latency    = 0.0855811ps
 |--- H-Tree Latency = 16.261ps
 |--- Mat Latency    = 40.1159ns
    |--- Predecoder Latency = 73.5686ps
    |--- Subarray Latency   = 40.0423ns
       |--- RESET Pulse Duration = 40ns
       |--- Row Decoder Latency  = 41.3954ps
       |--- Charge Latency   = 2.21935ps
 - SET Latency   = 150.132ns
 |--- TSV Latency    = 0.0855811ps
 |--- H-Tree Latency = 16.261ps
 |--- Mat Latency    = 150.116ns
    |--- Predecoder Latency = 73.5686ps
    |--- Subarray Latency   = 150.042ns
       |--- SET Pulse Duration   = 150ns
       |--- Row Decoder Latency  = 41.3954ps
       |--- Charger Latency      = 2.21935ps
 - Read Bandwidth  = 171.159GB/s
 - Write Bandwidth = 106.637MB/s
Power:
 -  Read Dynamic Energy = 927.508pJ
 |--- TSV Dynamic Energy    = 237.176pJ
 |--- H-Tree Dynamic Energy = 10.0284pJ
 |--- Mat Dynamic Energy    = 21.2595pJ per mat
    |--- Predecoder Dynamic Energy = 0.00428695pJ
    |--- Subarray Dynamic Energy   = 5.3138pJ per active subarray
       |--- Row Decoder Dynamic Energy = 0.000423817pJ
       |--- Mux Decoder Dynamic Energy = 0.00415385pJ
       |--- Bitline & Cell Read Energy = 0.00024345pJ
       |--- Senseamp Dynamic Energy    = 0.000346726pJ
       |--- Mux Dynamic Energy         = 0.000620515pJ
       |--- Precharge Dynamic Energy   = 0.00145566pJ
 - Write Dynamic Energy = 11.7691nJ
 - RESET Dynamic Energy = 6.39308nJ
 |--- TSV Dynamic Energy    = 237.176pJ
 |--- H-Tree Dynamic Energy = 10.0284pJ
 |--- Mat Dynamic Energy    = 192.058pJ per mat
    |--- Predecoder Dynamic Energy = 0.00428695pJ
    |--- Subarray Dynamic Energy   = 90.014pJ per active subarray
       |--- Row Decoder Dynamic Energy = 0.000423817pJ
       |--- Mux Decoder Dynamic Energy = 0.00415385pJ
       |--- Mux Dynamic Energy         = 0.000620515pJ
       |--- Cell RESET Dynamic Energy  = 48.0088pJ  0pJ
       |--- Single Cell RESET Energy  = 9.6pJ  0pJ
 - SET Dynamic Energy = 11.7691nJ
 |--- H-Tree Dynamic Energy = 10.0284pJ
 |--- Mat Dynamic Energy    = 360.058pJ per mat
    |--- Predecoder Dynamic Energy = 0.00428695pJ
    |--- Subarray Dynamic Energy   = 90.014pJ per active subarray
       |--- Row Decoder Dynamic Energy = 0.000423817pJ
       |--- Mux Decoder Dynamic Energy = 0.00415385pJ
       |--- Mux Dynamic Energy         = 0.000620515pJ
       |--- Cell SET Dynamic Energy    = 90.0088pJ  0pJ  90.014pJ
       |--- Single Cell SET Energy  = 18pJ  0pJ
 - Leakage Power = 81.8684uW
 |--- TSV Leakage              = 0pW
 |--- H-Tree Leakage Power     = 0pW
 |--- Mat Leakage Power        = 4.99685nW per mat

Finished!
