User-defined configuration file (/Users/sudo/CodeProjects/Tufts/EECE0193/Final_Project/EXPERIMENTS/Input/NVSim/Area/RRAM/16KB/16KB.cfg) is loaded

Memory Cell: RRAM (Memristor)
Cell Area (F^2)    : 4.000 (2.000Fx2.000F)
Cell Aspect Ratio  : 1.000
Cell Turned-On Resistance : 1.000Mohm
Cell Turned-Off Resistance: 10.000Mohm
Read Mode: Current-Sensing
  - Read Voltage: 0.400V
Reset Mode: Voltage
  - Reset Voltage: 2.000V
  - Reset Pulse: 10.000ns
Set Mode: Voltage
  - Set Voltage: 2.000V
  - Set Pulse: 10.000ns
Access Type: None Access Device

====================
DESIGN SPECIFICATION
====================
Design Target: Random Access Memory
Capacity   : 16KB
Data Width : 128Bits (16Bytes)

Searching for the best solution that is optimized for area ...

=============
CONFIGURATION
=============
Bank Organization: 1 x 2
 - Row Activation   : 1 / 1
 - Column Activation: 2 / 2
Mat Organization: 2 x 2
 - Row Activation   : 2 / 2
 - Column Activation: 2 / 2
 - Subarray Size    : 32 Rows x 512 Columns
Mux Level:
 - Senseamp Mux      : 32
 - Output Level-1 Mux: 1
 - Output Level-2 Mux: 1
Local Wire:
 - Wire Type : Local Aggressive
 - Repeater Type: No Repeaters
 - Low Swing : No
Global Wire:
 - Wire Type : Global Aggressive
 - Repeater Type: No Repeaters
 - Low Swing : No
Buffer Design Style: Latency-Optimized
=============
   RESULT
=============
Area:
 - Total Area = 39.901um x 214.121um = 8543.669um^2
 |--- Mat Area      = 39.901um x 107.061um = 4271.835um^2   (2.970%)
 |--- Subarray Area = 19.951um x 51.568um = 1028.811um^2   (3.083%)
 - Area Efficiency = 2.970%
Timing:
 -  Read Latency = 1.915ns
 |--- H-Tree Latency = 15.708ps
 |--- Mat Latency    = 1.899ns
    |--- Predecoder Latency = 131.474ps
    |--- Subarray Latency   = 1.768ns
       |--- Row Decoder Latency = 208.621ps
       |--- Bitline Latency     = 0.140ps
       |--- Senseamp Latency    = 1.454ns
       |--- Mux Latency         = 81.762ps
       |--- Precharge Latency   = 96.320ps
 - Write Latency = 20.430ns
 |--- H-Tree Latency = 7.854ps
 |--- Mat Latency    = 20.422ns
    |--- Predecoder Latency = 131.474ps
    |--- Subarray Latency   = 20.291ns
       |--- Row Decoder Latency = 208.621ps
       |--- Charge Latency      = 29.560ps
 - Read Bandwidth  = 9.666GB/s
 - Write Bandwidth = 788.535MB/s
Power:
 -  Read Dynamic Energy = 25.507pJ
 |--- H-Tree Dynamic Energy = 2.784pJ
 |--- Mat Dynamic Energy    = 11.361pJ per mat
    |--- Predecoder Dynamic Energy = 0.038pJ
    |--- Subarray Dynamic Energy   = 2.831pJ per active subarray
       |--- Row Decoder Dynamic Energy = 0.045pJ
       |--- Mux Decoder Dynamic Energy = 0.173pJ
       |--- Bitline & Cell Read Energy = 0.007pJ
       |--- Senseamp Dynamic Energy    = 2.406pJ
       |--- Mux Dynamic Energy         = 0.014pJ
       |--- Precharge Dynamic Energy   = 0.186pJ
 - Write Dynamic Energy = 83.556pJ
 |--- H-Tree Dynamic Energy = 2.784pJ
 |--- Mat Dynamic Energy    = 40.386pJ per mat
    |--- Predecoder Dynamic Energy = 0.038pJ
    |--- Subarray Dynamic Energy   = 10.087pJ per active subarray
       |--- Row Decoder Dynamic Energy = 0.045pJ
       |--- Mux Decoder Dynamic Energy = 0.173pJ
       |--- Mux Dynamic Energy         = 0.014pJ
 - Leakage Power = 19.587uW
 |--- H-Tree Leakage Power = 0.000pW
 |--- Mat Leakage Power    = 9.794uW per mat

Finished!
