User-defined configuration file (/Users/sudo/CodeProjects/Tufts/EECE0193/Final_Project/EXPERIMENTS/Input/NVSim/iso_area/ReadDynamicEnergy/STTRAM/32KB/32KB.cfg) is loaded

Memory Cell: MRAM (Magnetoresistive)
Cell Area (F^2)    : 54.000 (5.400Fx10.000F)
Cell Aspect Ratio  : 0.540
Cell Turned-On Resistance : 3.000Kohm
Cell Turned-Off Resistance: 6.000Kohm
Read Mode: Current-Sensing
  - Read Voltage: 0.250V
Reset Mode: Current
  - Reset Current: 80.000uA
  - Reset Pulse: 10.000ns
Set Mode: Current
  - Set Current: 80.000uA
  - Set Pulse: 10.000ns
Access Type: CMOS

====================
DESIGN SPECIFICATION
====================
Design Target: Random Access Memory
Capacity   : 32KB
Data Width : 128Bits (16Bytes)

Searching for the best solution that is optimized for read energy ...

=============
CONFIGURATION
=============
Bank Organization: 1 x 1
 - Row Activation   : 1 / 1
 - Column Activation: 1 / 1
Mat Organization: 2 x 2
 - Row Activation   : 2 / 2
 - Column Activation: 2 / 2
 - Subarray Size    : 1024 Rows x 64 Columns
Mux Level:
 - Senseamp Mux      : 2
 - Output Level-1 Mux: 1
 - Output Level-2 Mux: 1
Local Wire:
 - Wire Type : Local Aggressive
 - Repeater Type: No Repeaters
 - Low Swing : No
Global Wire:
 - Wire Type : Global Aggressive
 - Repeater Type: No Repeaters
 - Low Swing : No
Buffer Design Style: Latency-Optimized
=============
   RESULT
=============
Area:
 - Total Area = 368.588um x 45.190um = 16656.354um^2
 |--- Mat Area      = 368.588um x 45.190um = 16656.354um^2   (41.134%)
 |--- Subarray Area = 179.104um x 22.595um = 4046.826um^2   (42.326%)
 - Area Efficiency = 41.134%
Timing:
 -  Read Latency = 2.014ns
 |--- H-Tree Latency = 0.000ps
 |--- Mat Latency    = 2.014ns
    |--- Predecoder Latency = 224.056ps
    |--- Subarray Latency   = 1.790ns
       |--- Row Decoder Latency = 145.802ps
       |--- Bitline Latency     = 184.920ps
       |--- Senseamp Latency    = 1.456ns
       |--- Mux Latency         = 3.330ps
       |--- Precharge Latency   = 1.931ns
 - Write Latency = 10.623ns
 |--- H-Tree Latency = 0.000ps
 |--- Mat Latency    = 10.623ns
    |--- Predecoder Latency = 224.056ps
    |--- Subarray Latency   = 10.399ns
       |--- Write Pulse Duration = 10.000ns
       |--- Row Decoder Latency = 145.802ps
       |--- Charge Latency      = 290.191ps
 - Read Bandwidth  = 4.475GB/s
 - Write Bandwidth = 1.539GB/s
Power:
 -  Read Dynamic Energy = 30.955pJ
 |--- H-Tree Dynamic Energy = 0.000pJ
 |--- Mat Dynamic Energy    = 30.955pJ per mat
    |--- Predecoder Dynamic Energy = 0.093pJ
    |--- Subarray Dynamic Energy   = 7.716pJ per active subarray
       |--- Row Decoder Dynamic Energy = 0.016pJ
       |--- Mux Decoder Dynamic Energy = 0.035pJ
       |--- Bitline & Cell Read Energy = 2.796pJ
       |--- Senseamp Dynamic Energy    = 4.812pJ
       |--- Mux Dynamic Energy         = 0.013pJ
       |--- Precharge Dynamic Energy   = 0.028pJ
 - Write Dynamic Energy = 134.203pJ
 |--- H-Tree Dynamic Energy = 0.000pJ
 |--- Mat Dynamic Energy    = 134.203pJ per mat
    |--- Predecoder Dynamic Energy = 0.093pJ
    |--- Subarray Dynamic Energy   = 33.528pJ per active subarray
       |--- Row Decoder Dynamic Energy = 0.016pJ
       |--- Mux Decoder Dynamic Energy = 0.035pJ
       |--- Mux Dynamic Energy         = 0.013pJ
       |--- Bitline & Cell Write Energy= 33.464pJ
 - Leakage Power = 20.557uW
 |--- H-Tree Leakage Power = 0.000pW
 |--- Mat Leakage Power    = 20.557uW per mat

Finished!
