User-defined configuration file (/Users/sudo/CodeProjects/Tufts/EECE0193/Final_Project/EXPERIMENTS/Input/NVSim/iso_area/WriteLatency/RRAM/16KB/16KB.cfg) is loaded

Memory Cell: RRAM (Memristor)
Cell Area (F^2)    : 4.000 (2.000Fx2.000F)
Cell Aspect Ratio  : 1.000
Cell Turned-On Resistance : 1.000Mohm
Cell Turned-Off Resistance: 10.000Mohm
Read Mode: Current-Sensing
  - Read Voltage: 0.400V
Reset Mode: Voltage
  - Reset Voltage: 2.000V
  - Reset Pulse: 10.000ns
Set Mode: Voltage
  - Set Voltage: 2.000V
  - Set Pulse: 10.000ns
Access Type: None Access Device

====================
DESIGN SPECIFICATION
====================
Design Target: Random Access Memory
Capacity   : 16KB
Data Width : 128Bits (16Bytes)

Searching for the best solution that is optimized for write latency ...

=============
CONFIGURATION
=============
Bank Organization: 16 x 32
 - Row Activation   : 1 / 16
 - Column Activation: 32 / 32
Mat Organization: 2 x 2
 - Row Activation   : 2 / 2
 - Column Activation: 2 / 2
 - Subarray Size    : 2 Rows x 32 Columns
Mux Level:
 - Senseamp Mux      : 32
 - Output Level-1 Mux: 1
 - Output Level-2 Mux: 1
Local Wire:
 - Wire Type : Local Aggressive
 - Repeater Type: No Repeaters
 - Low Swing : No
Global Wire:
 - Wire Type : Global Aggressive
 - Repeater Type: No Repeaters
 - Low Swing : No
Buffer Design Style: Latency-Optimized
=============
   RESULT
=============
Area:
 - Total Area = 621.350um x 228.253um = 141825.153um^2
 |--- Mat Area      = 38.834um x 7.133um = 277.002um^2   (0.179%)
 |--- Subarray Area = 18.631um x 3.566um = 66.445um^2   (0.186%)
 - Area Efficiency = 0.179%
Timing:
 -  Read Latency = 1.738ns
 |--- H-Tree Latency = 67.698ps
 |--- Mat Latency    = 1.670ns
    |--- Predecoder Latency = 67.590ps
    |--- Subarray Latency   = 1.603ns
       |--- Row Decoder Latency = 43.540ps
       |--- Bitline Latency     = 0.001ps
       |--- Senseamp Latency    = 1.454ns
       |--- Mux Latency         = 81.762ps
       |--- Precharge Latency   = 12.662ps
 - Write Latency = 20.173ns
 |--- H-Tree Latency = 33.849ps
 |--- Mat Latency    = 20.140ns
    |--- Predecoder Latency = 67.590ps
    |--- Subarray Latency   = 20.072ns
       |--- Row Decoder Latency = 43.540ps
       |--- Charge Latency      = 2.428ps
 - Read Bandwidth  = 10.178GB/s
 - Write Bandwidth = 797.131MB/s
Power:
 -  Read Dynamic Energy = 37.159pJ
 |--- H-Tree Dynamic Energy = 15.063pJ
 |--- Mat Dynamic Energy    = 0.691pJ per mat
    |--- Predecoder Dynamic Energy = 0.007pJ
    |--- Subarray Dynamic Energy   = 0.171pJ per active subarray
       |--- Row Decoder Dynamic Energy = 0.002pJ
       |--- Mux Decoder Dynamic Energy = 0.004pJ
       |--- Bitline & Cell Read Energy = 0.000pJ
       |--- Senseamp Dynamic Energy    = 0.150pJ
       |--- Mux Dynamic Energy         = 0.001pJ
       |--- Precharge Dynamic Energy   = 0.013pJ
 - Write Dynamic Energy = 93.304pJ
 |--- H-Tree Dynamic Energy = 15.063pJ
 |--- Mat Dynamic Energy    = 2.445pJ per mat
    |--- Predecoder Dynamic Energy = 0.007pJ
    |--- Subarray Dynamic Energy   = 0.609pJ per active subarray
       |--- Row Decoder Dynamic Energy = 0.002pJ
       |--- Mux Decoder Dynamic Energy = 0.004pJ
       |--- Mux Dynamic Energy         = 0.001pJ
 - Leakage Power = 310.675uW
 |--- H-Tree Leakage Power = 0.000pW
 |--- Mat Leakage Power    = 606.787nW per mat

Finished!
