User-defined configuration file (/Users/sudo/CodeProjects/Tufts/EECE0193/Final_Project/EXPERIMENTS/Input/Destiny/Area/RRAM_MLC/512KB/512KB.cfg) is loaded

====================
DESIGN SPECIFICATION
====================
Design Target: Random Access Memory
Capacity   : 1024KB
Data Width : 256Bits (32Bytes)

Searching for the best solution that is optimized for area ...
Using cell file: ./cell_defs/RRAM_MLC.cell
numSolutions = 5499 / numDesigns = 43740

=============
   SUMMARY   
=============
Optimized for: Area
Memory Cell: RRAM (Memristor)
Cell Area (F^2)    : 20 (4.47214Fx4.47214F)
Cell Aspect Ratio  : 1
Cell Turned-On Resistance : 1Mohm
Cell Turned-Off Resistance: 10Mohm
Read Mode: Current-Sensing
  - Read Voltage: 0.3V
Reset Mode: Voltage
  - Reset Voltage: 2.5V
  - Reset Pulse: 5ns
Set Mode: Current
  - Set Current: 25uA
  - Set Pulse: 5ns
Access Type: CMOS

=============
CONFIGURATION
=============
Bank Organization: 256 x 8
 - Row Activation   : 1 / 256
 - Column Activation: 8 / 8
Mat Organization: 2 x 2
 - Row Activation   : 2 / 2
 - Column Activation: 2 / 2
 - Subarray Size    : 1 Rows x 512 Columns
Mux Level:
 - Senseamp Mux      : 128
 - Output Level-1 Mux: 1
 - Output Level-2 Mux: 1
Local Wire:
 - Wire Type : Local Aggressive
 - Repeater Type: No Repeaters
 - Low Swing : No
Global Wire:
 - Wire Type : Global Aggressive
 - Repeater Type: No Repeaters
 - Low Swing : No
Buffer Design Style: Latency-Optimized
=============
   RESULT
=============
Area:
 - Total Area = 1.64206mm x 996.843um = 1.63687mm^2
 |--- Mat Area      = 6.41429um x 124.605um = 799.255um^2   (2.48039%)
 |--- Subarray Area = 3.20715um x 61.3049um = 196.614um^2   (2.52076%)
 - Area Efficiency = 2.48039%
Timing:
 -  Read Latency = 820.944ps
 |--- H-Tree Latency = 754.794ps
 |--- Mat Latency    = 66.1495ps
    |--- Predecoder Latency = 66.1495ps
    |--- Subarray Latency   = 0ps
       |--- Row Decoder Latency = 218.694ps
       |--- Bitline Latency     = 0.000377185ps,1.61274e+10s,1.47894e+10s
       |--- Senseamp Latency    = 1.45399ns
       |--- Mux Latency         = 281.756ps
       |--- Precharge Latency   = 9.35672ps
       |--- Read Pulse   = 2ns
 - Write Total Latency = 443.547ps
 - RESET Latency = 443.547ps
 |--- H-Tree Latency = 377.397ps
 |--- Mat Latency    = 66.1495ps
    |--- Predecoder Latency = 66.1495ps
    |--- Subarray Latency   = 0ps
       |--- RESET Pulse Duration = 5ns
       |--- Row Decoder Latency  = 218.694ps
       |--- Charge Latency   = 1.18378ps
 - SET Latency   = 443.547ps
 |--- H-Tree Latency = 377.397ps
 |--- Mat Latency    = 66.1495ps
    |--- Predecoder Latency = 66.1495ps
    |--- Subarray Latency   = 0ps
       |--- SET Pulse Duration   = 5ns
       |--- Row Decoder Latency  = 218.694ps
       |--- Charger Latency      = 1.18378ps
 - Read Bandwidth  = -7.64318e+10B/s
 - Write Bandwidth = infTB/s
Power:
 -  Read Dynamic Energy = 76.3752pJ
 |--- H-Tree Dynamic Energy = 45.8047pJ
 |--- Mat Dynamic Energy    = 3.82131pJ per mat
    |--- Predecoder Dynamic Energy = 0.0011613pJ
    |--- Subarray Dynamic Energy   = 0.955038pJ per active subarray
       |--- Row Decoder Dynamic Energy = 0.033769pJ
       |--- Mux Decoder Dynamic Energy = 0.116899pJ
       |--- Bitline & Cell Read Energy = 0pJ
       |--- Senseamp Dynamic Energy    = 0.601454pJ
       |--- Mux Dynamic Energy         = 0.0120171pJ
       |--- Precharge Dynamic Energy   = 0.190897pJ
 - Write Dynamic Energy = 51.0199pJ
 - RESET Dynamic Energy = 49.9393pJ
 |--- H-Tree Dynamic Energy = 45.8047pJ
 |--- Mat Dynamic Energy    = 0.516826pJ per mat
    |--- Predecoder Dynamic Energy = 0.0011613pJ
    |--- Subarray Dynamic Energy   = 0.162685pJ per active subarray
       |--- Row Decoder Dynamic Energy = 0.033769pJ
       |--- Mux Decoder Dynamic Energy = 0.116899pJ
       |--- Mux Dynamic Energy         = 0.0120171pJ
       |--- Cell RESET Dynamic Energy  = 0pJ  0pJ
       |--- Single Cell RESET Energy  = 0.029375pJ  -0pJ
 - SET Dynamic Energy = 49.9393pJ
 |--- H-Tree Dynamic Energy = 45.8047pJ
 |--- Mat Dynamic Energy    = 0.516826pJ per mat
    |--- Predecoder Dynamic Energy = 0.0011613pJ
    |--- Subarray Dynamic Energy   = 0.162685pJ per active subarray
       |--- Row Decoder Dynamic Energy = 0.033769pJ
       |--- Mux Decoder Dynamic Energy = 0.116899pJ
       |--- Mux Dynamic Energy         = 0.0120171pJ
       |--- Cell SET Dynamic Energy    = 0pJ  0pJ  0.162685pJ
       |--- Single Cell SET Energy  = 0.1pJ  0pJ
 - Leakage Power = 5.52353mW
 |--- H-Tree Leakage Power     = 0pW
 |--- Mat Leakage Power        = 2.69704uW per mat

Finished!
