User-defined configuration file (/Users/sudo/CodeProjects/Tufts/EECE0193/Final_Project/EXPERIMENTS/Input/Destiny/Area/STTRAM/2048KB/2048KB.cfg) is loaded

====================
DESIGN SPECIFICATION
====================
Design Target: Random Access Memory
Capacity   : 2MB
Data Width : 128Bits (16Bytes)

Searching for the best solution that is optimized for area ...
Using cell file: ./cell_defs/STTRAM.cell
numSolutions = 32967 / numDesigns = 218700

=============
   SUMMARY   
=============
Optimized for: Area
Memory Cell: MRAM (Magnetoresistive)
Cell Area (F^2)    : 54 (5.4Fx10F)
Cell Aspect Ratio  : 0.54
Cell Turned-On Resistance : 3Kohm
Cell Turned-Off Resistance: 6Kohm
Read Mode: Current-Sensing
  - Read Voltage: 0.25V
Reset Mode: Current
  - Reset Current: 80uA
  - Reset Pulse: 10ns
Set Mode: Current
  - Set Current: 80uA
  - Set Pulse: 10ns
Access Type: CMOS

=============
CONFIGURATION
=============
Bank Organization: 16 x 32 x 16
 - Row Activation   : 1 / 16 x 1
 - Column Activation: 32 / 32 x 1
Mat Organization: 2 x 2
 - Row Activation   : 2 / 2
 - Column Activation: 2 / 2
 - Subarray Size    : 64 Rows x 8 Columns
Mux Level:
 - Senseamp Mux      : 8
 - Output Level-1 Mux: 1
 - Output Level-2 Mux: 1
Local Wire:
 - Wire Type : Local Aggressive
 - Repeater Type: No Repeaters
 - Low Swing : No
Global Wire:
 - Wire Type : Global Aggressive
 - Repeater Type: No Repeaters
 - Low Swing : No
Buffer Design Style: Latency-Optimized
=============
   RESULT
=============
Area:
 - Total Area = 794.367um x 218.507um = 208162um^2
 |--- Mat Area      = 49.648um x 6.82834um = 339.013um^2   (252.623%)
 |--- Subarray Area = 22.8882um x 3.41417um = 78.1443um^2   (273.988%)
 |--- TSV Area      = 81um^2
 - Area Efficiency = 210.648%
Timing:
 -  Read Latency = 1.74211ns
 |--- TSV Latency    = 0.171162ps
 |--- H-Tree Latency = 93.5755ps
 |--- Mat Latency    = 1.64836ns
    |--- Predecoder Latency = 107.315ps
    |--- Subarray Latency   = 1.54105ns
       |--- Row Decoder Latency = 74.8911ps
       |--- Bitline Latency     = 0.91323ps,1.46333e+10s,1.05788e+10s
       |--- Senseamp Latency    = 1.456ns
       |--- Mux Latency         = 9.24174ps
       |--- Precharge Latency   = 115.565ps
       |--- Read Pulse   = 0ps
 - Write Total Latency = 10.2291ns
 - RESET Latency = 10.2291ns
 |--- TSV Latency    = 0.0855811ps
 |--- H-Tree Latency = 46.7877ps
 |--- Mat Latency    = 10.1822ns
    |--- Predecoder Latency = 107.315ps
    |--- Subarray Latency   = 10.0749ns
       |--- RESET Pulse Duration = 10ns
       |--- Row Decoder Latency  = 74.8911ps
       |--- Charge Latency   = 4.42852ps
 - SET Latency   = 10.2291ns
 |--- TSV Latency    = 0.0855811ps
 |--- H-Tree Latency = 46.7877ps
 |--- Mat Latency    = 10.1822ns
    |--- Predecoder Latency = 107.315ps
    |--- Subarray Latency   = 10.0749ns
       |--- SET Pulse Duration   = 10ns
       |--- Row Decoder Latency  = 74.8911ps
       |--- Charger Latency      = 4.42852ps
 - Read Bandwidth  = 10.1156GB/s
 - Write Bandwidth = 1.58811GB/s
Power:
 -  Read Dynamic Energy = 287.749pJ
 |--- TSV Dynamic Energy    = 237.176pJ
 |--- H-Tree Dynamic Energy = 18.4469pJ
 |--- Mat Dynamic Energy    = 1.00392pJ per mat
    |--- Predecoder Dynamic Energy = 0.0161514pJ
    |--- Subarray Dynamic Energy   = 0.246943pJ per active subarray
       |--- Row Decoder Dynamic Energy = 0.00182275pJ
       |--- Mux Decoder Dynamic Energy = 0.00319957pJ
       |--- Bitline & Cell Read Energy = 0.0873601pJ
       |--- Senseamp Dynamic Energy    = 0.150363pJ
       |--- Mux Dynamic Energy         = 0.00109491pJ
       |--- Precharge Dynamic Energy   = 0.00308782pJ
 - Write Dynamic Energy = 385.326pJ
 - RESET Dynamic Energy = 385.093pJ
 |--- TSV Dynamic Energy    = 237.176pJ
 |--- H-Tree Dynamic Energy = 18.4469pJ
 |--- Mat Dynamic Energy    = 4.04593pJ per mat
    |--- Predecoder Dynamic Energy = 0.0161514pJ
    |--- Subarray Dynamic Energy   = 1.00927pJ per active subarray
       |--- Row Decoder Dynamic Energy = 0.00182275pJ
       |--- Mux Decoder Dynamic Energy = 0.00319957pJ
       |--- Mux Dynamic Energy         = 0.00109491pJ
       |--- Cell RESET Dynamic Energy  = 1.00315pJ  0pJ
       |--- Single Cell RESET Energy  = 1pJ  0pJ
 - SET Dynamic Energy = 385.093pJ
 |--- H-Tree Dynamic Energy = 18.4469pJ
 |--- Mat Dynamic Energy    = 4.04593pJ per mat
    |--- Predecoder Dynamic Energy = 0.0161514pJ
    |--- Subarray Dynamic Energy   = 1.00927pJ per active subarray
       |--- Row Decoder Dynamic Energy = 0.00182275pJ
       |--- Mux Decoder Dynamic Energy = 0.00319957pJ
       |--- Mux Dynamic Energy         = 0.00109491pJ
       |--- Cell SET Dynamic Energy    = 1.00315pJ  0pJ  1.00927pJ
       |--- Single Cell SET Energy  = 1pJ  0pJ
 - Leakage Power = 5.0136mW
 |--- TSV Leakage              = 0pW
 |--- H-Tree Leakage Power     = 0pW
 |--- Mat Leakage Power        = 612.012nW per mat

Finished!
