User-defined configuration file (/Users/sudo/CodeProjects/Tufts/EECE0193/Final_Project/EXPERIMENTS/Input/Destiny/LeakagePower/RRAM_MLC/2048KB/2048KB.cfg) is loaded

====================
DESIGN SPECIFICATION
====================
Design Target: Random Access Memory
Capacity   : 4MB
Data Width : 256Bits (32Bytes)

Searching for the best solution that is optimized for leakage power ...
Using cell file: ./cell_defs/RRAM_MLC.cell
numSolutions = 7236 / numDesigns = 43740

=============
   SUMMARY   
=============
Optimized for: Leakage
Memory Cell: RRAM (Memristor)
Cell Area (F^2)    : 20 (4.47214Fx4.47214F)
Cell Aspect Ratio  : 1
Cell Turned-On Resistance : 1Mohm
Cell Turned-Off Resistance: 10Mohm
Read Mode: Current-Sensing
  - Read Voltage: 0.3V
Reset Mode: Voltage
  - Reset Voltage: 2.5V
  - Reset Pulse: 5ns
Set Mode: Current
  - Set Current: 25uA
  - Set Pulse: 5ns
Access Type: CMOS

=============
CONFIGURATION
=============
Bank Organization: 8 x 1
 - Row Activation   : 1 / 8
 - Column Activation: 1 / 1
Mat Organization: 2 x 2
 - Row Activation   : 2 / 2
 - Column Activation: 2 / 2
 - Subarray Size    : 128 Rows x 4096 Columns
Mux Level:
 - Senseamp Mux      : 128
 - Output Level-1 Mux: 1
 - Output Level-2 Mux: 1
Local Wire:
 - Wire Type : Local Aggressive
 - Repeater Type: No Repeaters
 - Low Swing : No
Global Wire:
 - Wire Type : Global Aggressive
 - Repeater Type: No Repeaters
 - Low Swing : No
Buffer Design Style: Latency-Optimized
=============
   RESULT
=============
Area:
 - Total Area = 251.237um x 848.679um = 213219um^2
 |--- Mat Area      = 31.4046um x 848.679um = 26652.4um^2   (76.1673%)
 |--- Subarray Area = 15.7023um x 420.742um = 6606.62um^2   (76.8186%)
 - Area Efficiency = 76.1673%
Timing:
 -  Read Latency = 266.984ps
 |--- H-Tree Latency = 7.0961ps
 |--- Mat Latency    = 259.888ps
    |--- Predecoder Latency = 259.888ps
    |--- Subarray Latency   = 0ps
       |--- Row Decoder Latency = 7.63693ns
       |--- Bitline Latency     = 6.17899ps,2.05063e+10s,1.66925e+10s
       |--- Senseamp Latency    = 1.45399ns
       |--- Mux Latency         = 281.756ps
       |--- Precharge Latency   = 240.049ps
       |--- Read Pulse   = 2ns
 - Write Total Latency = 263.436ps
 - RESET Latency = 263.436ps
 |--- H-Tree Latency = 3.54805ps
 |--- Mat Latency    = 259.888ps
    |--- Predecoder Latency = 259.888ps
    |--- Subarray Latency   = 0ps
       |--- RESET Pulse Duration = 5ns
       |--- Row Decoder Latency  = 7.63693ns
       |--- Charge Latency   = 77.9213ps
 - SET Latency   = 263.436ps
 |--- H-Tree Latency = 3.54805ps
 |--- Mat Latency    = 259.888ps
    |--- Predecoder Latency = 259.888ps
    |--- Subarray Latency   = 0ps
       |--- SET Pulse Duration   = 5ns
       |--- Row Decoder Latency  = 7.63693ns
       |--- Charger Latency      = 77.9213ps
 - Read Bandwidth  = -2.16307e+09B/s
 - Write Bandwidth = infTB/s
Power:
 -  Read Dynamic Energy = 32.5891pJ
 |--- H-Tree Dynamic Energy = 2.97102pJ
 |--- Mat Dynamic Energy    = 29.6181pJ per mat
    |--- Predecoder Dynamic Energy = 0.179975pJ
    |--- Subarray Dynamic Energy   = 7.35953pJ per active subarray
       |--- Row Decoder Dynamic Energy = 0.219259pJ
       |--- Mux Decoder Dynamic Energy = 0.778911pJ
       |--- Bitline & Cell Read Energy = 0pJ
       |--- Senseamp Dynamic Energy    = 4.81163pJ
       |--- Mux Dynamic Energy         = 0.0961365pJ
       |--- Precharge Dynamic Energy   = 1.45317pJ
 - Write Dynamic Energy = 7.52822pJ
 - RESET Dynamic Energy = 6.65118pJ
 |--- H-Tree Dynamic Energy = 2.97102pJ
 |--- Mat Dynamic Energy    = 3.68017pJ per mat
    |--- Predecoder Dynamic Energy = 0.179975pJ
    |--- Subarray Dynamic Energy   = 1.09431pJ per active subarray
       |--- Row Decoder Dynamic Energy = 0.219259pJ
       |--- Mux Decoder Dynamic Energy = 0.778911pJ
       |--- Mux Dynamic Energy         = 0.0961365pJ
       |--- Cell RESET Dynamic Energy  = 0pJ  0pJ
       |--- Single Cell RESET Energy  = 0.029375pJ  -0pJ
 - SET Dynamic Energy = 6.65118pJ
 |--- H-Tree Dynamic Energy = 2.97102pJ
 |--- Mat Dynamic Energy    = 3.68017pJ per mat
    |--- Predecoder Dynamic Energy = 0.179975pJ
    |--- Subarray Dynamic Energy   = 1.09431pJ per active subarray
       |--- Row Decoder Dynamic Energy = 0.219259pJ
       |--- Mux Decoder Dynamic Energy = 0.778911pJ
       |--- Mux Dynamic Energy         = 0.0961365pJ
       |--- Cell SET Dynamic Energy    = 0pJ  0pJ  1.09431pJ
       |--- Single Cell SET Energy  = 0.1pJ  0pJ
 - Leakage Power = 161.282uW
 |--- H-Tree Leakage Power     = 0pW
 |--- Mat Leakage Power        = 20.1603uW per mat

Finished!
