User-defined configuration file (/Users/sudo/CodeProjects/Tufts/EECE0193/Final_Project/EXPERIMENTS/Input/Destiny/iso_area/ReadDynamicEnergy/RRAM/32KB/32KB.cfg) is loaded

====================
DESIGN SPECIFICATION
====================
Design Target: Random Access Memory
Capacity   : 32KB
Data Width : 128Bits (16Bytes)

Searching for the best solution that is optimized for read energy ...
Using cell file: ./cell_defs/RRAM.cell
numSolutions = 5706 / numDesigns = 218700

=============
   SUMMARY   
=============
Optimized for: Read Energy
Memory Cell: RRAM (Memristor)
Cell Area (F^2)    : 4 (2Fx2F)
Cell Aspect Ratio  : 1
Cell Turned-On Resistance : 1Mohm
Cell Turned-Off Resistance: 10Mohm
Read Mode: Current-Sensing
  - Read Voltage: 0.4V
Reset Mode: Voltage
  - Reset Voltage: 2V
  - Reset Pulse: 10ns
Set Mode: Voltage
  - Set Voltage: 2V
  - Set Pulse: 10ns
Access Type: None Access Device

=============
CONFIGURATION
=============
Bank Organization: 64 x 4
 - Row Activation   : 1 / 64
 - Column Activation: 4 / 4
Mat Organization: 2 x 2
 - Row Activation   : 2 / 2
 - Column Activation: 2 / 2
 - Subarray Size    : 1 Rows x 256 Columns
Mux Level:
 - Senseamp Mux      : 32
 - Output Level-1 Mux: 1
 - Output Level-2 Mux: 1
Local Wire:
 - Wire Type : Local Aggressive
 - Repeater Type: No Repeaters
 - Low Swing : No
Global Wire:
 - Wire Type : Global Aggressive
 - Repeater Type: No Repeaters
 - Low Swing : No
Buffer Design Style: Latency-Optimized
=============
   RESULT
=============
Area:
 - Total Area = 2.37908mm x 280.682um = 667765um^2
 |--- Mat Area      = 37.1731um x 70.1706um = 2608.46um^2   (0.0760014%)
 |--- Subarray Area = 18.5866um x 34.496um = 641.162um^2   (0.0772996%)
 - Area Efficiency = 0.0760014%
Timing:
 -  Read Latency = 2.3575ns
 |--- H-Tree Latency = 679.997ps
 |--- Mat Latency    = 1.6775ns
    |--- Predecoder Latency = 21.944ps
    |--- Subarray Latency   = 1.65556ns
       |--- Row Decoder Latency = 103.845ps
       |--- Bitline Latency     = 0.000136593ps,0ps,0ps
       |--- Senseamp Latency    = 1.45399ns
       |--- Mux Latency         = 81.7621ps
       |--- Precharge Latency   = 10.0009ps
       |--- Read Pulse   = 0ps
 - Write Latency = 20.4833ns
 |--- H-Tree Latency = 339.999ps
 |--- Mat Latency    = 20.1433ns
    |--- Predecoder Latency = 21.944ps
    |--- Subarray Latency   = 20.1213ns
       |--- Row Decoder Latency = 103.845ps
       |--- Charge Latency      = 1.52774ps
 - Read Bandwidth  = 10.2451GB/s
 - Write Bandwidth = 795.176MB/s
Power:
 -  Read Dynamic Energy = 57.74pJ
 |--- H-Tree Dynamic Energy = 35.7983pJ
 |--- Mat Dynamic Energy    = 5.48542pJ per mat
    |--- Predecoder Dynamic Energy = 0.000439014pJ
    |--- Subarray Dynamic Energy   = 1.37125pJ per active subarray
       |--- Row Decoder Dynamic Energy = 0.0255691pJ
       |--- Mux Decoder Dynamic Energy = 0.036688pJ
       |--- Bitline & Cell Read Energy = 0.00372221pJ
       |--- Senseamp Dynamic Energy    = 1.20291pJ
       |--- Mux Dynamic Energy         = 0.0069744pJ
       |--- Precharge Dynamic Energy   = 0.0953826pJ
 - Write Dynamic Energy = 421.764pJ
 |--- H-Tree Dynamic Energy = 35.7983pJ
 |--- Mat Dynamic Energy    = 96.4913pJ per mat
    |--- Predecoder Dynamic Energy = 0.000439014pJ
    |--- Subarray Dynamic Energy   = 24.1227pJ per active subarray
       |--- Row Decoder Dynamic Energy = 0.0255691pJ
       |--- Mux Decoder Dynamic Energy = 0.036688pJ
       |--- Mux Dynamic Energy         = 0.0069744pJ
 - Leakage Power = 1.24337mW
 |--- H-Tree Leakage Power     = 0pW
 |--- Mat Leakage Power        = 4.85691uW per mat

Finished!
