User-defined configuration file (/Users/sudo/CodeProjects/Tufts/EECE0193/Final_Project/EXPERIMENTS/Input/Destiny/WriteDynamicEnergy/RRAM_MLC/4096KB/4096KB.cfg) is loaded

====================
DESIGN SPECIFICATION
====================
Design Target: Random Access Memory
Capacity   : 8MB
Data Width : 256Bits (32Bytes)

Searching for the best solution that is optimized for write energy ...
Using cell file: ./cell_defs/RRAM_MLC.cell
numSolutions = 8355 / numDesigns = 43740

=============
   SUMMARY   
=============
Optimized for: Write Energy
Memory Cell: RRAM (Memristor)
Cell Area (F^2)    : 20 (4.47214Fx4.47214F)
Cell Aspect Ratio  : 1
Cell Turned-On Resistance : 1Mohm
Cell Turned-Off Resistance: 10Mohm
Read Mode: Current-Sensing
  - Read Voltage: 0.3V
Reset Mode: Voltage
  - Reset Voltage: 2.5V
  - Reset Pulse: 5ns
Set Mode: Current
  - Set Current: 25uA
  - Set Pulse: 5ns
Access Type: CMOS

=============
CONFIGURATION
=============
Bank Organization: 512 x 1
 - Row Activation   : 1 / 512
 - Column Activation: 1 / 1
Mat Organization: 2 x 2
 - Row Activation   : 2 / 2
 - Column Activation: 2 / 2
 - Subarray Size    : 1 Rows x 16384 Columns
Mux Level:
 - Senseamp Mux      : 256
 - Output Level-1 Mux: 1
 - Output Level-2 Mux: 2
Local Wire:
 - Wire Type : Local Aggressive
 - Repeater Type: No Repeaters
 - Low Swing : No
Global Wire:
 - Wire Type : Global Aggressive
 - Repeater Type: No Repeaters
 - Low Swing : No
Buffer Design Style: Latency-Optimized
=============
   RESULT
=============
Area:
 - Total Area = 2.49218mm x 3.2673mm = 8.14269mm^2
 |--- Mat Area      = 4.86753um x 3.2673mm = 15903.7um^2   (3.98894%)
 |--- Subarray Area = 2.43377um x 1.63243mm = 3972.95um^2   (3.99193%)
 - Area Efficiency = 3.98894%
Timing:
 -  Read Latency = 775.481ps
 |--- H-Tree Latency = 709.331ps
 |--- Mat Latency    = 66.1495ps
    |--- Predecoder Latency = 66.1495ps
    |--- Subarray Latency   = 0ps
       |--- Row Decoder Latency = 117.134ns
       |--- Bitline Latency     = 0.000377185ps,3.08888e+10s,6.05082e+10s
       |--- Senseamp Latency    = 1.45399ns
       |--- Mux Latency         = 552.581ps
       |--- Precharge Latency   = 18.5859ps
       |--- Read Pulse   = 2ns
 - Write Total Latency = 420.815ps
 - RESET Latency = 420.815ps
 |--- H-Tree Latency = 354.666ps
 |--- Mat Latency    = 66.1495ps
    |--- Predecoder Latency = 66.1495ps
    |--- Subarray Latency   = 0ps
       |--- RESET Pulse Duration = 5ns
       |--- Row Decoder Latency  = 117.134ns
       |--- Charge Latency   = 3.62285ps
 - SET Latency   = 420.815ps
 |--- H-Tree Latency = 354.666ps
 |--- Mat Latency    = 66.1495ps
    |--- Predecoder Latency = 66.1495ps
    |--- Subarray Latency   = 0ps
       |--- SET Pulse Duration   = 5ns
       |--- Row Decoder Latency  = 117.134ns
       |--- Charger Latency      = 3.62285ps
 - Read Bandwidth  = -1.36618e+08B/s
 - Write Bandwidth = infTB/s
Power:
 -  Read Dynamic Energy = 112.388pJ
 |--- H-Tree Dynamic Energy = 33.7539pJ
 |--- Mat Dynamic Energy    = 78.6341pJ per mat
    |--- Predecoder Dynamic Energy = 0.00202231pJ
    |--- Subarray Dynamic Energy   = 19.658pJ per active subarray
       |--- Row Decoder Dynamic Energy = 0.84712pJ
       |--- Mux Decoder Dynamic Energy = 3.02816pJ
       |--- Bitline & Cell Read Energy = 0pJ
       |--- Senseamp Dynamic Energy    = 9.62326pJ
       |--- Mux Dynamic Energy         = 0.375665pJ
       |--- Precharge Dynamic Energy   = 5.78378pJ
 - Write Dynamic Energy = 50.7597pJ
 - RESET Dynamic Energy = 47.3712pJ
 |--- H-Tree Dynamic Energy = 33.7539pJ
 |--- Mat Dynamic Energy    = 13.6173pJ per mat
    |--- Predecoder Dynamic Energy = 0.00202231pJ
    |--- Subarray Dynamic Energy   = 4.25094pJ per active subarray
       |--- Row Decoder Dynamic Energy = 0.84712pJ
       |--- Mux Decoder Dynamic Energy = 3.02816pJ
       |--- Mux Dynamic Energy         = 0.375665pJ
       |--- Cell RESET Dynamic Energy  = 0pJ  0pJ
       |--- Single Cell RESET Energy  = 0.029375pJ  -0pJ
 - SET Dynamic Energy = 47.3712pJ
 |--- H-Tree Dynamic Energy = 33.7539pJ
 |--- Mat Dynamic Energy    = 13.6173pJ per mat
    |--- Predecoder Dynamic Energy = 0.00202231pJ
    |--- Subarray Dynamic Energy   = 4.25094pJ per active subarray
       |--- Row Decoder Dynamic Energy = 0.84712pJ
       |--- Mux Decoder Dynamic Energy = 3.02816pJ
       |--- Mux Dynamic Energy         = 0.375665pJ
       |--- Cell SET Dynamic Energy    = 0pJ  0pJ  4.25094pJ
       |--- Single Cell SET Energy  = 0.1pJ  0pJ
 - Leakage Power = 20.6367mW
 |--- H-Tree Leakage Power     = 0pW
 |--- Mat Leakage Power        = 40.306uW per mat

Finished!
