User-defined configuration file (/h/mrocke01/EECE0193/NVSim/cfg_files/SRAM_cache_256_8.cfg) is loaded

Memory Cell: SRAM
Cell Area (F^2)    : 146.000 (14.600Fx10.000F)
Cell Aspect Ratio  : 1.460
SRAM Cell Access Transistor Width: 1.310F
SRAM Cell NMOS Width: 2.080F
SRAM Cell PMOS Width: 1.230F

====================
DESIGN SPECIFICATION
====================
Design Target: Cache
Capacity   : 256KB
Cache Line Size: 64Bytes
Cache Associativity: 8 Ways

Searching for the best solution that is optimized for read energy-delay-product ...

=======================
CACHE DESIGN -- SUMMARY
=======================
Access Mode: Sequential
Area:
 - Total Area = 0.296mm^2
 |--- Data Array Area = 954.330um x 288.958um = 0.276mm^2
 |--- Tag Array Area  = 153.102um x 132.915um = 0.020mm^2
Timing:
 - Cache Hit Latency   = 0.730ns
 - Cache Miss Latency  = 0.413ns
 - Cache Write Latency = 0.352ns
Power:
 - Cache Hit Dynamic Energy   = 0.078nJ per access
 - Cache Miss Dynamic Energy  = 0.001nJ per access
 - Cache Write Dynamic Energy = 0.077nJ per access
 - Cache Total Leakage Power  = 0.033mW
 |--- Cache Data Array Leakage Power = 0.031mW
 |--- Cache Tag Array Leakage Power  = 0.002mW

CACHE DATA ARRAY
=============
CONFIGURATION
=============
Bank Organization: 128 x 32
 - Row Activation   : 1 / 128
 - Column Activation: 32 / 32
Mat Organization: 2 x 2
 - Row Activation   : 2 / 2
 - Column Activation: 2 / 2
 - Subarray Size    : 8 Rows x 16 Columns
Mux Level:
 - Senseamp Mux      : 4
 - Output Level-1 Mux: 1
 - Output Level-2 Mux: 1
 - One set is partitioned into 1 rows
Local Wire:
 - Wire Type : Local Aggressive
 - Repeater Type: No Repeaters
 - Low Swing : No
Global Wire:
 - Wire Type : Global Aggressive
 - Repeater Type: No Repeaters
 - Low Swing : No
Buffer Design Style: Latency-Optimized
=============
   RESULT
=============
Area:
 - Total Area = 954.330um x 288.958um = 275761.389um^2
 |--- Mat Area      = 7.456um x 9.030um = 67.325um^2   (53.740%)
 |--- Subarray Area = 3.728um x 3.755um = 13.997um^2   (64.620%)
 - Area Efficiency = 53.740%
Timing:
 -  Read Latency = 316.886ps
 |--- H-Tree Latency = 142.114ps
 |--- Mat Latency    = 174.772ps
    |--- Predecoder Latency = 70.713ps
    |--- Subarray Latency   = 104.059ps
       |--- Row Decoder Latency = 39.948ps
       |--- Bitline Latency     = 36.693ps
       |--- Senseamp Latency    = 3.988ps
       |--- Mux Latency         = 23.431ps
       |--- Precharge Latency   = 29.351ps
 - Write Latency = 245.829ps
 |--- H-Tree Latency = 71.057ps
 |--- Mat Latency    = 174.772ps
    |--- Predecoder Latency = 70.713ps
    |--- Subarray Latency   = 104.059ps
       |--- Row Decoder Latency = 39.948ps
       |--- Charge Latency      = 7.427ps
 - Read Bandwidth  = 684.767GB/s
 - Write Bandwidth = 615.035GB/s
Power:
 -  Read Dynamic Energy = 77.023pJ
 |--- H-Tree Dynamic Energy = 74.948pJ
 |--- Mat Dynamic Energy    = 0.065pJ per mat
    |--- Predecoder Dynamic Energy = 0.002pJ
    |--- Subarray Dynamic Energy   = 0.016pJ per active subarray
       |--- Row Decoder Dynamic Energy = 0.001pJ
       |--- Mux Decoder Dynamic Energy = 0.003pJ
       |--- Senseamp Dynamic Energy    = 0.001pJ
       |--- Mux Dynamic Energy         = 0.001pJ
       |--- Precharge Dynamic Energy   = 0.006pJ
 - Write Dynamic Energy = 75.824pJ
 |--- H-Tree Dynamic Energy = 74.948pJ
 |--- Mat Dynamic Energy    = 0.027pJ per mat
    |--- Predecoder Dynamic Energy = 0.002pJ
    |--- Subarray Dynamic Energy   = 0.006pJ per active subarray
       |--- Row Decoder Dynamic Energy = 0.001pJ
       |--- Mux Decoder Dynamic Energy = 0.003pJ
       |--- Mux Dynamic Energy         = 0.001pJ
 - Leakage Power = 30.707uW
 |--- H-Tree Leakage Power = 0.000pW
 |--- Mat Leakage Power    = 7.497nW per mat

CACHE TAG ARRAY
=============
CONFIGURATION
=============
Bank Organization: 16 x 1
 - Row Activation   : 1 / 16
 - Column Activation: 1 / 1
Mat Organization: 2 x 2
 - Row Activation   : 1 / 2
 - Column Activation: 1 / 2
 - Subarray Size    : 8 Rows x 280 Columns
Mux Level:
 - Senseamp Mux      : 1
 - Output Level-1 Mux: 1
 - Output Level-2 Mux: 1
 - One set is partitioned into 1 rows
Local Wire:
 - Wire Type : Local Aggressive
 - Repeater Type: No Repeaters
 - Low Swing : No
Global Wire:
 - Wire Type : Global Aggressive
 - Repeater Type: No Repeaters
 - Low Swing : No
Buffer Design Style: Latency-Optimized
=============
   RESULT
=============
Area:
 - Total Area = 153.102um x 132.915um = 20349.659um^2
 |--- Mat Area      = 9.569um x 132.915um = 1271.854um^2   (49.782%)
 |--- Subarray Area = 4.561um x 64.948um = 296.203um^2   (53.439%)
 - Area Efficiency = 49.782%
Timing:
 -  Read Latency = 413.381ps
 |--- H-Tree Latency = 2.667ps
 |--- Mat Latency    = 410.714ps
    |--- Predecoder Latency = 130.745ps
    |--- Subarray Latency   = 219.994ps
       |--- Row Decoder Latency = 179.474ps
       |--- Bitline Latency     = 36.762ps
       |--- Senseamp Latency    = 3.759ps
       |--- Mux Latency         = 0.000ps
       |--- Precharge Latency   = 29.739ps
    |--- Comparator Latency  = 59.975ps
 - Write Latency = 352.073ps
 |--- H-Tree Latency = 1.333ps
 |--- Mat Latency    = 350.739ps
    |--- Predecoder Latency = 130.745ps
    |--- Subarray Latency   = 219.994ps
       |--- Row Decoder Latency = 179.474ps
       |--- Charge Latency      = 0.060ps
 - Read Bandwidth  = 62.269GB/s
 - Write Bandwidth = 19.887GB/s
Power:
 -  Read Dynamic Energy = 1.265pJ
 |--- H-Tree Dynamic Energy = 0.680pJ
 |--- Mat Dynamic Energy    = 0.585pJ per mat
    |--- Predecoder Dynamic Energy = 0.234pJ
    |--- Subarray Dynamic Energy   = 0.351pJ per active subarray
       |--- Row Decoder Dynamic Energy = 0.030pJ
       |--- Mux Decoder Dynamic Energy = 0.074pJ
       |--- Senseamp Dynamic Energy    = 0.096pJ
       |--- Mux Dynamic Energy         = 0.000pJ
       |--- Precharge Dynamic Energy   = 0.112pJ
 - Write Dynamic Energy = 1.057pJ
 |--- H-Tree Dynamic Energy = 0.680pJ
 |--- Mat Dynamic Energy    = 0.377pJ per mat
    |--- Predecoder Dynamic Energy = 0.234pJ
    |--- Subarray Dynamic Energy   = 0.143pJ per active subarray
       |--- Row Decoder Dynamic Energy = 0.030pJ
       |--- Mux Decoder Dynamic Energy = 0.074pJ
       |--- Mux Dynamic Energy         = 0.000pJ
 - Leakage Power = 2.312uW
 |--- H-Tree Leakage Power = 0.000pW
 |--- Mat Leakage Power    = 144.487nW per mat

Finished!
