User-defined configuration file (/h/mrocke01/EECE0193/NVSim/cfg_files/SRAM_cache_32_16.cfg) is loaded

Memory Cell: SRAM
Cell Area (F^2)    : 146.000 (14.600Fx10.000F)
Cell Aspect Ratio  : 1.460
SRAM Cell Access Transistor Width: 1.310F
SRAM Cell NMOS Width: 2.080F
SRAM Cell PMOS Width: 1.230F

====================
DESIGN SPECIFICATION
====================
Design Target: Cache
Capacity   : 32KB
Cache Line Size: 64Bytes
Cache Associativity: 16 Ways

Searching for the best solution that is optimized for read energy-delay-product ...

=======================
CACHE DESIGN -- SUMMARY
=======================
Access Mode: Sequential
Area:
 - Total Area = 0.044mm^2
 |--- Data Array Area = 310.274um x 131.136um = 0.041mm^2
 |--- Tag Array Area  = 44.026um x 78.901um = 0.003mm^2
Timing:
 - Cache Hit Latency   = 0.470ns
 - Cache Miss Latency  = 0.337ns
 - Cache Write Latency = 0.273ns
Power:
 - Cache Hit Dynamic Energy   = 0.031nJ per access
 - Cache Miss Dynamic Energy  = 0.001nJ per access
 - Cache Write Dynamic Energy = 0.030nJ per access
 - Cache Total Leakage Power  = 0.005mW
 |--- Cache Data Array Leakage Power = 0.005mW
 |--- Cache Tag Array Leakage Power  = 0.000mW

CACHE DATA ARRAY
=============
CONFIGURATION
=============
Bank Organization: 32 x 64
 - Row Activation   : 1 / 32
 - Column Activation: 64 / 64
Mat Organization: 2 x 2
 - Row Activation   : 2 / 2
 - Column Activation: 2 / 2
 - Subarray Size    : 8 Rows x 4 Columns
Mux Level:
 - Senseamp Mux      : 1
 - Output Level-1 Mux: 1
 - Output Level-2 Mux: 2
 - One set is partitioned into 1 rows
Local Wire:
 - Wire Type : Local Aggressive
 - Repeater Type: No Repeaters
 - Low Swing : No
Global Wire:
 - Wire Type : Global Aggressive
 - Repeater Type: No Repeaters
 - Low Swing : No
Buffer Design Style: Latency-Optimized
=============
   RESULT
=============
Area:
 - Total Area = 310.274um x 131.136um = 40688.151um^2
 |--- Mat Area      = 9.696um x 2.049um = 19.867um^2   (45.527%)
 |--- Subarray Area = 4.185um x 1.025um = 4.288um^2   (52.734%)
 - Area Efficiency = 45.527%
Timing:
 -  Read Latency = 133.093ps
 |--- H-Tree Latency = 18.838ps
 |--- Mat Latency    = 114.255ps
    |--- Predecoder Latency = 61.274ps
    |--- Subarray Latency   = 52.981ps
       |--- Row Decoder Latency = 25.438ps
       |--- Bitline Latency     = 19.618ps
       |--- Senseamp Latency    = 3.759ps
       |--- Mux Latency         = 4.167ps
       |--- Precharge Latency   = 28.477ps
 - Write Latency = 123.674ps
 |--- H-Tree Latency = 9.419ps
 |--- Mat Latency    = 114.255ps
    |--- Predecoder Latency = 61.274ps
    |--- Subarray Latency   = 52.981ps
       |--- Row Decoder Latency = 25.438ps
       |--- Charge Latency      = 7.427ps
 - Read Bandwidth  = 1.142TB/s
 - Write Bandwidth = 1.208TB/s
Power:
 -  Read Dynamic Energy = 29.739pJ
 |--- H-Tree Dynamic Energy = 28.378pJ
 |--- Mat Dynamic Energy    = 0.021pJ per mat
    |--- Predecoder Dynamic Energy = 0.002pJ
    |--- Subarray Dynamic Energy   = 0.005pJ per active subarray
       |--- Row Decoder Dynamic Energy = 0.000pJ
       |--- Mux Decoder Dynamic Energy = 0.001pJ
       |--- Senseamp Dynamic Energy    = 0.001pJ
       |--- Mux Dynamic Energy         = 0.000pJ
       |--- Precharge Dynamic Energy   = 0.002pJ
 - Write Dynamic Energy = 28.915pJ
 |--- H-Tree Dynamic Energy = 28.378pJ
 |--- Mat Dynamic Energy    = 0.008pJ per mat
    |--- Predecoder Dynamic Energy = 0.002pJ
    |--- Subarray Dynamic Energy   = 0.002pJ per active subarray
       |--- Row Decoder Dynamic Energy = 0.000pJ
       |--- Mux Decoder Dynamic Energy = 0.001pJ
       |--- Mux Dynamic Energy         = 0.000pJ
 - Leakage Power = 4.823uW
 |--- H-Tree Leakage Power = 0.000pW
 |--- Mat Leakage Power    = 2.355nW per mat

CACHE TAG ARRAY
=============
CONFIGURATION
=============
Bank Organization: 4 x 1
 - Row Activation   : 1 / 4
 - Column Activation: 1 / 1
Mat Organization: 2 x 2
 - Row Activation   : 2 / 2
 - Column Activation: 2 / 2
 - Subarray Size    : 8 Rows x 160 Columns
Mux Level:
 - Senseamp Mux      : 1
 - Output Level-1 Mux: 1
 - Output Level-2 Mux: 1
 - One set is partitioned into 1 rows
Local Wire:
 - Wire Type : Local Aggressive
 - Repeater Type: No Repeaters
 - Low Swing : No
Global Wire:
 - Wire Type : Global Aggressive
 - Repeater Type: No Repeaters
 - Low Swing : No
Buffer Design Style: Latency-Optimized
=============
   RESULT
=============
Area:
 - Total Area = 44.026um x 78.901um = 3473.750um^2
 |--- Mat Area      = 11.007um x 78.901um = 868.437um^2   (41.661%)
 |--- Subarray Area = 4.561um x 38.051um = 173.535um^2   (52.122%)
 - Area Efficiency = 41.661%
Timing:
 -  Read Latency = 336.780ps
 |--- H-Tree Latency = 0.208ps
 |--- Mat Latency    = 336.572ps
    |--- Predecoder Latency = 117.678ps
    |--- Subarray Latency   = 155.454ps
       |--- Row Decoder Latency = 124.164ps
       |--- Bitline Latency     = 27.531ps
       |--- Senseamp Latency    = 3.759ps
       |--- Mux Latency         = 0.000ps
       |--- Precharge Latency   = 28.995ps
    |--- Comparator Latency  = 63.440ps
 - Write Latency = 273.236ps
 |--- H-Tree Latency = 0.104ps
 |--- Mat Latency    = 273.132ps
    |--- Predecoder Latency = 117.678ps
    |--- Subarray Latency   = 155.454ps
       |--- Row Decoder Latency = 124.164ps
       |--- Charge Latency      = 0.060ps
 - Read Bandwidth  = 82.939GB/s
 - Write Bandwidth = 32.164GB/s
Power:
 -  Read Dynamic Energy = 1.477pJ
 |--- H-Tree Dynamic Energy = 0.186pJ
 |--- Mat Dynamic Energy    = 1.292pJ per mat
    |--- Predecoder Dynamic Energy = 0.463pJ
    |--- Subarray Dynamic Energy   = 0.207pJ per active subarray
       |--- Row Decoder Dynamic Energy = 0.019pJ
       |--- Mux Decoder Dynamic Energy = 0.045pJ
       |--- Senseamp Dynamic Energy    = 0.055pJ
       |--- Mux Dynamic Energy         = 0.000pJ
       |--- Precharge Dynamic Energy   = 0.067pJ
 - Write Dynamic Energy = 0.990pJ
 |--- H-Tree Dynamic Energy = 0.186pJ
 |--- Mat Dynamic Energy    = 0.804pJ per mat
    |--- Predecoder Dynamic Energy = 0.463pJ
    |--- Subarray Dynamic Energy   = 0.085pJ per active subarray
       |--- Row Decoder Dynamic Energy = 0.019pJ
       |--- Mux Decoder Dynamic Energy = 0.045pJ
       |--- Mux Dynamic Energy         = 0.000pJ
 - Leakage Power = 405.480nW
 |--- H-Tree Leakage Power = 0.000pW
 |--- Mat Leakage Power    = 101.370nW per mat

Finished!
