User-defined configuration file (/Users/sudo/CodeProjects/Tufts/EECE0193/Final_Project/EXPERIMENTS/Input/NVSim/iso_capacity/Area/STTRAM/128KB/128KB.cfg) is loaded

Memory Cell: MRAM (Magnetoresistive)
Cell Area (F^2)    : 54.000 (5.400Fx10.000F)
Cell Aspect Ratio  : 0.540
Cell Turned-On Resistance : 3.000Kohm
Cell Turned-Off Resistance: 6.000Kohm
Read Mode: Current-Sensing
  - Read Voltage: 0.250V
Reset Mode: Current
  - Reset Current: 80.000uA
  - Reset Pulse: 10.000ns
Set Mode: Current
  - Set Current: 80.000uA
  - Set Pulse: 10.000ns
Access Type: CMOS
[WARNING] Associativity setting is ignored for non-cache designs

====================
DESIGN SPECIFICATION
====================
Design Target: Random Access Memory
Capacity   : 128KB
Data Width : 128Bits (16Bytes)

Searching for the best solution that is optimized for area ...

=============
CONFIGURATION
=============
Bank Organization: 1 x 1
 - Row Activation   : 1 / 1
 - Column Activation: 1 / 1
Mat Organization: 2 x 2
 - Row Activation   : 2 / 2
 - Column Activation: 2 / 2
 - Subarray Size    : 256 Rows x 1024 Columns
Mux Level:
 - Senseamp Mux      : 32
 - Output Level-1 Mux: 1
 - Output Level-2 Mux: 1
Local Wire:
 - Wire Type : Local Aggressive
 - Repeater Type: No Repeaters
 - Low Swing : No
Global Wire:
 - Wire Type : Global Aggressive
 - Repeater Type: No Repeaters
 - Low Swing : No
Buffer Design Style: Latency-Optimized
=============
   RESULT
=============
Area:
 - Total Area = 71.472um x 488.195um = 34892.352um^2
 |--- Mat Area      = 71.472um x 488.195um = 34892.352um^2   (78.543%)
 |--- Subarray Area = 35.736um x 239.979um = 8575.926um^2   (79.891%)
 - Area Efficiency = 78.543%
Timing:
 -  Read Latency = 3.699ns
 |--- H-Tree Latency = 0.000ps
 |--- Mat Latency    = 3.699ns
    |--- Predecoder Latency = 227.152ps
    |--- Subarray Latency   = 3.472ns
       |--- Row Decoder Latency = 1.969ns
       |--- Bitline Latency     = 13.793ps
       |--- Senseamp Latency    = 1.456ns
       |--- Mux Latency         = 32.891ps
       |--- Precharge Latency   = 450.901ps
 - Write Latency = 12.196ns
 |--- H-Tree Latency = 0.000ps
 |--- Mat Latency    = 12.196ns
    |--- Predecoder Latency = 227.152ps
    |--- Subarray Latency   = 11.969ns
       |--- Write Pulse Duration = 10.000ns
       |--- Row Decoder Latency = 1.969ns
       |--- Charge Latency      = 28.013ps
 - Read Bandwidth  = 8.190GB/s
 - Write Bandwidth = 1.337GB/s
Power:
 -  Read Dynamic Energy = 35.024pJ
 |--- H-Tree Dynamic Energy = 0.000pJ
 |--- Mat Dynamic Energy    = 35.024pJ per mat
    |--- Predecoder Dynamic Energy = 0.122pJ
    |--- Subarray Dynamic Energy   = 8.726pJ per active subarray
       |--- Row Decoder Dynamic Energy = 0.179pJ
       |--- Mux Decoder Dynamic Energy = 0.404pJ
       |--- Bitline & Cell Read Energy = 2.796pJ
       |--- Senseamp Dynamic Energy    = 4.812pJ
       |--- Mux Dynamic Energy         = 0.125pJ
       |--- Precharge Dynamic Energy   = 0.394pJ
 - Write Dynamic Energy = 132.448pJ
 |--- H-Tree Dynamic Energy = 0.000pJ
 |--- Mat Dynamic Energy    = 132.448pJ per mat
    |--- Predecoder Dynamic Energy = 0.122pJ
    |--- Subarray Dynamic Energy   = 33.081pJ per active subarray
       |--- Row Decoder Dynamic Energy = 0.179pJ
       |--- Mux Decoder Dynamic Energy = 0.404pJ
       |--- Mux Dynamic Energy         = 0.125pJ
       |--- Bitline & Cell Write Energy= 32.373pJ
 - Leakage Power = 20.055uW
 |--- H-Tree Leakage Power = 0.000pW
 |--- Mat Leakage Power    = 20.055uW per mat

Finished!
