User-defined configuration file (/Users/sudo/CodeProjects/Tufts/EECE0193/Final_Project/EXPERIMENTS/Input/Destiny/WriteLatency/RRAM_MLC/4096KB/4096KB.cfg) is loaded

====================
DESIGN SPECIFICATION
====================
Design Target: Random Access Memory
Capacity   : 8MB
Data Width : 256Bits (32Bytes)

Searching for the best solution that is optimized for write latency ...
Using cell file: ./cell_defs/RRAM_MLC.cell
numSolutions = 8355 / numDesigns = 43740

=============
   SUMMARY   
=============
Optimized for: Write Latency
Memory Cell: RRAM (Memristor)
Cell Area (F^2)    : 20 (4.47214Fx4.47214F)
Cell Aspect Ratio  : 1
Cell Turned-On Resistance : 1Mohm
Cell Turned-Off Resistance: 10Mohm
Read Mode: Current-Sensing
  - Read Voltage: 0.3V
Reset Mode: Voltage
  - Reset Voltage: 2.5V
  - Reset Pulse: 5ns
Set Mode: Current
  - Set Current: 25uA
  - Set Pulse: 5ns
Access Type: CMOS

=============
CONFIGURATION
=============
Bank Organization: 128 x 1
 - Row Activation   : 1 / 128
 - Column Activation: 1 / 1
Mat Organization: 2 x 2
 - Row Activation   : 2 / 2
 - Column Activation: 2 / 2
 - Subarray Size    : 1 Rows x 65536 Columns
Mux Level:
 - Senseamp Mux      : 64
 - Output Level-1 Mux: 1
 - Output Level-2 Mux: 32
Local Wire:
 - Wire Type : Local Aggressive
 - Repeater Type: No Repeaters
 - Low Swing : No
Global Wire:
 - Wire Type : Global Aggressive
 - Repeater Type: No Repeaters
 - Low Swing : No
Buffer Design Style: Latency-Optimized
=============
   RESULT
=============
Area:
 - Total Area = 1.36906mm x 12.9385mm = 17.7137mm^2
 |--- Mat Area      = 10.6958um x 12.9385mm = 138388um^2   (1.83365%)
 |--- Subarray Area = 5.3479um x 6.46834mm = 34592.1um^2   (1.83391%)
 - Area Efficiency = 1.83365%
Timing:
 -  Read Latency = 235.993ps
 |--- H-Tree Latency = 214.049ps
 |--- Mat Latency    = 21.944ps
    |--- Predecoder Latency = 21.944ps
    |--- Subarray Latency   = 0ps
       |--- Row Decoder Latency = 1.86114us
       |--- Bitline Latency     = 0.000377185ps,2.05063e+10s,1.66925e+10s
       |--- Senseamp Latency    = 1.45399ns
       |--- Mux Latency         = 215.091ps
       |--- Precharge Latency   = 25.924ps
       |--- Read Pulse   = 2ns
 - Write Total Latency = 128.969ps
 - RESET Latency = 128.969ps
 |--- H-Tree Latency = 107.025ps
 |--- Mat Latency    = 21.944ps
    |--- Predecoder Latency = 21.944ps
    |--- Subarray Latency   = 0ps
       |--- RESET Pulse Duration = 5ns
       |--- Row Decoder Latency  = 1.86114us
       |--- Charge Latency   = 3.62285ps
 - SET Latency   = 128.969ps
 |--- H-Tree Latency = 107.025ps
 |--- Mat Latency    = 21.944ps
    |--- Predecoder Latency = 21.944ps
    |--- Subarray Latency   = 0ps
       |--- SET Pulse Duration   = 5ns
       |--- Row Decoder Latency  = 1.86114us
       |--- Charger Latency      = 3.62285ps
 - Read Bandwidth  = -8.59699e+06B/s
 - Write Bandwidth = infTB/s
Power:
 -  Read Dynamic Energy = 794.641pJ
 |--- H-Tree Dynamic Energy = 18.4385pJ
 |--- Mat Dynamic Energy    = 776.203pJ per mat
    |--- Predecoder Dynamic Energy = 0.000910751pJ
    |--- Subarray Dynamic Energy   = 194.051pJ per active subarray
       |--- Row Decoder Dynamic Energy = 3.34829pJ
       |--- Mux Decoder Dynamic Energy = 11.9916pJ
       |--- Bitline & Cell Read Energy = 0pJ
       |--- Senseamp Dynamic Energy    = 153.972pJ
       |--- Mux Dynamic Energy         = 1.64335pJ
       |--- Precharge Dynamic Energy   = 23.0949pJ
 - Write Dynamic Energy = 86.3724pJ
 - RESET Dynamic Energy = 72.9793pJ
 |--- H-Tree Dynamic Energy = 18.4385pJ
 |--- Mat Dynamic Energy    = 54.5408pJ per mat
    |--- Predecoder Dynamic Energy = 0.000910751pJ
    |--- Subarray Dynamic Energy   = 16.9833pJ per active subarray
       |--- Row Decoder Dynamic Energy = 3.34829pJ
       |--- Mux Decoder Dynamic Energy = 11.9916pJ
       |--- Mux Dynamic Energy         = 1.64335pJ
       |--- Cell RESET Dynamic Energy  = 0pJ  0pJ
       |--- Single Cell RESET Energy  = 0.029375pJ  -0pJ
 - SET Dynamic Energy = 72.9793pJ
 |--- H-Tree Dynamic Energy = 18.4385pJ
 |--- Mat Dynamic Energy    = 54.5408pJ per mat
    |--- Predecoder Dynamic Energy = 0.000910751pJ
    |--- Subarray Dynamic Energy   = 16.9833pJ per active subarray
       |--- Row Decoder Dynamic Energy = 3.34829pJ
       |--- Mux Decoder Dynamic Energy = 11.9916pJ
       |--- Mux Dynamic Energy         = 1.64335pJ
       |--- Cell SET Dynamic Energy    = 0pJ  0pJ  16.9833pJ
       |--- Single Cell SET Energy  = 0.1pJ  0pJ
 - Leakage Power = 79.22mW
 |--- H-Tree Leakage Power     = 0pW
 |--- Mat Leakage Power        = 618.906uW per mat

Finished!
