User-defined configuration file (/Users/sudo/CodeProjects/Tufts/EECE0193/Final_Project/EXPERIMENTS/Input/Destiny/iso_capacity/WriteDynamicEnergy/SRAM/2048KB/2048KB.cfg) is loaded

====================
DESIGN SPECIFICATION
====================
Design Target: Random Access Memory
Capacity   : 2MB
Data Width : 128Bits (16Bytes)

Searching for the best solution that is optimized for write energy ...
Using cell file: ./cell_defs/SRAM.cell
numSolutions = 26135 / numDesigns = 218700

=============
   SUMMARY   
=============
Optimized for: Write Energy
Memory Cell: SRAM
Cell Area (F^2)    : 146 (14.6Fx10F)
Cell Aspect Ratio  : 1.46
SRAM Cell Access Transistor Width: 1.31F
SRAM Cell NMOS Width: 2.08F
SRAM Cell PMOS Width: 1.23F

=============
CONFIGURATION
=============
Bank Organization: 512 x 32 x 16
 - Row Activation   : 1 / 512 x 1
 - Column Activation: 32 / 32 x 1
Mat Organization: 2 x 2
 - Row Activation   : 2 / 2
 - Column Activation: 2 / 2
 - Subarray Size    : 1 Rows x 16 Columns
Mux Level:
 - Senseamp Mux      : 16
 - Output Level-1 Mux: 1
 - Output Level-2 Mux: 1
Local Wire:
 - Wire Type : Local Aggressive
 - Repeater Type: No Repeaters
 - Low Swing : No
Global Wire:
 - Wire Type : Global Aggressive
 - Repeater Type: No Repeaters
 - Low Swing : No
Buffer Design Style: Latency-Optimized
=============
   RESULT
=============
Area:
 - Total Area = 1.28264mm x 274.648um = 386862um^2
 |--- Mat Area      = 2.50516um x 8.58275um = 21.5011um^2   (336.54%)
 |--- Subarray Area = 1.25258um x 3.861um = 4.8362um^2   (374.054%)
 |--- TSV Area      = 81um^2
 - Area Efficiency = 306.452%
Timing:
 -  Read Latency = 387.233ps
 |--- TSV Latency    = 0.171162ps
 |--- H-Tree Latency = 222.314ps
 |--- Mat Latency    = 164.748ps
    |--- Predecoder Latency = 18.9293ps
    |--- Subarray Latency   = 145.818ps
       |--- Row Decoder Latency = 25.6707ps
       |--- Bitline Latency     = 33.4186ps,0ps,0ps
       |--- Senseamp Latency    = 3.9879ps
       |--- Mux Latency         = 48.4298ps
       |--- Precharge Latency   = 9.49542ps
       |--- Read Pulse   = 0ps
 - Write Latency = 275.991ps
 |--- TSV Latency    = 0.0855811ps
 |--- H-Tree Latency = 111.157ps
 |--- Mat Latency    = 164.748ps
    |--- Predecoder Latency = 18.9293ps
    |--- Subarray Latency   = 145.818ps
       |--- Row Decoder Latency = 25.6707ps
       |--- Charge Latency      = 1.47114ps
 - Read Bandwidth  = 123.416GB/s
 - Write Bandwidth = 109.725GB/s
Power:
 -  Read Dynamic Energy = 263.058pJ
 |--- TSV Dynamic Energy    = 237.176pJ
 |--- H-Tree Dynamic Energy = 24.2572pJ
 |--- Mat Dynamic Energy    = 0.0507705pJ per mat
    |--- Predecoder Dynamic Energy = 0.00040629pJ
    |--- Subarray Dynamic Energy   = 0.012591pJ per active subarray
       |--- Row Decoder Dynamic Energy = 0.00139783pJ
       |--- Mux Decoder Dynamic Energy = 0.00366979pJ
       |--- Senseamp Dynamic Energy    = 0.000363496pJ
       |--- Mux Dynamic Energy         = 0.00051639pJ
       |--- Precharge Dynamic Energy   = 0.00609574pJ
 - Write Dynamic Energy = 262.166pJ
 |--- TSV Dynamic Energy    = 237.176pJ
 |--- H-Tree Dynamic Energy = 24.2572pJ
 |--- Mat Dynamic Energy    = 0.0228793pJ per mat
    |--- Predecoder Dynamic Energy = 0.00040629pJ
    |--- Subarray Dynamic Energy   = 0.00561825pJ per active subarray
       |--- Row Decoder Dynamic Energy = 0.00139783pJ
       |--- Mux Decoder Dynamic Energy = 0.00366979pJ
       |--- Mux Dynamic Energy         = 0.00051639pJ
 - Leakage Power = 986.154uW
 |--- TSV Leakage              = 0pW
 |--- H-Tree Leakage Power     = 0pW
 |--- Mat Leakage Power        = 3.76188nW per mat

Finished!
