User-defined configuration file (/h/mrocke01/EECE0193/NVSim/cfg_files/SRAM_cache_128_16.cfg) is loaded

Memory Cell: SRAM
Cell Area (F^2)    : 146.000 (14.600Fx10.000F)
Cell Aspect Ratio  : 1.460
SRAM Cell Access Transistor Width: 1.310F
SRAM Cell NMOS Width: 2.080F
SRAM Cell PMOS Width: 1.230F

====================
DESIGN SPECIFICATION
====================
Design Target: Cache
Capacity   : 128KB
Cache Line Size: 64Bytes
Cache Associativity: 16 Ways

Searching for the best solution that is optimized for read energy-delay-product ...

=======================
CACHE DESIGN -- SUMMARY
=======================
Access Mode: Sequential
Area:
 - Total Area = 0.151mm^2
 |--- Data Array Area = 533.428um x 262.273um = 0.140mm^2
 |--- Tag Array Area  = 80.431um x 143.545um = 0.012mm^2
Timing:
 - Cache Hit Latency   = 0.636ns
 - Cache Miss Latency  = 0.431ns
 - Cache Write Latency = 0.368ns
Power:
 - Cache Hit Dynamic Energy   = 0.058nJ per access
 - Cache Miss Dynamic Energy  = 0.002nJ per access
 - Cache Write Dynamic Energy = 0.056nJ per access
 - Cache Total Leakage Power  = 0.021mW
 |--- Cache Data Array Leakage Power = 0.019mW
 |--- Cache Tag Array Leakage Power  = 0.001mW

CACHE DATA ARRAY
=============
CONFIGURATION
=============
Bank Organization: 64 x 128
 - Row Activation   : 1 / 64
 - Column Activation: 128 / 128
Mat Organization: 2 x 2
 - Row Activation   : 2 / 2
 - Column Activation: 2 / 2
 - Subarray Size    : 8 Rows x 4 Columns
Mux Level:
 - Senseamp Mux      : 4
 - Output Level-1 Mux: 1
 - Output Level-2 Mux: 1
 - One set is partitioned into 1 rows
Local Wire:
 - Wire Type : Local Aggressive
 - Repeater Type: No Repeaters
 - Low Swing : No
Global Wire:
 - Wire Type : Global Aggressive
 - Repeater Type: No Repeaters
 - Low Swing : No
Buffer Design Style: Latency-Optimized
=============
   RESULT
=============
Area:
 - Total Area = 533.428um x 262.273um = 139903.370um^2
 |--- Mat Area      = 8.335um x 2.049um = 17.078um^2   (52.963%)
 |--- Subarray Area = 3.465um x 1.025um = 3.550um^2   (63.699%)
 - Area Efficiency = 52.963%
Timing:
 -  Read Latency = 204.995ps
 |--- H-Tree Latency = 63.911ps
 |--- Mat Latency    = 141.084ps
    |--- Predecoder Latency = 57.888ps
    |--- Subarray Latency   = 83.197ps
       |--- Row Decoder Latency = 24.913ps
       |--- Bitline Latency     = 30.865ps
       |--- Senseamp Latency    = 3.988ps
       |--- Mux Latency         = 23.431ps
       |--- Precharge Latency   = 28.445ps
 - Write Latency = 173.040ps
 |--- H-Tree Latency = 31.955ps
 |--- Mat Latency    = 141.084ps
    |--- Predecoder Latency = 57.888ps
    |--- Subarray Latency   = 83.197ps
       |--- Row Decoder Latency = 24.913ps
       |--- Charge Latency      = 7.427ps
 - Read Bandwidth  = 737.935GB/s
 - Write Bandwidth = 769.261GB/s
Power:
 -  Read Dynamic Energy = 56.536pJ
 |--- H-Tree Dynamic Energy = 54.236pJ
 |--- Mat Dynamic Energy    = 0.018pJ per mat
    |--- Predecoder Dynamic Energy = 0.001pJ
    |--- Subarray Dynamic Energy   = 0.004pJ per active subarray
       |--- Row Decoder Dynamic Energy = 0.000pJ
       |--- Mux Decoder Dynamic Energy = 0.001pJ
       |--- Senseamp Dynamic Energy    = 0.000pJ
       |--- Mux Dynamic Energy         = 0.000pJ
       |--- Precharge Dynamic Energy   = 0.002pJ
 - Write Dynamic Energy = 55.312pJ
 |--- H-Tree Dynamic Energy = 54.236pJ
 |--- Mat Dynamic Energy    = 0.008pJ per mat
    |--- Predecoder Dynamic Energy = 0.001pJ
    |--- Subarray Dynamic Energy   = 0.002pJ per active subarray
       |--- Row Decoder Dynamic Energy = 0.000pJ
       |--- Mux Decoder Dynamic Energy = 0.001pJ
       |--- Mux Dynamic Energy         = 0.000pJ
 - Leakage Power = 19.479uW
 |--- H-Tree Leakage Power = 0.000pW
 |--- Mat Leakage Power    = 2.378nW per mat

CACHE TAG ARRAY
=============
CONFIGURATION
=============
Bank Organization: 8 x 1
 - Row Activation   : 1 / 8
 - Column Activation: 1 / 1
Mat Organization: 2 x 2
 - Row Activation   : 2 / 2
 - Column Activation: 1 / 2
 - Subarray Size    : 8 Rows x 304 Columns
Mux Level:
 - Senseamp Mux      : 1
 - Output Level-1 Mux: 1
 - Output Level-2 Mux: 1
 - One set is partitioned into 1 rows
Local Wire:
 - Wire Type : Local Aggressive
 - Repeater Type: No Repeaters
 - Low Swing : No
Global Wire:
 - Wire Type : Global Aggressive
 - Repeater Type: No Repeaters
 - Low Swing : No
Buffer Design Style: Latency-Optimized
=============
   RESULT
=============
Area:
 - Total Area = 80.431um x 143.545um = 11545.526um^2
 |--- Mat Area      = 10.054um x 143.545um = 1443.191um^2   (47.632%)
 |--- Subarray Area = 4.561um x 70.228um = 320.283um^2   (53.657%)
 - Area Efficiency = 47.632%
Timing:
 -  Read Latency = 430.527ps
 |--- H-Tree Latency = 0.727ps
 |--- Mat Latency    = 429.799ps
    |--- Predecoder Latency = 132.663ps
    |--- Subarray Latency   = 235.429ps
       |--- Row Decoder Latency = 192.756ps
       |--- Bitline Latency     = 38.914ps
       |--- Senseamp Latency    = 3.759ps
       |--- Mux Latency         = 0.000ps
       |--- Precharge Latency   = 29.886ps
    |--- Comparator Latency  = 61.708ps
 - Write Latency = 368.455ps
 |--- H-Tree Latency = 0.364ps
 |--- Mat Latency    = 368.092ps
    |--- Predecoder Latency = 132.663ps
    |--- Subarray Latency   = 235.429ps
       |--- Row Decoder Latency = 192.756ps
       |--- Charge Latency      = 0.060ps
 - Read Bandwidth  = 65.464GB/s
 - Write Bandwidth = 20.176GB/s
Power:
 -  Read Dynamic Energy = 1.614pJ
 |--- H-Tree Dynamic Energy = 0.394pJ
 |--- Mat Dynamic Energy    = 1.220pJ per mat
    |--- Predecoder Dynamic Energy = 0.460pJ
    |--- Subarray Dynamic Energy   = 0.380pJ per active subarray
       |--- Row Decoder Dynamic Energy = 0.032pJ
       |--- Mux Decoder Dynamic Energy = 0.080pJ
       |--- Senseamp Dynamic Energy    = 0.104pJ
       |--- Mux Dynamic Energy         = 0.000pJ
       |--- Precharge Dynamic Energy   = 0.121pJ
 - Write Dynamic Energy = 1.163pJ
 |--- H-Tree Dynamic Energy = 0.394pJ
 |--- Mat Dynamic Energy    = 0.769pJ per mat
    |--- Predecoder Dynamic Energy = 0.460pJ
    |--- Subarray Dynamic Energy   = 0.154pJ per active subarray
       |--- Row Decoder Dynamic Energy = 0.032pJ
       |--- Mux Decoder Dynamic Energy = 0.080pJ
       |--- Mux Dynamic Energy         = 0.000pJ
 - Leakage Power = 1.315uW
 |--- H-Tree Leakage Power = 0.000pW
 |--- Mat Leakage Power    = 164.383nW per mat

Finished!
