User-defined configuration file (/h/mrocke01/EECE0193/NVSim/cfg_files/SRAM_cache_512_1.cfg) is loaded

Memory Cell: SRAM
Cell Area (F^2)    : 146.000 (14.600Fx10.000F)
Cell Aspect Ratio  : 1.460
SRAM Cell Access Transistor Width: 1.310F
SRAM Cell NMOS Width: 2.080F
SRAM Cell PMOS Width: 1.230F

====================
DESIGN SPECIFICATION
====================
Design Target: Cache
Capacity   : 512KB
Cache Line Size: 64Bytes
Cache Associativity: 1 Ways

Searching for the best solution that is optimized for read energy-delay-product ...

=======================
CACHE DESIGN -- SUMMARY
=======================
Access Mode: Sequential
Area:
 - Total Area = 0.586mm^2
 |--- Data Array Area = 1087.675um x 497.123um = 0.541mm^2
 |--- Tag Array Area  = 366.251um x 124.281um = 0.046mm^2
Timing:
 - Cache Hit Latency   = 0.617ns
 - Cache Miss Latency  = 0.204ns
 - Cache Write Latency = 0.289ns
Power:
 - Cache Hit Dynamic Energy   = 0.113nJ per access
 - Cache Miss Dynamic Energy  = 0.003nJ per access
 - Cache Write Dynamic Energy = 0.110nJ per access
 - Cache Total Leakage Power  = 0.077mW
 |--- Cache Data Array Leakage Power = 0.072mW
 |--- Cache Tag Array Leakage Power  = 0.005mW

CACHE DATA ARRAY
=============
CONFIGURATION
=============
Bank Organization: 128 x 128
 - Row Activation   : 1 / 128
 - Column Activation: 128 / 128
Mat Organization: 2 x 2
 - Row Activation   : 2 / 2
 - Column Activation: 2 / 2
 - Subarray Size    : 8 Rows x 8 Columns
Mux Level:
 - Senseamp Mux      : 8
 - Output Level-1 Mux: 1
 - Output Level-2 Mux: 1
 - One set is partitioned into 1 rows
Local Wire:
 - Wire Type : Local Aggressive
 - Repeater Type: No Repeaters
 - Low Swing : No
Global Wire:
 - Wire Type : Global Aggressive
 - Repeater Type: No Repeaters
 - Low Swing : No
Buffer Design Style: Latency-Optimized
=============
   RESULT
=============
Area:
 - Total Area = 1.088mm x 497.123um = 540708.531um^2
 |--- Mat Area      = 8.497um x 3.884um = 33.002um^2   (54.814%)
 |--- Subarray Area = 3.423um x 1.942um = 6.646um^2   (68.045%)
 - Area Efficiency = 54.814%
Timing:
 -  Read Latency = 413.358ps
 |--- H-Tree Latency = 247.993ps
 |--- Mat Latency    = 165.366ps
    |--- Predecoder Latency = 61.970ps
    |--- Subarray Latency   = 103.396ps
       |--- Row Decoder Latency = 30.809ps
       |--- Bitline Latency     = 36.835ps
       |--- Senseamp Latency    = 3.988ps
       |--- Mux Latency         = 31.764ps
       |--- Precharge Latency   = 28.832ps
 - Write Latency = 289.362ps
 |--- H-Tree Latency = 123.996ps
 |--- Mat Latency    = 165.366ps
    |--- Predecoder Latency = 61.970ps
    |--- Subarray Latency   = 103.396ps
       |--- Row Decoder Latency = 30.809ps
       |--- Charge Latency      = 7.427ps
 - Read Bandwidth  = 631.047GB/s
 - Write Bandwidth = 618.981GB/s
Power:
 -  Read Dynamic Energy = 110.207pJ
 |--- H-Tree Dynamic Energy = 106.164pJ
 |--- Mat Dynamic Energy    = 0.032pJ per mat
    |--- Predecoder Dynamic Energy = 0.002pJ
    |--- Subarray Dynamic Energy   = 0.007pJ per active subarray
       |--- Row Decoder Dynamic Energy = 0.001pJ
       |--- Mux Decoder Dynamic Energy = 0.002pJ
       |--- Senseamp Dynamic Energy    = 0.000pJ
       |--- Mux Dynamic Energy         = 0.000pJ
       |--- Precharge Dynamic Energy   = 0.003pJ
 - Write Dynamic Energy = 107.895pJ
 |--- H-Tree Dynamic Energy = 106.164pJ
 |--- Mat Dynamic Energy    = 0.014pJ per mat
    |--- Predecoder Dynamic Energy = 0.002pJ
    |--- Subarray Dynamic Energy   = 0.003pJ per active subarray
       |--- Row Decoder Dynamic Energy = 0.001pJ
       |--- Mux Decoder Dynamic Energy = 0.002pJ
       |--- Mux Dynamic Energy         = 0.000pJ
 - Leakage Power = 71.891uW
 |--- H-Tree Leakage Power = 0.000pW
 |--- Mat Leakage Power    = 4.388nW per mat

CACHE TAG ARRAY
=============
CONFIGURATION
=============
Bank Organization: 32 x 32
 - Row Activation   : 1 / 32
 - Column Activation: 1 / 32
Mat Organization: 2 x 2
 - Row Activation   : 2 / 2
 - Column Activation: 2 / 2
 - Subarray Size    : 8 Rows x 8 Columns
Mux Level:
 - Senseamp Mux      : 1
 - Output Level-1 Mux: 1
 - Output Level-2 Mux: 1
 - One set is partitioned into 1 rows
Local Wire:
 - Wire Type : Local Aggressive
 - Repeater Type: No Repeaters
 - Low Swing : No
Global Wire:
 - Wire Type : Global Aggressive
 - Repeater Type: No Repeaters
 - Low Swing : No
Buffer Design Style: Latency-Optimized
=============
   RESULT
=============
Area:
 - Total Area = 366.251um x 124.281um = 45517.928um^2
 |--- Mat Area      = 11.445um x 3.884um = 44.451um^2   (40.696%)
 |--- Subarray Area = 4.096um x 1.942um = 7.955um^2   (56.853%)
 - Area Efficiency = 40.696%
Timing:
 -  Read Latency = 203.982ps
 |--- H-Tree Latency = 22.354ps
 |--- Mat Latency    = 181.628ps
    |--- Predecoder Latency = 65.118ps
    |--- Subarray Latency   = 56.534ps
       |--- Row Decoder Latency = 31.360ps
       |--- Bitline Latency     = 21.415ps
       |--- Senseamp Latency    = 3.759ps
       |--- Mux Latency         = 0.000ps
       |--- Precharge Latency   = 28.863ps
    |--- Comparator Latency  = 59.975ps
 - Write Latency = 132.830ps
 |--- H-Tree Latency = 11.177ps
 |--- Mat Latency    = 121.653ps
    |--- Predecoder Latency = 65.118ps
    |--- Subarray Latency   = 56.534ps
       |--- Row Decoder Latency = 31.360ps
       |--- Charge Latency      = 0.060ps
 - Read Bandwidth  = 74.023GB/s
 - Write Bandwidth = 70.753GB/s
Power:
 -  Read Dynamic Energy = 2.520pJ
 |--- H-Tree Dynamic Energy = 2.454pJ
 |--- Mat Dynamic Energy    = 0.066pJ per mat
    |--- Predecoder Dynamic Energy = 0.029pJ
    |--- Subarray Dynamic Energy   = 0.009pJ per active subarray
       |--- Row Decoder Dynamic Energy = 0.001pJ
       |--- Mux Decoder Dynamic Energy = 0.002pJ
       |--- Senseamp Dynamic Energy    = 0.003pJ
       |--- Mux Dynamic Energy         = 0.000pJ
       |--- Precharge Dynamic Energy   = 0.003pJ
 - Write Dynamic Energy = 2.497pJ
 |--- H-Tree Dynamic Energy = 2.454pJ
 |--- Mat Dynamic Energy    = 0.043pJ per mat
    |--- Predecoder Dynamic Energy = 0.029pJ
    |--- Subarray Dynamic Energy   = 0.004pJ per active subarray
       |--- Row Decoder Dynamic Energy = 0.001pJ
       |--- Mux Decoder Dynamic Energy = 0.002pJ
       |--- Mux Dynamic Energy         = 0.000pJ
 - Leakage Power = 5.490uW
 |--- H-Tree Leakage Power = 0.000pW
 |--- Mat Leakage Power    = 5.361nW per mat

Finished!
