User-defined configuration file (/Users/sudo/CodeProjects/Tufts/EECE0193/Final_Project/EXPERIMENTS/Input/NVSim/iso_area/WriteEDP/SRAM/128KB/128KB.cfg) is loaded

Memory Cell: SRAM
Cell Area (F^2)    : 146.000 (14.600Fx10.000F)
Cell Aspect Ratio  : 1.460
SRAM Cell Access Transistor Width: 1.310F
SRAM Cell NMOS Width: 2.080F
SRAM Cell PMOS Width: 1.230F

====================
DESIGN SPECIFICATION
====================
Design Target: Random Access Memory
Capacity   : 128KB
Data Width : 128Bits (16Bytes)

Searching for the best solution that is optimized for write energy-delay-product ...

=============
CONFIGURATION
=============
Bank Organization: 1 x 1
 - Row Activation   : 1 / 1
 - Column Activation: 1 / 1
Mat Organization: 2 x 2
 - Row Activation   : 2 / 2
 - Column Activation: 2 / 2
 - Subarray Size    : 512 Rows x 512 Columns
Mux Level:
 - Senseamp Mux      : 1
 - Output Level-1 Mux: 1
 - Output Level-2 Mux: 16
Local Wire:
 - Wire Type : Local Aggressive
 - Repeater Type: No Repeaters
 - Low Swing : No
Global Wire:
 - Wire Type : Global Aggressive
 - Repeater Type: No Repeaters
 - Low Swing : No
Buffer Design Style: Latency-Optimized
=============
   RESULT
=============
Area:
 - Total Area = 343.425um x 236.153um = 81101.086um^2
 |--- Mat Area      = 343.425um x 236.153um = 81101.086um^2   (91.363%)
 |--- Subarray Area = 166.643um x 118.077um = 19676.705um^2   (94.143%)
 - Area Efficiency = 91.363%
Timing:
 -  Read Latency = 1.372ns
 |--- H-Tree Latency = 0.000ps
 |--- Mat Latency    = 1.372ns
    |--- Predecoder Latency = 243.544ps
    |--- Subarray Latency   = 1.128ns
       |--- Row Decoder Latency = 387.657ps
       |--- Bitline Latency     = 703.569ps
       |--- Senseamp Latency    = 3.759ps
       |--- Mux Latency         = 33.332ps
       |--- Precharge Latency   = 1.533ns
 - Write Latency = 1.372ns
 |--- H-Tree Latency = 0.000ps
 |--- Mat Latency    = 1.372ns
    |--- Predecoder Latency = 243.544ps
    |--- Subarray Latency   = 1.128ns
       |--- Row Decoder Latency = 387.657ps
       |--- Charge Latency      = 676.640ps
 - Read Bandwidth  = 7.036GB/s
 - Write Bandwidth = 14.180GB/s
Power:
 -  Read Dynamic Energy = 20.022pJ
 |--- H-Tree Dynamic Energy = 0.000pJ
 |--- Mat Dynamic Energy    = 20.022pJ per mat
    |--- Predecoder Dynamic Energy = 0.127pJ
    |--- Subarray Dynamic Energy   = 4.974pJ per active subarray
       |--- Row Decoder Dynamic Energy = 0.052pJ
       |--- Mux Decoder Dynamic Energy = 0.120pJ
       |--- Senseamp Dynamic Energy    = 0.175pJ
       |--- Mux Dynamic Energy         = 0.011pJ
       |--- Precharge Dynamic Energy   = 0.202pJ
 - Write Dynamic Energy = 1.964pJ
 |--- H-Tree Dynamic Energy = 0.000pJ
 |--- Mat Dynamic Energy    = 1.964pJ per mat
    |--- Predecoder Dynamic Energy = 0.127pJ
    |--- Subarray Dynamic Energy   = 0.459pJ per active subarray
       |--- Row Decoder Dynamic Energy = 0.052pJ
       |--- Mux Decoder Dynamic Energy = 0.120pJ
       |--- Mux Dynamic Energy         = 0.011pJ
 - Leakage Power = 11.184uW
 |--- H-Tree Leakage Power = 0.000pW
 |--- Mat Leakage Power    = 11.184uW per mat

Finished!
