User-defined configuration file (/h/mrocke01/EECE0193/NVSim/cfg_files/SRAM_cache_16_2.cfg) is loaded

Memory Cell: SRAM
Cell Area (F^2)    : 146.000 (14.600Fx10.000F)
Cell Aspect Ratio  : 1.460
SRAM Cell Access Transistor Width: 1.310F
SRAM Cell NMOS Width: 2.080F
SRAM Cell PMOS Width: 1.230F

====================
DESIGN SPECIFICATION
====================
Design Target: Cache
Capacity   : 16KB
Cache Line Size: 64Bytes
Cache Associativity: 2 Ways

Searching for the best solution that is optimized for read energy-delay-product ...

=======================
CACHE DESIGN -- SUMMARY
=======================
Access Mode: Sequential
Area:
 - Total Area = 0.012mm^2
 |--- Data Array Area = 175.609um x 62.287um = 0.011mm^2
 |--- Tag Array Area  = 24.945um x 41.153um = 0.001mm^2
Timing:
 - Cache Hit Latency   = 0.985ns
 - Cache Miss Latency  = 0.350ns
 - Cache Write Latency = 0.636ns
Power:
 - Cache Hit Dynamic Energy   = 0.003nJ per access
 - Cache Miss Dynamic Energy  = 0.000nJ per access
 - Cache Write Dynamic Energy = 0.003nJ per access
 - Cache Total Leakage Power  = 0.002mW
 |--- Cache Data Array Leakage Power = 0.002mW
 |--- Cache Tag Array Leakage Power  = 0.000mW

CACHE DATA ARRAY
=============
CONFIGURATION
=============
Bank Organization: 1 x 1
 - Row Activation   : 1 / 1
 - Column Activation: 1 / 1
Mat Organization: 2 x 2
 - Row Activation   : 2 / 2
 - Column Activation: 2 / 2
 - Subarray Size    : 256 Rows x 128 Columns
Mux Level:
 - Senseamp Mux      : 1
 - Output Level-1 Mux: 1
 - Output Level-2 Mux: 1
 - One set is partitioned into 1 rows
Local Wire:
 - Wire Type : Local Aggressive
 - Repeater Type: No Repeaters
 - Low Swing : No
Global Wire:
 - Wire Type : Global Aggressive
 - Repeater Type: No Repeaters
 - Low Swing : No
Buffer Design Style: Latency-Optimized
=============
   RESULT
=============
Area:
 - Total Area = 175.609um x 62.287um = 10938.201um^2
 |--- Mat Area      = 175.609um x 62.287um = 10938.201um^2   (84.676%)
 |--- Subarray Area = 84.218um x 31.144um = 2622.855um^2   (88.282%)
 - Area Efficiency = 84.676%
Timing:
 -  Read Latency = 635.771ps
 |--- H-Tree Latency = 0.000ps
 |--- Mat Latency    = 635.771ps
    |--- Predecoder Latency = 190.658ps
    |--- Subarray Latency   = 445.113ps
       |--- Row Decoder Latency = 147.176ps
       |--- Bitline Latency     = 294.177ps
       |--- Senseamp Latency    = 3.759ps
       |--- Mux Latency         = 0.000ps
       |--- Precharge Latency   = 709.133ps
 - Write Latency = 635.771ps
 |--- H-Tree Latency = 0.000ps
 |--- Mat Latency    = 635.771ps
    |--- Predecoder Latency = 190.658ps
    |--- Subarray Latency   = 445.113ps
       |--- Row Decoder Latency = 147.176ps
       |--- Charge Latency      = 61.179ps
 - Read Bandwidth  = 63.551GB/s
 - Write Bandwidth = 143.784GB/s
Power:
 -  Read Dynamic Energy = 2.867pJ
 |--- H-Tree Dynamic Energy = 0.000pJ
 |--- Mat Dynamic Energy    = 2.867pJ per mat
    |--- Predecoder Dynamic Energy = 0.059pJ
    |--- Subarray Dynamic Energy   = 0.702pJ per active subarray
       |--- Row Decoder Dynamic Energy = 0.016pJ
       |--- Mux Decoder Dynamic Energy = 0.036pJ
       |--- Senseamp Dynamic Energy    = 0.044pJ
       |--- Mux Dynamic Energy         = 0.000pJ
       |--- Precharge Dynamic Energy   = 0.054pJ
 - Write Dynamic Energy = 2.475pJ
 |--- H-Tree Dynamic Energy = 0.000pJ
 |--- Mat Dynamic Energy    = 2.475pJ per mat
    |--- Predecoder Dynamic Energy = 0.059pJ
    |--- Subarray Dynamic Energy   = 0.604pJ per active subarray
       |--- Row Decoder Dynamic Energy = 0.016pJ
       |--- Mux Decoder Dynamic Energy = 0.036pJ
       |--- Mux Dynamic Energy         = 0.000pJ
 - Leakage Power = 1.571uW
 |--- H-Tree Leakage Power = 0.000pW
 |--- Mat Leakage Power    = 1.571uW per mat

CACHE TAG ARRAY
=============
CONFIGURATION
=============
Bank Organization: 1 x 1
 - Row Activation   : 1 / 1
 - Column Activation: 1 / 1
Mat Organization: 2 x 2
 - Row Activation   : 1 / 2
 - Column Activation: 1 / 2
 - Subarray Size    : 32 Rows x 74 Columns
Mux Level:
 - Senseamp Mux      : 1
 - Output Level-1 Mux: 1
 - Output Level-2 Mux: 1
 - One set is partitioned into 1 rows
Local Wire:
 - Wire Type : Local Aggressive
 - Repeater Type: No Repeaters
 - Low Swing : No
Global Wire:
 - Wire Type : Global Aggressive
 - Repeater Type: No Repeaters
 - Low Swing : No
Buffer Design Style: Latency-Optimized
=============
   RESULT
=============
Area:
 - Total Area = 24.945um x 41.153um = 1026.587um^2
 |--- Mat Area      = 24.945um x 41.153um = 1026.587um^2   (65.199%)
 |--- Subarray Area = 12.269um x 18.932um = 232.285um^2   (72.038%)
 - Area Efficiency = 65.199%
Timing:
 -  Read Latency = 349.513ps
 |--- H-Tree Latency = 0.000ps
 |--- Mat Latency    = 349.513ps
    |--- Predecoder Latency = 110.762ps
    |--- Subarray Latency   = 177.043ps
       |--- Row Decoder Latency = 121.646ps
       |--- Bitline Latency     = 51.638ps
       |--- Senseamp Latency    = 3.759ps
       |--- Mux Latency         = 0.000ps
       |--- Precharge Latency   = 90.041ps
    |--- Comparator Latency  = 61.708ps
 - Write Latency = 287.805ps
 |--- H-Tree Latency = 0.000ps
 |--- Mat Latency    = 287.805ps
    |--- Predecoder Latency = 110.762ps
    |--- Subarray Latency   = 177.043ps
       |--- Row Decoder Latency = 121.646ps
       |--- Charge Latency      = 0.956ps
 - Read Bandwidth  = 31.800GB/s
 - Write Bandwidth = 26.124GB/s
Power:
 -  Read Dynamic Energy = 0.203pJ
 |--- H-Tree Dynamic Energy = 0.000pJ
 |--- Mat Dynamic Energy    = 0.203pJ per mat
    |--- Predecoder Dynamic Energy = 0.073pJ
    |--- Subarray Dynamic Energy   = 0.130pJ per active subarray
       |--- Row Decoder Dynamic Energy = 0.010pJ
       |--- Mux Decoder Dynamic Energy = 0.023pJ
       |--- Senseamp Dynamic Energy    = 0.025pJ
       |--- Mux Dynamic Energy         = 0.000pJ
       |--- Precharge Dynamic Energy   = 0.032pJ
 - Write Dynamic Energy = 0.146pJ
 |--- H-Tree Dynamic Energy = 0.000pJ
 |--- Mat Dynamic Energy    = 0.146pJ per mat
    |--- Predecoder Dynamic Energy = 0.073pJ
    |--- Subarray Dynamic Energy   = 0.072pJ per active subarray
       |--- Row Decoder Dynamic Energy = 0.010pJ
       |--- Mux Decoder Dynamic Energy = 0.023pJ
       |--- Mux Dynamic Energy         = 0.000pJ
 - Leakage Power = 131.275nW
 |--- H-Tree Leakage Power = 0.000pW
 |--- Mat Leakage Power    = 131.275nW per mat

Finished!
