User-defined configuration file (/h/mrocke01/EECE0193/NVSim/cfg_files/SRAM_cache_2048_4.cfg) is loaded

Memory Cell: SRAM
Cell Area (F^2)    : 146.000 (14.600Fx10.000F)
Cell Aspect Ratio  : 1.460
SRAM Cell Access Transistor Width: 1.310F
SRAM Cell NMOS Width: 2.080F
SRAM Cell PMOS Width: 1.230F

====================
DESIGN SPECIFICATION
====================
Design Target: Cache
Capacity   : 2MB
Cache Line Size: 64Bytes
Cache Associativity: 4 Ways

Searching for the best solution that is optimized for read energy-delay-product ...

=======================
CACHE DESIGN -- SUMMARY
=======================
Access Mode: Sequential
Area:
 - Total Area = 1.570mm^2
 |--- Data Array Area = 1474.563um x 995.498um = 1.468mm^2
 |--- Tag Array Area  = 399.138um x 255.648um = 0.102mm^2
Timing:
 - Cache Hit Latency   = 1.606ns
 - Cache Miss Latency  = 0.426ns
 - Cache Write Latency = 0.833ns
Power:
 - Cache Hit Dynamic Energy   = 0.175nJ per access
 - Cache Miss Dynamic Energy  = 0.004nJ per access
 - Cache Write Dynamic Energy = 0.167nJ per access
 - Cache Total Leakage Power  = 0.229mW
 |--- Cache Data Array Leakage Power = 0.216mW
 |--- Cache Tag Array Leakage Power  = 0.013mW

CACHE DATA ARRAY
=============
CONFIGURATION
=============
Bank Organization: 64 x 8
 - Row Activation   : 1 / 64
 - Column Activation: 8 / 8
Mat Organization: 2 x 2
 - Row Activation   : 2 / 2
 - Column Activation: 2 / 2
 - Subarray Size    : 32 Rows x 256 Columns
Mux Level:
 - Senseamp Mux      : 16
 - Output Level-1 Mux: 1
 - Output Level-2 Mux: 1
 - One set is partitioned into 1 rows
Local Wire:
 - Wire Type : Local Aggressive
 - Repeater Type: No Repeaters
 - Low Swing : No
Global Wire:
 - Wire Type : Global Aggressive
 - Repeater Type: No Repeaters
 - Low Swing : No
Buffer Design Style: Latency-Optimized
=============
   RESULT
=============
Area:
 - Total Area = 1.475mm x 995.498um = 1.468mm^2
 |--- Mat Area      = 23.040um x 124.437um = 2867.040um^2   (80.763%)
 |--- Subarray Area = 11.520um x 60.298um = 694.635um^2   (83.336%)
 - Area Efficiency = 80.763%
Timing:
 -  Read Latency = 1.180ns
 |--- H-Tree Latency = 693.914ps
 |--- Mat Latency    = 485.607ps
    |--- Predecoder Latency = 131.583ps
    |--- Subarray Latency   = 354.024ps
       |--- Row Decoder Latency = 204.500ps
       |--- Bitline Latency     = 97.106ps
       |--- Senseamp Latency    = 3.988ps
       |--- Mux Latency         = 48.430ps
       |--- Precharge Latency   = 91.133ps
 - Write Latency = 832.564ps
 |--- H-Tree Latency = 346.957ps
 |--- Mat Latency    = 485.607ps
    |--- Predecoder Latency = 131.583ps
    |--- Subarray Latency   = 354.024ps
       |--- Row Decoder Latency = 204.500ps
       |--- Charge Latency      = 28.540ps
 - Read Bandwidth  = 265.939GB/s
 - Write Bandwidth = 180.779GB/s
Power:
 -  Read Dynamic Energy = 171.072pJ
 |--- H-Tree Dynamic Energy = 159.346pJ
 |--- Mat Dynamic Energy    = 1.466pJ per mat
    |--- Predecoder Dynamic Energy = 0.038pJ
    |--- Subarray Dynamic Energy   = 0.357pJ per active subarray
       |--- Row Decoder Dynamic Energy = 0.029pJ
       |--- Mux Decoder Dynamic Energy = 0.068pJ
       |--- Senseamp Dynamic Energy    = 0.006pJ
       |--- Mux Dynamic Energy         = 0.008pJ
       |--- Precharge Dynamic Energy   = 0.103pJ
 - Write Dynamic Energy = 163.307pJ
 |--- H-Tree Dynamic Energy = 159.346pJ
 |--- Mat Dynamic Energy    = 0.495pJ per mat
    |--- Predecoder Dynamic Energy = 0.038pJ
    |--- Subarray Dynamic Energy   = 0.114pJ per active subarray
       |--- Row Decoder Dynamic Energy = 0.029pJ
       |--- Mux Decoder Dynamic Energy = 0.068pJ
       |--- Mux Dynamic Energy         = 0.008pJ
 - Leakage Power = 215.633uW
 |--- H-Tree Leakage Power = 0.000pW
 |--- Mat Leakage Power    = 421.159nW per mat

CACHE TAG ARRAY
=============
CONFIGURATION
=============
Bank Organization: 16 x 4
 - Row Activation   : 1 / 16
 - Column Activation: 1 / 4
Mat Organization: 2 x 2
 - Row Activation   : 1 / 2
 - Column Activation: 1 / 2
 - Subarray Size    : 32 Rows x 124 Columns
Mux Level:
 - Senseamp Mux      : 1
 - Output Level-1 Mux: 1
 - Output Level-2 Mux: 1
 - One set is partitioned into 1 rows
Local Wire:
 - Wire Type : Local Aggressive
 - Repeater Type: No Repeaters
 - Low Swing : No
Global Wire:
 - Wire Type : Global Aggressive
 - Repeater Type: No Repeaters
 - Low Swing : No
Buffer Design Style: Latency-Optimized
=============
   RESULT
=============
Area:
 - Total Area = 399.138um x 255.648um = 102038.826um^2
 |--- Mat Area      = 24.946um x 63.912um = 1594.357um^2   (70.347%)
 |--- Subarray Area = 12.269um x 30.264um = 371.316um^2   (75.514%)
 - Area Efficiency = 70.347%
Timing:
 -  Read Latency = 426.016ps
 |--- H-Tree Latency = 46.114ps
 |--- Mat Latency    = 379.902ps
    |--- Predecoder Latency = 117.636ps
    |--- Subarray Latency   = 204.023ps
       |--- Row Decoder Latency = 143.337ps
       |--- Bitline Latency     = 56.927ps
       |--- Senseamp Latency    = 3.759ps
       |--- Mux Latency         = 0.000ps
       |--- Precharge Latency   = 90.295ps
    |--- Comparator Latency  = 58.242ps
 - Write Latency = 344.716ps
 |--- H-Tree Latency = 23.057ps
 |--- Mat Latency    = 321.660ps
    |--- Predecoder Latency = 117.636ps
    |--- Subarray Latency   = 204.023ps
       |--- Row Decoder Latency = 143.337ps
       |--- Charge Latency      = 0.956ps
 - Read Bandwidth  = 25.665GB/s
 - Write Bandwidth = 18.993GB/s
Power:
 -  Read Dynamic Energy = 3.657pJ
 |--- H-Tree Dynamic Energy = 3.315pJ
 |--- Mat Dynamic Energy    = 0.342pJ per mat
    |--- Predecoder Dynamic Energy = 0.129pJ
    |--- Subarray Dynamic Energy   = 0.213pJ per active subarray
       |--- Row Decoder Dynamic Energy = 0.015pJ
       |--- Mux Decoder Dynamic Energy = 0.035pJ
       |--- Senseamp Dynamic Energy    = 0.042pJ
       |--- Mux Dynamic Energy         = 0.000pJ
       |--- Precharge Dynamic Energy   = 0.052pJ
 - Write Dynamic Energy = 3.562pJ
 |--- H-Tree Dynamic Energy = 3.315pJ
 |--- Mat Dynamic Energy    = 0.247pJ per mat
    |--- Predecoder Dynamic Energy = 0.129pJ
    |--- Subarray Dynamic Energy   = 0.118pJ per active subarray
       |--- Row Decoder Dynamic Energy = 0.015pJ
       |--- Mux Decoder Dynamic Energy = 0.035pJ
       |--- Mux Dynamic Energy         = 0.000pJ
 - Leakage Power = 13.489uW
 |--- H-Tree Leakage Power = 0.000pW
 |--- Mat Leakage Power    = 210.769nW per mat

Finished!
