User-defined configuration file (/Users/sudo/CodeProjects/Tufts/EECE0193/Final_Project/EXPERIMENTS/Input/Destiny/WriteLatency/PCRAM/512KB/512KB.cfg) is loaded

====================
DESIGN SPECIFICATION
====================
Design Target: Random Access Memory
Capacity   : 512KB
Data Width : 128Bits (16Bytes)

Searching for the best solution that is optimized for write latency ...
Using cell file: ./cell_defs/PCRAM.cell
numSolutions = 15998 / numDesigns = 218700

=============
   SUMMARY   
=============
Optimized for: Write Latency
Memory Cell: PCRAM (Phase-Change)
Cell Area (F^2)    : 9 (3Fx3F)
Cell Aspect Ratio  : 1
Cell Turned-On Resistance : 1Kohm
Cell Turned-Off Resistance: 1Mohm
Read Mode: Voltage-Sensing
  - Read Current: 40uA
Reset Mode: Current
  - Reset Current: 300uA
  - Reset Pulse: 40ns
Set Mode: Current
  - Set Current: 150uA
  - Set Pulse: 150ns
Access Type: CMOS

=============
CONFIGURATION
=============
Bank Organization: 64 x 32 x 16
 - Row Activation   : 1 / 64 x 1
 - Column Activation: 32 / 32 x 1
Mat Organization: 2 x 2
 - Row Activation   : 2 / 2
 - Column Activation: 2 / 2
 - Subarray Size    : 8 Rows x 4 Columns
Mux Level:
 - Senseamp Mux      : 4
 - Output Level-1 Mux: 1
 - Output Level-2 Mux: 1
Local Wire:
 - Wire Type : Local Aggressive
 - Repeater Type: No Repeaters
 - Low Swing : No
Global Wire:
 - Wire Type : Global Aggressive
 - Repeater Type: No Repeaters
 - Low Swing : No
Buffer Design Style: Latency-Optimized
=============
   RESULT
=============
Area:
 - Total Area = 445.877um x 54.3747um = 58588.4um^2
 |--- Mat Area      = 6.96683um x 1.69921um = 11.8381um^2   (75.3591%)
 |--- Subarray Area = 2.80159um x 849.604nm = 2.38024um^2   (93.6994%)
 |--- TSV Area      = 81um^2
 - Area Efficiency = 31.1843%
Timing:
 -  Read Latency = 135.68ps
 |--- TSV Latency    = 0.171162ps
 |--- H-Tree Latency = 24.0489ps
 |--- Mat Latency    = 111.46ps
    |--- Predecoder Latency = 53.5966ps
    |--- Subarray Latency   = 57.8636ps
       |--- Row Decoder Latency = 21.0051ps
       |--- Bitline Latency     = 12.3366ps,0.622048ps,12.3366ps
       |--- Senseamp Latency    = 3.80391ps
       |--- Mux Latency         = 5.23757ps
       |--- Precharge Latency   = 14.3351ps
       |--- Read Pulse   = 0ps
 - Write Total Latency = 150.103ns
 - RESET Latency = 40.1027ns
 |--- TSV Latency    = 0.0855811ps
 |--- H-Tree Latency = 12.0245ps
 |--- Mat Latency    = 40.0906ns
    |--- Predecoder Latency = 53.5966ps
    |--- Subarray Latency   = 40.037ns
       |--- RESET Pulse Duration = 40ns
       |--- Row Decoder Latency  = 21.0051ps
       |--- Charge Latency   = 0.507956ps
 - SET Latency   = 150.103ns
 |--- TSV Latency    = 0.0855811ps
 |--- H-Tree Latency = 12.0245ps
 |--- Mat Latency    = 150.091ns
    |--- Predecoder Latency = 53.5966ps
    |--- Subarray Latency   = 150.037ns
       |--- SET Pulse Duration   = 150ns
       |--- Row Decoder Latency  = 21.0051ps
       |--- Charger Latency      = 0.507956ps
 - Read Bandwidth  = 312.539GB/s
 - Write Bandwidth = 106.64MB/s
Power:
 -  Read Dynamic Energy = 424.18pJ
 |--- TSV Dynamic Energy    = 234.148pJ
 |--- H-Tree Dynamic Energy = 7.35218pJ
 |--- Mat Dynamic Energy    = 5.70873pJ per mat
    |--- Predecoder Dynamic Energy = 0.00127755pJ
    |--- Subarray Dynamic Energy   = 1.42686pJ per active subarray
       |--- Row Decoder Dynamic Energy = 0.000230017pJ
       |--- Mux Decoder Dynamic Energy = 0.00415385pJ
       |--- Bitline & Cell Read Energy = 0.00024345pJ
       |--- Senseamp Dynamic Energy    = 0.000346726pJ
       |--- Mux Dynamic Energy         = 0.000620515pJ
       |--- Precharge Dynamic Energy   = 0.00145566pJ
 - Write Dynamic Energy = 11.7625nJ
 - RESET Dynamic Energy = 6.38645nJ
 |--- TSV Dynamic Energy    = 234.148pJ
 |--- H-Tree Dynamic Energy = 7.35218pJ
 |--- Mat Dynamic Energy    = 192.03pJ per mat
    |--- Predecoder Dynamic Energy = 0.00127755pJ
    |--- Subarray Dynamic Energy   = 90.0074pJ per active subarray
       |--- Row Decoder Dynamic Energy = 0.000230017pJ
       |--- Mux Decoder Dynamic Energy = 0.00415385pJ
       |--- Mux Dynamic Energy         = 0.000620515pJ
       |--- Cell RESET Dynamic Energy  = 48.0023pJ  0pJ
       |--- Single Cell RESET Energy  = 9.6pJ  0pJ
 - SET Dynamic Energy = 11.7625nJ
 |--- H-Tree Dynamic Energy = 7.35218pJ
 |--- Mat Dynamic Energy    = 360.03pJ per mat
    |--- Predecoder Dynamic Energy = 0.00127755pJ
    |--- Subarray Dynamic Energy   = 90.0074pJ per active subarray
       |--- Row Decoder Dynamic Energy = 0.000230017pJ
       |--- Mux Decoder Dynamic Energy = 0.00415385pJ
       |--- Mux Dynamic Energy         = 0.000620515pJ
       |--- Cell SET Dynamic Energy    = 90.0023pJ  0pJ  90.0074pJ
       |--- Single Cell SET Energy  = 18pJ  0pJ
 - Leakage Power = 45.2148uW
 |--- TSV Leakage              = 0pW
 |--- H-Tree Leakage Power     = 0pW
 |--- Mat Leakage Power        = 1.37985nW per mat

Finished!
