User-defined configuration file (/Users/sudo/CodeProjects/Tufts/EECE0193/Final_Project/EXPERIMENTS/Input/Destiny/LeakagePower/PCRAM/4096KB/4096KB.cfg) is loaded

====================
DESIGN SPECIFICATION
====================
Design Target: Random Access Memory
Capacity   : 4MB
Data Width : 128Bits (16Bytes)

Searching for the best solution that is optimized for leakage power ...
Using cell file: ./cell_defs/PCRAM.cell
numSolutions = 28960 / numDesigns = 218700

=============
   SUMMARY   
=============
Optimized for: Leakage
Memory Cell: PCRAM (Phase-Change)
Cell Area (F^2)    : 9 (3Fx3F)
Cell Aspect Ratio  : 1
Cell Turned-On Resistance : 1Kohm
Cell Turned-Off Resistance: 1Mohm
Read Mode: Voltage-Sensing
  - Read Current: 40uA
Reset Mode: Current
  - Reset Current: 300uA
  - Reset Pulse: 40ns
Set Mode: Current
  - Set Current: 150uA
  - Set Pulse: 150ns
Access Type: CMOS

=============
CONFIGURATION
=============
Bank Organization: 512 x 16
 - Row Activation   : 1 / 512
 - Column Activation: 16 / 16
Mat Organization: 2 x 2
 - Row Activation   : 2 / 2
 - Column Activation: 2 / 2
 - Subarray Size    : 16 Rows x 64 Columns
Mux Level:
 - Senseamp Mux      : 16
 - Output Level-1 Mux: 1
 - Output Level-2 Mux: 2
Local Wire:
 - Wire Type : Local Aggressive
 - Repeater Type: No Repeaters
 - Low Swing : No
Global Wire:
 - Wire Type : Global Aggressive
 - Repeater Type: No Repeaters
 - Low Swing : No
Buffer Design Style: Latency-Optimized
=============
   RESULT
=============
Area:
 - Total Area = 4.13295mm x 511.031um = 2.11207mm^2
 |--- Mat Area      = 8.07217um x 31.9394um = 257.82um^2   (6.92039%)
 |--- Subarray Area = 4.03608um x 14.7107um = 59.3735um^2   (7.51269%)
 - Area Efficiency = 6.92039%
Timing:
 -  Read Latency = 2.37784ns
 |--- H-Tree Latency = 2.06963ns
 |--- Mat Latency    = 308.206ps
    |--- Predecoder Latency = 97.0953ps
    |--- Subarray Latency   = 211.111ps
       |--- Row Decoder Latency = 101.661ps
       |--- Bitline Latency     = 34.5213ps,1.74195ps,34.5213ps
       |--- Senseamp Latency    = 3.9879ps
       |--- Mux Latency         = 19.0955ps
       |--- Precharge Latency   = 21.8687ps
       |--- Read Pulse   = 0ps
 - Write Total Latency = 151.287ns
 - RESET Latency = 41.2874ns
 |--- H-Tree Latency = 1.03482ns
 |--- Mat Latency    = 40.2526ns
    |--- Predecoder Latency = 97.0953ps
    |--- Subarray Latency   = 40.1555ns
       |--- RESET Pulse Duration = 40ns
       |--- Row Decoder Latency  = 101.661ps
       |--- Charge Latency   = 2.03182ps
 - SET Latency   = 151.287ns
 |--- H-Tree Latency = 1.03482ns
 |--- Mat Latency    = 150.253ns
    |--- Predecoder Latency = 97.0953ps
    |--- Subarray Latency   = 150.156ns
       |--- SET Pulse Duration   = 150ns
       |--- Row Decoder Latency  = 101.661ps
       |--- Charger Latency      = 2.03182ps
 - Read Bandwidth  = 121.841GB/s
 - Write Bandwidth = 106.556MB/s
Power:
 -  Read Dynamic Energy = 2.10082nJ
 |--- H-Tree Dynamic Energy = 70.1161pJ
 |--- Mat Dynamic Energy    = 126.919pJ per mat
    |--- Predecoder Dynamic Energy = 0.0126557pJ
    |--- Subarray Dynamic Energy   = 31.7267pJ per active subarray
       |--- Row Decoder Dynamic Energy = 0.00511644pJ
       |--- Mux Decoder Dynamic Energy = 0.0845504pJ
       |--- Bitline & Cell Read Energy = 0.000510452pJ
       |--- Senseamp Dynamic Energy    = 0.00145399pJ
       |--- Mux Dynamic Energy         = 0.00858229pJ
       |--- Precharge Dynamic Energy   = 0.0254427pJ
 - Write Dynamic Energy = 11.597nJ
 - RESET Dynamic Energy = 6.2207nJ
 |--- H-Tree Dynamic Energy = 70.1161pJ
 |--- Mat Dynamic Energy    = 384.411pJ per mat
    |--- Predecoder Dynamic Energy = 0.0126557pJ
    |--- Subarray Dynamic Energy   = 180.105pJ per active subarray
       |--- Row Decoder Dynamic Energy = 0.00511644pJ
       |--- Mux Decoder Dynamic Energy = 0.0845504pJ
       |--- Mux Dynamic Energy         = 0.00858229pJ
       |--- Cell RESET Dynamic Energy  = 96.0065pJ  0pJ
       |--- Single Cell RESET Energy  = 9.6pJ  0pJ
 - SET Dynamic Energy = 11.5967nJ
 |--- H-Tree Dynamic Energy = 70.1161pJ
 |--- Mat Dynamic Energy    = 720.411pJ per mat
    |--- Predecoder Dynamic Energy = 0.0126557pJ
    |--- Subarray Dynamic Energy   = 180.105pJ per active subarray
       |--- Row Decoder Dynamic Energy = 0.00511644pJ
       |--- Mux Decoder Dynamic Energy = 0.0845504pJ
       |--- Mux Dynamic Energy         = 0.00858229pJ
       |--- Cell SET Dynamic Energy    = 180.007pJ  0pJ  180.105pJ
       |--- Single Cell SET Energy  = 18pJ  0pJ
 - Leakage Power = 433.224uW
 |--- H-Tree Leakage Power     = 0pW
 |--- Mat Leakage Power        = 52.8838nW per mat

Finished!
