User-defined configuration file (/h/mrocke01/EECE0193/NVSim/cfg_files/SRAM_cache_1024_RRAM.cfg) is loaded

Memory Cell: RRAM (Memristor)
Cell Area (F^2)    : 4.000 (2.000Fx2.000F)
Cell Aspect Ratio  : 1.000
Cell Turned-On Resistance : 1.000Mohm
Cell Turned-Off Resistance: 10.000Mohm
Read Mode: Current-Sensing
  - Read Voltage: 0.400V
Reset Mode: Voltage
  - Reset Voltage: 2.000V
  - Reset Pulse: 10.000ns
Set Mode: Voltage
  - Set Voltage: 2.000V
  - Set Pulse: 10.000ns
Access Type: None Access Device

====================
DESIGN SPECIFICATION
====================
Design Target: Cache
Capacity   : 1MB
Cache Line Size: 64Bytes
Cache Associativity: 16 Ways

Searching for the best solution that is optimized for read energy-delay-product ...

=======================
CACHE DESIGN -- SUMMARY
=======================
Access Mode: Sequential
Area:
 - Total Area = 0.413mm^2
 |--- Data Array Area = 786.965um x 312.752um = 0.246mm^2
 |--- Tag Array Area  = 595.711um x 280.544um = 0.167mm^2
Timing:
 - Cache Hit Latency   = 4.376ns
 - Cache Miss Latency  = 2.006ns
 - Cache Write Latency = 21.014ns
Power:
 - Cache Hit Dynamic Energy   = 0.275nJ per access
 - Cache Miss Dynamic Energy  = 0.129nJ per access
 - Cache Write Dynamic Energy = 1.011nJ per access
 - Cache Total Leakage Power  = 0.556mW
 |--- Cache Data Array Leakage Power = 0.324mW
 |--- Cache Tag Array Leakage Power  = 0.232mW

CACHE DATA ARRAY
=============
CONFIGURATION
=============
Bank Organization: 4 x 4
 - Row Activation   : 1 / 4
 - Column Activation: 4 / 4
Mat Organization: 2 x 2
 - Row Activation   : 2 / 2
 - Column Activation: 2 / 2
 - Subarray Size    : 512 Rows x 256 Columns
Mux Level:
 - Senseamp Mux      : 8
 - Output Level-1 Mux: 1
 - Output Level-2 Mux: 1
 - One set is partitioned into 1 rows
Local Wire:
 - Wire Type : Local Aggressive
 - Repeater Type: No Repeaters
 - Low Swing : No
Global Wire:
 - Wire Type : Global Aggressive
 - Repeater Type: No Repeaters
 - Low Swing : No
Buffer Design Style: Latency-Optimized
=============
   RESULT
=============
Area:
 - Total Area = 786.965um x 312.752um = 246124.764um^2
 |--- Mat Area      = 196.741um x 78.188um = 15382.798um^2   (6.598%)
 |--- Subarray Area = 93.882um x 39.094um = 3670.233um^2   (6.914%)
 - Area Efficiency = 6.598%
Timing:
 -  Read Latency = 2.370ns
 |--- H-Tree Latency = 108.201ps
 |--- Mat Latency    = 2.262ns
    |--- Predecoder Latency = 209.264ps
    |--- Subarray Latency   = 2.053ns
       |--- Row Decoder Latency = 160.688ps
       |--- Bitline Latency     = 35.803ps
       |--- Senseamp Latency    = 1.454ns
       |--- Mux Latency         = 6.588ps
       |--- Precharge Latency   = 1.409ns
 - Write Latency = 21.014ns
 |--- H-Tree Latency = 54.100ps
 |--- Mat Latency    = 20.959ns
    |--- Predecoder Latency = 209.264ps
    |--- Subarray Latency   = 20.750ns
       |--- Row Decoder Latency = 160.688ps
       |--- Charge Latency      = 96.881ps
 - Read Bandwidth  = 19.387GB/s
 - Write Bandwidth = 3.084GB/s
Power:
 -  Read Dynamic Energy = 146.215pJ
 |--- H-Tree Dynamic Energy = 52.831pJ
 |--- Mat Dynamic Energy    = 23.346pJ per mat
    |--- Predecoder Dynamic Energy = 0.067pJ
    |--- Subarray Dynamic Energy   = 5.820pJ per active subarray
       |--- Row Decoder Dynamic Energy = 0.026pJ
       |--- Mux Decoder Dynamic Energy = 0.855pJ
       |--- Bitline & Cell Read Energy = 0.015pJ
       |--- Senseamp Dynamic Energy    = 4.812pJ
       |--- Mux Dynamic Energy         = 0.017pJ
       |--- Precharge Dynamic Energy   = 0.095pJ
 - Write Dynamic Energy = 493.250pJ
 |--- H-Tree Dynamic Energy = 52.831pJ
 |--- Mat Dynamic Energy    = 110.105pJ per mat
    |--- Predecoder Dynamic Energy = 0.067pJ
    |--- Subarray Dynamic Energy   = 27.510pJ per active subarray
       |--- Row Decoder Dynamic Energy = 0.026pJ
       |--- Mux Decoder Dynamic Energy = 0.855pJ
       |--- Mux Dynamic Energy         = 0.017pJ
 - Leakage Power = 323.546uW
 |--- H-Tree Leakage Power = 0.000pW
 |--- Mat Leakage Power    = 20.222uW per mat

CACHE TAG ARRAY
=============
CONFIGURATION
=============
Bank Organization: 2 x 4
 - Row Activation   : 1 / 2
 - Column Activation: 4 / 4
Mat Organization: 2 x 2
 - Row Activation   : 2 / 2
 - Column Activation: 2 / 2
 - Subarray Size    : 128 Rows x 192 Columns
Mux Level:
 - Senseamp Mux      : 4
 - Output Level-1 Mux: 1
 - Output Level-2 Mux: 1
 - One set is partitioned into 1 rows
Local Wire:
 - Wire Type : Local Aggressive
 - Repeater Type: No Repeaters
 - Low Swing : No
Global Wire:
 - Wire Type : Global Aggressive
 - Repeater Type: No Repeaters
 - Low Swing : No
Buffer Design Style: Latency-Optimized
=============
   RESULT
=============
Area:
 - Total Area = 595.711um x 280.544um = 167123.277um^2
 |--- Mat Area      = 297.856um x 70.136um = 20890.410um^2   (0.911%)
 |--- Subarray Area = 145.572um x 35.068um = 5104.914um^2   (0.932%)
 - Area Efficiency = 0.911%
Timing:
 -  Read Latency = 2.006ns
 |--- H-Tree Latency = 64.104ps
 |--- Mat Latency    = 1.942ns
    |--- Predecoder Latency = 204.865ps
    |--- Subarray Latency   = 1.670ns
       |--- Row Decoder Latency = 151.633ps
       |--- Bitline Latency     = 2.238ps
       |--- Senseamp Latency    = 1.454ns
       |--- Mux Latency         = 14.801ps
       |--- Precharge Latency   = 352.927ps
    |--- Comparator Latency  = 66.905ps
 - Write Latency = 20.557ns
 |--- H-Tree Latency = 32.052ps
 |--- Mat Latency    = 20.525ns
    |--- Predecoder Latency = 204.865ps
    |--- Subarray Latency   = 20.320ns
       |--- Row Decoder Latency = 151.633ps
       |--- Charge Latency      = 60.677ps
 - Read Bandwidth  = 3.206GB/s
 - Write Bandwidth = 295.269MB/s
Power:
 -  Read Dynamic Energy = 128.873pJ
 |--- H-Tree Dynamic Energy = 7.350pJ
 |--- Mat Dynamic Energy    = 30.381pJ per mat
    |--- Predecoder Dynamic Energy = 0.199pJ
    |--- Subarray Dynamic Energy   = 7.545pJ per active subarray
       |--- Row Decoder Dynamic Energy = 0.021pJ
       |--- Mux Decoder Dynamic Energy = 0.197pJ
       |--- Bitline & Cell Read Energy = 0.022pJ
       |--- Senseamp Dynamic Energy    = 7.218pJ
       |--- Mux Dynamic Energy         = 0.015pJ
       |--- Precharge Dynamic Energy   = 0.072pJ
 - Write Dynamic Energy = 517.802pJ
 |--- H-Tree Dynamic Energy = 7.350pJ
 |--- Mat Dynamic Energy    = 127.613pJ per mat
    |--- Predecoder Dynamic Energy = 0.199pJ
    |--- Subarray Dynamic Energy   = 31.853pJ per active subarray
       |--- Row Decoder Dynamic Energy = 0.021pJ
       |--- Mux Decoder Dynamic Energy = 0.197pJ
       |--- Mux Dynamic Energy         = 0.015pJ
 - Leakage Power = 232.489uW
 |--- H-Tree Leakage Power = 0.000pW
 |--- Mat Leakage Power    = 29.061uW per mat

Finished!
