User-defined configuration file (/h/mrocke01/EECE0193/NVSim/cfg_files/SRAM_cache_512_SRAM.cfg) is loaded

Memory Cell: SRAM
Cell Area (F^2)    : 146.000 (14.600Fx10.000F)
Cell Aspect Ratio  : 1.460
SRAM Cell Access Transistor Width: 1.310F
SRAM Cell NMOS Width: 2.080F
SRAM Cell PMOS Width: 1.230F

====================
DESIGN SPECIFICATION
====================
Design Target: Cache
Capacity   : 512KB
Cache Line Size: 64Bytes
Cache Associativity: 16 Ways

Searching for the best solution that is optimized for read energy-delay-product ...

=======================
CACHE DESIGN -- SUMMARY
=======================
Access Mode: Sequential
Area:
 - Total Area = 0.574mm^2
 |--- Data Array Area = 1087.675um x 497.123um = 0.541mm^2
 |--- Tag Array Area  = 243.727um x 137.667um = 0.034mm^2
Timing:
 - Cache Hit Latency   = 0.889ns
 - Cache Miss Latency  = 0.476ns
 - Cache Write Latency = 0.411ns
Power:
 - Cache Hit Dynamic Energy   = 0.113nJ per access
 - Cache Miss Dynamic Energy  = 0.003nJ per access
 - Cache Write Dynamic Energy = 0.110nJ per access
 - Cache Total Leakage Power  = 0.076mW
 |--- Cache Data Array Leakage Power = 0.072mW
 |--- Cache Tag Array Leakage Power  = 0.004mW

CACHE DATA ARRAY
=============
CONFIGURATION
=============
Bank Organization: 128 x 128
 - Row Activation   : 1 / 128
 - Column Activation: 128 / 128
Mat Organization: 2 x 2
 - Row Activation   : 2 / 2
 - Column Activation: 2 / 2
 - Subarray Size    : 8 Rows x 8 Columns
Mux Level:
 - Senseamp Mux      : 8
 - Output Level-1 Mux: 1
 - Output Level-2 Mux: 1
 - One set is partitioned into 1 rows
Local Wire:
 - Wire Type : Local Aggressive
 - Repeater Type: No Repeaters
 - Low Swing : No
Global Wire:
 - Wire Type : Global Aggressive
 - Repeater Type: No Repeaters
 - Low Swing : No
Buffer Design Style: Latency-Optimized
=============
   RESULT
=============
Area:
 - Total Area = 1.088mm x 497.123um = 540708.531um^2
 |--- Mat Area      = 8.497um x 3.884um = 33.002um^2   (54.814%)
 |--- Subarray Area = 3.423um x 1.942um = 6.646um^2   (68.045%)
 - Area Efficiency = 54.814%
Timing:
 -  Read Latency = 413.358ps
 |--- H-Tree Latency = 247.993ps
 |--- Mat Latency    = 165.366ps
    |--- Predecoder Latency = 61.970ps
    |--- Subarray Latency   = 103.396ps
       |--- Row Decoder Latency = 30.809ps
       |--- Bitline Latency     = 36.835ps
       |--- Senseamp Latency    = 3.988ps
       |--- Mux Latency         = 31.764ps
       |--- Precharge Latency   = 28.832ps
 - Write Latency = 289.362ps
 |--- H-Tree Latency = 123.996ps
 |--- Mat Latency    = 165.366ps
    |--- Predecoder Latency = 61.970ps
    |--- Subarray Latency   = 103.396ps
       |--- Row Decoder Latency = 30.809ps
       |--- Charge Latency      = 7.427ps
 - Read Bandwidth  = 631.047GB/s
 - Write Bandwidth = 618.981GB/s
Power:
 -  Read Dynamic Energy = 110.207pJ
 |--- H-Tree Dynamic Energy = 106.164pJ
 |--- Mat Dynamic Energy    = 0.032pJ per mat
    |--- Predecoder Dynamic Energy = 0.002pJ
    |--- Subarray Dynamic Energy   = 0.007pJ per active subarray
       |--- Row Decoder Dynamic Energy = 0.001pJ
       |--- Mux Decoder Dynamic Energy = 0.002pJ
       |--- Senseamp Dynamic Energy    = 0.000pJ
       |--- Mux Dynamic Energy         = 0.000pJ
       |--- Precharge Dynamic Energy   = 0.003pJ
 - Write Dynamic Energy = 107.895pJ
 |--- H-Tree Dynamic Energy = 106.164pJ
 |--- Mat Dynamic Energy    = 0.014pJ per mat
    |--- Predecoder Dynamic Energy = 0.002pJ
    |--- Subarray Dynamic Energy   = 0.003pJ per active subarray
       |--- Row Decoder Dynamic Energy = 0.001pJ
       |--- Mux Decoder Dynamic Energy = 0.002pJ
       |--- Mux Dynamic Energy         = 0.000pJ
 - Leakage Power = 71.891uW
 |--- H-Tree Leakage Power = 0.000pW
 |--- Mat Leakage Power    = 4.388nW per mat

CACHE TAG ARRAY
=============
CONFIGURATION
=============
Bank Organization: 16 x 1
 - Row Activation   : 1 / 16
 - Column Activation: 1 / 1
Mat Organization: 2 x 2
 - Row Activation   : 2 / 2
 - Column Activation: 1 / 2
 - Subarray Size    : 16 Rows x 288 Columns
Mux Level:
 - Senseamp Mux      : 1
 - Output Level-1 Mux: 1
 - Output Level-2 Mux: 1
 - One set is partitioned into 1 rows
Local Wire:
 - Wire Type : Local Aggressive
 - Repeater Type: No Repeaters
 - Low Swing : No
Global Wire:
 - Wire Type : Global Aggressive
 - Repeater Type: No Repeaters
 - Low Swing : No
Buffer Design Style: Latency-Optimized
=============
   RESULT
=============
Area:
 - Total Area = 243.727um x 137.667um = 33553.130um^2
 |--- Mat Area      = 15.233um x 137.667um = 2097.071um^2   (62.109%)
 |--- Subarray Area = 7.130um x 67.338um = 480.134um^2   (67.819%)
 - Area Efficiency = 62.109%
Timing:
 -  Read Latency = 476.016ps
 |--- H-Tree Latency = 6.758ps
 |--- Mat Latency    = 469.258ps
    |--- Predecoder Latency = 128.983ps
    |--- Subarray Latency   = 278.567ps
       |--- Row Decoder Latency = 221.020ps
       |--- Bitline Latency     = 53.788ps
       |--- Senseamp Latency    = 3.759ps
       |--- Mux Latency         = 0.000ps
       |--- Precharge Latency   = 50.433ps
    |--- Comparator Latency  = 61.708ps
 - Write Latency = 410.929ps
 |--- H-Tree Latency = 3.379ps
 |--- Mat Latency    = 407.550ps
    |--- Predecoder Latency = 128.983ps
    |--- Subarray Latency   = 278.567ps
       |--- Row Decoder Latency = 221.020ps
       |--- Charge Latency      = 0.239ps
 - Read Bandwidth  = 41.674GB/s
 - Write Bandwidth = 16.154GB/s
Power:
 -  Read Dynamic Energy = 2.556pJ
 |--- H-Tree Dynamic Energy = 1.276pJ
 |--- Mat Dynamic Energy    = 1.280pJ per mat
    |--- Predecoder Dynamic Energy = 0.480pJ
    |--- Subarray Dynamic Energy   = 0.400pJ per active subarray
       |--- Row Decoder Dynamic Energy = 0.031pJ
       |--- Mux Decoder Dynamic Energy = 0.076pJ
       |--- Senseamp Dynamic Energy    = 0.099pJ
       |--- Mux Dynamic Energy         = 0.000pJ
       |--- Precharge Dynamic Energy   = 0.115pJ
 - Write Dynamic Energy = 2.127pJ
 |--- H-Tree Dynamic Energy = 1.276pJ
 |--- Mat Dynamic Energy    = 0.851pJ per mat
    |--- Predecoder Dynamic Energy = 0.480pJ
    |--- Subarray Dynamic Energy   = 0.186pJ per active subarray
       |--- Row Decoder Dynamic Energy = 0.031pJ
       |--- Mux Decoder Dynamic Energy = 0.076pJ
       |--- Mux Dynamic Energy         = 0.000pJ
 - Leakage Power = 4.152uW
 |--- H-Tree Leakage Power = 0.000pW
 |--- Mat Leakage Power    = 259.518nW per mat

Finished!
