User-defined configuration file (/h/mrocke01/EECE0193/NVSim/cfg_files/SRAM_cache_128_STTRAM.cfg) is loaded

Memory Cell: MRAM (Magnetoresistive)
Cell Area (F^2)    : 54.000 (5.400Fx10.000F)
Cell Aspect Ratio  : 0.540
Cell Turned-On Resistance : 3.000Kohm
Cell Turned-Off Resistance: 6.000Kohm
Read Mode: Current-Sensing
  - Read Voltage: 0.250V
Reset Mode: Current
  - Reset Current: 80.000uA
  - Reset Pulse: 10.000ns
Set Mode: Current
  - Set Current: 80.000uA
  - Set Pulse: 10.000ns
Access Type: CMOS

====================
DESIGN SPECIFICATION
====================
Design Target: Cache
Capacity   : 128KB
Cache Line Size: 64Bytes
Cache Associativity: 16 Ways

Searching for the best solution that is optimized for read energy-delay-product ...

=======================
CACHE DESIGN -- SUMMARY
=======================
Access Mode: Sequential
Area:
 - Total Area = 0.106mm^2
 |--- Data Array Area = 369.944um x 142.039um = 0.053mm^2
 |--- Tag Array Area  = 245.217um x 216.089um = 0.053mm^2
Timing:
 - Cache Hit Latency   = 4.015ns
 - Cache Miss Latency  = 1.845ns
 - Cache Write Latency = 10.743ns
Power:
 - Cache Hit Dynamic Energy   = 0.279nJ per access
 - Cache Miss Dynamic Energy  = 0.156nJ per access
 - Cache Write Dynamic Energy = 1.182nJ per access
 - Cache Total Leakage Power  = 0.272mW
 |--- Cache Data Array Leakage Power = 0.080mW
 |--- Cache Tag Array Leakage Power  = 0.193mW

CACHE DATA ARRAY
=============
CONFIGURATION
=============
Bank Organization: 1 x 1
 - Row Activation   : 1 / 1
 - Column Activation: 1 / 1
Mat Organization: 2 x 2
 - Row Activation   : 2 / 2
 - Column Activation: 2 / 2
 - Subarray Size    : 1024 Rows x 256 Columns
Mux Level:
 - Senseamp Mux      : 2
 - Output Level-1 Mux: 1
 - Output Level-2 Mux: 1
 - One set is partitioned into 1 rows
Local Wire:
 - Wire Type : Local Aggressive
 - Repeater Type: No Repeaters
 - Low Swing : No
Global Wire:
 - Wire Type : Global Aggressive
 - Repeater Type: No Repeaters
 - Low Swing : No
Buffer Design Style: Latency-Optimized
=============
   RESULT
=============
Area:
 - Total Area = 369.944um x 142.039um = 52546.274um^2
 |--- Mat Area      = 369.944um x 142.039um = 52546.274um^2   (52.155%)
 |--- Subarray Area = 179.104um x 71.019um = 12719.848um^2   (53.864%)
 - Area Efficiency = 52.155%
Timing:
 -  Read Latency = 2.170ns
 |--- H-Tree Latency = 0.000ps
 |--- Mat Latency    = 2.170ns
    |--- Predecoder Latency = 236.461ps
    |--- Subarray Latency   = 1.934ns
       |--- Row Decoder Latency = 289.369ps
       |--- Bitline Latency     = 184.920ps
       |--- Senseamp Latency    = 1.456ns
       |--- Mux Latency         = 3.330ps
       |--- Precharge Latency   = 1.932ns
 - Write Latency = 10.743ns
 |--- H-Tree Latency = 0.000ps
 |--- Mat Latency    = 10.743ns
    |--- Predecoder Latency = 236.461ps
    |--- Subarray Latency   = 10.506ns
       |--- Write Pulse Duration = 10.000ns
       |--- Row Decoder Latency = 289.369ps
       |--- Charge Latency      = 290.191ps
 - Read Bandwidth  = 17.894GB/s
 - Write Bandwidth = 6.092GB/s
Power:
 -  Read Dynamic Energy = 123.393pJ
 |--- H-Tree Dynamic Energy = 0.000pJ
 |--- Mat Dynamic Energy    = 123.393pJ per mat
    |--- Predecoder Dynamic Energy = 0.115pJ
    |--- Subarray Dynamic Energy   = 30.819pJ per active subarray
       |--- Row Decoder Dynamic Energy = 0.053pJ
       |--- Mux Decoder Dynamic Energy = 0.116pJ
       |--- Bitline & Cell Read Energy = 11.182pJ
       |--- Senseamp Dynamic Energy    = 19.247pJ
       |--- Mux Dynamic Energy         = 0.050pJ
       |--- Precharge Dynamic Energy   = 0.103pJ
 - Write Dynamic Energy = 536.416pJ
 |--- H-Tree Dynamic Energy = 0.000pJ
 |--- Mat Dynamic Energy    = 536.416pJ per mat
    |--- Predecoder Dynamic Energy = 0.115pJ
    |--- Subarray Dynamic Energy   = 134.075pJ per active subarray
       |--- Row Decoder Dynamic Energy = 0.053pJ
       |--- Mux Decoder Dynamic Energy = 0.116pJ
       |--- Mux Dynamic Energy         = 0.050pJ
       |--- Bitline & Cell Write Energy= 133.856pJ
 - Leakage Power = 79.576uW
 |--- H-Tree Leakage Power = 0.000pW
 |--- Mat Leakage Power    = 79.576uW per mat

CACHE TAG ARRAY
=============
CONFIGURATION
=============
Bank Organization: 1 x 4
 - Row Activation   : 1 / 1
 - Column Activation: 2 / 4
Mat Organization: 2 x 2
 - Row Activation   : 2 / 2
 - Column Activation: 2 / 2
 - Subarray Size    : 64 Rows x 80 Columns
Mux Level:
 - Senseamp Mux      : 1
 - Output Level-1 Mux: 1
 - Output Level-2 Mux: 1
 - One set is partitioned into 1 rows
Local Wire:
 - Wire Type : Local Aggressive
 - Repeater Type: No Repeaters
 - Low Swing : No
Global Wire:
 - Wire Type : Global Aggressive
 - Repeater Type: No Repeaters
 - Low Swing : No
Buffer Design Style: Latency-Optimized
=============
   RESULT
=============
Area:
 - Total Area = 245.217um x 216.089um = 52988.624um^2
 |--- Mat Area      = 245.217um x 54.022um = 13247.156um^2   (4.041%)
 |--- Subarray Area = 119.594um x 27.011um = 3230.372um^2   (4.142%)
 - Area Efficiency = 4.041%
Timing:
 -  Read Latency = 1.845ns
 |--- H-Tree Latency = 19.998ps
 |--- Mat Latency    = 1.825ns
    |--- Predecoder Latency = 152.197ps
    |--- Subarray Latency   = 1.609ns
       |--- Row Decoder Latency = 152.666ps
       |--- Bitline Latency     = 0.913ps
       |--- Senseamp Latency    = 1.456ns
       |--- Mux Latency         = 0.000ps
       |--- Precharge Latency   = 115.560ps
    |--- Comparator Latency  = 63.440ps
 - Write Latency = 10.315ns
 |--- H-Tree Latency = 9.999ps
 |--- Mat Latency    = 10.305ns
    |--- Predecoder Latency = 152.197ps
    |--- Subarray Latency   = 10.153ns
       |--- Write Pulse Duration = 10.000ns
       |--- Row Decoder Latency = 152.666ps
       |--- Charge Latency      = 0.932ps
 - Read Bandwidth  = 3.180GB/s
 - Write Bandwidth = 492.481MB/s
Power:
 -  Read Dynamic Energy = 155.883pJ
 |--- H-Tree Dynamic Energy = 2.403pJ
 |--- Mat Dynamic Energy    = 76.740pJ per mat
    |--- Predecoder Dynamic Energy = 0.294pJ
    |--- Subarray Dynamic Energy   = 19.111pJ per active subarray
       |--- Row Decoder Dynamic Energy = 0.019pJ
       |--- Mux Decoder Dynamic Energy = 0.043pJ
       |--- Bitline & Cell Read Energy = 6.987pJ
       |--- Senseamp Dynamic Energy    = 12.027pJ
       |--- Mux Dynamic Energy         = 0.000pJ
       |--- Precharge Dynamic Energy   = 0.034pJ
 - Write Dynamic Energy = 645.338pJ
 |--- H-Tree Dynamic Energy = 2.403pJ
 |--- Mat Dynamic Energy    = 321.467pJ per mat
    |--- Predecoder Dynamic Energy = 0.294pJ
    |--- Subarray Dynamic Energy   = 80.293pJ per active subarray
       |--- Row Decoder Dynamic Energy = 0.019pJ
       |--- Mux Decoder Dynamic Energy = 0.043pJ
       |--- Mux Dynamic Energy         = 0.000pJ
       |--- Bitline & Cell Write Energy= 80.231pJ
 - Leakage Power = 192.501uW
 |--- H-Tree Leakage Power = 0.000pW
 |--- Mat Leakage Power    = 48.125uW per mat

Finished!
