User-defined configuration file (/h/mrocke01/EECE0193/NVSim/cfg_files/SRAM_cache_512_STTRAM.cfg) is loaded

Memory Cell: MRAM (Magnetoresistive)
Cell Area (F^2)    : 54.000 (5.400Fx10.000F)
Cell Aspect Ratio  : 0.540
Cell Turned-On Resistance : 3.000Kohm
Cell Turned-Off Resistance: 6.000Kohm
Read Mode: Current-Sensing
  - Read Voltage: 0.250V
Reset Mode: Current
  - Reset Current: 80.000uA
  - Reset Pulse: 10.000ns
Set Mode: Current
  - Set Current: 80.000uA
  - Set Pulse: 10.000ns
Access Type: CMOS

====================
DESIGN SPECIFICATION
====================
Design Target: Cache
Capacity   : 512KB
Cache Line Size: 64Bytes
Cache Associativity: 16 Ways

Searching for the best solution that is optimized for read energy-delay-product ...

=======================
CACHE DESIGN -- SUMMARY
=======================
Access Mode: Sequential
Area:
 - Total Area = 0.228mm^2
 |--- Data Array Area = 628.704um x 284.077um = 0.179mm^2
 |--- Tag Array Area  = 293.558um x 169.742um = 0.050mm^2
Timing:
 - Cache Hit Latency   = 4.168ns
 - Cache Miss Latency  = 1.942ns
 - Cache Write Latency = 10.766ns
Power:
 - Cache Hit Dynamic Energy   = 0.294nJ per access
 - Cache Miss Dynamic Energy  = 0.139nJ per access
 - Cache Write Dynamic Energy = 1.151nJ per access
 - Cache Total Leakage Power  = 0.339mW
 |--- Cache Data Array Leakage Power = 0.165mW
 |--- Cache Tag Array Leakage Power  = 0.174mW

CACHE DATA ARRAY
=============
CONFIGURATION
=============
Bank Organization: 2 x 2
 - Row Activation   : 1 / 2
 - Column Activation: 2 / 2
Mat Organization: 2 x 2
 - Row Activation   : 2 / 2
 - Column Activation: 2 / 2
 - Subarray Size    : 1024 Rows x 256 Columns
Mux Level:
 - Senseamp Mux      : 4
 - Output Level-1 Mux: 1
 - Output Level-2 Mux: 1
 - One set is partitioned into 1 rows
Local Wire:
 - Wire Type : Local Aggressive
 - Repeater Type: No Repeaters
 - Low Swing : No
Global Wire:
 - Wire Type : Global Aggressive
 - Repeater Type: No Repeaters
 - Low Swing : No
Buffer Design Style: Latency-Optimized
=============
   RESULT
=============
Area:
 - Total Area = 628.704um x 284.077um = 178600.326um^2
 |--- Mat Area      = 314.352um x 142.039um = 44650.081um^2   (61.379%)
 |--- Subarray Area = 151.302um x 71.019um = 10745.335um^2   (63.762%)
 - Area Efficiency = 61.379%
Timing:
 -  Read Latency = 2.227ns
 |--- H-Tree Latency = 61.506ps
 |--- Mat Latency    = 2.165ns
    |--- Predecoder Latency = 230.752ps
    |--- Subarray Latency   = 1.934ns
       |--- Row Decoder Latency = 288.157ps
       |--- Bitline Latency     = 184.920ps
       |--- Senseamp Latency    = 1.456ns
       |--- Mux Latency         = 5.300ps
       |--- Precharge Latency   = 1.932ns
 - Write Latency = 10.766ns
 |--- H-Tree Latency = 30.753ps
 |--- Mat Latency    = 10.735ns
    |--- Predecoder Latency = 230.752ps
    |--- Subarray Latency   = 10.504ns
       |--- Write Pulse Duration = 10.000ns
       |--- Row Decoder Latency = 288.157ps
       |--- Charge Latency      = 290.191ps
 - Read Bandwidth  = 17.885GB/s
 - Write Bandwidth = 6.093GB/s
Power:
 -  Read Dynamic Energy = 154.544pJ
 |--- H-Tree Dynamic Energy = 29.574pJ
 |--- Mat Dynamic Energy    = 62.485pJ per mat
    |--- Predecoder Dynamic Energy = 0.105pJ
    |--- Subarray Dynamic Energy   = 15.595pJ per active subarray
       |--- Row Decoder Dynamic Energy = 0.053pJ
       |--- Mux Decoder Dynamic Energy = 0.116pJ
       |--- Bitline & Cell Read Energy = 5.591pJ
       |--- Senseamp Dynamic Energy    = 9.623pJ
       |--- Mux Dynamic Energy         = 0.040pJ
       |--- Precharge Dynamic Energy   = 0.103pJ
 - Write Dynamic Energy = 566.882pJ
 |--- H-Tree Dynamic Energy = 29.574pJ
 |--- Mat Dynamic Energy    = 268.654pJ per mat
    |--- Predecoder Dynamic Energy = 0.105pJ
    |--- Subarray Dynamic Energy   = 67.137pJ per active subarray
       |--- Row Decoder Dynamic Energy = 0.053pJ
       |--- Mux Decoder Dynamic Energy = 0.116pJ
       |--- Mux Dynamic Energy         = 0.040pJ
       |--- Bitline & Cell Write Energy= 66.928pJ
 - Leakage Power = 164.714uW
 |--- H-Tree Leakage Power = 0.000pW
 |--- Mat Leakage Power    = 41.178uW per mat

CACHE TAG ARRAY
=============
CONFIGURATION
=============
Bank Organization: 1 x 2
 - Row Activation   : 1 / 1
 - Column Activation: 1 / 2
Mat Organization: 2 x 2
 - Row Activation   : 2 / 2
 - Column Activation: 2 / 2
 - Subarray Size    : 256 Rows x 144 Columns
Mux Level:
 - Senseamp Mux      : 1
 - Output Level-1 Mux: 1
 - Output Level-2 Mux: 1
 - One set is partitioned into 1 rows
Local Wire:
 - Wire Type : Local Aggressive
 - Repeater Type: No Repeaters
 - Low Swing : No
Global Wire:
 - Wire Type : Global Aggressive
 - Repeater Type: No Repeaters
 - Low Swing : No
Buffer Design Style: Latency-Optimized
=============
   RESULT
=============
Area:
 - Total Area = 293.558um x 169.742um = 49829.199um^2
 |--- Mat Area      = 293.558um x 84.871um = 24914.599um^2   (15.468%)
 |--- Subarray Area = 142.404um x 42.436um = 6042.984um^2   (15.944%)
 - Area Efficiency = 15.468%
Timing:
 -  Read Latency = 1.942ns
 |--- H-Tree Latency = 9.872ps
 |--- Mat Latency    = 1.932ns
    |--- Predecoder Latency = 205.761ps
    |--- Subarray Latency   = 1.664ns
       |--- Row Decoder Latency = 195.010ps
       |--- Bitline Latency     = 13.793ps
       |--- Senseamp Latency    = 1.456ns
       |--- Mux Latency         = 0.000ps
       |--- Precharge Latency   = 445.569ps
    |--- Comparator Latency  = 61.708ps
 - Write Latency = 10.406ns
 |--- H-Tree Latency = 4.936ps
 |--- Mat Latency    = 10.401ns
    |--- Predecoder Latency = 205.761ps
    |--- Subarray Latency   = 10.195ns
       |--- Write Pulse Duration = 10.000ns
       |--- Row Decoder Latency = 195.010ps
       |--- Charge Latency      = 14.919ps
 - Read Bandwidth  = 2.350GB/s
 - Write Bandwidth = 441.392MB/s
Power:
 -  Read Dynamic Energy = 139.071pJ
 |--- H-Tree Dynamic Energy = 0.976pJ
 |--- Mat Dynamic Energy    = 138.096pJ per mat
    |--- Predecoder Dynamic Energy = 0.525pJ
    |--- Subarray Dynamic Energy   = 34.393pJ per active subarray
       |--- Row Decoder Dynamic Energy = 0.032pJ
       |--- Mux Decoder Dynamic Energy = 0.073pJ
       |--- Bitline & Cell Read Energy = 12.577pJ
       |--- Senseamp Dynamic Energy    = 21.649pJ
       |--- Mux Dynamic Energy         = 0.000pJ
       |--- Precharge Dynamic Energy   = 0.061pJ
 - Write Dynamic Energy = 584.490pJ
 |--- H-Tree Dynamic Energy = 0.976pJ
 |--- Mat Dynamic Energy    = 583.514pJ per mat
    |--- Predecoder Dynamic Energy = 0.525pJ
    |--- Subarray Dynamic Energy   = 145.747pJ per active subarray
       |--- Row Decoder Dynamic Energy = 0.032pJ
       |--- Mux Decoder Dynamic Energy = 0.073pJ
       |--- Mux Dynamic Energy         = 0.000pJ
       |--- Bitline & Cell Write Energy= 145.642pJ
 - Leakage Power = 173.936uW
 |--- H-Tree Leakage Power = 0.000pW
 |--- Mat Leakage Power    = 86.968uW per mat

Finished!
