User-defined configuration file (/h/mrocke01/EECE0193/NVSim/cfg_files/SRAM_cache_32_STTRAM.cfg) is loaded

Memory Cell: MRAM (Magnetoresistive)
Cell Area (F^2)    : 54.000 (5.400Fx10.000F)
Cell Aspect Ratio  : 0.540
Cell Turned-On Resistance : 3.000Kohm
Cell Turned-Off Resistance: 6.000Kohm
Read Mode: Current-Sensing
  - Read Voltage: 0.250V
Reset Mode: Current
  - Reset Current: 80.000uA
  - Reset Pulse: 10.000ns
Set Mode: Current
  - Set Current: 80.000uA
  - Set Pulse: 10.000ns
Access Type: CMOS

====================
DESIGN SPECIFICATION
====================
Design Target: Cache
Capacity   : 32KB
Cache Line Size: 64Bytes
Cache Associativity: 16 Ways

Searching for the best solution that is optimized for read energy-delay-product ...

=======================
CACHE DESIGN -- SUMMARY
=======================
Access Mode: Sequential
Area:
 - Total Area = 0.053mm^2
 |--- Data Array Area = 354.553um x 77.831um = 0.028mm^2
 |--- Tag Array Area  = 236.953um x 108.044um = 0.026mm^2
Timing:
 - Cache Hit Latency   = 3.747ns
 - Cache Miss Latency  = 1.827ns
 - Cache Write Latency = 10.425ns
Power:
 - Cache Hit Dynamic Energy   = 0.277nJ per access
 - Cache Miss Dynamic Energy  = 0.154nJ per access
 - Cache Write Dynamic Energy = 1.167nJ per access
 - Cache Total Leakage Power  = 0.174mW
 |--- Cache Data Array Leakage Power = 0.078mW
 |--- Cache Tag Array Leakage Power  = 0.096mW

CACHE DATA ARRAY
=============
CONFIGURATION
=============
Bank Organization: 1 x 1
 - Row Activation   : 1 / 1
 - Column Activation: 1 / 1
Mat Organization: 2 x 2
 - Row Activation   : 2 / 2
 - Column Activation: 2 / 2
 - Subarray Size    : 512 Rows x 128 Columns
Mux Level:
 - Senseamp Mux      : 1
 - Output Level-1 Mux: 1
 - Output Level-2 Mux: 1
 - One set is partitioned into 1 rows
Local Wire:
 - Wire Type : Local Aggressive
 - Repeater Type: No Repeaters
 - Low Swing : No
Global Wire:
 - Wire Type : Global Aggressive
 - Repeater Type: No Repeaters
 - Low Swing : No
Buffer Design Style: Latency-Optimized
=============
   RESULT
=============
Area:
 - Total Area = 354.553um x 77.831um = 27595.250um^2
 |--- Mat Area      = 354.553um x 77.831um = 27595.250um^2   (24.828%)
 |--- Subarray Area = 172.817um x 38.916um = 6725.254um^2   (25.469%)
 - Area Efficiency = 24.828%
Timing:
 -  Read Latency = 1.920ns
 |--- H-Tree Latency = 0.000ps
 |--- Mat Latency    = 1.920ns
    |--- Predecoder Latency = 226.178ps
    |--- Subarray Latency   = 1.694ns
       |--- Row Decoder Latency = 186.314ps
       |--- Bitline Latency     = 51.586ps
       |--- Senseamp Latency    = 1.456ns
       |--- Mux Latency         = 0.000ps
       |--- Precharge Latency   = 910.992ps
 - Write Latency = 10.425ns
 |--- H-Tree Latency = 0.000ps
 |--- Mat Latency    = 10.425ns
    |--- Predecoder Latency = 226.178ps
    |--- Subarray Latency   = 10.199ns
       |--- Write Pulse Duration = 10.000ns
       |--- Row Decoder Latency = 186.314ps
       |--- Charge Latency      = 59.677ps
 - Read Bandwidth  = 26.466GB/s
 - Write Bandwidth = 6.275GB/s
Power:
 -  Read Dynamic Energy = 122.405pJ
 |--- H-Tree Dynamic Energy = 0.000pJ
 |--- Mat Dynamic Energy    = 122.405pJ per mat
    |--- Predecoder Dynamic Energy = 0.095pJ
    |--- Subarray Dynamic Energy   = 30.578pJ per active subarray
       |--- Row Decoder Dynamic Energy = 0.029pJ
       |--- Mux Decoder Dynamic Energy = 0.066pJ
       |--- Bitline & Cell Read Energy = 11.179pJ
       |--- Senseamp Dynamic Energy    = 19.244pJ
       |--- Mux Dynamic Energy         = 0.000pJ
       |--- Precharge Dynamic Energy   = 0.054pJ
 - Write Dynamic Energy = 524.130pJ
 |--- H-Tree Dynamic Energy = 0.000pJ
 |--- Mat Dynamic Energy    = 524.130pJ per mat
    |--- Predecoder Dynamic Energy = 0.095pJ
    |--- Subarray Dynamic Energy   = 131.009pJ per active subarray
       |--- Row Decoder Dynamic Energy = 0.029pJ
       |--- Mux Decoder Dynamic Energy = 0.066pJ
       |--- Mux Dynamic Energy         = 0.000pJ
       |--- Bitline & Cell Write Energy= 130.914pJ
 - Leakage Power = 77.865uW
 |--- H-Tree Leakage Power = 0.000pW
 |--- Mat Leakage Power    = 77.865uW per mat

CACHE TAG ARRAY
=============
CONFIGURATION
=============
Bank Organization: 1 x 2
 - Row Activation   : 1 / 1
 - Column Activation: 2 / 2
Mat Organization: 2 x 2
 - Row Activation   : 2 / 2
 - Column Activation: 2 / 2
 - Subarray Size    : 32 Rows x 80 Columns
Mux Level:
 - Senseamp Mux      : 1
 - Output Level-1 Mux: 1
 - Output Level-2 Mux: 1
 - One set is partitioned into 1 rows
Local Wire:
 - Wire Type : Local Aggressive
 - Repeater Type: No Repeaters
 - Low Swing : No
Global Wire:
 - Wire Type : Global Aggressive
 - Repeater Type: No Repeaters
 - Low Swing : No
Buffer Design Style: Latency-Optimized
=============
   RESULT
=============
Area:
 - Total Area = 236.953um x 108.044um = 25601.480um^2
 |--- Mat Area      = 236.953um x 54.022um = 12800.740um^2   (2.091%)
 |--- Subarray Area = 115.793um x 27.011um = 3127.687um^2   (2.139%)
 - Area Efficiency = 2.091%
Timing:
 -  Read Latency = 1.827ns
 |--- H-Tree Latency = 4.000ps
 |--- Mat Latency    = 1.823ns
    |--- Predecoder Latency = 151.370ps
    |--- Subarray Latency   = 1.608ns
       |--- Row Decoder Latency = 152.458ps
       |--- Bitline Latency     = 0.231ps
       |--- Senseamp Latency    = 1.456ns
       |--- Mux Latency         = 0.000ps
       |--- Precharge Latency   = 62.063ps
    |--- Comparator Latency  = 63.440ps
 - Write Latency = 10.306ns
 |--- H-Tree Latency = 2.000ps
 |--- Mat Latency    = 10.304ns
    |--- Predecoder Latency = 151.370ps
    |--- Subarray Latency   = 10.152ns
       |--- Write Pulse Duration = 10.000ns
       |--- Row Decoder Latency = 152.458ps
       |--- Charge Latency      = 0.233ps
 - Read Bandwidth  = 3.294GB/s
 - Write Bandwidth = 492.492MB/s
Power:
 -  Read Dynamic Energy = 154.098pJ
 |--- H-Tree Dynamic Energy = 0.621pJ
 |--- Mat Dynamic Energy    = 76.739pJ per mat
    |--- Predecoder Dynamic Energy = 0.293pJ
    |--- Subarray Dynamic Energy   = 19.111pJ per active subarray
       |--- Row Decoder Dynamic Energy = 0.019pJ
       |--- Mux Decoder Dynamic Energy = 0.043pJ
       |--- Bitline & Cell Read Energy = 6.987pJ
       |--- Senseamp Dynamic Energy    = 12.027pJ
       |--- Mux Dynamic Energy         = 0.000pJ
       |--- Precharge Dynamic Energy   = 0.034pJ
 - Write Dynamic Energy = 642.644pJ
 |--- H-Tree Dynamic Energy = 0.621pJ
 |--- Mat Dynamic Energy    = 321.012pJ per mat
    |--- Predecoder Dynamic Energy = 0.293pJ
    |--- Subarray Dynamic Energy   = 80.180pJ per active subarray
       |--- Row Decoder Dynamic Energy = 0.019pJ
       |--- Mux Decoder Dynamic Energy = 0.043pJ
       |--- Mux Dynamic Energy         = 0.000pJ
       |--- Bitline & Cell Write Energy= 80.117pJ
 - Leakage Power = 96.151uW
 |--- H-Tree Leakage Power = 0.000pW
 |--- Mat Leakage Power    = 48.076uW per mat

Finished!
