User-defined configuration file (/h/mrocke01/EECE0193/NVSim/cfg_files/SRAM_cache_64_STTRAM.cfg) is loaded

Memory Cell: MRAM (Magnetoresistive)
Cell Area (F^2)    : 54.000 (5.400Fx10.000F)
Cell Aspect Ratio  : 0.540
Cell Turned-On Resistance : 3.000Kohm
Cell Turned-Off Resistance: 6.000Kohm
Read Mode: Current-Sensing
  - Read Voltage: 0.250V
Reset Mode: Current
  - Reset Current: 80.000uA
  - Reset Pulse: 10.000ns
Set Mode: Current
  - Set Current: 80.000uA
  - Set Pulse: 10.000ns
Access Type: CMOS

====================
DESIGN SPECIFICATION
====================
Design Target: Cache
Capacity   : 64KB
Cache Line Size: 64Bytes
Cache Associativity: 16 Ways

Searching for the best solution that is optimized for read energy-delay-product ...

=======================
CACHE DESIGN -- SUMMARY
=======================
Access Mode: Sequential
Area:
 - Total Area = 0.061mm^2
 |--- Data Array Area = 245.480um x 142.039um = 0.035mm^2
 |--- Tag Array Area  = 245.217um x 108.044um = 0.026mm^2
Timing:
 - Cache Hit Latency   = 3.849ns
 - Cache Miss Latency  = 1.829ns
 - Cache Write Latency = 10.520ns
Power:
 - Cache Hit Dynamic Energy   = 0.277nJ per access
 - Cache Miss Dynamic Energy  = 0.154nJ per access
 - Cache Write Dynamic Energy = 1.168nJ per access
 - Cache Total Leakage Power  = 0.174mW
 |--- Cache Data Array Leakage Power = 0.078mW
 |--- Cache Tag Array Leakage Power  = 0.096mW

CACHE DATA ARRAY
=============
CONFIGURATION
=============
Bank Organization: 1 x 1
 - Row Activation   : 1 / 1
 - Column Activation: 1 / 1
Mat Organization: 2 x 2
 - Row Activation   : 2 / 2
 - Column Activation: 2 / 2
 - Subarray Size    : 512 Rows x 256 Columns
Mux Level:
 - Senseamp Mux      : 2
 - Output Level-1 Mux: 1
 - Output Level-2 Mux: 1
 - One set is partitioned into 1 rows
Local Wire:
 - Wire Type : Local Aggressive
 - Repeater Type: No Repeaters
 - Low Swing : No
Global Wire:
 - Wire Type : Global Aggressive
 - Repeater Type: No Repeaters
 - Low Swing : No
Buffer Design Style: Latency-Optimized
=============
   RESULT
=============
Area:
 - Total Area = 245.480um x 142.039um = 34867.683um^2
 |--- Mat Area      = 245.480um x 142.039um = 34867.683um^2   (39.299%)
 |--- Subarray Area = 118.279um x 71.019um = 8400.059um^2   (40.782%)
 - Area Efficiency = 39.299%
Timing:
 -  Read Latency = 2.020ns
 |--- H-Tree Latency = 0.000ps
 |--- Mat Latency    = 2.020ns
    |--- Predecoder Latency = 221.422ps
    |--- Subarray Latency   = 1.799ns
       |--- Row Decoder Latency = 287.873ps
       |--- Bitline Latency     = 51.586ps
       |--- Senseamp Latency    = 1.456ns
       |--- Mux Latency         = 3.330ps
       |--- Precharge Latency   = 911.867ps
 - Write Latency = 10.520ns
 |--- H-Tree Latency = 0.000ps
 |--- Mat Latency    = 10.520ns
    |--- Predecoder Latency = 221.422ps
    |--- Subarray Latency   = 10.299ns
       |--- Write Pulse Duration = 10.000ns
       |--- Row Decoder Latency = 287.873ps
       |--- Charge Latency      = 85.567ps
 - Read Bandwidth  = 26.416GB/s
 - Write Bandwidth = 6.214GB/s
Power:
 -  Read Dynamic Energy = 123.160pJ
 |--- H-Tree Dynamic Energy = 0.000pJ
 |--- Mat Dynamic Energy    = 123.160pJ per mat
    |--- Predecoder Dynamic Energy = 0.087pJ
    |--- Subarray Dynamic Energy   = 30.768pJ per active subarray
       |--- Row Decoder Dynamic Energy = 0.053pJ
       |--- Mux Decoder Dynamic Energy = 0.116pJ
       |--- Bitline & Cell Read Energy = 11.182pJ
       |--- Senseamp Dynamic Energy    = 19.247pJ
       |--- Mux Dynamic Energy         = 0.050pJ
       |--- Precharge Dynamic Energy   = 0.103pJ
 - Write Dynamic Energy = 524.756pJ
 |--- H-Tree Dynamic Energy = 0.000pJ
 |--- Mat Dynamic Energy    = 524.756pJ per mat
    |--- Predecoder Dynamic Energy = 0.087pJ
    |--- Subarray Dynamic Energy   = 131.167pJ per active subarray
       |--- Row Decoder Dynamic Energy = 0.053pJ
       |--- Mux Decoder Dynamic Energy = 0.116pJ
       |--- Mux Dynamic Energy         = 0.050pJ
       |--- Bitline & Cell Write Energy= 130.948pJ
 - Leakage Power = 78.206uW
 |--- H-Tree Leakage Power = 0.000pW
 |--- Mat Leakage Power    = 78.206uW per mat

CACHE TAG ARRAY
=============
CONFIGURATION
=============
Bank Organization: 1 x 2
 - Row Activation   : 1 / 1
 - Column Activation: 2 / 2
Mat Organization: 2 x 2
 - Row Activation   : 2 / 2
 - Column Activation: 2 / 2
 - Subarray Size    : 64 Rows x 80 Columns
Mux Level:
 - Senseamp Mux      : 1
 - Output Level-1 Mux: 1
 - Output Level-2 Mux: 1
 - One set is partitioned into 1 rows
Local Wire:
 - Wire Type : Local Aggressive
 - Repeater Type: No Repeaters
 - Low Swing : No
Global Wire:
 - Wire Type : Global Aggressive
 - Repeater Type: No Repeaters
 - Low Swing : No
Buffer Design Style: Latency-Optimized
=============
   RESULT
=============
Area:
 - Total Area = 245.217um x 108.044um = 26494.312um^2
 |--- Mat Area      = 245.217um x 54.022um = 13247.156um^2   (4.041%)
 |--- Subarray Area = 119.594um x 27.011um = 3230.372um^2   (4.142%)
 - Area Efficiency = 4.041%
Timing:
 -  Read Latency = 1.829ns
 |--- H-Tree Latency = 4.000ps
 |--- Mat Latency    = 1.825ns
    |--- Predecoder Latency = 152.197ps
    |--- Subarray Latency   = 1.609ns
       |--- Row Decoder Latency = 152.666ps
       |--- Bitline Latency     = 0.913ps
       |--- Senseamp Latency    = 1.456ns
       |--- Mux Latency         = 0.000ps
       |--- Precharge Latency   = 115.560ps
    |--- Comparator Latency  = 63.440ps
 - Write Latency = 10.307ns
 |--- H-Tree Latency = 2.000ps
 |--- Mat Latency    = 10.305ns
    |--- Predecoder Latency = 152.197ps
    |--- Subarray Latency   = 10.153ns
       |--- Write Pulse Duration = 10.000ns
       |--- Row Decoder Latency = 152.666ps
       |--- Charge Latency      = 0.932ps
 - Read Bandwidth  = 3.180GB/s
 - Write Bandwidth = 492.481MB/s
Power:
 -  Read Dynamic Energy = 154.111pJ
 |--- H-Tree Dynamic Energy = 0.631pJ
 |--- Mat Dynamic Energy    = 76.740pJ per mat
    |--- Predecoder Dynamic Energy = 0.294pJ
    |--- Subarray Dynamic Energy   = 19.111pJ per active subarray
       |--- Row Decoder Dynamic Energy = 0.019pJ
       |--- Mux Decoder Dynamic Energy = 0.043pJ
       |--- Bitline & Cell Read Energy = 6.987pJ
       |--- Senseamp Dynamic Energy    = 12.027pJ
       |--- Mux Dynamic Energy         = 0.000pJ
       |--- Precharge Dynamic Energy   = 0.034pJ
 - Write Dynamic Energy = 643.566pJ
 |--- H-Tree Dynamic Energy = 0.631pJ
 |--- Mat Dynamic Energy    = 321.467pJ per mat
    |--- Predecoder Dynamic Energy = 0.294pJ
    |--- Subarray Dynamic Energy   = 80.293pJ per active subarray
       |--- Row Decoder Dynamic Energy = 0.019pJ
       |--- Mux Decoder Dynamic Energy = 0.043pJ
       |--- Mux Dynamic Energy         = 0.000pJ
       |--- Bitline & Cell Write Energy= 80.231pJ
 - Leakage Power = 96.251uW
 |--- H-Tree Leakage Power = 0.000pW
 |--- Mat Leakage Power    = 48.125uW per mat

Finished!
