User-defined configuration file (/h/mrocke01/EECE0193/NVSim/cfg_files/SRAM_cache_16_STTRAM.cfg) is loaded

Memory Cell: MRAM (Magnetoresistive)
Cell Area (F^2)    : 54.000 (5.400Fx10.000F)
Cell Aspect Ratio  : 0.540
Cell Turned-On Resistance : 3.000Kohm
Cell Turned-Off Resistance: 6.000Kohm
Read Mode: Current-Sensing
  - Read Voltage: 0.250V
Reset Mode: Current
  - Reset Current: 80.000uA
  - Reset Pulse: 10.000ns
Set Mode: Current
  - Set Current: 80.000uA
  - Set Pulse: 10.000ns
Access Type: CMOS

====================
DESIGN SPECIFICATION
====================
Design Target: Cache
Capacity   : 16KB
Cache Line Size: 64Bytes
Cache Associativity: 16 Ways

Searching for the best solution that is optimized for read energy-delay-product ...

=======================
CACHE DESIGN -- SUMMARY
=======================
Access Mode: Sequential
Area:
 - Total Area = 0.187mm^2
 |--- Data Array Area = 291.981um x 77.831um = 0.023mm^2
 |--- Tag Array Area  = 463.259um x 354.021um = 0.164mm^2
Timing:
 - Cache Hit Latency   = 3.607ns
 - Cache Miss Latency  = 1.748ns
 - Cache Write Latency = 10.390ns
Power:
 - Cache Hit Dynamic Energy   = 0.283nJ per access
 - Cache Miss Dynamic Energy  = 0.160nJ per access
 - Cache Write Dynamic Energy = 1.166nJ per access
 - Cache Total Leakage Power  = 0.846mW
 |--- Cache Data Array Leakage Power = 0.077mW
 |--- Cache Tag Array Leakage Power  = 0.768mW

CACHE DATA ARRAY
=============
CONFIGURATION
=============
Bank Organization: 1 x 1
 - Row Activation   : 1 / 1
 - Column Activation: 1 / 1
Mat Organization: 2 x 2
 - Row Activation   : 2 / 2
 - Column Activation: 2 / 2
 - Subarray Size    : 256 Rows x 128 Columns
Mux Level:
 - Senseamp Mux      : 1
 - Output Level-1 Mux: 1
 - Output Level-2 Mux: 1
 - One set is partitioned into 1 rows
Local Wire:
 - Wire Type : Local Aggressive
 - Repeater Type: No Repeaters
 - Low Swing : No
Global Wire:
 - Wire Type : Global Aggressive
 - Repeater Type: No Repeaters
 - Low Swing : No
Buffer Design Style: Latency-Optimized
=============
   RESULT
=============
Area:
 - Total Area = 291.981um x 77.831um = 22725.170um^2
 |--- Mat Area      = 291.981um x 77.831um = 22725.170um^2   (15.074%)
 |--- Subarray Area = 142.404um x 38.916um = 5541.723um^2   (15.454%)
 - Area Efficiency = 15.074%
Timing:
 -  Read Latency = 1.859ns
 |--- H-Tree Latency = 0.000ps
 |--- Mat Latency    = 1.859ns
    |--- Predecoder Latency = 205.010ps
    |--- Subarray Latency   = 1.654ns
       |--- Row Decoder Latency = 184.738ps
       |--- Bitline Latency     = 13.793ps
       |--- Senseamp Latency    = 1.456ns
       |--- Mux Latency         = 0.000ps
       |--- Precharge Latency   = 445.508ps
 - Write Latency = 10.390ns
 |--- H-Tree Latency = 0.000ps
 |--- Mat Latency    = 10.390ns
    |--- Predecoder Latency = 205.010ps
    |--- Subarray Latency   = 10.185ns
       |--- Write Pulse Duration = 10.000ns
       |--- Row Decoder Latency = 184.738ps
       |--- Charge Latency      = 14.919ps
 - Read Bandwidth  = 33.421GB/s
 - Write Bandwidth = 6.284GB/s
Power:
 -  Read Dynamic Energy = 122.375pJ
 |--- H-Tree Dynamic Energy = 0.000pJ
 |--- Mat Dynamic Energy    = 122.375pJ per mat
    |--- Predecoder Dynamic Energy = 0.083pJ
    |--- Subarray Dynamic Energy   = 30.573pJ per active subarray
       |--- Row Decoder Dynamic Energy = 0.029pJ
       |--- Mux Decoder Dynamic Energy = 0.066pJ
       |--- Bitline & Cell Read Energy = 11.179pJ
       |--- Senseamp Dynamic Energy    = 19.244pJ
       |--- Mux Dynamic Energy         = 0.000pJ
       |--- Precharge Dynamic Energy   = 0.054pJ
 - Write Dynamic Energy = 518.302pJ
 |--- H-Tree Dynamic Energy = 0.000pJ
 |--- Mat Dynamic Energy    = 518.302pJ per mat
    |--- Predecoder Dynamic Energy = 0.083pJ
    |--- Subarray Dynamic Energy   = 129.555pJ per active subarray
       |--- Row Decoder Dynamic Energy = 0.029pJ
       |--- Mux Decoder Dynamic Energy = 0.066pJ
       |--- Mux Dynamic Energy         = 0.000pJ
       |--- Bitline & Cell Write Energy= 129.460pJ
 - Leakage Power = 77.345uW
 |--- H-Tree Leakage Power = 0.000pW
 |--- Mat Leakage Power    = 77.345uW per mat

CACHE TAG ARRAY
=============
CONFIGURATION
=============
Bank Organization: 4 x 4
 - Row Activation   : 1 / 4
 - Column Activation: 4 / 4
Mat Organization: 2 x 2
 - Row Activation   : 2 / 2
 - Column Activation: 1 / 2
 - Subarray Size    : 1 Rows x 160 Columns
Mux Level:
 - Senseamp Mux      : 2
 - Output Level-1 Mux: 1
 - Output Level-2 Mux: 1
 - One set is partitioned into 1 rows
Local Wire:
 - Wire Type : Local Aggressive
 - Repeater Type: No Repeaters
 - Low Swing : No
Global Wire:
 - Wire Type : Global Aggressive
 - Repeater Type: No Repeaters
 - Low Swing : No
Buffer Design Style: Latency-Optimized
=============
   RESULT
=============
Area:
 - Total Area = 463.259um x 354.021um = 164003.339um^2
 |--- Mat Area      = 115.815um x 88.505um = 10250.209um^2   (0.163%)
 |--- Subarray Area = 57.572um x 44.253um = 2547.701um^2   (0.164%)
 - Area Efficiency = 0.163%
Timing:
 -  Read Latency = 1.748ns
 |--- H-Tree Latency = 76.654ps
 |--- Mat Latency    = 1.671ns
    |--- Predecoder Latency = 3.594ps
    |--- Subarray Latency   = 1.604ns
       |--- Row Decoder Latency = 144.918ps
       |--- Bitline Latency     = 0.000ps
       |--- Senseamp Latency    = 1.456ns
       |--- Mux Latency         = 3.330ps
       |--- Precharge Latency   = 8.600ps
    |--- Comparator Latency  = 63.440ps
 - Write Latency = 10.187ns
 |--- H-Tree Latency = 38.327ps
 |--- Mat Latency    = 10.149ns
    |--- Predecoder Latency = 3.594ps
    |--- Subarray Latency   = 10.145ns
       |--- Write Pulse Duration = 10.000ns
       |--- Row Decoder Latency = 144.918ps
       |--- Charge Latency      = 0.347ps
 - Read Bandwidth  = 3.406GB/s
 - Write Bandwidth = 492.858MB/s
Power:
 -  Read Dynamic Energy = 160.381pJ
 |--- H-Tree Dynamic Energy = 6.082pJ
 |--- Mat Dynamic Energy    = 38.575pJ per mat
    |--- Predecoder Dynamic Energy = 0.113pJ
    |--- Subarray Dynamic Energy   = 19.231pJ per active subarray
       |--- Row Decoder Dynamic Energy = 0.034pJ
       |--- Mux Decoder Dynamic Energy = 0.081pJ
       |--- Bitline & Cell Read Energy = 6.989pJ
       |--- Senseamp Dynamic Energy    = 12.029pJ
       |--- Mux Dynamic Energy         = 0.032pJ
       |--- Precharge Dynamic Energy   = 0.067pJ
 - Write Dynamic Energy = 647.929pJ
 |--- H-Tree Dynamic Energy = 6.082pJ
 |--- Mat Dynamic Energy    = 160.462pJ per mat
    |--- Predecoder Dynamic Energy = 0.113pJ
    |--- Subarray Dynamic Energy   = 80.174pJ per active subarray
       |--- Row Decoder Dynamic Energy = 0.034pJ
       |--- Mux Decoder Dynamic Energy = 0.081pJ
       |--- Mux Dynamic Energy         = 0.032pJ
       |--- Bitline & Cell Write Energy= 80.028pJ
 - Leakage Power = 768.461uW
 |--- H-Tree Leakage Power = 0.000pW
 |--- Mat Leakage Power    = 48.029uW per mat

Finished!
