User-defined configuration file (/h/mrocke01/EECE0193/NVSim/cfg_files/SRAM_cache_2048_RRAM.cfg) is loaded

Memory Cell: RRAM (Memristor)
Cell Area (F^2)    : 4.000 (2.000Fx2.000F)
Cell Aspect Ratio  : 1.000
Cell Turned-On Resistance : 1.000Mohm
Cell Turned-Off Resistance: 10.000Mohm
Read Mode: Current-Sensing
  - Read Voltage: 0.400V
Reset Mode: Voltage
  - Reset Voltage: 2.000V
  - Reset Pulse: 10.000ns
Set Mode: Voltage
  - Set Voltage: 2.000V
  - Set Pulse: 10.000ns
Access Type: None Access Device

====================
DESIGN SPECIFICATION
====================
Design Target: Cache
Capacity   : 2MB
Cache Line Size: 64Bytes
Cache Associativity: 16 Ways

Searching for the best solution that is optimized for read energy-delay-product ...

=======================
CACHE DESIGN -- SUMMARY
=======================
Access Mode: Sequential
Area:
 - Total Area = 0.687mm^2
 |--- Data Array Area = 819.828um x 625.504um = 0.513mm^2
 |--- Tag Array Area  = 621.957um x 280.544um = 0.174mm^2
Timing:
 - Cache Hit Latency   = 4.376ns
 - Cache Miss Latency  = 2.088ns
 - Cache Write Latency = 20.807ns
Power:
 - Cache Hit Dynamic Energy   = 0.320nJ per access
 - Cache Miss Dynamic Energy  = 0.132nJ per access
 - Cache Write Dynamic Energy = 1.040nJ per access
 - Cache Total Leakage Power  = 0.884mW
 |--- Cache Data Array Leakage Power = 0.650mW
 |--- Cache Tag Array Leakage Power  = 0.234mW

CACHE DATA ARRAY
=============
CONFIGURATION
=============
Bank Organization: 8 x 8
 - Row Activation   : 1 / 8
 - Column Activation: 8 / 8
Mat Organization: 2 x 2
 - Row Activation   : 2 / 2
 - Column Activation: 2 / 2
 - Subarray Size    : 256 Rows x 256 Columns
Mux Level:
 - Senseamp Mux      : 16
 - Output Level-1 Mux: 1
 - Output Level-2 Mux: 1
 - One set is partitioned into 1 rows
Local Wire:
 - Wire Type : Local Aggressive
 - Repeater Type: No Repeaters
 - Low Swing : No
Global Wire:
 - Wire Type : Global Aggressive
 - Repeater Type: No Repeaters
 - Low Swing : No
Buffer Design Style: Latency-Optimized
=============
   RESULT
=============
Area:
 - Total Area = 819.828um x 625.504um = 512805.683um^2
 |--- Mat Area      = 102.478um x 78.188um = 8012.589um^2   (6.334%)
 |--- Subarray Area = 47.747um x 39.094um = 1866.619um^2   (6.797%)
 - Area Efficiency = 6.334%
Timing:
 -  Read Latency = 2.288ns
 |--- H-Tree Latency = 251.505ps
 |--- Mat Latency    = 2.036ns
    |--- Predecoder Latency = 182.485ps
    |--- Subarray Latency   = 1.854ns
       |--- Row Decoder Latency = 158.982ps
       |--- Bitline Latency     = 8.951ps
       |--- Senseamp Latency    = 1.454ns
       |--- Mux Latency         = 30.239ps
       |--- Precharge Latency   = 700.630ps
 - Write Latency = 20.807ns
 |--- H-Tree Latency = 125.752ps
 |--- Mat Latency    = 20.682ns
    |--- Predecoder Latency = 182.485ps
    |--- Subarray Latency   = 20.499ns
       |--- Row Decoder Latency = 158.982ps
       |--- Charge Latency      = 69.314ps
 - Read Bandwidth  = 26.717GB/s
 - Write Bandwidth = 3.122GB/s
Power:
 -  Read Dynamic Energy = 188.033pJ
 |--- H-Tree Dynamic Energy = 91.400pJ
 |--- Mat Dynamic Energy    = 12.079pJ per mat
    |--- Predecoder Dynamic Energy = 0.047pJ
    |--- Subarray Dynamic Energy   = 3.008pJ per active subarray
       |--- Row Decoder Dynamic Energy = 0.026pJ
       |--- Mux Decoder Dynamic Energy = 0.454pJ
       |--- Bitline & Cell Read Energy = 0.007pJ
       |--- Senseamp Dynamic Energy    = 2.406pJ
       |--- Mux Dynamic Energy         = 0.020pJ
       |--- Precharge Dynamic Energy   = 0.095pJ
 - Write Dynamic Energy = 475.170pJ
 |--- H-Tree Dynamic Energy = 91.400pJ
 |--- Mat Dynamic Energy    = 47.971pJ per mat
    |--- Predecoder Dynamic Energy = 0.047pJ
    |--- Subarray Dynamic Energy   = 11.981pJ per active subarray
       |--- Row Decoder Dynamic Energy = 0.026pJ
       |--- Mux Decoder Dynamic Energy = 0.454pJ
       |--- Mux Dynamic Energy         = 0.020pJ
 - Leakage Power = 649.962uW
 |--- H-Tree Leakage Power = 0.000pW
 |--- Mat Leakage Power    = 10.156uW per mat

CACHE TAG ARRAY
=============
CONFIGURATION
=============
Bank Organization: 2 x 4
 - Row Activation   : 1 / 2
 - Column Activation: 4 / 4
Mat Organization: 2 x 2
 - Row Activation   : 2 / 2
 - Column Activation: 2 / 2
 - Subarray Size    : 256 Rows x 192 Columns
Mux Level:
 - Senseamp Mux      : 4
 - Output Level-1 Mux: 1
 - Output Level-2 Mux: 1
 - One set is partitioned into 1 rows
Local Wire:
 - Wire Type : Local Aggressive
 - Repeater Type: No Repeaters
 - Low Swing : No
Global Wire:
 - Wire Type : Global Aggressive
 - Repeater Type: No Repeaters
 - Low Swing : No
Buffer Design Style: Latency-Optimized
=============
   RESULT
=============
Area:
 - Total Area = 621.957um x 280.544um = 174486.407um^2
 |--- Mat Area      = 310.979um x 70.136um = 21810.801um^2   (1.745%)
 |--- Subarray Area = 151.572um x 35.068um = 5315.321um^2   (1.790%)
 - Area Efficiency = 1.745%
Timing:
 -  Read Latency = 2.088ns
 |--- H-Tree Latency = 66.842ps
 |--- Mat Latency    = 2.021ns
    |--- Predecoder Latency = 206.145ps
    |--- Subarray Latency   = 1.748ns
       |--- Row Decoder Latency = 151.944ps
       |--- Bitline Latency     = 8.951ps
       |--- Senseamp Latency    = 1.454ns
       |--- Mux Latency         = 10.532ps
       |--- Precharge Latency   = 700.448ps
    |--- Comparator Latency  = 66.905ps
 - Write Latency = 20.653ns
 |--- H-Tree Latency = 33.421ps
 |--- Mat Latency    = 20.619ns
    |--- Predecoder Latency = 206.145ps
    |--- Subarray Latency   = 20.413ns
       |--- Row Decoder Latency = 151.944ps
       |--- Charge Latency      = 69.314ps
 - Read Bandwidth  = 2.612GB/s
 - Write Bandwidth = 293.926MB/s
Power:
 -  Read Dynamic Energy = 131.656pJ
 |--- H-Tree Dynamic Energy = 7.622pJ
 |--- Mat Dynamic Energy    = 31.009pJ per mat
    |--- Predecoder Dynamic Energy = 0.202pJ
    |--- Subarray Dynamic Energy   = 7.702pJ per active subarray
       |--- Row Decoder Dynamic Energy = 0.021pJ
       |--- Mux Decoder Dynamic Energy = 0.348pJ
       |--- Bitline & Cell Read Energy = 0.022pJ
       |--- Senseamp Dynamic Energy    = 7.218pJ
       |--- Mux Dynamic Energy         = 0.021pJ
       |--- Precharge Dynamic Energy   = 0.072pJ
 - Write Dynamic Energy = 565.162pJ
 |--- H-Tree Dynamic Energy = 7.622pJ
 |--- Mat Dynamic Energy    = 139.385pJ per mat
    |--- Predecoder Dynamic Energy = 0.202pJ
    |--- Subarray Dynamic Energy   = 34.796pJ per active subarray
       |--- Row Decoder Dynamic Energy = 0.021pJ
       |--- Mux Decoder Dynamic Energy = 0.348pJ
       |--- Mux Dynamic Energy         = 0.021pJ
 - Leakage Power = 234.226uW
 |--- H-Tree Leakage Power = 0.000pW
 |--- Mat Leakage Power    = 29.278uW per mat

Finished!
