User-defined configuration file (/Users/sudo/CodeProjects/Tufts/EECE0193/Final_Project/EXPERIMENTS/Input/NVSim/iso_capacity/ReadDynamicEnergy/STTRAM/64KB/64KB.cfg) is loaded

Memory Cell: MRAM (Magnetoresistive)
Cell Area (F^2)    : 54.000 (5.400Fx10.000F)
Cell Aspect Ratio  : 0.540
Cell Turned-On Resistance : 3.000Kohm
Cell Turned-Off Resistance: 6.000Kohm
Read Mode: Current-Sensing
  - Read Voltage: 0.250V
Reset Mode: Current
  - Reset Current: 80.000uA
  - Reset Pulse: 10.000ns
Set Mode: Current
  - Set Current: 80.000uA
  - Set Pulse: 10.000ns
Access Type: CMOS

====================
DESIGN SPECIFICATION
====================
Design Target: Random Access Memory
Capacity   : 64KB
Data Width : 128Bits (16Bytes)

Searching for the best solution that is optimized for read energy ...

=============
CONFIGURATION
=============
Bank Organization: 1 x 1
 - Row Activation   : 1 / 1
 - Column Activation: 1 / 1
Mat Organization: 2 x 2
 - Row Activation   : 2 / 2
 - Column Activation: 2 / 2
 - Subarray Size    : 1024 Rows x 128 Columns
Mux Level:
 - Senseamp Mux      : 4
 - Output Level-1 Mux: 1
 - Output Level-2 Mux: 1
Local Wire:
 - Wire Type : Local Aggressive
 - Repeater Type: No Repeaters
 - Low Swing : No
Global Wire:
 - Wire Type : Global Aggressive
 - Repeater Type: No Repeaters
 - Low Swing : No
Buffer Design Style: Latency-Optimized
=============
   RESULT
=============
Area:
 - Total Area = 312.998um x 77.831um = 24360.965um^2
 |--- Mat Area      = 312.998um x 77.831um = 24360.965um^2   (56.249%)
 |--- Subarray Area = 151.302um x 38.916um = 5887.990um^2   (58.181%)
 - Area Efficiency = 56.249%
Timing:
 -  Read Latency = 2.053ns
 |--- H-Tree Latency = 0.000ps
 |--- Mat Latency    = 2.053ns
    |--- Predecoder Latency = 221.618ps
    |--- Subarray Latency   = 1.831ns
       |--- Row Decoder Latency = 185.207ps
       |--- Bitline Latency     = 184.920ps
       |--- Senseamp Latency    = 1.456ns
       |--- Mux Latency         = 5.300ps
       |--- Precharge Latency   = 1.931ns
 - Write Latency = 10.649ns
 |--- H-Tree Latency = 0.000ps
 |--- Mat Latency    = 10.649ns
    |--- Predecoder Latency = 221.618ps
    |--- Subarray Latency   = 10.428ns
       |--- Write Pulse Duration = 10.000ns
       |--- Row Decoder Latency = 185.207ps
       |--- Charge Latency      = 290.191ps
 - Read Bandwidth  = 4.472GB/s
 - Write Bandwidth = 1.534GB/s
Power:
 -  Read Dynamic Energy = 31.329pJ
 |--- H-Tree Dynamic Energy = 0.000pJ
 |--- Mat Dynamic Energy    = 31.329pJ per mat
    |--- Predecoder Dynamic Energy = 0.089pJ
    |--- Subarray Dynamic Energy   = 7.810pJ per active subarray
       |--- Row Decoder Dynamic Energy = 0.029pJ
       |--- Mux Decoder Dynamic Energy = 0.066pJ
       |--- Bitline & Cell Read Energy = 2.796pJ
       |--- Senseamp Dynamic Energy    = 4.812pJ
       |--- Mux Dynamic Energy         = 0.020pJ
       |--- Precharge Dynamic Energy   = 0.054pJ
 - Write Dynamic Energy = 134.404pJ
 |--- H-Tree Dynamic Energy = 0.000pJ
 |--- Mat Dynamic Energy    = 134.404pJ per mat
    |--- Predecoder Dynamic Energy = 0.089pJ
    |--- Subarray Dynamic Energy   = 33.579pJ per active subarray
       |--- Row Decoder Dynamic Energy = 0.029pJ
       |--- Mux Decoder Dynamic Energy = 0.066pJ
       |--- Mux Dynamic Energy         = 0.020pJ
       |--- Bitline & Cell Write Energy= 33.464pJ
 - Leakage Power = 21.298uW
 |--- H-Tree Leakage Power = 0.000pW
 |--- Mat Leakage Power    = 21.298uW per mat

Finished!
