User-defined configuration file (/Users/sudo/CodeProjects/Tufts/EECE0193/Final_Project/EXPERIMENTS/Input/Destiny/iso_area/ReadDynamicEnergy/PCRAM/1024KB/1024KB.cfg) is loaded

====================
DESIGN SPECIFICATION
====================
Design Target: Random Access Memory
Capacity   : 1MB
Data Width : 128Bits (16Bytes)

Searching for the best solution that is optimized for read energy ...
Using cell file: ./cell_defs/PCRAM.cell
numSolutions = 19890 / numDesigns = 218700

=============
   SUMMARY   
=============
Optimized for: Read Energy
Memory Cell: PCRAM (Phase-Change)
Cell Area (F^2)    : 9 (3Fx3F)
Cell Aspect Ratio  : 1
Cell Turned-On Resistance : 1Kohm
Cell Turned-Off Resistance: 1Mohm
Read Mode: Voltage-Sensing
  - Read Current: 40uA
Reset Mode: Current
  - Reset Current: 300uA
  - Reset Pulse: 40ns
Set Mode: Current
  - Set Current: 150uA
  - Set Pulse: 150ns
Access Type: CMOS

=============
CONFIGURATION
=============
Bank Organization: 128 x 32 x 16
 - Row Activation   : 1 / 128 x 1
 - Column Activation: 32 / 32 x 1
Mat Organization: 2 x 2
 - Row Activation   : 2 / 2
 - Column Activation: 2 / 2
 - Subarray Size    : 4 Rows x 8 Columns
Mux Level:
 - Senseamp Mux      : 8
 - Output Level-1 Mux: 1
 - Output Level-2 Mux: 1
Local Wire:
 - Wire Type : Local Aggressive
 - Repeater Type: No Repeaters
 - Low Swing : No
Global Wire:
 - Wire Type : Global Aggressive
 - Repeater Type: No Repeaters
 - Low Swing : No
Buffer Design Style: Latency-Optimized
=============
   RESULT
=============
Area:
 - Total Area = 701.024um x 79.7963um = 90445.1um^2
 |--- Mat Area      = 5.47675um x 2.49363um = 13.657um^2   (65.3224%)
 |--- Subarray Area = 2.10434um x 1.24682um = 2.62372um^2   (85.0041%)
 |--- TSV Area      = 81um^2
 - Area Efficiency = 40.4011%
Timing:
 -  Read Latency = 215.531ps
 |--- TSV Latency    = 0.171162ps
 |--- H-Tree Latency = 59.0278ps
 |--- Mat Latency    = 156.332ps
    |--- Predecoder Latency = 48.7029ps
    |--- Subarray Latency   = 107.629ps
       |--- Row Decoder Latency = 24.1682ps
       |--- Bitline Latency     = 18.7955ps,0.947403ps,18.7955ps
       |--- Senseamp Latency    = 3.9879ps
       |--- Mux Latency         = 9.24174ps
       |--- Precharge Latency   = 10.6113ps
       |--- Read Pulse   = 0ps
 - Write Total Latency = 150.154ns
 - RESET Latency = 40.1543ns
 |--- TSV Latency    = 0.0855811ps
 |--- H-Tree Latency = 29.5139ps
 |--- Mat Latency    = 40.1247ns
    |--- Predecoder Latency = 48.7029ps
    |--- Subarray Latency   = 40.076ns
       |--- RESET Pulse Duration = 40ns
       |--- Row Decoder Latency  = 24.1682ps
       |--- Charge Latency   = 0.401411ps
 - SET Latency   = 150.154ns
 |--- TSV Latency    = 0.0855811ps
 |--- H-Tree Latency = 29.5139ps
 |--- Mat Latency    = 150.125ns
    |--- Predecoder Latency = 48.7029ps
    |--- Subarray Latency   = 150.076ns
       |--- SET Pulse Duration   = 150ns
       |--- Row Decoder Latency  = 24.1682ps
       |--- Charger Latency      = 0.401411ps
 - Read Bandwidth  = 170.082GB/s
 - Write Bandwidth = 106.613MB/s
Power:
 -  Read Dynamic Energy = 542.386pJ
 |--- TSV Dynamic Energy    = 236.167pJ
 |--- H-Tree Dynamic Energy = 11.387pJ
 |--- Mat Dynamic Energy    = 9.21351pJ per mat
    |--- Predecoder Dynamic Energy = 0.00121206pJ
    |--- Subarray Dynamic Energy   = 2.30307pJ per active subarray
       |--- Row Decoder Dynamic Energy = 0.000414424pJ
       |--- Mux Decoder Dynamic Energy = 0.0137107pJ
       |--- Bitline & Cell Read Energy = 0.000255226pJ
       |--- Senseamp Dynamic Energy    = 0.000363496pJ
       |--- Mux Dynamic Energy         = 0.00109491pJ
       |--- Precharge Dynamic Energy   = 0.00285844pJ
 - Write Dynamic Energy = 11.7698nJ
 - RESET Dynamic Energy = 6.39373nJ
 |--- TSV Dynamic Energy    = 236.167pJ
 |--- H-Tree Dynamic Energy = 11.387pJ
 |--- Mat Dynamic Energy    = 192.068pJ per mat
    |--- Predecoder Dynamic Energy = 0.00121206pJ
    |--- Subarray Dynamic Energy   = 90.0171pJ per active subarray
       |--- Row Decoder Dynamic Energy = 0.000414424pJ
       |--- Mux Decoder Dynamic Energy = 0.0137107pJ
       |--- Mux Dynamic Energy         = 0.00109491pJ
       |--- Cell RESET Dynamic Energy  = 48.0019pJ  0pJ
       |--- Single Cell RESET Energy  = 9.6pJ  0pJ
 - SET Dynamic Energy = 11.7697nJ
 |--- H-Tree Dynamic Energy = 11.387pJ
 |--- Mat Dynamic Energy    = 360.068pJ per mat
    |--- Predecoder Dynamic Energy = 0.00121206pJ
    |--- Subarray Dynamic Energy   = 90.0171pJ per active subarray
       |--- Row Decoder Dynamic Energy = 0.000414424pJ
       |--- Mux Decoder Dynamic Energy = 0.0137107pJ
       |--- Mux Dynamic Energy         = 0.00109491pJ
       |--- Cell SET Dynamic Energy    = 90.0019pJ  0pJ  90.0171pJ
       |--- Single Cell SET Energy  = 18pJ  0pJ
 - Leakage Power = 392.713uW
 |--- TSV Leakage              = 0pW
 |--- H-Tree Leakage Power     = 0pW
 |--- Mat Leakage Power        = 5.99232nW per mat

Finished!
