User-defined configuration file (/Users/sudo/CodeProjects/Tufts/EECE0193/Final_Project/EXPERIMENTS/Input/Destiny/Area/RRAM_MLC/4096KB/4096KB.cfg) is loaded

====================
DESIGN SPECIFICATION
====================
Design Target: Random Access Memory
Capacity   : 8MB
Data Width : 256Bits (32Bytes)

Searching for the best solution that is optimized for area ...
Using cell file: ./cell_defs/RRAM_MLC.cell
numSolutions = 8355 / numDesigns = 43740

=============
   SUMMARY   
=============
Optimized for: Area
Memory Cell: RRAM (Memristor)
Cell Area (F^2)    : 20 (4.47214Fx4.47214F)
Cell Aspect Ratio  : 1
Cell Turned-On Resistance : 1Mohm
Cell Turned-Off Resistance: 10Mohm
Read Mode: Current-Sensing
  - Read Voltage: 0.3V
Reset Mode: Voltage
  - Reset Voltage: 2.5V
  - Reset Pulse: 5ns
Set Mode: Current
  - Set Current: 25uA
  - Set Pulse: 5ns
Access Type: CMOS

=============
CONFIGURATION
=============
Bank Organization: 512 x 4
 - Row Activation   : 1 / 512
 - Column Activation: 4 / 4
Mat Organization: 2 x 2
 - Row Activation   : 2 / 2
 - Column Activation: 2 / 2
 - Subarray Size    : 4 Rows x 1024 Columns
Mux Level:
 - Senseamp Mux      : 128
 - Output Level-1 Mux: 1
 - Output Level-2 Mux: 1
Local Wire:
 - Wire Type : Local Aggressive
 - Repeater Type: No Repeaters
 - Low Swing : No
Global Wire:
 - Wire Type : Global Aggressive
 - Repeater Type: No Repeaters
 - Low Swing : No
Buffer Design Style: Latency-Optimized
=============
   RESULT
=============
Area:
 - Total Area = 3.58636mm x 943.59um = 3.38406mm^2
 |--- Mat Area      = 7.00461um x 235.897um = 1652.37um^2   (9.59816%)
 |--- Subarray Area = 3.50231um x 116.441um = 407.812um^2   (9.72244%)
 - Area Efficiency = 9.59816%
Timing:
 -  Read Latency = 1.99302ns
 |--- H-Tree Latency = 1.85025ns
 |--- Mat Latency    = 142.771ps
    |--- Predecoder Latency = 142.771ps
    |--- Subarray Latency   = 0ps
       |--- Row Decoder Latency = 624.873ps
       |--- Bitline Latency     = 0.00603494ps,0ps,0ps
       |--- Senseamp Latency    = 1.45399ns
       |--- Mux Latency         = 281.756ps
       |--- Precharge Latency   = 17.0612ps
       |--- Read Pulse   = 2ns
 - Write Total Latency = 1.06789ns
 - RESET Latency = 1.06789ns
 |--- H-Tree Latency = 925.123ps
 |--- Mat Latency    = 142.771ps
    |--- Predecoder Latency = 142.771ps
    |--- Subarray Latency   = 0ps
       |--- RESET Pulse Duration = 5ns
       |--- Row Decoder Latency  = 624.873ps
       |--- Charge Latency   = 2.85617ps
 - SET Latency   = 1.06789ns
 |--- H-Tree Latency = 925.123ps
 |--- Mat Latency    = 142.771ps
    |--- Predecoder Latency = 142.771ps
    |--- Subarray Latency   = 0ps
       |--- SET Pulse Duration   = 5ns
       |--- Row Decoder Latency  = 624.873ps
       |--- Charger Latency      = 2.85617ps
 - Read Bandwidth  = -2.6324e+10B/s
 - Write Bandwidth = infTB/s
Power:
 -  Read Dynamic Energy = 98.3361pJ
 |--- H-Tree Dynamic Energy = 68.1401pJ
 |--- Mat Dynamic Energy    = 7.54898pJ per mat
    |--- Predecoder Dynamic Energy = 0.0307543pJ
    |--- Subarray Dynamic Energy   = 1.87956pJ per active subarray
       |--- Row Decoder Dynamic Energy = 0.0626808pJ
       |--- Mux Decoder Dynamic Energy = 0.218708pJ
       |--- Bitline & Cell Read Energy = 0pJ
       |--- Senseamp Dynamic Energy    = 1.20291pJ
       |--- Mux Dynamic Energy         = 0.0240341pJ
       |--- Precharge Dynamic Energy   = 0.371222pJ
 - Write Dynamic Energy = 73.1499pJ
 - RESET Dynamic Energy = 72.147pJ
 |--- H-Tree Dynamic Energy = 68.1401pJ
 |--- Mat Dynamic Energy    = 1.00172pJ per mat
    |--- Predecoder Dynamic Energy = 0.0307543pJ
    |--- Subarray Dynamic Energy   = 0.305423pJ per active subarray
       |--- Row Decoder Dynamic Energy = 0.0626808pJ
       |--- Mux Decoder Dynamic Energy = 0.218708pJ
       |--- Mux Dynamic Energy         = 0.0240341pJ
       |--- Cell RESET Dynamic Energy  = 0pJ  0pJ
       |--- Single Cell RESET Energy  = 0.029375pJ  -0pJ
 - SET Dynamic Energy = 72.147pJ
 |--- H-Tree Dynamic Energy = 68.1401pJ
 |--- Mat Dynamic Energy    = 1.00172pJ per mat
    |--- Predecoder Dynamic Energy = 0.0307543pJ
    |--- Subarray Dynamic Energy   = 0.305423pJ per active subarray
       |--- Row Decoder Dynamic Energy = 0.0626808pJ
       |--- Mux Decoder Dynamic Energy = 0.218708pJ
       |--- Mux Dynamic Energy         = 0.0240341pJ
       |--- Cell SET Dynamic Energy    = 0pJ  0pJ  0.305423pJ
       |--- Single Cell SET Energy  = 0.1pJ  0pJ
 - Leakage Power = 10.6982mW
 |--- H-Tree Leakage Power     = 0pW
 |--- Mat Leakage Power        = 5.22371uW per mat

Finished!
