User-defined configuration file (/Users/sudo/CodeProjects/Tufts/EECE0193/Final_Project/EXPERIMENTS/Input/NVSim/iso_capacity/ReadEDP/STTRAM/2048KB/2048KB.cfg) is loaded

Memory Cell: MRAM (Magnetoresistive)
Cell Area (F^2)    : 54.000 (5.400Fx10.000F)
Cell Aspect Ratio  : 0.540
Cell Turned-On Resistance : 3.000Kohm
Cell Turned-Off Resistance: 6.000Kohm
Read Mode: Current-Sensing
  - Read Voltage: 0.250V
Reset Mode: Current
  - Reset Current: 80.000uA
  - Reset Pulse: 10.000ns
Set Mode: Current
  - Set Current: 80.000uA
  - Set Pulse: 10.000ns
Access Type: CMOS

====================
DESIGN SPECIFICATION
====================
Design Target: Random Access Memory
Capacity   : 2MB
Data Width : 128Bits (16Bytes)

Searching for the best solution that is optimized for read energy-delay-product ...

=============
CONFIGURATION
=============
Bank Organization: 8 x 4
 - Row Activation   : 1 / 8
 - Column Activation: 4 / 4
Mat Organization: 2 x 2
 - Row Activation   : 2 / 2
 - Column Activation: 2 / 2
 - Subarray Size    : 512 Rows x 256 Columns
Mux Level:
 - Senseamp Mux      : 32
 - Output Level-1 Mux: 1
 - Output Level-2 Mux: 1
Local Wire:
 - Wire Type : Local Aggressive
 - Repeater Type: No Repeaters
 - Low Swing : No
Global Wire:
 - Wire Type : Global Aggressive
 - Repeater Type: No Repeaters
 - Low Swing : No
Buffer Design Style: Latency-Optimized
=============
   RESULT
=============
Area:
 - Total Area = 1.058mm x 604.143um = 639414.599um^2
 |--- Mat Area      = 132.298um x 151.036um = 19981.706um^2   (68.577%)
 |--- Subarray Area = 66.149um x 71.019um = 4697.847um^2   (72.921%)
 - Area Efficiency = 68.577%
Timing:
 -  Read Latency = 2.318ns
 |--- H-Tree Latency = 282.249ps
 |--- Mat Latency    = 2.036ns
    |--- Predecoder Latency = 210.184ps
    |--- Subarray Latency   = 1.826ns
       |--- Row Decoder Latency = 285.347ps
       |--- Bitline Latency     = 51.586ps
       |--- Senseamp Latency    = 1.456ns
       |--- Mux Latency         = 32.891ps
       |--- Precharge Latency   = 911.849ps
 - Write Latency = 10.681ns
 |--- H-Tree Latency = 141.125ps
 |--- Mat Latency    = 10.540ns
    |--- Predecoder Latency = 210.184ps
    |--- Subarray Latency   = 10.330ns
       |--- Write Pulse Duration = 10.000ns
       |--- Row Decoder Latency = 285.347ps
       |--- Charge Latency      = 85.567ps
 - Read Bandwidth  = 6.524GB/s
 - Write Bandwidth = 1.549GB/s
Power:
 -  Read Dynamic Energy = 61.277pJ
 |--- H-Tree Dynamic Energy = 25.442pJ
 |--- Mat Dynamic Energy    = 8.959pJ per mat
    |--- Predecoder Dynamic Energy = 0.068pJ
    |--- Subarray Dynamic Energy   = 2.223pJ per active subarray
       |--- Row Decoder Dynamic Energy = 0.053pJ
       |--- Mux Decoder Dynamic Energy = 0.117pJ
       |--- Bitline & Cell Read Energy = 0.699pJ
       |--- Senseamp Dynamic Energy    = 1.203pJ
       |--- Mux Dynamic Energy         = 0.031pJ
       |--- Precharge Dynamic Energy   = 0.103pJ
 - Write Dynamic Energy = 159.874pJ
 |--- H-Tree Dynamic Energy = 25.442pJ
 |--- Mat Dynamic Energy    = 33.608pJ per mat
    |--- Predecoder Dynamic Energy = 0.068pJ
    |--- Subarray Dynamic Energy   = 8.385pJ per active subarray
       |--- Row Decoder Dynamic Energy = 0.053pJ
       |--- Mux Decoder Dynamic Energy = 0.117pJ
       |--- Mux Dynamic Energy         = 0.031pJ
       |--- Bitline & Cell Write Energy= 8.184pJ
 - Leakage Power = 200.404uW
 |--- H-Tree Leakage Power = 0.000pW
 |--- Mat Leakage Power    = 6.263uW per mat

Finished!
