User-defined configuration file (/Users/sudo/CodeProjects/Tufts/EECE0193/Final_Project/EXPERIMENTS/Input/Destiny/ReadLatency/STTRAM/4096KB/4096KB.cfg) is loaded

====================
DESIGN SPECIFICATION
====================
Design Target: Random Access Memory
Capacity   : 4MB
Data Width : 128Bits (16Bytes)

Searching for the best solution that is optimized for read latency ...
Using cell file: ./cell_defs/STTRAM.cell
numSolutions = 37459 / numDesigns = 218700

=============
   SUMMARY   
=============
Optimized for: Read Latency
Memory Cell: MRAM (Magnetoresistive)
Cell Area (F^2)    : 54 (5.4Fx10F)
Cell Aspect Ratio  : 0.54
Cell Turned-On Resistance : 3Kohm
Cell Turned-Off Resistance: 6Kohm
Read Mode: Current-Sensing
  - Read Voltage: 0.25V
Reset Mode: Current
  - Reset Current: 80uA
  - Reset Pulse: 10ns
Set Mode: Current
  - Set Current: 80uA
  - Set Pulse: 10ns
Access Type: CMOS

=============
CONFIGURATION
=============
Bank Organization: 8 x 32 x 16
 - Row Activation   : 1 / 8 x 1
 - Column Activation: 32 / 32 x 1
Mat Organization: 2 x 2
 - Row Activation   : 2 / 2
 - Column Activation: 2 / 2
 - Subarray Size    : 256 Rows x 8 Columns
Mux Level:
 - Senseamp Mux      : 8
 - Output Level-1 Mux: 1
 - Output Level-2 Mux: 1
Local Wire:
 - Wire Type : Local Aggressive
 - Repeater Type: No Repeaters
 - Low Swing : No
Global Wire:
 - Wire Type : Global Aggressive
 - Repeater Type: No Repeaters
 - Low Swing : No
Buffer Design Style: Latency-Optimized
=============
   RESULT
=============
Area:
 - Total Area = 783.164um x 218.507um = 205876um^2
 |--- Mat Area      = 97.8954um x 6.82834um = 668.464um^2   (512.473%)
 |--- Subarray Area = 45.6978um x 3.41417um = 156.02um^2   (548.919%)
 |--- TSV Area      = 81um^2
 - Area Efficiency = 425.975%
Timing:
 -  Read Latency = 1.81259ns
 |--- TSV Latency    = 0.171162ps
 |--- H-Tree Latency = 90.744ps
 |--- Mat Latency    = 1.72168ns
    |--- Predecoder Latency = 166.667ps
    |--- Subarray Latency   = 1.55501ns
       |--- Row Decoder Latency = 75.9726ps
       |--- Bitline Latency     = 13.7934ps,0ps,0ps
       |--- Senseamp Latency    = 1.456ns
       |--- Mux Latency         = 9.24174ps
       |--- Precharge Latency   = 445.338ps
       |--- Read Pulse   = 0ps
 - Write Total Latency = 10.2881ns
 - RESET Latency = 10.2881ns
 |--- TSV Latency    = 0.0855811ps
 |--- H-Tree Latency = 45.372ps
 |--- Mat Latency    = 10.2426ns
    |--- Predecoder Latency = 166.667ps
    |--- Subarray Latency   = 10.076ns
       |--- RESET Pulse Duration = 10ns
       |--- Row Decoder Latency  = 75.9726ps
       |--- Charge Latency   = 28.0126ps
 - SET Latency   = 10.2881ns
 |--- TSV Latency    = 0.0855811ps
 |--- H-Tree Latency = 45.372ps
 |--- Mat Latency    = 10.2426ns
    |--- Predecoder Latency = 166.667ps
    |--- Subarray Latency   = 10.076ns
       |--- SET Pulse Duration   = 10ns
       |--- Row Decoder Latency  = 75.9726ps
       |--- Charger Latency      = 28.0126ps
 - Read Bandwidth  = 8.31438GB/s
 - Write Bandwidth = 1.58794GB/s
Power:
 -  Read Dynamic Energy = 291.803pJ
 |--- TSV Dynamic Energy    = 239.195pJ
 |--- H-Tree Dynamic Energy = 20.0641pJ
 |--- Mat Dynamic Energy    = 1.01699pJ per mat
    |--- Predecoder Dynamic Energy = 0.0287478pJ
    |--- Subarray Dynamic Energy   = 0.247061pJ per active subarray
       |--- Row Decoder Dynamic Energy = 0.00182275pJ
       |--- Mux Decoder Dynamic Energy = 0.00319957pJ
       |--- Bitline & Cell Read Energy = 0.0873601pJ
       |--- Senseamp Dynamic Energy    = 0.150363pJ
       |--- Mux Dynamic Energy         = 0.00109491pJ
       |--- Precharge Dynamic Energy   = 0.00308782pJ
 - Write Dynamic Energy = 390.455pJ
 - RESET Dynamic Energy = 390.222pJ
 |--- TSV Dynamic Energy    = 239.195pJ
 |--- H-Tree Dynamic Energy = 20.0641pJ
 |--- Mat Dynamic Energy    = 4.0926pJ per mat
    |--- Predecoder Dynamic Energy = 0.0287478pJ
    |--- Subarray Dynamic Energy   = 1.01779pJ per active subarray
       |--- Row Decoder Dynamic Energy = 0.00182275pJ
       |--- Mux Decoder Dynamic Energy = 0.00319957pJ
       |--- Mux Dynamic Energy         = 0.00109491pJ
       |--- Cell RESET Dynamic Energy  = 1.01167pJ  0pJ
       |--- Single Cell RESET Energy  = 1pJ  0pJ
 - SET Dynamic Energy = 390.222pJ
 |--- H-Tree Dynamic Energy = 20.0641pJ
 |--- Mat Dynamic Energy    = 4.0926pJ per mat
    |--- Predecoder Dynamic Energy = 0.0287478pJ
    |--- Subarray Dynamic Energy   = 1.01779pJ per active subarray
       |--- Row Decoder Dynamic Energy = 0.00182275pJ
       |--- Mux Decoder Dynamic Energy = 0.00319957pJ
       |--- Mux Dynamic Energy         = 0.00109491pJ
       |--- Cell SET Dynamic Energy    = 1.01167pJ  0pJ  1.01779pJ
       |--- Single Cell SET Energy  = 1pJ  0pJ
 - Leakage Power = 2.6237mW
 |--- TSV Leakage              = 0pW
 |--- H-Tree Leakage Power     = 0pW
 |--- Mat Leakage Power        = 640.551nW per mat

Finished!
