User-defined configuration file (/Users/sudo/CodeProjects/Tufts/EECE0193/Final_Project/EXPERIMENTS/Input/NVSim/ReadEDP/RRAM/64KB/64KB.cfg) is loaded

Memory Cell: RRAM (Memristor)
Cell Area (F^2)    : 4.000 (2.000Fx2.000F)
Cell Aspect Ratio  : 1.000
Cell Turned-On Resistance : 1.000Mohm
Cell Turned-Off Resistance: 10.000Mohm
Read Mode: Current-Sensing
  - Read Voltage: 0.400V
Reset Mode: Voltage
  - Reset Voltage: 2.000V
  - Reset Pulse: 10.000ns
Set Mode: Voltage
  - Set Voltage: 2.000V
  - Set Pulse: 10.000ns
Access Type: None Access Device

====================
DESIGN SPECIFICATION
====================
Design Target: Random Access Memory
Capacity   : 64KB
Data Width : 128Bits (16Bytes)

Searching for the best solution that is optimized for read energy-delay-product ...

=============
CONFIGURATION
=============
Bank Organization: 2 x 2
 - Row Activation   : 1 / 2
 - Column Activation: 2 / 2
Mat Organization: 2 x 2
 - Row Activation   : 2 / 2
 - Column Activation: 2 / 2
 - Subarray Size    : 256 Rows x 128 Columns
Mux Level:
 - Senseamp Mux      : 8
 - Output Level-1 Mux: 1
 - Output Level-2 Mux: 1
Local Wire:
 - Wire Type : Local Aggressive
 - Repeater Type: No Repeaters
 - Low Swing : No
Global Wire:
 - Wire Type : Global Aggressive
 - Repeater Type: No Repeaters
 - Low Swing : No
Buffer Design Style: Latency-Optimized
=============
   RESULT
=============
Area:
 - Total Area = 344.487um x 109.648um = 37772.364um^2
 |--- Mat Area      = 172.244um x 54.824um = 9443.091um^2   (2.687%)
 |--- Subarray Area = 82.500um x 27.412um = 2261.492um^2   (2.805%)
 - Area Efficiency = 2.687%
Timing:
 -  Read Latency = 1.892ns
 |--- H-Tree Latency = 14.284ps
 |--- Mat Latency    = 1.877ns
    |--- Predecoder Latency = 189.271ps
    |--- Subarray Latency   = 1.688ns
       |--- Row Decoder Latency = 132.619ps
       |--- Bitline Latency     = 8.951ps
       |--- Senseamp Latency    = 1.454ns
       |--- Mux Latency         = 17.081ps
       |--- Precharge Latency   = 700.207ps
 - Write Latency = 20.543ns
 |--- H-Tree Latency = 7.142ps
 |--- Mat Latency    = 20.536ns
    |--- Predecoder Latency = 189.271ps
    |--- Subarray Latency   = 20.347ns
       |--- Row Decoder Latency = 132.619ps
       |--- Charge Latency      = 69.314ps
 - Read Bandwidth  = 7.093GB/s
 - Write Bandwidth = 786.370MB/s
Power:
 -  Read Dynamic Energy = 25.656pJ
 |--- H-Tree Dynamic Energy = 3.702pJ
 |--- Mat Dynamic Energy    = 10.977pJ per mat
    |--- Predecoder Dynamic Energy = 0.057pJ
    |--- Subarray Dynamic Energy   = 2.730pJ per active subarray
       |--- Row Decoder Dynamic Energy = 0.014pJ
       |--- Mux Decoder Dynamic Energy = 0.243pJ
       |--- Bitline & Cell Read Energy = 0.007pJ
       |--- Senseamp Dynamic Energy    = 2.406pJ
       |--- Mux Dynamic Energy         = 0.011pJ
       |--- Precharge Dynamic Energy   = 0.049pJ
 - Write Dynamic Energy = 97.743pJ
 |--- H-Tree Dynamic Energy = 3.702pJ
 |--- Mat Dynamic Energy    = 47.021pJ per mat
    |--- Predecoder Dynamic Energy = 0.057pJ
    |--- Subarray Dynamic Energy   = 11.741pJ per active subarray
       |--- Row Decoder Dynamic Energy = 0.014pJ
       |--- Mux Decoder Dynamic Energy = 0.243pJ
       |--- Mux Dynamic Energy         = 0.011pJ
 - Leakage Power = 39.812uW
 |--- H-Tree Leakage Power = 0.000pW
 |--- Mat Leakage Power    = 9.953uW per mat

Finished!
