User-defined configuration file (/Users/sudo/CodeProjects/Tufts/EECE0193/Final_Project/EXPERIMENTS/Input/Destiny/ReadLatency/RRAM/16KB/16KB.cfg) is loaded

====================
DESIGN SPECIFICATION
====================
Design Target: Random Access Memory
Capacity   : 16KB
Data Width : 128Bits (16Bytes)

Searching for the best solution that is optimized for read latency ...
Using cell file: ./cell_defs/RRAM.cell
numSolutions = 4555 / numDesigns = 218700

=============
   SUMMARY   
=============
Optimized for: Read Latency
Memory Cell: RRAM (Memristor)
Cell Area (F^2)    : 4 (2Fx2F)
Cell Aspect Ratio  : 1
Cell Turned-On Resistance : 1Mohm
Cell Turned-Off Resistance: 10Mohm
Read Mode: Current-Sensing
  - Read Voltage: 0.4V
Reset Mode: Voltage
  - Reset Voltage: 2V
  - Reset Pulse: 10ns
Set Mode: Voltage
  - Set Voltage: 2V
  - Set Pulse: 10ns
Access Type: None Access Device

=============
CONFIGURATION
=============
Bank Organization: 2 x 32 x 16
 - Row Activation   : 1 / 2 x 1
 - Column Activation: 32 / 32 x 1
Mat Organization: 2 x 2
 - Row Activation   : 2 / 2
 - Column Activation: 2 / 2
 - Subarray Size    : 1 Rows x 32 Columns
Mux Level:
 - Senseamp Mux      : 8
 - Output Level-1 Mux: 1
 - Output Level-2 Mux: 4
Local Wire:
 - Wire Type : Local Aggressive
 - Repeater Type: No Repeaters
 - Low Swing : No
Global Wire:
 - Wire Type : Global Aggressive
 - Repeater Type: No Repeaters
 - Low Swing : No
Buffer Design Style: Latency-Optimized
=============
   RESULT
=============
Area:
 - Total Area = 286.014um x 228.253um = 99060.7um^2
 |--- Mat Area      = 143.007um x 7.13292um = 1020.06um^2   (0.388697%)
 |--- Subarray Area = 70.9142um x 3.56646um = 252.913um^2   (0.391927%)
 |--- TSV Area      = 81um^2
 - Area Efficiency = 0.256162%
Timing:
 -  Read Latency = 1.57996ns
 |--- TSV Latency    = 0.171162ps
 |--- H-Tree Latency = 30.7843ps
 |--- Mat Latency    = 1.54901ns
    |--- Predecoder Latency = 21.944ps
    |--- Subarray Latency   = 1.52706ns
       |--- Row Decoder Latency = 32.9783ps
       |--- Bitline Latency     = 0.000136593ps,4.28726e+10s,6.88055e+10s
       |--- Senseamp Latency    = 1.45399ns
       |--- Mux Latency         = 40.0967ps
       |--- Precharge Latency   = 9.47551ps
       |--- Read Pulse   = 0ps
 - Write Latency = 20.0704ns
 |--- TSV Latency    = 0.0855811ps
 |--- H-Tree Latency = 15.3921ps
 |--- Mat Latency    = 20.0549ns
    |--- Predecoder Latency = 21.944ps
    |--- Subarray Latency   = 20.033ns
       |--- Row Decoder Latency = 32.9783ps
       |--- Charge Latency      = 4.31101ps
 - Read Bandwidth  = 10.6414GB/s
 - Write Bandwidth = 798.683MB/s
Power:
 -  Read Dynamic Energy = 315.508pJ
 |--- TSV Dynamic Energy    = 227.084pJ
 |--- H-Tree Dynamic Energy = 8.78201pJ
 |--- Mat Dynamic Energy    = 2.48883pJ per mat
    |--- Predecoder Dynamic Energy = 0.000439014pJ
    |--- Subarray Dynamic Energy   = 0.622097pJ per active subarray
       |--- Row Decoder Dynamic Energy = 0.00240997pJ
       |--- Mux Decoder Dynamic Energy = 0.0033039pJ
       |--- Bitline & Cell Read Energy = 0.000465276pJ
       |--- Senseamp Dynamic Energy    = 0.601454pJ
       |--- Mux Dynamic Energy         = 0.00144359pJ
       |--- Precharge Dynamic Energy   = 0.0130196pJ
 - Write Dynamic Energy = 621.725pJ
 |--- TSV Dynamic Energy    = 227.084pJ
 |--- H-Tree Dynamic Energy = 8.78201pJ
 |--- Mat Dynamic Energy    = 12.0581pJ per mat
    |--- Predecoder Dynamic Energy = 0.000439014pJ
    |--- Subarray Dynamic Energy   = 3.01441pJ per active subarray
       |--- Row Decoder Dynamic Energy = 0.00240997pJ
       |--- Mux Decoder Dynamic Energy = 0.0033039pJ
       |--- Mux Dynamic Energy         = 0.00144359pJ
 - Leakage Power = 2.46168mW
 |--- TSV Leakage              = 0pW
 |--- H-Tree Leakage Power     = 0pW
 |--- Mat Leakage Power        = 2.40398uW per mat

Finished!
