User-defined configuration file (/Users/sudo/CodeProjects/Tufts/EECE0193/Final_Project/EXPERIMENTS/Input/NVSim/iso_capacity/LeakagePower/SRAM/64KB/64KB.cfg) is loaded

Memory Cell: SRAM
Cell Area (F^2)    : 146.000 (14.600Fx10.000F)
Cell Aspect Ratio  : 1.460
SRAM Cell Access Transistor Width: 1.310F
SRAM Cell NMOS Width: 2.080F
SRAM Cell PMOS Width: 1.230F
[WARNING] Associativity setting is ignored for non-cache designs

====================
DESIGN SPECIFICATION
====================
Design Target: Random Access Memory
Capacity   : 64KB
Data Width : 128Bits (16Bytes)

Searching for the best solution that is optimized for leakage power ...

=============
CONFIGURATION
=============
Bank Organization: 1 x 1
 - Row Activation   : 1 / 1
 - Column Activation: 1 / 1
Mat Organization: 2 x 2
 - Row Activation   : 2 / 2
 - Column Activation: 2 / 2
 - Subarray Size    : 128 Rows x 1024 Columns
Mux Level:
 - Senseamp Mux      : 4
 - Output Level-1 Mux: 2
 - Output Level-2 Mux: 4
Local Wire:
 - Wire Type : Local Aggressive
 - Repeater Type: No Repeaters
 - Low Swing : No
Global Wire:
 - Wire Type : Global Aggressive
 - Repeater Type: No Repeaters
 - Low Swing : No
Buffer Design Style: Latency-Optimized
=============
   RESULT
=============
Area:
 - Total Area = 85.956um x 468.404um = 40262.248um^2
 |--- Mat Area      = 85.956um x 468.404um = 40262.248um^2   (92.017%)
 |--- Subarray Area = 42.978um x 230.717um = 9915.766um^2   (93.408%)
 - Area Efficiency = 92.017%
Timing:
 -  Read Latency = 1.768ns
 |--- H-Tree Latency = 0.000ps
 |--- Mat Latency    = 1.768ns
    |--- Predecoder Latency = 226.738ps
    |--- Subarray Latency   = 1.541ns
       |--- Row Decoder Latency = 1.034ns
       |--- Bitline Latency     = 456.637ps
       |--- Senseamp Latency    = 3.988ps
       |--- Mux Latency         = 46.346ps
       |--- Precharge Latency   = 349.560ps
 - Write Latency = 1.768ns
 |--- H-Tree Latency = 0.000ps
 |--- Mat Latency    = 1.768ns
    |--- Predecoder Latency = 226.738ps
    |--- Subarray Latency   = 1.541ns
       |--- Row Decoder Latency = 1.034ns
       |--- Charge Latency      = 344.417ps
 - Read Bandwidth  = 18.680GB/s
 - Write Bandwidth = 10.382GB/s
Power:
 -  Read Dynamic Energy = 12.533pJ
 |--- H-Tree Dynamic Energy = 0.000pJ
 |--- Mat Dynamic Energy    = 12.533pJ per mat
    |--- Predecoder Dynamic Energy = 0.121pJ
    |--- Subarray Dynamic Energy   = 3.103pJ per active subarray
       |--- Row Decoder Dynamic Energy = 0.093pJ
       |--- Mux Decoder Dynamic Energy = 0.225pJ
       |--- Senseamp Dynamic Energy    = 0.093pJ
       |--- Mux Dynamic Energy         = 0.075pJ
       |--- Precharge Dynamic Energy   = 0.394pJ
 - Write Dynamic Energy = 1.972pJ
 |--- H-Tree Dynamic Energy = 0.000pJ
 |--- Mat Dynamic Energy    = 1.972pJ per mat
    |--- Predecoder Dynamic Energy = 0.121pJ
    |--- Subarray Dynamic Energy   = 0.463pJ per active subarray
       |--- Row Decoder Dynamic Energy = 0.093pJ
       |--- Mux Decoder Dynamic Energy = 0.225pJ
       |--- Mux Dynamic Energy         = 0.075pJ
 - Leakage Power = 5.312uW
 |--- H-Tree Leakage Power = 0.000pW
 |--- Mat Leakage Power    = 5.312uW per mat

Finished!
