User-defined configuration file (/Users/sudo/CodeProjects/Tufts/EECE0193/Final_Project/EXPERIMENTS/Input/NVSim/iso_area/ReadDynamicEnergy/RRAM/256KB/256KB.cfg) is loaded

Memory Cell: RRAM (Memristor)
Cell Area (F^2)    : 4.000 (2.000Fx2.000F)
Cell Aspect Ratio  : 1.000
Cell Turned-On Resistance : 1.000Mohm
Cell Turned-Off Resistance: 10.000Mohm
Read Mode: Current-Sensing
  - Read Voltage: 0.400V
Reset Mode: Voltage
  - Reset Voltage: 2.000V
  - Reset Pulse: 10.000ns
Set Mode: Voltage
  - Set Voltage: 2.000V
  - Set Pulse: 10.000ns
Access Type: None Access Device

====================
DESIGN SPECIFICATION
====================
Design Target: Random Access Memory
Capacity   : 256KB
Data Width : 128Bits (16Bytes)

Searching for the best solution that is optimized for read energy ...

=============
CONFIGURATION
=============
Bank Organization: 4 x 2
 - Row Activation   : 1 / 4
 - Column Activation: 2 / 2
Mat Organization: 2 x 2
 - Row Activation   : 2 / 2
 - Column Activation: 2 / 2
 - Subarray Size    : 128 Rows x 512 Columns
Mux Level:
 - Senseamp Mux      : 32
 - Output Level-1 Mux: 1
 - Output Level-2 Mux: 1
Local Wire:
 - Wire Type : Local Aggressive
 - Repeater Type: No Repeaters
 - Low Swing : No
Global Wire:
 - Wire Type : Global Aggressive
 - Repeater Type: No Repeaters
 - Low Swing : No
Buffer Design Style: Latency-Optimized
=============
   RESULT
=============
Area:
 - Total Area = 194.963um x 217.951um = 42492.439um^2
 |--- Mat Area      = 48.741um x 108.975um = 5311.555um^2   (9.555%)
 |--- Subarray Area = 24.370um x 51.568um = 1256.733um^2   (10.096%)
 - Area Efficiency = 9.555%
Timing:
 -  Read Latency = 2.163ns
 |--- H-Tree Latency = 20.345ps
 |--- Mat Latency    = 2.142ns
    |--- Predecoder Latency = 178.346ps
    |--- Subarray Latency   = 1.964ns
       |--- Row Decoder Latency = 208.759ps
       |--- Bitline Latency     = 2.238ps
       |--- Senseamp Latency    = 1.454ns
       |--- Mux Latency         = 64.825ps
       |--- Precharge Latency   = 354.313ps
 - Write Latency = 20.753ns
 |--- H-Tree Latency = 10.173ps
 |--- Mat Latency    = 20.743ns
    |--- Predecoder Latency = 178.346ps
    |--- Subarray Latency   = 20.564ns
       |--- Row Decoder Latency = 208.759ps
       |--- Charge Latency      = 60.677ps
 - Read Bandwidth  = 7.585GB/s
 - Write Bandwidth = 778.049MB/s
Power:
 -  Read Dynamic Energy = 30.056pJ
 |--- H-Tree Dynamic Energy = 4.854pJ
 |--- Mat Dynamic Energy    = 12.601pJ per mat
    |--- Predecoder Dynamic Energy = 0.041pJ
    |--- Subarray Dynamic Energy   = 3.140pJ per active subarray
       |--- Row Decoder Dynamic Energy = 0.045pJ
       |--- Mux Decoder Dynamic Energy = 0.474pJ
       |--- Bitline & Cell Read Energy = 0.007pJ
       |--- Senseamp Dynamic Energy    = 2.406pJ
       |--- Mux Dynamic Energy         = 0.022pJ
       |--- Precharge Dynamic Energy   = 0.186pJ
 - Write Dynamic Energy = 93.719pJ
 |--- H-Tree Dynamic Energy = 4.854pJ
 |--- Mat Dynamic Energy    = 44.432pJ per mat
    |--- Predecoder Dynamic Energy = 0.041pJ
    |--- Subarray Dynamic Energy   = 11.098pJ per active subarray
       |--- Row Decoder Dynamic Energy = 0.045pJ
       |--- Mux Decoder Dynamic Energy = 0.474pJ
       |--- Mux Dynamic Energy         = 0.022pJ
 - Leakage Power = 79.921uW
 |--- H-Tree Leakage Power = 0.000pW
 |--- Mat Leakage Power    = 9.990uW per mat

Finished!
