User-defined configuration file (/Users/sudo/CodeProjects/Tufts/EECE0193/Final_Project/EXPERIMENTS/Input/NVSim/ReadLatency/RRAM/256KB/256KB.cfg) is loaded

Memory Cell: RRAM (Memristor)
Cell Area (F^2)    : 4.000 (2.000Fx2.000F)
Cell Aspect Ratio  : 1.000
Cell Turned-On Resistance : 1.000Mohm
Cell Turned-Off Resistance: 10.000Mohm
Read Mode: Current-Sensing
  - Read Voltage: 0.400V
Reset Mode: Voltage
  - Reset Voltage: 2.000V
  - Reset Pulse: 10.000ns
Set Mode: Voltage
  - Set Voltage: 2.000V
  - Set Pulse: 10.000ns
Access Type: None Access Device

====================
DESIGN SPECIFICATION
====================
Design Target: Random Access Memory
Capacity   : 256KB
Data Width : 128Bits (16Bytes)

Searching for the best solution that is optimized for read latency ...

=============
CONFIGURATION
=============
Bank Organization: 4 x 16
 - Row Activation   : 1 / 4
 - Column Activation: 16 / 16
Mat Organization: 2 x 2
 - Row Activation   : 2 / 2
 - Column Activation: 2 / 2
 - Subarray Size    : 256 Rows x 32 Columns
Mux Level:
 - Senseamp Mux      : 16
 - Output Level-1 Mux: 1
 - Output Level-2 Mux: 1
Local Wire:
 - Wire Type : Local Aggressive
 - Repeater Type: No Repeaters
 - Low Swing : No
Global Wire:
 - Wire Type : Global Aggressive
 - Repeater Type: No Repeaters
 - Low Swing : No
Buffer Design Style: Latency-Optimized
=============
   RESULT
=============
Area:
 - Total Area = 407.889um x 223.488um = 91158.558um^2
 |--- Mat Area      = 101.972um x 13.968um = 1424.352um^2   (4.454%)
 |--- Subarray Area = 47.747um x 6.984um = 333.465um^2   (4.756%)
 - Area Efficiency = 4.454%
Timing:
 -  Read Latency = 1.852ns
 |--- H-Tree Latency = 40.542ps
 |--- Mat Latency    = 1.811ns
    |--- Predecoder Latency = 169.800ps
    |--- Subarray Latency   = 1.641ns
       |--- Row Decoder Latency = 94.186ps
       |--- Bitline Latency     = 8.951ps
       |--- Senseamp Latency    = 1.454ns
       |--- Mux Latency         = 30.239ps
       |--- Precharge Latency   = 699.576ps
 - Write Latency = 20.477ns
 |--- H-Tree Latency = 20.271ps
 |--- Mat Latency    = 20.457ns
    |--- Predecoder Latency = 169.800ps
    |--- Subarray Latency   = 20.287ns
       |--- Row Decoder Latency = 94.186ps
       |--- Charge Latency      = 69.314ps
 - Read Bandwidth  = 7.121GB/s
 - Write Bandwidth = 788.690MB/s
Power:
 -  Read Dynamic Energy = 37.553pJ
 |--- H-Tree Dynamic Energy = 11.824pJ
 |--- Mat Dynamic Energy    = 1.608pJ per mat
    |--- Predecoder Dynamic Energy = 0.032pJ
    |--- Subarray Dynamic Energy   = 0.394pJ per active subarray
       |--- Row Decoder Dynamic Energy = 0.003pJ
       |--- Mux Decoder Dynamic Energy = 0.074pJ
       |--- Bitline & Cell Read Energy = 0.001pJ
       |--- Senseamp Dynamic Energy    = 0.301pJ
       |--- Mux Dynamic Energy         = 0.002pJ
       |--- Precharge Dynamic Energy   = 0.013pJ
 - Write Dynamic Energy = 109.267pJ
 |--- H-Tree Dynamic Energy = 11.824pJ
 |--- Mat Dynamic Energy    = 6.090pJ per mat
    |--- Predecoder Dynamic Energy = 0.032pJ
    |--- Subarray Dynamic Energy   = 1.515pJ per active subarray
       |--- Row Decoder Dynamic Energy = 0.003pJ
       |--- Mux Decoder Dynamic Energy = 0.074pJ
       |--- Mux Dynamic Energy         = 0.002pJ
 - Leakage Power = 82.086uW
 |--- H-Tree Leakage Power = 0.000pW
 |--- Mat Leakage Power    = 1.283uW per mat

Finished!
