User-defined configuration file (/Users/sudo/CodeProjects/Tufts/EECE0193/Final_Project/EXPERIMENTS/Input/NVSim/iso_capacity/Area/SRAM/256KB/256KB.cfg) is loaded

Memory Cell: SRAM
Cell Area (F^2)    : 146.000 (14.600Fx10.000F)
Cell Aspect Ratio  : 1.460
SRAM Cell Access Transistor Width: 1.310F
SRAM Cell NMOS Width: 2.080F
SRAM Cell PMOS Width: 1.230F

====================
DESIGN SPECIFICATION
====================
Design Target: Random Access Memory
Capacity   : 256KB
Data Width : 128Bits (16Bytes)

Searching for the best solution that is optimized for area ...

=============
CONFIGURATION
=============
Bank Organization: 1 x 1
 - Row Activation   : 1 / 1
 - Column Activation: 1 / 1
Mat Organization: 2 x 2
 - Row Activation   : 2 / 2
 - Column Activation: 2 / 2
 - Subarray Size    : 256 Rows x 2048 Columns
Mux Level:
 - Senseamp Mux      : 64
 - Output Level-1 Mux: 1
 - Output Level-2 Mux: 1
Local Wire:
 - Wire Type : Local Aggressive
 - Repeater Type: No Repeaters
 - Low Swing : No
Global Wire:
 - Wire Type : Global Aggressive
 - Repeater Type: No Repeaters
 - Low Swing : No
Buffer Design Style: Latency-Optimized
=============
   RESULT
=============
Area:
 - Total Area = 166.824um x 920.269um = 153523.106um^2
 |--- Mat Area      = 166.824um x 920.269um = 153523.106um^2   (96.528%)
 |--- Subarray Area = 83.412um x 455.997um = 38035.646um^2   (97.404%)
 - Area Efficiency = 96.528%
Timing:
 -  Read Latency = 5.288ns
 |--- H-Tree Latency = 0.000ps
 |--- Mat Latency    = 5.288ns
    |--- Predecoder Latency = 280.775ps
    |--- Subarray Latency   = 5.007ns
       |--- Row Decoder Latency = 3.539ns
       |--- Bitline Latency     = 1.316ns
       |--- Senseamp Latency    = 3.988ps
       |--- Mux Latency         = 148.427ps
       |--- Precharge Latency   = 719.085ps
 - Write Latency = 5.288ns
 |--- H-Tree Latency = 0.000ps
 |--- Mat Latency    = 5.288ns
    |--- Predecoder Latency = 280.775ps
    |--- Subarray Latency   = 5.007ns
       |--- Row Decoder Latency = 3.539ns
       |--- Charge Latency      = 277.455ps
 - Read Bandwidth  = 7.315GB/s
 - Write Bandwidth = 3.196GB/s
Power:
 -  Read Dynamic Energy = 41.373pJ
 |--- H-Tree Dynamic Energy = 0.000pJ
 |--- Mat Dynamic Energy    = 41.373pJ per mat
    |--- Predecoder Dynamic Energy = 0.217pJ
    |--- Subarray Dynamic Energy   = 10.289pJ per active subarray
       |--- Row Decoder Dynamic Energy = 0.175pJ
       |--- Mux Decoder Dynamic Energy = 0.418pJ
       |--- Senseamp Dynamic Energy    = 0.012pJ
       |--- Mux Dynamic Energy         = 0.051pJ
       |--- Precharge Dynamic Energy   = 0.776pJ
 - Write Dynamic Energy = 3.347pJ
 |--- H-Tree Dynamic Energy = 0.000pJ
 |--- Mat Dynamic Energy    = 3.347pJ per mat
    |--- Predecoder Dynamic Energy = 0.217pJ
    |--- Subarray Dynamic Energy   = 0.783pJ per active subarray
       |--- Row Decoder Dynamic Energy = 0.175pJ
       |--- Mux Decoder Dynamic Energy = 0.418pJ
       |--- Mux Dynamic Energy         = 0.051pJ
 - Leakage Power = 20.435uW
 |--- H-Tree Leakage Power = 0.000pW
 |--- Mat Leakage Power    = 20.435uW per mat

Finished!
