User-defined configuration file (/h/mrocke01/EECE0193/NVSim/cfg_files/SRAM_cache_128_2.cfg) is loaded

Memory Cell: SRAM
Cell Area (F^2)    : 146.000 (14.600Fx10.000F)
Cell Aspect Ratio  : 1.460
SRAM Cell Access Transistor Width: 1.310F
SRAM Cell NMOS Width: 2.080F
SRAM Cell PMOS Width: 1.230F

====================
DESIGN SPECIFICATION
====================
Design Target: Cache
Capacity   : 128KB
Cache Line Size: 64Bytes
Cache Associativity: 2 Ways

Searching for the best solution that is optimized for read energy-delay-product ...

=======================
CACHE DESIGN -- SUMMARY
=======================
Access Mode: Sequential
Area:
 - Total Area = 0.147mm^2
 |--- Data Array Area = 533.428um x 262.273um = 0.140mm^2
 |--- Tag Array Area  = 100.591um x 69.864um = 0.007mm^2
Timing:
 - Cache Hit Latency   = 0.600ns
 - Cache Miss Latency  = 0.395ns
 - Cache Write Latency = 0.335ns
Power:
 - Cache Hit Dynamic Energy   = 0.057nJ per access
 - Cache Miss Dynamic Energy  = 0.001nJ per access
 - Cache Write Dynamic Energy = 0.056nJ per access
 - Cache Total Leakage Power  = 0.020mW
 |--- Cache Data Array Leakage Power = 0.019mW
 |--- Cache Tag Array Leakage Power  = 0.001mW

CACHE DATA ARRAY
=============
CONFIGURATION
=============
Bank Organization: 64 x 128
 - Row Activation   : 1 / 64
 - Column Activation: 128 / 128
Mat Organization: 2 x 2
 - Row Activation   : 2 / 2
 - Column Activation: 2 / 2
 - Subarray Size    : 8 Rows x 4 Columns
Mux Level:
 - Senseamp Mux      : 4
 - Output Level-1 Mux: 1
 - Output Level-2 Mux: 1
 - One set is partitioned into 1 rows
Local Wire:
 - Wire Type : Local Aggressive
 - Repeater Type: No Repeaters
 - Low Swing : No
Global Wire:
 - Wire Type : Global Aggressive
 - Repeater Type: No Repeaters
 - Low Swing : No
Buffer Design Style: Latency-Optimized
=============
   RESULT
=============
Area:
 - Total Area = 533.428um x 262.273um = 139903.370um^2
 |--- Mat Area      = 8.335um x 2.049um = 17.078um^2   (52.963%)
 |--- Subarray Area = 3.465um x 1.025um = 3.550um^2   (63.699%)
 - Area Efficiency = 52.963%
Timing:
 -  Read Latency = 204.995ps
 |--- H-Tree Latency = 63.911ps
 |--- Mat Latency    = 141.084ps
    |--- Predecoder Latency = 57.888ps
    |--- Subarray Latency   = 83.197ps
       |--- Row Decoder Latency = 24.913ps
       |--- Bitline Latency     = 30.865ps
       |--- Senseamp Latency    = 3.988ps
       |--- Mux Latency         = 23.431ps
       |--- Precharge Latency   = 28.445ps
 - Write Latency = 173.040ps
 |--- H-Tree Latency = 31.955ps
 |--- Mat Latency    = 141.084ps
    |--- Predecoder Latency = 57.888ps
    |--- Subarray Latency   = 83.197ps
       |--- Row Decoder Latency = 24.913ps
       |--- Charge Latency      = 7.427ps
 - Read Bandwidth  = 737.935GB/s
 - Write Bandwidth = 769.261GB/s
Power:
 -  Read Dynamic Energy = 56.536pJ
 |--- H-Tree Dynamic Energy = 54.236pJ
 |--- Mat Dynamic Energy    = 0.018pJ per mat
    |--- Predecoder Dynamic Energy = 0.001pJ
    |--- Subarray Dynamic Energy   = 0.004pJ per active subarray
       |--- Row Decoder Dynamic Energy = 0.000pJ
       |--- Mux Decoder Dynamic Energy = 0.001pJ
       |--- Senseamp Dynamic Energy    = 0.000pJ
       |--- Mux Dynamic Energy         = 0.000pJ
       |--- Precharge Dynamic Energy   = 0.002pJ
 - Write Dynamic Energy = 55.312pJ
 |--- H-Tree Dynamic Energy = 54.236pJ
 |--- Mat Dynamic Energy    = 0.008pJ per mat
    |--- Predecoder Dynamic Energy = 0.001pJ
    |--- Subarray Dynamic Energy   = 0.002pJ per active subarray
       |--- Row Decoder Dynamic Energy = 0.000pJ
       |--- Mux Decoder Dynamic Energy = 0.001pJ
       |--- Mux Dynamic Energy         = 0.000pJ
 - Leakage Power = 19.479uW
 |--- H-Tree Leakage Power = 0.000pW
 |--- Mat Leakage Power    = 2.378nW per mat

CACHE TAG ARRAY
=============
CONFIGURATION
=============
Bank Organization: 4 x 1
 - Row Activation   : 1 / 4
 - Column Activation: 1 / 1
Mat Organization: 2 x 2
 - Row Activation   : 1 / 2
 - Column Activation: 1 / 2
 - Subarray Size    : 32 Rows x 136 Columns
Mux Level:
 - Senseamp Mux      : 1
 - Output Level-1 Mux: 1
 - Output Level-2 Mux: 2
 - One set is partitioned into 1 rows
Local Wire:
 - Wire Type : Local Aggressive
 - Repeater Type: No Repeaters
 - Low Swing : No
Global Wire:
 - Wire Type : Global Aggressive
 - Repeater Type: No Repeaters
 - Low Swing : No
Buffer Design Style: Latency-Optimized
=============
   RESULT
=============
Area:
 - Total Area = 100.591um x 69.864um = 7027.713um^2
 |--- Mat Area      = 25.148um x 69.864um = 1756.928um^2   (70.015%)
 |--- Subarray Area = 12.467um x 33.235um = 414.355um^2   (74.219%)
 - Area Efficiency = 70.015%
Timing:
 -  Read Latency = 395.259ps
 |--- H-Tree Latency = 1.083ps
 |--- Mat Latency    = 394.175ps
    |--- Predecoder Latency = 119.574ps
    |--- Subarray Latency   = 214.627ps
       |--- Row Decoder Latency = 148.396ps
       |--- Bitline Latency     = 58.305ps
       |--- Senseamp Latency    = 3.759ps
       |--- Mux Latency         = 4.167ps
       |--- Precharge Latency   = 90.337ps
    |--- Comparator Latency  = 59.975ps
 - Write Latency = 334.742ps
 |--- H-Tree Latency = 0.542ps
 |--- Mat Latency    = 334.201ps
    |--- Predecoder Latency = 119.574ps
    |--- Subarray Latency   = 214.627ps
       |--- Row Decoder Latency = 148.396ps
       |--- Charge Latency      = 28.540ps
 - Read Bandwidth  = 27.145GB/s
 - Write Bandwidth = 19.802GB/s
Power:
 -  Read Dynamic Energy = 0.633pJ
 |--- H-Tree Dynamic Energy = 0.318pJ
 |--- Mat Dynamic Energy    = 0.315pJ per mat
    |--- Predecoder Dynamic Energy = 0.079pJ
    |--- Subarray Dynamic Energy   = 0.236pJ per active subarray
       |--- Row Decoder Dynamic Energy = 0.016pJ
       |--- Mux Decoder Dynamic Energy = 0.039pJ
       |--- Senseamp Dynamic Energy    = 0.047pJ
       |--- Mux Dynamic Energy         = 0.003pJ
       |--- Precharge Dynamic Energy   = 0.057pJ
 - Write Dynamic Energy = 0.492pJ
 |--- H-Tree Dynamic Energy = 0.318pJ
 |--- Mat Dynamic Energy    = 0.174pJ per mat
    |--- Predecoder Dynamic Energy = 0.079pJ
    |--- Subarray Dynamic Energy   = 0.095pJ per active subarray
       |--- Row Decoder Dynamic Energy = 0.016pJ
       |--- Mux Decoder Dynamic Energy = 0.039pJ
       |--- Mux Dynamic Energy         = 0.003pJ
 - Leakage Power = 910.281nW
 |--- H-Tree Leakage Power = 0.000pW
 |--- Mat Leakage Power    = 227.570nW per mat

Finished!
