User-defined configuration file (/Users/sudo/CodeProjects/Tufts/EECE0193/Final_Project/EXPERIMENTS/Input/Destiny/LeakagePower/RRAM_MLC/512KB/512KB.cfg) is loaded

====================
DESIGN SPECIFICATION
====================
Design Target: Random Access Memory
Capacity   : 1024KB
Data Width : 256Bits (32Bytes)

Searching for the best solution that is optimized for leakage power ...
Using cell file: ./cell_defs/RRAM_MLC.cell
numSolutions = 5499 / numDesigns = 43740

=============
   SUMMARY   
=============
Optimized for: Leakage
Memory Cell: RRAM (Memristor)
Cell Area (F^2)    : 20 (4.47214Fx4.47214F)
Cell Aspect Ratio  : 1
Cell Turned-On Resistance : 1Mohm
Cell Turned-Off Resistance: 10Mohm
Read Mode: Current-Sensing
  - Read Voltage: 0.3V
Reset Mode: Voltage
  - Reset Voltage: 2.5V
  - Reset Pulse: 5ns
Set Mode: Current
  - Set Current: 25uA
  - Set Pulse: 5ns
Access Type: CMOS

=============
CONFIGURATION
=============
Bank Organization: 8 x 1
 - Row Activation   : 1 / 8
 - Column Activation: 1 / 1
Mat Organization: 2 x 2
 - Row Activation   : 2 / 2
 - Column Activation: 2 / 2
 - Subarray Size    : 64 Rows x 2048 Columns
Mux Level:
 - Senseamp Mux      : 64
 - Output Level-1 Mux: 1
 - Output Level-2 Mux: 1
Local Wire:
 - Wire Type : Local Aggressive
 - Repeater Type: No Repeaters
 - Low Swing : No
Global Wire:
 - Wire Type : Global Aggressive
 - Repeater Type: No Repeaters
 - Low Swing : No
Buffer Design Style: Latency-Optimized
=============
   RESULT
=============
Area:
 - Total Area = 181.573um x 444.074um = 80631.7um^2
 |--- Mat Area      = 22.6966um x 444.074um = 10079um^2   (50.3535%)
 |--- Subarray Area = 11.3483um x 219.246um = 2488.06um^2   (50.9946%)
 - Area Efficiency = 50.3535%
Timing:
 -  Read Latency = 176.541ps
 |--- H-Tree Latency = 3.70642ps
 |--- Mat Latency    = 172.834ps
    |--- Predecoder Latency = 172.834ps
    |--- Subarray Latency   = 0ps
       |--- Row Decoder Latency = 2.07019ns
       |--- Bitline Latency     = 1.54485ps,0ps,0ps
       |--- Senseamp Latency    = 1.45399ns
       |--- Mux Latency         = 148.427ps
       |--- Precharge Latency   = 124.176ps
       |--- Read Pulse   = 2ns
 - Write Total Latency = 174.687ps
 - RESET Latency = 174.687ps
 |--- H-Tree Latency = 1.85321ps
 |--- Mat Latency    = 172.834ps
    |--- Predecoder Latency = 172.834ps
    |--- Subarray Latency   = 0ps
       |--- RESET Pulse Duration = 5ns
       |--- Row Decoder Latency  = 2.07019ns
       |--- Charge Latency   = 37.7296ps
 - SET Latency   = 174.687ps
 |--- H-Tree Latency = 1.85321ps
 |--- Mat Latency    = 172.834ps
    |--- Predecoder Latency = 172.834ps
    |--- Subarray Latency   = 0ps
       |--- SET Pulse Duration   = 5ns
       |--- Row Decoder Latency  = 2.07019ns
       |--- Charger Latency      = 37.7296ps
 - Read Bandwidth  = -8.22195e+09B/s
 - Write Bandwidth = infTB/s
Power:
 -  Read Dynamic Energy = 26.681pJ
 |--- H-Tree Dynamic Energy = 2.11726pJ
 |--- Mat Dynamic Energy    = 24.5637pJ per mat
    |--- Predecoder Dynamic Energy = 0.104828pJ
    |--- Subarray Dynamic Energy   = 6.11473pJ per active subarray
       |--- Row Decoder Dynamic Energy = 0.115043pJ
       |--- Mux Decoder Dynamic Energy = 0.405443pJ
       |--- Bitline & Cell Read Energy = 0pJ
       |--- Senseamp Dynamic Energy    = 4.81163pJ
       |--- Mux Dynamic Energy         = 0.0506439pJ
       |--- Precharge Dynamic Energy   = 0.731871pJ
 - Write Dynamic Energy = 4.50661pJ
 - RESET Dynamic Energy = 4.04643pJ
 |--- H-Tree Dynamic Energy = 2.11726pJ
 |--- Mat Dynamic Energy    = 1.92917pJ per mat
    |--- Predecoder Dynamic Energy = 0.104828pJ
    |--- Subarray Dynamic Energy   = 0.57113pJ per active subarray
       |--- Row Decoder Dynamic Energy = 0.115043pJ
       |--- Mux Decoder Dynamic Energy = 0.405443pJ
       |--- Mux Dynamic Energy         = 0.0506439pJ
       |--- Cell RESET Dynamic Energy  = 0pJ  0pJ
       |--- Single Cell RESET Energy  = 0.029375pJ  -0pJ
 - SET Dynamic Energy = 4.04643pJ
 |--- H-Tree Dynamic Energy = 2.11726pJ
 |--- Mat Dynamic Energy    = 1.92917pJ per mat
    |--- Predecoder Dynamic Energy = 0.104828pJ
    |--- Subarray Dynamic Energy   = 0.57113pJ per active subarray
       |--- Row Decoder Dynamic Energy = 0.115043pJ
       |--- Mux Decoder Dynamic Energy = 0.405443pJ
       |--- Mux Dynamic Energy         = 0.0506439pJ
       |--- Cell SET Dynamic Energy    = 0pJ  0pJ  0.57113pJ
       |--- Single Cell SET Energy  = 0.1pJ  0pJ
 - Leakage Power = 157.497uW
 |--- H-Tree Leakage Power     = 0pW
 |--- Mat Leakage Power        = 19.6871uW per mat

Finished!
