User-defined configuration file (/Users/sudo/CodeProjects/Tufts/EECE0193/Final_Project/EXPERIMENTS/Input/Destiny/iso_area/Area/SRAM/128KB/128KB.cfg) is loaded

====================
DESIGN SPECIFICATION
====================
Design Target: Random Access Memory
Capacity   : 128KB
Data Width : 128Bits (16Bytes)

Searching for the best solution that is optimized for area ...
Using cell file: ./cell_defs/SRAM.cell
numSolutions = 11900 / numDesigns = 218700

=============
   SUMMARY   
=============
Optimized for: Area
Memory Cell: SRAM
Cell Area (F^2)    : 146 (14.6Fx10F)
Cell Aspect Ratio  : 1.46
SRAM Cell Access Transistor Width: 1.31F
SRAM Cell NMOS Width: 2.08F
SRAM Cell PMOS Width: 1.23F

=============
CONFIGURATION
=============
Bank Organization: 128 x 32 x 16
 - Row Activation   : 1 / 128 x 1
 - Column Activation: 32 / 32 x 1
Mat Organization: 2 x 2
 - Row Activation   : 2 / 2
 - Column Activation: 2 / 2
 - Subarray Size    : 1 Rows x 4 Columns
Mux Level:
 - Senseamp Mux      : 4
 - Output Level-1 Mux: 1
 - Output Level-2 Mux: 1
Local Wire:
 - Wire Type : Local Aggressive
 - Repeater Type: No Repeaters
 - Low Swing : No
Global Wire:
 - Wire Type : Global Aggressive
 - Repeater Type: No Repeaters
 - Low Swing : No
Buffer Design Style: Latency-Optimized
=============
   RESULT
=============
Area:
 - Total Area = 389.35um x 65.5681um = 59630um^2
 |--- Mat Area      = 3.0418um x 2.049um = 6.23266um^2   (290.245%)
 |--- Subarray Area = 1.21658um x 1.0245um = 1.24638um^2   (362.849%)
 |--- TSV Area      = 81um^2
 - Area Efficiency = 124.261%
Timing:
 -  Read Latency = 98.1717ps
 |--- TSV Latency    = 0.171162ps
 |--- H-Tree Latency = 19.2741ps
 |--- Mat Latency    = 78.7264ps
    |--- Predecoder Latency = 18.9293ps
    |--- Subarray Latency   = 59.7971ps
       |--- Row Decoder Latency = 14.2208ps
       |--- Bitline Latency     = 18.1579ps,1.50272e+10s,1.34239e+10s
       |--- Senseamp Latency    = 3.9879ps
       |--- Mux Latency         = 23.4305ps
       |--- Precharge Latency   = 8.96133ps
       |--- Read Pulse   = 0ps
 - Write Latency = 88.449ps
 |--- TSV Latency    = 0.0855811ps
 |--- H-Tree Latency = 9.63703ps
 |--- Mat Latency    = 78.7264ps
    |--- Predecoder Latency = 18.9293ps
    |--- Subarray Latency   = 59.7971ps
       |--- Row Decoder Latency = 14.2208ps
       |--- Charge Latency      = 1.47114ps
 - Read Bandwidth  = 293.375GB/s
 - Write Bandwidth = 267.572GB/s
Power:
 -  Read Dynamic Energy = 238.256pJ
 |--- TSV Dynamic Energy    = 231.121pJ
 |--- H-Tree Dynamic Energy = 6.66103pJ
 |--- Mat Dynamic Energy    = 0.0148344pJ per mat
    |--- Predecoder Dynamic Energy = 0.000203145pJ
    |--- Subarray Dynamic Energy   = 0.0036578pJ per active subarray
       |--- Row Decoder Dynamic Energy = 0.000389812pJ
       |--- Mux Decoder Dynamic Energy = 0.000945582pJ
       |--- Senseamp Dynamic Energy    = 0.000363496pJ
       |--- Mux Dynamic Energy         = 0.000249832pJ
       |--- Precharge Dynamic Energy   = 0.00157213pJ
 - Write Dynamic Energy = 237.995pJ
 |--- TSV Dynamic Energy    = 231.121pJ
 |--- H-Tree Dynamic Energy = 6.66103pJ
 |--- Mat Dynamic Energy    = 0.006681pJ per mat
    |--- Predecoder Dynamic Energy = 0.000203145pJ
    |--- Subarray Dynamic Energy   = 0.00161946pJ per active subarray
       |--- Row Decoder Dynamic Energy = 0.000389812pJ
       |--- Mux Decoder Dynamic Energy = 0.000945582pJ
       |--- Mux Dynamic Energy         = 0.000249832pJ
 - Leakage Power = 53.961uW
 |--- TSV Leakage              = 0pW
 |--- H-Tree Leakage Power     = 0pW
 |--- Mat Leakage Power        = 823.38pW per mat

Finished!
