User-defined configuration file (/Users/sudo/CodeProjects/Tufts/EECE0193/Final_Project/EXPERIMENTS/Input/Destiny/ReadDynamicEnergy/STTRAM/512KB/512KB.cfg) is loaded

====================
DESIGN SPECIFICATION
====================
Design Target: Random Access Memory
Capacity   : 512KB
Data Width : 128Bits (16Bytes)

Searching for the best solution that is optimized for read energy ...
Using cell file: ./cell_defs/STTRAM.cell
numSolutions = 24442 / numDesigns = 218700

=============
   SUMMARY   
=============
Optimized for: Read Energy
Memory Cell: MRAM (Magnetoresistive)
Cell Area (F^2)    : 54 (5.4Fx10F)
Cell Aspect Ratio  : 0.54
Cell Turned-On Resistance : 3Kohm
Cell Turned-Off Resistance: 6Kohm
Read Mode: Current-Sensing
  - Read Voltage: 0.25V
Reset Mode: Current
  - Reset Current: 80uA
  - Reset Pulse: 10ns
Set Mode: Current
  - Set Current: 80uA
  - Set Pulse: 10ns
Access Type: CMOS

=============
CONFIGURATION
=============
Bank Organization: 512 x 8
 - Row Activation   : 1 / 512
 - Column Activation: 8 / 8
Mat Organization: 2 x 2
 - Row Activation   : 2 / 2
 - Column Activation: 2 / 2
 - Subarray Size    : 1 Rows x 256 Columns
Mux Level:
 - Senseamp Mux      : 64
 - Output Level-1 Mux: 1
 - Output Level-2 Mux: 1
Local Wire:
 - Wire Type : Local Aggressive
 - Repeater Type: No Repeaters
 - Low Swing : No
Global Wire:
 - Wire Type : Global Aggressive
 - Repeater Type: No Repeaters
 - Low Swing : No
Buffer Design Style: Latency-Optimized
=============
   RESULT
=============
Area:
 - Total Area = 3.79336mm x 1.12048mm = 4.25038mm^2
 |--- Mat Area      = 7.40891um x 140.06um = 1037.69um^2   (2.57912%)
 |--- Subarray Area = 3.70446um x 69.3163um = 256.779um^2   (2.60567%)
 - Area Efficiency = 2.57912%
Timing:
 -  Read Latency = 3.99365ns
 |--- H-Tree Latency = 2.20796ns
 |--- Mat Latency    = 1.78569ns
    |--- Predecoder Latency = 21.944ps
    |--- Subarray Latency   = 1.76374ns
       |--- Row Decoder Latency = 243.317ps
       |--- Bitline Latency     = 0.000227574ps,3.08888e+10s,6.05082e+10s
       |--- Senseamp Latency    = 1.456ns
       |--- Mux Latency         = 64.4226ps
       |--- Precharge Latency   = 8.93604ps
       |--- Read Pulse   = 0ps
 - Write Total Latency = 11.3692ns
 - RESET Latency = 11.3692ns
 |--- H-Tree Latency = 1.10398ns
 |--- Mat Latency    = 10.2653ns
    |--- Predecoder Latency = 21.944ps
    |--- Subarray Latency   = 10.2433ns
       |--- RESET Pulse Duration = 10ns
       |--- Row Decoder Latency  = 243.317ps
       |--- Charge Latency   = 0.347173ps
 - SET Latency   = 11.3692ns
 |--- H-Tree Latency = 1.10398ns
 |--- Mat Latency    = 10.2653ns
    |--- Predecoder Latency = 21.944ps
    |--- Subarray Latency   = 10.2433ns
       |--- SET Pulse Duration   = 10ns
       |--- Row Decoder Latency  = 243.317ps
       |--- Charger Latency      = 0.347173ps
 - Read Bandwidth  = 10.4619GB/s
 - Write Bandwidth = 1.56199GB/s
Power:
 -  Read Dynamic Energy = 117.282pJ
 |--- H-Tree Dynamic Energy = 77.1466pJ
 |--- Mat Dynamic Energy    = 5.01699pJ per mat
    |--- Predecoder Dynamic Energy = 0.000471738pJ
    |--- Subarray Dynamic Energy   = 1.25413pJ per active subarray
       |--- Row Decoder Dynamic Energy = 0.0526722pJ
       |--- Mux Decoder Dynamic Energy = 0.116544pJ
       |--- Bitline & Cell Read Energy = 0.349441pJ
       |--- Senseamp Dynamic Energy    = 0.601454pJ
       |--- Mux Dynamic Energy         = 0.0305296pJ
       |--- Precharge Dynamic Energy   = 0.103456pJ
 - Write Dynamic Energy = 211.588pJ
 - RESET Dynamic Energy = 209.902pJ
 |--- H-Tree Dynamic Energy = 77.1466pJ
 |--- Mat Dynamic Energy    = 16.5944pJ per mat
    |--- Predecoder Dynamic Energy = 0.000471738pJ
    |--- Subarray Dynamic Energy   = 4.20116pJ per active subarray
       |--- Row Decoder Dynamic Energy = 0.0526722pJ
       |--- Mux Decoder Dynamic Energy = 0.116544pJ
       |--- Mux Dynamic Energy         = 0.0305296pJ
       |--- Cell RESET Dynamic Energy  = 4.00142pJ  0pJ
       |--- Single Cell RESET Energy  = 1pJ  0pJ
 - SET Dynamic Energy = 209.902pJ
 |--- H-Tree Dynamic Energy = 77.1466pJ
 |--- Mat Dynamic Energy    = 16.5944pJ per mat
    |--- Predecoder Dynamic Energy = 0.000471738pJ
    |--- Subarray Dynamic Energy   = 4.20116pJ per active subarray
       |--- Row Decoder Dynamic Energy = 0.0526722pJ
       |--- Mux Decoder Dynamic Energy = 0.116544pJ
       |--- Mux Dynamic Energy         = 0.0305296pJ
       |--- Cell SET Dynamic Energy    = 4.00142pJ  0pJ  4.20116pJ
       |--- Single Cell SET Energy  = 1pJ  0pJ
 - Leakage Power = 10.4565mW
 |--- H-Tree Leakage Power     = 0pW
 |--- Mat Leakage Power        = 2.55285uW per mat

Finished!
