User-defined configuration file (/Users/sudo/CodeProjects/Tufts/EECE0193/Final_Project/EXPERIMENTS/Input/NVSim/iso_capacity/Area/SRAM/16KB/16KB.cfg) is loaded

Memory Cell: SRAM
Cell Area (F^2)    : 146.000 (14.600Fx10.000F)
Cell Aspect Ratio  : 1.460
SRAM Cell Access Transistor Width: 1.310F
SRAM Cell NMOS Width: 2.080F
SRAM Cell PMOS Width: 1.230F

====================
DESIGN SPECIFICATION
====================
Design Target: Random Access Memory
Capacity   : 16KB
Data Width : 128Bits (16Bytes)

Searching for the best solution that is optimized for area ...

=============
CONFIGURATION
=============
Bank Organization: 1 x 1
 - Row Activation   : 1 / 1
 - Column Activation: 1 / 1
Mat Organization: 2 x 2
 - Row Activation   : 2 / 2
 - Column Activation: 2 / 2
 - Subarray Size    : 64 Rows x 512 Columns
Mux Level:
 - Senseamp Mux      : 16
 - Output Level-1 Mux: 1
 - Output Level-2 Mux: 1
Local Wire:
 - Wire Type : Local Aggressive
 - Repeater Type: No Repeaters
 - Low Swing : No
Global Wire:
 - Wire Type : Global Aggressive
 - Repeater Type: No Repeaters
 - Low Swing : No
Buffer Design Style: Latency-Optimized
=============
   RESULT
=============
Area:
 - Total Area = 43.597um x 240.884um = 10501.780um^2
 |--- Mat Area      = 43.597um x 240.884um = 10501.780um^2   (88.195%)
 |--- Subarray Area = 21.798um x 118.077um = 2573.886um^2   (89.962%)
 - Area Efficiency = 88.195%
Timing:
 -  Read Latency = 782.972ps
 |--- H-Tree Latency = 0.000ps
 |--- Mat Latency    = 782.972ps
    |--- Predecoder Latency = 150.731ps
    |--- Subarray Latency   = 632.240ps
       |--- Row Decoder Latency = 382.302ps
       |--- Bitline Latency     = 197.521ps
       |--- Senseamp Latency    = 3.988ps
       |--- Mux Latency         = 48.430ps
       |--- Precharge Latency   = 175.485ps
 - Write Latency = 782.972ps
 |--- H-Tree Latency = 0.000ps
 |--- Mat Latency    = 782.972ps
    |--- Predecoder Latency = 150.731ps
    |--- Subarray Latency   = 632.240ps
       |--- Row Decoder Latency = 382.302ps
       |--- Charge Latency      = 58.363ps
 - Read Bandwidth  = 37.610GB/s
 - Write Bandwidth = 25.307GB/s
Power:
 -  Read Dynamic Energy = 3.917pJ
 |--- H-Tree Dynamic Energy = 0.000pJ
 |--- Mat Dynamic Energy    = 3.917pJ per mat
    |--- Predecoder Dynamic Energy = 0.067pJ
    |--- Subarray Dynamic Energy   = 0.962pJ per active subarray
       |--- Row Decoder Dynamic Energy = 0.052pJ
       |--- Mux Decoder Dynamic Energy = 0.120pJ
       |--- Senseamp Dynamic Energy    = 0.012pJ
       |--- Mux Dynamic Energy         = 0.017pJ
       |--- Precharge Dynamic Energy   = 0.202pJ
 - Write Dynamic Energy = 0.961pJ
 |--- H-Tree Dynamic Energy = 0.000pJ
 |--- Mat Dynamic Energy    = 0.961pJ per mat
    |--- Predecoder Dynamic Energy = 0.067pJ
    |--- Subarray Dynamic Energy   = 0.224pJ per active subarray
       |--- Row Decoder Dynamic Energy = 0.052pJ
       |--- Mux Decoder Dynamic Energy = 0.120pJ
       |--- Mux Dynamic Energy         = 0.017pJ
 - Leakage Power = 1.463uW
 |--- H-Tree Leakage Power = 0.000pW
 |--- Mat Leakage Power    = 1.463uW per mat

Finished!
