User-defined configuration file (/Users/sudo/CodeProjects/Tufts/EECE0193/Final_Project/EXPERIMENTS/Input/NVSim/iso_capacity/WriteDynamicEnergy/SRAM/1024KB/1024KB.cfg) is loaded

Memory Cell: SRAM
Cell Area (F^2)    : 146.000 (14.600Fx10.000F)
Cell Aspect Ratio  : 1.460
SRAM Cell Access Transistor Width: 1.310F
SRAM Cell NMOS Width: 2.080F
SRAM Cell PMOS Width: 1.230F

====================
DESIGN SPECIFICATION
====================
Design Target: Random Access Memory
Capacity   : 1MB
Data Width : 128Bits (16Bytes)

Searching for the best solution that is optimized for write energy ...

=============
CONFIGURATION
=============
Bank Organization: 1 x 1
 - Row Activation   : 1 / 1
 - Column Activation: 1 / 1
Mat Organization: 2 x 2
 - Row Activation   : 2 / 2
 - Column Activation: 2 / 2
 - Subarray Size    : 1024 Rows x 2048 Columns
Mux Level:
 - Senseamp Mux      : 1
 - Output Level-1 Mux: 1
 - Output Level-2 Mux: 64
Local Wire:
 - Wire Type : Local Aggressive
 - Repeater Type: No Repeaters
 - Low Swing : No
Global Wire:
 - Wire Type : Global Aggressive
 - Repeater Type: No Repeaters
 - Low Swing : No
Buffer Design Style: Latency-Optimized
=============
   RESULT
=============
Area:
 - Total Area = 662.196um x 923.813um = 611744.682um^2
 |--- Mat Area      = 662.196um x 923.813um = 611744.682um^2   (96.899%)
 |--- Subarray Area = 331.098um x 455.997um = 150979.508um^2   (98.154%)
 - Area Efficiency = 96.899%
Timing:
 -  Read Latency = 6.678ns
 |--- H-Tree Latency = 0.000ps
 |--- Mat Latency    = 6.678ns
    |--- Predecoder Latency = 345.469ps
    |--- Subarray Latency   = 6.332ns
       |--- Row Decoder Latency = 3.546ns
       |--- Bitline Latency     = 2.649ns
       |--- Senseamp Latency    = 3.759ps
       |--- Mux Latency         = 133.329ps
       |--- Precharge Latency   = 3.551ns
 - Write Latency = 6.678ns
 |--- H-Tree Latency = 0.000ps
 |--- Mat Latency    = 6.678ns
    |--- Predecoder Latency = 345.469ps
    |--- Subarray Latency   = 6.332ns
       |--- Row Decoder Latency = 3.546ns
       |--- Charge Latency      = 1.842ns
 - Read Bandwidth  = 2.525GB/s
 - Write Bandwidth = 2.527GB/s
Power:
 -  Read Dynamic Energy = 149.952pJ
 |--- H-Tree Dynamic Energy = 0.000pJ
 |--- Mat Dynamic Energy    = 149.952pJ per mat
    |--- Predecoder Dynamic Energy = 0.308pJ
    |--- Subarray Dynamic Energy   = 37.411pJ per active subarray
       |--- Row Decoder Dynamic Energy = 0.175pJ
       |--- Mux Decoder Dynamic Energy = 0.418pJ
       |--- Senseamp Dynamic Energy    = 0.702pJ
       |--- Mux Dynamic Energy         = 0.045pJ
       |--- Precharge Dynamic Energy   = 0.776pJ
 - Write Dynamic Energy = 5.070pJ
 |--- H-Tree Dynamic Energy = 0.000pJ
 |--- Mat Dynamic Energy    = 5.070pJ per mat
    |--- Predecoder Dynamic Energy = 0.308pJ
    |--- Subarray Dynamic Energy   = 1.191pJ per active subarray
       |--- Row Decoder Dynamic Energy = 0.175pJ
       |--- Mux Decoder Dynamic Energy = 0.418pJ
       |--- Mux Dynamic Energy         = 0.045pJ
 - Leakage Power = 80.828uW
 |--- H-Tree Leakage Power = 0.000pW
 |--- Mat Leakage Power    = 80.828uW per mat

Finished!
