User-defined configuration file (/Users/sudo/CodeProjects/Tufts/EECE0193/Final_Project/EXPERIMENTS/Input/NVSim/iso_capacity/ReadDynamicEnergy/STTRAM/16KB/16KB.cfg) is loaded

Memory Cell: MRAM (Magnetoresistive)
Cell Area (F^2)    : 54.000 (5.400Fx10.000F)
Cell Aspect Ratio  : 0.540
Cell Turned-On Resistance : 3.000Kohm
Cell Turned-Off Resistance: 6.000Kohm
Read Mode: Current-Sensing
  - Read Voltage: 0.250V
Reset Mode: Current
  - Reset Current: 80.000uA
  - Reset Pulse: 10.000ns
Set Mode: Current
  - Set Current: 80.000uA
  - Set Pulse: 10.000ns
Access Type: CMOS

====================
DESIGN SPECIFICATION
====================
Design Target: Random Access Memory
Capacity   : 16KB
Data Width : 128Bits (16Bytes)

Searching for the best solution that is optimized for read energy ...

=============
CONFIGURATION
=============
Bank Organization: 1 x 1
 - Row Activation   : 1 / 1
 - Column Activation: 1 / 1
Mat Organization: 2 x 2
 - Row Activation   : 2 / 2
 - Column Activation: 2 / 2
 - Subarray Size    : 512 Rows x 64 Columns
Mux Level:
 - Senseamp Mux      : 2
 - Output Level-1 Mux: 1
 - Output Level-2 Mux: 1
Local Wire:
 - Wire Type : Local Aggressive
 - Repeater Type: No Repeaters
 - Low Swing : No
Global Wire:
 - Wire Type : Global Aggressive
 - Repeater Type: No Repeaters
 - Low Swing : No
Buffer Design Style: Latency-Optimized
=============
   RESULT
=============
Area:
 - Total Area = 245.480um x 45.190um = 11093.172um^2
 |--- Mat Area      = 245.480um x 45.190um = 11093.172um^2   (30.881%)
 |--- Subarray Area = 118.279um x 22.595um = 2672.483um^2   (32.046%)
 - Area Efficiency = 30.881%
Timing:
 -  Read Latency = 1.865ns
 |--- H-Tree Latency = 0.000ps
 |--- Mat Latency    = 1.865ns
    |--- Predecoder Latency = 210.994ps
    |--- Subarray Latency   = 1.654ns
       |--- Row Decoder Latency = 142.653ps
       |--- Bitline Latency     = 51.586ps
       |--- Senseamp Latency    = 1.456ns
       |--- Mux Latency         = 3.330ps
       |--- Precharge Latency   = 910.602ps
 - Write Latency = 10.400ns
 |--- H-Tree Latency = 0.000ps
 |--- Mat Latency    = 10.400ns
    |--- Predecoder Latency = 210.994ps
    |--- Subarray Latency   = 10.189ns
       |--- Write Pulse Duration = 10.000ns
       |--- Row Decoder Latency = 142.653ps
       |--- Charge Latency      = 85.567ps
 - Read Bandwidth  = 6.607GB/s
 - Write Bandwidth = 1.570GB/s
Power:
 -  Read Dynamic Energy = 30.881pJ
 |--- H-Tree Dynamic Energy = 0.000pJ
 |--- Mat Dynamic Energy    = 30.881pJ per mat
    |--- Predecoder Dynamic Energy = 0.070pJ
    |--- Subarray Dynamic Energy   = 7.703pJ per active subarray
       |--- Row Decoder Dynamic Energy = 0.016pJ
       |--- Mux Decoder Dynamic Energy = 0.035pJ
       |--- Bitline & Cell Read Energy = 2.796pJ
       |--- Senseamp Dynamic Energy    = 4.812pJ
       |--- Mux Dynamic Energy         = 0.013pJ
       |--- Precharge Dynamic Energy   = 0.028pJ
 - Write Dynamic Energy = 131.272pJ
 |--- H-Tree Dynamic Energy = 0.000pJ
 |--- Mat Dynamic Energy    = 131.272pJ per mat
    |--- Predecoder Dynamic Energy = 0.070pJ
    |--- Subarray Dynamic Energy   = 32.801pJ per active subarray
       |--- Row Decoder Dynamic Energy = 0.016pJ
       |--- Mux Decoder Dynamic Energy = 0.035pJ
       |--- Mux Dynamic Energy         = 0.013pJ
       |--- Bitline & Cell Write Energy= 32.737pJ
 - Leakage Power = 19.892uW
 |--- H-Tree Leakage Power = 0.000pW
 |--- Mat Leakage Power    = 19.892uW per mat

Finished!
