User-defined configuration file (/Users/sudo/CodeProjects/Tufts/EECE0193/Final_Project/EXPERIMENTS/Input/Destiny/LeakagePower/STTRAM/32KB/32KB.cfg) is loaded

====================
DESIGN SPECIFICATION
====================
Design Target: Random Access Memory
Capacity   : 32KB
Data Width : 128Bits (16Bytes)

Searching for the best solution that is optimized for leakage power ...
Using cell file: ./cell_defs/STTRAM.cell
numSolutions = 11315 / numDesigns = 218700

=============
   SUMMARY   
=============
Optimized for: Leakage
Memory Cell: MRAM (Magnetoresistive)
Cell Area (F^2)    : 54 (5.4Fx10F)
Cell Aspect Ratio  : 0.54
Cell Turned-On Resistance : 3Kohm
Cell Turned-Off Resistance: 6Kohm
Read Mode: Current-Sensing
  - Read Voltage: 0.25V
Reset Mode: Current
  - Reset Current: 80uA
  - Reset Pulse: 10ns
Set Mode: Current
  - Set Current: 80uA
  - Set Pulse: 10ns
Access Type: CMOS

=============
CONFIGURATION
=============
Bank Organization: 8 x 32
 - Row Activation   : 1 / 8
 - Column Activation: 32 / 32
Mat Organization: 2 x 2
 - Row Activation   : 2 / 2
 - Column Activation: 2 / 2
 - Subarray Size    : 32 Rows x 8 Columns
Mux Level:
 - Senseamp Mux      : 8
 - Output Level-1 Mux: 1
 - Output Level-2 Mux: 1
Local Wire:
 - Wire Type : Local Aggressive
 - Repeater Type: No Repeaters
 - Low Swing : No
Global Wire:
 - Wire Type : Global Aggressive
 - Repeater Type: No Repeaters
 - Low Swing : No
Buffer Design Style: Latency-Optimized
=============
   RESULT
=============
Area:
 - Total Area = 331.382um x 218.507um = 72409.2um^2
 |--- Mat Area      = 41.4227um x 6.82834um = 282.848um^2   (9.46205%)
 |--- Subarray Area = 19.0866um x 3.41417um = 65.165um^2   (10.2675%)
 - Area Efficiency = 9.46205%
Timing:
 -  Read Latency = 1.67862ns
 |--- H-Tree Latency = 34.1357ps
 |--- Mat Latency    = 1.64449ns
    |--- Predecoder Latency = 104.329ps
    |--- Subarray Latency   = 1.54016ns
       |--- Row Decoder Latency = 74.6843ps
       |--- Bitline Latency     = 0.230673ps,3.54105e+10s,6.39069e+10s
       |--- Senseamp Latency    = 1.456ns
       |--- Mux Latency         = 9.24174ps
       |--- Precharge Latency   = 62.0538ps
       |--- Read Pulse   = 0ps
 - Write Total Latency = 10.1961ns
 - RESET Latency = 10.1961ns
 |--- H-Tree Latency = 17.0678ps
 |--- Mat Latency    = 10.179ns
    |--- Predecoder Latency = 104.329ps
    |--- Subarray Latency   = 10.0747ns
       |--- RESET Pulse Duration = 10ns
       |--- Row Decoder Latency  = 74.6843ps
       |--- Charge Latency   = 2.12963ps
 - SET Latency   = 10.1961ns
 |--- H-Tree Latency = 17.0678ps
 |--- Mat Latency    = 10.179ns
    |--- Predecoder Latency = 104.329ps
    |--- Subarray Latency   = 10.0747ns
       |--- SET Pulse Duration   = 10ns
       |--- Row Decoder Latency  = 74.6843ps
       |--- Charger Latency      = 2.12963ps
 - Read Bandwidth  = 10.4744GB/s
 - Write Bandwidth = 1.58814GB/s
Power:
 -  Read Dynamic Energy = 43.4238pJ
 |--- H-Tree Dynamic Energy = 11.3602pJ
 |--- Mat Dynamic Energy    = 1.00199pJ per mat
    |--- Predecoder Dynamic Energy = 0.0142475pJ
    |--- Subarray Dynamic Energy   = 0.246935pJ per active subarray
       |--- Row Decoder Dynamic Energy = 0.00182275pJ
       |--- Mux Decoder Dynamic Energy = 0.00319957pJ
       |--- Bitline & Cell Read Energy = 0.0873601pJ
       |--- Senseamp Dynamic Energy    = 0.150363pJ
       |--- Mux Dynamic Energy         = 0.00109491pJ
       |--- Precharge Dynamic Energy   = 0.00308782pJ
 - Write Dynamic Energy = 140.821pJ
 - RESET Dynamic Energy = 140.587pJ
 |--- H-Tree Dynamic Energy = 11.3602pJ
 |--- Mat Dynamic Energy    = 4.03834pJ per mat
    |--- Predecoder Dynamic Energy = 0.0142475pJ
    |--- Subarray Dynamic Energy   = 1.00785pJ per active subarray
       |--- Row Decoder Dynamic Energy = 0.00182275pJ
       |--- Mux Decoder Dynamic Energy = 0.00319957pJ
       |--- Mux Dynamic Energy         = 0.00109491pJ
       |--- Cell RESET Dynamic Energy  = 1.00173pJ  0pJ
       |--- Single Cell RESET Energy  = 1pJ  0pJ
 - SET Dynamic Energy = 140.587pJ
 |--- H-Tree Dynamic Energy = 11.3602pJ
 |--- Mat Dynamic Energy    = 4.03834pJ per mat
    |--- Predecoder Dynamic Energy = 0.0142475pJ
    |--- Subarray Dynamic Energy   = 1.00785pJ per active subarray
       |--- Row Decoder Dynamic Energy = 0.00182275pJ
       |--- Mux Decoder Dynamic Energy = 0.00319957pJ
       |--- Mux Dynamic Energy         = 0.00109491pJ
       |--- Cell SET Dynamic Energy    = 1.00173pJ  0pJ  1.00785pJ
       |--- Single Cell SET Energy  = 1pJ  0pJ
 - Leakage Power = 155.472uW
 |--- H-Tree Leakage Power     = 0pW
 |--- Mat Leakage Power        = 607.313nW per mat

Finished!
