User-defined configuration file (/Users/sudo/CodeProjects/Tufts/EECE0193/Final_Project/EXPERIMENTS/Input/Destiny/Area/PCRAM/128KB/128KB.cfg) is loaded

====================
DESIGN SPECIFICATION
====================
Design Target: Random Access Memory
Capacity   : 128KB
Data Width : 128Bits (16Bytes)

Searching for the best solution that is optimized for area ...
Using cell file: ./cell_defs/PCRAM.cell
numSolutions = 9865 / numDesigns = 218700

=============
   SUMMARY   
=============
Optimized for: Area
Memory Cell: PCRAM (Phase-Change)
Cell Area (F^2)    : 9 (3Fx3F)
Cell Aspect Ratio  : 1
Cell Turned-On Resistance : 1Kohm
Cell Turned-Off Resistance: 1Mohm
Read Mode: Voltage-Sensing
  - Read Current: 40uA
Reset Mode: Current
  - Reset Current: 300uA
  - Reset Pulse: 40ns
Set Mode: Current
  - Set Current: 150uA
  - Set Pulse: 150ns
Access Type: CMOS

=============
CONFIGURATION
=============
Bank Organization: 64 x 32 x 16
 - Row Activation   : 1 / 64 x 1
 - Column Activation: 32 / 32 x 1
Mat Organization: 2 x 2
 - Row Activation   : 2 / 2
 - Column Activation: 2 / 2
 - Subarray Size    : 2 Rows x 4 Columns
Mux Level:
 - Senseamp Mux      : 4
 - Output Level-1 Mux: 1
 - Output Level-2 Mux: 1
Local Wire:
 - Wire Type : Local Aggressive
 - Repeater Type: No Repeaters
 - Low Swing : No
Global Wire:
 - Wire Type : Global Aggressive
 - Repeater Type: No Repeaters
 - Low Swing : No
Buffer Design Style: Latency-Optimized
=============
   RESULT
=============
Area:
 - Total Area = 352.413um x 54.3747um = 53263.3um^2
 |--- Mat Area      = 5.50645um x 1.69921um = 9.3566um^2   (23.8364%)
 |--- Subarray Area = 2.40559um x 849.604nm = 2.0438um^2   (27.281%)
 |--- TSV Area      = 81um^2
 - Area Efficiency = 8.5755%
Timing:
 -  Read Latency = 87.9483ps
 |--- TSV Latency    = 0.171162ps
 |--- H-Tree Latency = 15.5298ps
 |--- Mat Latency    = 72.2474ps
    |--- Predecoder Latency = 18.9293ps
    |--- Subarray Latency   = 53.3181ps
       |--- Row Decoder Latency = 18.0946ps
       |--- Bitline Latency     = 11.4282ps,0.575944ps,11.4282ps
       |--- Senseamp Latency    = 3.80391ps
       |--- Mux Latency         = 5.23757ps
       |--- Precharge Latency   = 8.1808ps
       |--- Read Pulse   = 0ps
 - Write Total Latency = 150.06ns
 - RESET Latency = 40.06ns
 |--- TSV Latency    = 0.0855811ps
 |--- H-Tree Latency = 7.76489ps
 |--- Mat Latency    = 40.0521ns
    |--- Predecoder Latency = 18.9293ps
    |--- Subarray Latency   = 40.0332ns
       |--- RESET Pulse Duration = 40ns
       |--- Row Decoder Latency  = 18.0946ps
       |--- Charge Latency   = 0.348924ps
 - SET Latency   = 150.06ns
 |--- TSV Latency    = 0.0855811ps
 |--- H-Tree Latency = 7.76489ps
 |--- Mat Latency    = 150.052ns
    |--- Predecoder Latency = 18.9293ps
    |--- Subarray Latency   = 150.033ns
       |--- SET Pulse Duration   = 150ns
       |--- Row Decoder Latency  = 18.0946ps
       |--- Charger Latency      = 0.348924ps
 - Read Bandwidth  = 368.628GB/s
 - Write Bandwidth = 106.643MB/s
Power:
 -  Read Dynamic Energy = 366.446pJ
 |--- TSV Dynamic Energy    = 231.121pJ
 |--- H-Tree Dynamic Energy = 5.95394pJ
 |--- Mat Dynamic Energy    = 4.04287pJ per mat
    |--- Predecoder Dynamic Energy = 0.00116088pJ
    |--- Subarray Dynamic Energy   = 1.01043pJ per active subarray
       |--- Row Decoder Dynamic Energy = 0.000230017pJ
       |--- Mux Decoder Dynamic Energy = 0.00415385pJ
       |--- Bitline & Cell Read Energy = 0.00024345pJ
       |--- Senseamp Dynamic Energy    = 0.000346726pJ
       |--- Mux Dynamic Energy         = 0.000620515pJ
       |--- Precharge Dynamic Energy   = 0.00145566pJ
 - Write Dynamic Energy = 11.758nJ
 - RESET Dynamic Energy = 6.38194nJ
 |--- TSV Dynamic Energy    = 231.121pJ
 |--- H-Tree Dynamic Energy = 5.95394pJ
 |--- Mat Dynamic Energy    = 192.027pJ per mat
    |--- Predecoder Dynamic Energy = 0.00116088pJ
    |--- Subarray Dynamic Energy   = 90.0067pJ per active subarray
       |--- Row Decoder Dynamic Energy = 0.000230017pJ
       |--- Mux Decoder Dynamic Energy = 0.00415385pJ
       |--- Mux Dynamic Energy         = 0.000620515pJ
       |--- Cell RESET Dynamic Energy  = 48.0017pJ  0pJ
       |--- Single Cell RESET Energy  = 9.6pJ  0pJ
 - SET Dynamic Energy = 11.7579nJ
 |--- H-Tree Dynamic Energy = 5.95394pJ
 |--- Mat Dynamic Energy    = 360.027pJ per mat
    |--- Predecoder Dynamic Energy = 0.00116088pJ
    |--- Subarray Dynamic Energy   = 90.0067pJ per active subarray
       |--- Row Decoder Dynamic Energy = 0.000230017pJ
       |--- Mux Decoder Dynamic Energy = 0.00415385pJ
       |--- Mux Dynamic Energy         = 0.000620515pJ
       |--- Cell SET Dynamic Energy    = 90.0017pJ  0pJ  90.0067pJ
       |--- Single Cell SET Energy  = 18pJ  0pJ
 - Leakage Power = 33.7767uW
 |--- TSV Leakage              = 0pW
 |--- H-Tree Leakage Power     = 0pW
 |--- Mat Leakage Power        = 1.03078nW per mat

Finished!
