User-defined configuration file (/Users/sudo/CodeProjects/Tufts/EECE0193/Final_Project/EXPERIMENTS/Input/NVSim/iso_capacity/Area/SRAM/32KB/32KB.cfg) is loaded

Memory Cell: SRAM
Cell Area (F^2)    : 146.000 (14.600Fx10.000F)
Cell Aspect Ratio  : 1.460
SRAM Cell Access Transistor Width: 1.310F
SRAM Cell NMOS Width: 2.080F
SRAM Cell PMOS Width: 1.230F

====================
DESIGN SPECIFICATION
====================
Design Target: Random Access Memory
Capacity   : 32KB
Data Width : 128Bits (16Bytes)

Searching for the best solution that is optimized for area ...

=============
CONFIGURATION
=============
Bank Organization: 1 x 1
 - Row Activation   : 1 / 1
 - Column Activation: 1 / 1
Mat Organization: 2 x 2
 - Row Activation   : 2 / 2
 - Column Activation: 2 / 2
 - Subarray Size    : 128 Rows x 512 Columns
Mux Level:
 - Senseamp Mux      : 16
 - Output Level-1 Mux: 1
 - Output Level-2 Mux: 1
Local Wire:
 - Wire Type : Local Aggressive
 - Repeater Type: No Repeaters
 - Low Swing : No
Global Wire:
 - Wire Type : Global Aggressive
 - Repeater Type: No Repeaters
 - Low Swing : No
Buffer Design Style: Latency-Optimized
=============
   RESULT
=============
Area:
 - Total Area = 84.710um x 242.260um = 20521.916um^2
 |--- Mat Area      = 84.710um x 242.260um = 20521.916um^2   (90.265%)
 |--- Subarray Area = 42.355um x 118.077um = 5001.166um^2   (92.599%)
 - Area Efficiency = 90.265%
Timing:
 -  Read Latency = 918.020ps
 |--- H-Tree Latency = 0.000ps
 |--- Mat Latency    = 918.020ps
    |--- Predecoder Latency = 200.529ps
    |--- Subarray Latency   = 717.491ps
       |--- Row Decoder Latency = 383.340ps
       |--- Bitline Latency     = 281.733ps
       |--- Senseamp Latency    = 3.988ps
       |--- Mux Latency         = 48.430ps
       |--- Precharge Latency   = 346.617ps
 - Write Latency = 918.020ps
 |--- H-Tree Latency = 0.000ps
 |--- Mat Latency    = 918.020ps
    |--- Predecoder Latency = 200.529ps
    |--- Subarray Latency   = 717.491ps
       |--- Row Decoder Latency = 383.340ps
       |--- Charge Latency      = 123.746ps
 - Read Bandwidth  = 23.503GB/s
 - Write Bandwidth = 22.300GB/s
Power:
 -  Read Dynamic Energy = 6.130pJ
 |--- H-Tree Dynamic Energy = 0.000pJ
 |--- Mat Dynamic Energy    = 6.130pJ per mat
    |--- Predecoder Dynamic Energy = 0.075pJ
    |--- Subarray Dynamic Energy   = 1.514pJ per active subarray
       |--- Row Decoder Dynamic Energy = 0.052pJ
       |--- Mux Decoder Dynamic Energy = 0.120pJ
       |--- Senseamp Dynamic Energy    = 0.012pJ
       |--- Mux Dynamic Energy         = 0.017pJ
       |--- Precharge Dynamic Energy   = 0.202pJ
 - Write Dynamic Energy = 1.107pJ
 |--- H-Tree Dynamic Energy = 0.000pJ
 |--- Mat Dynamic Energy    = 1.107pJ per mat
    |--- Predecoder Dynamic Energy = 0.075pJ
    |--- Subarray Dynamic Energy   = 0.258pJ per active subarray
       |--- Row Decoder Dynamic Energy = 0.052pJ
       |--- Mux Decoder Dynamic Energy = 0.120pJ
       |--- Mux Dynamic Energy         = 0.017pJ
 - Leakage Power = 2.851uW
 |--- H-Tree Leakage Power = 0.000pW
 |--- Mat Leakage Power    = 2.851uW per mat

Finished!
