User-defined configuration file (/Users/sudo/CodeProjects/Tufts/EECE0193/Final_Project/EXPERIMENTS/Input/Destiny/iso_capacity/LeakagePower/PCRAM/512KB/512KB.cfg) is loaded

====================
DESIGN SPECIFICATION
====================
Design Target: Random Access Memory
Capacity   : 512KB
Data Width : 128Bits (16Bytes)

Searching for the best solution that is optimized for leakage power ...
Using cell file: ./cell_defs/PCRAM.cell
numSolutions = 15998 / numDesigns = 218700

=============
   SUMMARY   
=============
Optimized for: Leakage
Memory Cell: PCRAM (Phase-Change)
Cell Area (F^2)    : 9 (3Fx3F)
Cell Aspect Ratio  : 1
Cell Turned-On Resistance : 1Kohm
Cell Turned-Off Resistance: 1Mohm
Read Mode: Voltage-Sensing
  - Read Current: 40uA
Reset Mode: Current
  - Reset Current: 300uA
  - Reset Pulse: 40ns
Set Mode: Current
  - Set Current: 150uA
  - Set Pulse: 150ns
Access Type: CMOS

=============
CONFIGURATION
=============
Bank Organization: 512 x 16
 - Row Activation   : 1 / 512
 - Column Activation: 16 / 16
Mat Organization: 2 x 2
 - Row Activation   : 2 / 2
 - Column Activation: 2 / 2
 - Subarray Size    : 2 Rows x 64 Columns
Mux Level:
 - Senseamp Mux      : 16
 - Output Level-1 Mux: 1
 - Output Level-2 Mux: 2
Local Wire:
 - Wire Type : Local Aggressive
 - Repeater Type: No Repeaters
 - Low Swing : No
Global Wire:
 - Wire Type : Global Aggressive
 - Repeater Type: No Repeaters
 - Low Swing : No
Buffer Design Style: Latency-Optimized
=============
   RESULT
=============
Area:
 - Total Area = 3.18677mm x 394.018um = 1.25565mm^2
 |--- Mat Area      = 6.22417um x 24.6261um = 153.277um^2   (1.45506%)
 |--- Subarray Area = 3.11208um x 11.6453um = 36.2412um^2   (1.53849%)
 - Area Efficiency = 1.45506%
Timing:
 -  Read Latency = 1.50092ns
 |--- H-Tree Latency = 1.23047ns
 |--- Mat Latency    = 270.446ps
    |--- Predecoder Latency = 62.0719ps
    |--- Subarray Latency   = 208.374ps
       |--- Row Decoder Latency = 75.5828ps
       |--- Bitline Latency     = 32.4003ps,1.63287ps,32.4003ps
       |--- Senseamp Latency    = 3.9879ps
       |--- Mux Latency         = 19.0955ps
       |--- Precharge Latency   = 8.42901ps
       |--- Read Pulse   = 0ps
 - Write Total Latency = 150.831ns
 - RESET Latency = 40.8315ns
 |--- H-Tree Latency = 615.237ps
 |--- Mat Latency    = 40.2163ns
    |--- Predecoder Latency = 62.0719ps
    |--- Subarray Latency   = 40.1542ns
       |--- RESET Pulse Duration = 40ns
       |--- Row Decoder Latency  = 75.5828ps
       |--- Charge Latency   = 1.29151ps
 - SET Latency   = 150.831ns
 |--- H-Tree Latency = 615.237ps
 |--- Mat Latency    = 150.216ns
    |--- Predecoder Latency = 62.0719ps
    |--- Subarray Latency   = 150.154ns
       |--- SET Pulse Duration   = 150ns
       |--- Row Decoder Latency  = 75.5828ps
       |--- Charger Latency      = 1.29151ps
 - Read Bandwidth  = 113.298GB/s
 - Write Bandwidth = 106.557MB/s
Power:
 -  Read Dynamic Energy = 1.08826nJ
 |--- H-Tree Dynamic Energy = 52.689pJ
 |--- Mat Dynamic Energy    = 64.7232pJ per mat
    |--- Predecoder Dynamic Energy = 0.00553035pJ
    |--- Subarray Dynamic Energy   = 16.1794pJ per active subarray
       |--- Row Decoder Dynamic Energy = 0.00485086pJ
       |--- Mux Decoder Dynamic Energy = 0.0845504pJ
       |--- Bitline & Cell Read Energy = 0.000510452pJ
       |--- Senseamp Dynamic Energy    = 0.00145399pJ
       |--- Mux Dynamic Energy         = 0.00858229pJ
       |--- Precharge Dynamic Energy   = 0.0254427pJ
 - Write Dynamic Energy = 11.5793nJ
 - RESET Dynamic Energy = 6.20295nJ
 |--- H-Tree Dynamic Energy = 52.689pJ
 |--- Mat Dynamic Energy    = 384.391pJ per mat
    |--- Predecoder Dynamic Energy = 0.00553035pJ
    |--- Subarray Dynamic Energy   = 180.101pJ per active subarray
       |--- Row Decoder Dynamic Energy = 0.00485086pJ
       |--- Mux Decoder Dynamic Energy = 0.0845504pJ
       |--- Mux Dynamic Energy         = 0.00858229pJ
       |--- Cell RESET Dynamic Energy  = 96.0033pJ  0pJ
       |--- Single Cell RESET Energy  = 9.6pJ  0pJ
 - SET Dynamic Energy = 11.579nJ
 |--- H-Tree Dynamic Energy = 52.689pJ
 |--- Mat Dynamic Energy    = 720.391pJ per mat
    |--- Predecoder Dynamic Energy = 0.00553035pJ
    |--- Subarray Dynamic Energy   = 180.101pJ per active subarray
       |--- Row Decoder Dynamic Energy = 0.00485086pJ
       |--- Mux Decoder Dynamic Energy = 0.0845504pJ
       |--- Mux Dynamic Energy         = 0.00858229pJ
       |--- Cell SET Dynamic Energy    = 180.003pJ  0pJ  180.101pJ
       |--- Single Cell SET Energy  = 18pJ  0pJ
 - Leakage Power = 361.713uW
 |--- H-Tree Leakage Power     = 0pW
 |--- Mat Leakage Power        = 44.1544nW per mat

Finished!
