User-defined configuration file (/Users/sudo/CodeProjects/Tufts/EECE0193/Final_Project/EXPERIMENTS/Input/Destiny/iso_area/ReadEDP/STTRAM/256KB/256KB.cfg) is loaded

====================
DESIGN SPECIFICATION
====================
Design Target: Random Access Memory
Capacity   : 256KB
Data Width : 128Bits (16Bytes)

Searching for the best solution that is optimized for read energy-delay-product ...
Using cell file: ./cell_defs/STTRAM.cell
numSolutions = 20640 / numDesigns = 218700

=============
   SUMMARY   
=============
Optimized for: Read Energy-Delay-Product
Memory Cell: MRAM (Magnetoresistive)
Cell Area (F^2)    : 54 (5.4Fx10F)
Cell Aspect Ratio  : 0.54
Cell Turned-On Resistance : 3Kohm
Cell Turned-Off Resistance: 6Kohm
Read Mode: Current-Sensing
  - Read Voltage: 0.25V
Reset Mode: Current
  - Reset Current: 80uA
  - Reset Pulse: 10ns
Set Mode: Current
  - Set Current: 80uA
  - Set Pulse: 10ns
Access Type: CMOS

=============
CONFIGURATION
=============
Bank Organization: 256 x 16 x 2
 - Row Activation   : 1 / 256 x 1
 - Column Activation: 16 / 16 x 1
Mat Organization: 2 x 2
 - Row Activation   : 2 / 2
 - Column Activation: 2 / 2
 - Subarray Size    : 1 Rows x 64 Columns
Mux Level:
 - Senseamp Mux      : 32
 - Output Level-1 Mux: 1
 - Output Level-2 Mux: 1
Local Wire:
 - Wire Type : Local Aggressive
 - Repeater Type: No Repeaters
 - Low Swing : No
Global Wire:
 - Wire Type : Global Aggressive
 - Repeater Type: No Repeaters
 - Low Swing : No
Buffer Design Style: Latency-Optimized
=============
   RESULT
=============
Area:
 - Total Area = 2.78636mm x 687.396um = 1.94822mm^2
 |--- Mat Area      = 10.8842um x 42.9623um = 467.611um^2   (2.8617%)
 |--- Subarray Area = 5.44211um x 20.8919um = 113.696um^2   (2.94242%)
 |--- TSV Area      = 81um^2
 - Area Efficiency = 2.8134%
Timing:
 -  Read Latency = 2.73214ns
 |--- TSV Latency    = 0.0114108ps
 |--- H-Tree Latency = 1.10168ns
 |--- Mat Latency    = 1.63044ns
    |--- Predecoder Latency = 21.944ps
    |--- Subarray Latency   = 1.6085ns
       |--- Row Decoder Latency = 90.1802ps
       |--- Bitline Latency     = 0.000227574ps,1.59227e+10s,1.31037e+10s
       |--- Senseamp Latency    = 1.456ns
       |--- Mux Latency         = 32.8907ps
       |--- Precharge Latency   = 8.38221ps
       |--- Read Pulse   = 0ps
 - Write Total Latency = 10.6927ns
 - RESET Latency = 10.6927ns
 |--- TSV Latency    = 0.00570541ps
 |--- H-Tree Latency = 550.842ps
 |--- Mat Latency    = 10.1419ns
    |--- Predecoder Latency = 21.944ps
    |--- Subarray Latency   = 10.12ns
       |--- RESET Pulse Duration = 10ns
       |--- Row Decoder Latency  = 90.1802ps
       |--- Charge Latency   = 0.347173ps
 - SET Latency   = 10.6927ns
 |--- TSV Latency    = 0.00570541ps
 |--- H-Tree Latency = 550.842ps
 |--- Mat Latency    = 10.1419ns
    |--- Predecoder Latency = 21.944ps
    |--- Subarray Latency   = 10.12ns
       |--- SET Pulse Duration   = 10ns
       |--- Row Decoder Latency  = 90.1802ps
       |--- Charger Latency      = 0.347173ps
 - Read Bandwidth  = 10.4801GB/s
 - Write Bandwidth = 1.58104GB/s
Power:
 -  Read Dynamic Energy = 104.594pJ
 |--- TSV Dynamic Energy    = 14.3988pJ
 |--- H-Tree Dynamic Energy = 54.2094pJ
 |--- Mat Dynamic Energy    = 2.24912pJ per mat
    |--- Predecoder Dynamic Energy = 0.000439014pJ
    |--- Subarray Dynamic Energy   = 0.56217pJ per active subarray
       |--- Row Decoder Dynamic Energy = 0.0155149pJ
       |--- Mux Decoder Dynamic Energy = 0.0355677pJ
       |--- Bitline & Cell Read Energy = 0.17472pJ
       |--- Senseamp Dynamic Energy    = 0.300727pJ
       |--- Mux Dynamic Energy         = 0.00779337pJ
       |--- Precharge Dynamic Energy   = 0.0278383pJ
 - Write Dynamic Energy = 200.429pJ
 - RESET Dynamic Energy = 199.436pJ
 |--- TSV Dynamic Energy    = 14.3988pJ
 |--- H-Tree Dynamic Energy = 54.2094pJ
 |--- Mat Dynamic Energy    = 8.17672pJ per mat
    |--- Predecoder Dynamic Energy = 0.000439014pJ
    |--- Subarray Dynamic Energy   = 2.05958pJ per active subarray
       |--- Row Decoder Dynamic Energy = 0.0155149pJ
       |--- Mux Decoder Dynamic Energy = 0.0355677pJ
       |--- Mux Dynamic Energy         = 0.00779337pJ
       |--- Cell RESET Dynamic Energy  = 2.00071pJ  0pJ
       |--- Single Cell RESET Energy  = 1pJ  0pJ
 - SET Dynamic Energy = 199.436pJ
 |--- H-Tree Dynamic Energy = 54.2094pJ
 |--- Mat Dynamic Energy    = 8.17672pJ per mat
    |--- Predecoder Dynamic Energy = 0.000439014pJ
    |--- Subarray Dynamic Energy   = 2.05958pJ per active subarray
       |--- Row Decoder Dynamic Energy = 0.0155149pJ
       |--- Mux Decoder Dynamic Energy = 0.0355677pJ
       |--- Mux Dynamic Energy         = 0.00779337pJ
       |--- Cell SET Dynamic Energy    = 2.00071pJ  0pJ  2.05958pJ
       |--- Single Cell SET Energy  = 1pJ  0pJ
 - Leakage Power = 10.1764mW
 |--- TSV Leakage              = 0pW
 |--- H-Tree Leakage Power     = 0pW
 |--- Mat Leakage Power        = 1.24224uW per mat

Finished!
