User-defined configuration file (/Users/sudo/CodeProjects/Tufts/EECE0193/Final_Project/EXPERIMENTS/Input/NVSim/iso_capacity/ReadLatency/STTRAM/512KB/512KB.cfg) is loaded

Memory Cell: MRAM (Magnetoresistive)
Cell Area (F^2)    : 54.000 (5.400Fx10.000F)
Cell Aspect Ratio  : 0.540
Cell Turned-On Resistance : 3.000Kohm
Cell Turned-Off Resistance: 6.000Kohm
Read Mode: Current-Sensing
  - Read Voltage: 0.250V
Reset Mode: Current
  - Reset Current: 80.000uA
  - Reset Pulse: 10.000ns
Set Mode: Current
  - Set Current: 80.000uA
  - Set Pulse: 10.000ns
Access Type: CMOS
[WARNING] Associativity setting is ignored for non-cache designs

====================
DESIGN SPECIFICATION
====================
Design Target: Random Access Memory
Capacity   : 512KB
Data Width : 128Bits (16Bytes)

Searching for the best solution that is optimized for read latency ...

=============
CONFIGURATION
=============
Bank Organization: 8 x 8
 - Row Activation   : 1 / 8
 - Column Activation: 8 / 8
Mat Organization: 2 x 2
 - Row Activation   : 2 / 2
 - Column Activation: 2 / 2
 - Subarray Size    : 256 Rows x 64 Columns
Mux Level:
 - Senseamp Mux      : 16
 - Output Level-1 Mux: 1
 - Output Level-2 Mux: 1
Local Wire:
 - Wire Type : Local Aggressive
 - Repeater Type: No Repeaters
 - Low Swing : No
Global Wire:
 - Wire Type : Global Aggressive
 - Repeater Type: No Repeaters
 - Low Swing : No
Buffer Design Style: Latency-Optimized
=============
   RESULT
=============
Area:
 - Total Area = 681.273um x 361.517um = 246291.778um^2
 |--- Mat Area      = 85.159um x 45.190um = 3848.309um^2   (44.509%)
 |--- Subarray Area = 39.211um x 22.595um = 885.975um^2   (48.332%)
 - Area Efficiency = 44.509%
Timing:
 -  Read Latency = 1.911ns
 |--- H-Tree Latency = 110.951ps
 |--- Mat Latency    = 1.800ns
    |--- Predecoder Latency = 172.919ps
    |--- Subarray Latency   = 1.627ns
       |--- Row Decoder Latency = 139.867ps
       |--- Bitline Latency     = 13.793ps
       |--- Senseamp Latency    = 1.456ns
       |--- Mux Latency         = 17.125ps
       |--- Precharge Latency   = 445.111ps
 - Write Latency = 10.386ns
 |--- H-Tree Latency = 55.476ps
 |--- Mat Latency    = 10.331ns
    |--- Predecoder Latency = 172.919ps
    |--- Subarray Latency   = 10.158ns
       |--- Write Pulse Duration = 10.000ns
       |--- Row Decoder Latency = 139.867ps
       |--- Charge Latency      = 28.013ps
 - Read Bandwidth  = 8.281GB/s
 - Write Bandwidth = 1.575GB/s
Power:
 -  Read Dynamic Energy = 51.041pJ
 |--- H-Tree Dynamic Energy = 17.503pJ
 |--- Mat Dynamic Energy    = 4.192pJ per mat
    |--- Predecoder Dynamic Energy = 0.035pJ
    |--- Subarray Dynamic Energy   = 1.039pJ per active subarray
       |--- Row Decoder Dynamic Energy = 0.016pJ
       |--- Mux Decoder Dynamic Energy = 0.036pJ
       |--- Bitline & Cell Read Energy = 0.349pJ
       |--- Senseamp Dynamic Energy    = 0.601pJ
       |--- Mux Dynamic Energy         = 0.008pJ
       |--- Precharge Dynamic Energy   = 0.028pJ
 - Write Dynamic Energy = 149.182pJ
 |--- H-Tree Dynamic Energy = 17.503pJ
 |--- Mat Dynamic Energy    = 16.460pJ per mat
    |--- Predecoder Dynamic Energy = 0.035pJ
    |--- Subarray Dynamic Energy   = 4.106pJ per active subarray
       |--- Row Decoder Dynamic Energy = 0.016pJ
       |--- Mux Decoder Dynamic Energy = 0.036pJ
       |--- Mux Dynamic Energy         = 0.008pJ
       |--- Bitline & Cell Write Energy= 4.047pJ
 - Leakage Power = 176.874uW
 |--- H-Tree Leakage Power = 0.000pW
 |--- Mat Leakage Power    = 2.764uW per mat

Finished!
