User-defined configuration file (/Users/sudo/CodeProjects/Tufts/EECE0193/Final_Project/EXPERIMENTS/Input/Destiny/LeakagePower/PCRAM/256KB/256KB.cfg) is loaded

====================
DESIGN SPECIFICATION
====================
Design Target: Random Access Memory
Capacity   : 256KB
Data Width : 128Bits (16Bytes)

Searching for the best solution that is optimized for leakage power ...
Using cell file: ./cell_defs/PCRAM.cell
numSolutions = 12659 / numDesigns = 218700

=============
   SUMMARY   
=============
Optimized for: Leakage
Memory Cell: PCRAM (Phase-Change)
Cell Area (F^2)    : 9 (3Fx3F)
Cell Aspect Ratio  : 1
Cell Turned-On Resistance : 1Kohm
Cell Turned-Off Resistance: 1Mohm
Read Mode: Voltage-Sensing
  - Read Current: 40uA
Reset Mode: Current
  - Reset Current: 300uA
  - Reset Pulse: 40ns
Set Mode: Current
  - Set Current: 150uA
  - Set Pulse: 150ns
Access Type: CMOS

=============
CONFIGURATION
=============
Bank Organization: 256 x 16
 - Row Activation   : 1 / 256
 - Column Activation: 16 / 16
Mat Organization: 2 x 2
 - Row Activation   : 2 / 2
 - Column Activation: 2 / 2
 - Subarray Size    : 4 Rows x 32 Columns
Mux Level:
 - Senseamp Mux      : 16
 - Output Level-1 Mux: 1
 - Output Level-2 Mux: 1
Local Wire:
 - Wire Type : Local Aggressive
 - Repeater Type: No Repeaters
 - Low Swing : No
Global Wire:
 - Wire Type : Global Aggressive
 - Repeater Type: No Repeaters
 - Low Swing : No
Buffer Design Style: Latency-Optimized
=============
   RESULT
=============
Area:
 - Total Area = 1.21041mm x 124.424um = 150604um^2
 |--- Mat Area      = 4.72817um x 7.77648um = 36.7685um^2   (6.06572%)
 |--- Subarray Area = 2.36408um x 3.28563um = 7.76751um^2   (7.17821%)
 - Area Efficiency = 6.06572%
Timing:
 -  Read Latency = 421.197ps
 |--- H-Tree Latency = 174.366ps
 |--- Mat Latency    = 246.83ps
    |--- Predecoder Latency = 59.977ps
    |--- Subarray Latency   = 186.853ps
       |--- Row Decoder Latency = 39.0902ps
       |--- Bitline Latency     = 32.7033ps,1.64844ps,32.7033ps
       |--- Senseamp Latency    = 3.9879ps
       |--- Mux Latency         = 17.1247ps
       |--- Precharge Latency   = 10.4271ps
       |--- Read Pulse   = 0ps
 - Write Total Latency = 150.281ns
 - RESET Latency = 40.2806ns
 |--- H-Tree Latency = 87.1831ps
 |--- Mat Latency    = 40.1934ns
    |--- Predecoder Latency = 59.977ps
    |--- Subarray Latency   = 40.1334ns
       |--- RESET Pulse Duration = 40ns
       |--- Row Decoder Latency  = 39.0902ps
       |--- Charge Latency   = 0.401411ps
 - SET Latency   = 150.281ns
 |--- H-Tree Latency = 87.1831ps
 |--- Mat Latency    = 150.193ns
    |--- Predecoder Latency = 59.977ps
    |--- Subarray Latency   = 150.133ns
       |--- SET Pulse Duration   = 150ns
       |--- Row Decoder Latency  = 39.0902ps
       |--- Charger Latency      = 0.401411ps
 - Read Bandwidth  = 101.144GB/s
 - Write Bandwidth = 106.572MB/s
Power:
 -  Read Dynamic Energy = 608.246pJ
 |--- H-Tree Dynamic Energy = 19.2198pJ
 |--- Mat Dynamic Energy    = 36.8141pJ per mat
    |--- Predecoder Dynamic Energy = 0.00187421pJ
    |--- Subarray Dynamic Energy   = 9.20307pJ per active subarray
       |--- Row Decoder Dynamic Energy = 0.00149063pJ
       |--- Mux Decoder Dynamic Energy = 0.0455798pJ
       |--- Bitline & Cell Read Energy = 0.000510452pJ
       |--- Senseamp Dynamic Energy    = 0.000726993pJ
       |--- Mux Dynamic Energy         = 0.00405766pJ
       |--- Precharge Dynamic Energy   = 0.0131954pJ
 - Write Dynamic Energy = 11.5428nJ
 - RESET Dynamic Energy = 6.16667nJ
 |--- H-Tree Dynamic Energy = 19.2198pJ
 |--- Mat Dynamic Energy    = 384.216pJ per mat
    |--- Predecoder Dynamic Energy = 0.00187421pJ
    |--- Subarray Dynamic Energy   = 180.055pJ per active subarray
       |--- Row Decoder Dynamic Energy = 0.00149063pJ
       |--- Mux Decoder Dynamic Energy = 0.0455798pJ
       |--- Mux Dynamic Energy         = 0.00405766pJ
       |--- Cell RESET Dynamic Energy  = 96.0038pJ  0pJ
       |--- Single Cell RESET Energy  = 9.6pJ  0pJ
 - SET Dynamic Energy = 11.5427nJ
 |--- H-Tree Dynamic Energy = 19.2198pJ
 |--- Mat Dynamic Energy    = 720.216pJ per mat
    |--- Predecoder Dynamic Energy = 0.00187421pJ
    |--- Subarray Dynamic Energy   = 180.055pJ per active subarray
       |--- Row Decoder Dynamic Energy = 0.00149063pJ
       |--- Mux Decoder Dynamic Energy = 0.0455798pJ
       |--- Mux Dynamic Energy         = 0.00405766pJ
       |--- Cell SET Dynamic Energy    = 180.004pJ  0pJ  180.055pJ
       |--- Single Cell SET Energy  = 18pJ  0pJ
 - Leakage Power = 105.548uW
 |--- H-Tree Leakage Power     = 0pW
 |--- Mat Leakage Power        = 25.7686nW per mat

Finished!
