User-defined configuration file (/Users/sudo/CodeProjects/Tufts/EECE0193/Final_Project/EXPERIMENTS/Input/Destiny/ReadDynamicEnergy/RRAM/256KB/256KB.cfg) is loaded

====================
DESIGN SPECIFICATION
====================
Design Target: Random Access Memory
Capacity   : 256KB
Data Width : 128Bits (16Bytes)

Searching for the best solution that is optimized for read energy ...
Using cell file: ./cell_defs/RRAM.cell
numSolutions = 8703 / numDesigns = 218700

=============
   SUMMARY   
=============
Optimized for: Read Energy
Memory Cell: RRAM (Memristor)
Cell Area (F^2)    : 4 (2Fx2F)
Cell Aspect Ratio  : 1
Cell Turned-On Resistance : 1Mohm
Cell Turned-Off Resistance: 10Mohm
Read Mode: Current-Sensing
  - Read Voltage: 0.4V
Reset Mode: Voltage
  - Reset Voltage: 2V
  - Reset Pulse: 10ns
Set Mode: Voltage
  - Set Voltage: 2V
  - Set Pulse: 10ns
Access Type: None Access Device

=============
CONFIGURATION
=============
Bank Organization: 128 x 8
 - Row Activation   : 1 / 128
 - Column Activation: 8 / 8
Mat Organization: 2 x 2
 - Row Activation   : 2 / 2
 - Column Activation: 2 / 2
 - Subarray Size    : 1 Rows x 512 Columns
Mux Level:
 - Senseamp Mux      : 128
 - Output Level-1 Mux: 1
 - Output Level-2 Mux: 1
Local Wire:
 - Wire Type : Local Aggressive
 - Repeater Type: No Repeaters
 - Low Swing : No
Global Wire:
 - Wire Type : Global Aggressive
 - Repeater Type: No Repeaters
 - Low Swing : No
Buffer Design Style: Latency-Optimized
=============
   RESULT
=============
Area:
 - Total Area = 1.42186mm x 767.484um = 1.09126mm^2
 |--- Mat Area      = 11.1083um x 95.9355um = 1065.68um^2   (0.372057%)
 |--- Subarray Area = 5.55414um x 46.97um = 260.878um^2   (0.37996%)
 - Area Efficiency = 0.372057%
Timing:
 -  Read Latency = 2.45032ns
 |--- H-Tree Latency = 495.759ps
 |--- Mat Latency    = 1.95457ns
    |--- Predecoder Latency = 66.1495ps
    |--- Subarray Latency   = 1.88842ns
       |--- Row Decoder Latency = 152.673ps
       |--- Bitline Latency     = 0.000136593ps,0ps,0ps
       |--- Senseamp Latency    = 1.45399ns
       |--- Mux Latency         = 281.756ps
       |--- Precharge Latency   = 10.617ps
       |--- Read Pulse   = 0ps
 - Write Latency = 20.4668ns
 |--- H-Tree Latency = 247.879ps
 |--- Mat Latency    = 20.2189ns
    |--- Predecoder Latency = 66.1495ps
    |--- Subarray Latency   = 20.1528ns
       |--- Row Decoder Latency = 152.673ps
       |--- Charge Latency      = 1.52774ps
 - Read Bandwidth  = 9.16191GB/s
 - Write Bandwidth = 793.936MB/s
Power:
 -  Read Dynamic Energy = 66.3536pJ
 |--- H-Tree Dynamic Energy = 37.0977pJ
 |--- Mat Dynamic Energy    = 3.657pJ per mat
    |--- Predecoder Dynamic Energy = 0.0011613pJ
    |--- Subarray Dynamic Energy   = 0.913959pJ per active subarray
       |--- Row Decoder Dynamic Energy = 0.0445197pJ
       |--- Mux Decoder Dynamic Energy = 0.0681955pJ
       |--- Bitline & Cell Read Energy = 0.0018611pJ
       |--- Senseamp Dynamic Energy    = 0.601454pJ
       |--- Mux Dynamic Energy         = 0.0120171pJ
       |--- Precharge Dynamic Energy   = 0.185908pJ
 - Write Dynamic Energy = 426.227pJ
 |--- H-Tree Dynamic Energy = 37.0977pJ
 |--- Mat Dynamic Energy    = 48.6412pJ per mat
    |--- Predecoder Dynamic Energy = 0.0011613pJ
    |--- Subarray Dynamic Energy   = 12.16pJ per active subarray
       |--- Row Decoder Dynamic Energy = 0.0445197pJ
       |--- Mux Decoder Dynamic Energy = 0.0681955pJ
       |--- Mux Dynamic Energy         = 0.0120171pJ
 - Leakage Power = 2.72173mW
 |--- H-Tree Leakage Power     = 0pW
 |--- Mat Leakage Power        = 2.65794uW per mat

Finished!
