User-defined configuration file (/Users/sudo/CodeProjects/Tufts/EECE0193/Final_Project/EXPERIMENTS/Input/NVSim/iso_area/Area/SRAM/64KB/64KB.cfg) is loaded

Memory Cell: SRAM
Cell Area (F^2)    : 146.000 (14.600Fx10.000F)
Cell Aspect Ratio  : 1.460
SRAM Cell Access Transistor Width: 1.310F
SRAM Cell NMOS Width: 2.080F
SRAM Cell PMOS Width: 1.230F

====================
DESIGN SPECIFICATION
====================
Design Target: Random Access Memory
Capacity   : 64KB
Data Width : 128Bits (16Bytes)

Searching for the best solution that is optimized for area ...

=============
CONFIGURATION
=============
Bank Organization: 1 x 1
 - Row Activation   : 1 / 1
 - Column Activation: 1 / 1
Mat Organization: 2 x 2
 - Row Activation   : 2 / 2
 - Column Activation: 2 / 2
 - Subarray Size    : 128 Rows x 1024 Columns
Mux Level:
 - Senseamp Mux      : 32
 - Output Level-1 Mux: 1
 - Output Level-2 Mux: 1
Local Wire:
 - Wire Type : Local Aggressive
 - Repeater Type: No Repeaters
 - Low Swing : No
Global Wire:
 - Wire Type : Global Aggressive
 - Repeater Type: No Repeaters
 - Low Swing : No
Buffer Design Style: Latency-Optimized
=============
   RESULT
=============
Area:
 - Total Area = 84.635um x 468.446um = 39646.851um^2
 |--- Mat Area      = 84.635um x 468.446um = 39646.851um^2   (93.446%)
 |--- Subarray Area = 42.317um x 230.717um = 9763.334um^2   (94.866%)
 - Area Efficiency = 93.446%
Timing:
 -  Read Latency = 1.840ns
 |--- H-Tree Latency = 0.000ps
 |--- Mat Latency    = 1.840ns
    |--- Predecoder Latency = 226.603ps
    |--- Subarray Latency   = 1.614ns
       |--- Row Decoder Latency = 1.034ns
       |--- Bitline Latency     = 493.912ps
       |--- Senseamp Latency    = 3.988ps
       |--- Mux Latency         = 81.762ps
       |--- Precharge Latency   = 349.560ps
 - Write Latency = 1.840ns
 |--- H-Tree Latency = 0.000ps
 |--- Mat Latency    = 1.840ns
    |--- Predecoder Latency = 226.603ps
    |--- Subarray Latency   = 1.614ns
       |--- Row Decoder Latency = 1.034ns
       |--- Charge Latency      = 123.746ps
 - Read Bandwidth  = 17.219GB/s
 - Write Bandwidth = 9.914GB/s
Power:
 -  Read Dynamic Energy = 12.018pJ
 |--- H-Tree Dynamic Energy = 0.000pJ
 |--- Mat Dynamic Energy    = 12.018pJ per mat
    |--- Predecoder Dynamic Energy = 0.121pJ
    |--- Subarray Dynamic Energy   = 2.974pJ per active subarray
       |--- Row Decoder Dynamic Energy = 0.093pJ
       |--- Mux Decoder Dynamic Energy = 0.225pJ
       |--- Senseamp Dynamic Energy    = 0.012pJ
       |--- Mux Dynamic Energy         = 0.028pJ
       |--- Precharge Dynamic Energy   = 0.394pJ
 - Write Dynamic Energy = 1.783pJ
 |--- H-Tree Dynamic Energy = 0.000pJ
 |--- Mat Dynamic Energy    = 1.783pJ per mat
    |--- Predecoder Dynamic Energy = 0.121pJ
    |--- Subarray Dynamic Energy   = 0.416pJ per active subarray
       |--- Row Decoder Dynamic Energy = 0.093pJ
       |--- Mux Decoder Dynamic Energy = 0.225pJ
       |--- Mux Dynamic Energy         = 0.028pJ
 - Leakage Power = 5.370uW
 |--- H-Tree Leakage Power = 0.000pW
 |--- Mat Leakage Power    = 5.370uW per mat

Finished!
