User-defined configuration file (/Users/sudo/CodeProjects/Tufts/EECE0193/Final_Project/EXPERIMENTS/Input/Destiny/LeakagePower/PCRAM/1024KB/1024KB.cfg) is loaded

====================
DESIGN SPECIFICATION
====================
Design Target: Random Access Memory
Capacity   : 1MB
Data Width : 128Bits (16Bytes)

Searching for the best solution that is optimized for leakage power ...
Using cell file: ./cell_defs/PCRAM.cell
numSolutions = 19890 / numDesigns = 218700

=============
   SUMMARY   
=============
Optimized for: Leakage
Memory Cell: PCRAM (Phase-Change)
Cell Area (F^2)    : 9 (3Fx3F)
Cell Aspect Ratio  : 1
Cell Turned-On Resistance : 1Kohm
Cell Turned-Off Resistance: 1Mohm
Read Mode: Voltage-Sensing
  - Read Current: 40uA
Reset Mode: Current
  - Reset Current: 300uA
  - Reset Pulse: 40ns
Set Mode: Current
  - Set Current: 150uA
  - Set Pulse: 150ns
Access Type: CMOS

=============
CONFIGURATION
=============
Bank Organization: 512 x 16
 - Row Activation   : 1 / 512
 - Column Activation: 16 / 16
Mat Organization: 2 x 2
 - Row Activation   : 2 / 2
 - Column Activation: 2 / 2
 - Subarray Size    : 4 Rows x 64 Columns
Mux Level:
 - Senseamp Mux      : 16
 - Output Level-1 Mux: 1
 - Output Level-2 Mux: 2
Local Wire:
 - Wire Type : Local Aggressive
 - Repeater Type: No Repeaters
 - Low Swing : No
Global Wire:
 - Wire Type : Global Aggressive
 - Repeater Type: No Repeaters
 - Low Swing : No
Buffer Design Style: Latency-Optimized
=============
   RESULT
=============
Area:
 - Total Area = 3.32194mm x 402.892um = 1.33838mm^2
 |--- Mat Area      = 6.48817um x 25.1807um = 163.377um^2   (2.73022%)
 |--- Subarray Area = 3.24408um x 11.6453um = 37.7784um^2   (2.95178%)
 - Area Efficiency = 2.73022%
Timing:
 -  Read Latency = 1.6359ns
 |--- H-Tree Latency = 1.33417ns
 |--- Mat Latency    = 301.734ps
    |--- Predecoder Latency = 92.832ps
    |--- Subarray Latency   = 208.902ps
       |--- Row Decoder Latency = 75.9148ps
       |--- Bitline Latency     = 32.7033ps,1.64844ps,32.7033ps
       |--- Senseamp Latency    = 3.9879ps
       |--- Mux Latency         = 19.0955ps
       |--- Precharge Latency   = 10.5733ps
       |--- Read Pulse   = 0ps
 - Write Total Latency = 150.914ns
 - RESET Latency = 40.9144ns
 |--- H-Tree Latency = 667.084ps
 |--- Mat Latency    = 40.2473ns
    |--- Predecoder Latency = 92.832ps
    |--- Subarray Latency   = 40.1545ns
       |--- RESET Pulse Duration = 40ns
       |--- Row Decoder Latency  = 75.9148ps
       |--- Charge Latency   = 1.3957ps
 - SET Latency   = 150.914ns
 |--- H-Tree Latency = 667.084ps
 |--- Mat Latency    = 150.247ns
    |--- Predecoder Latency = 92.832ps
    |--- Subarray Latency   = 150.155ns
       |--- SET Pulse Duration   = 150ns
       |--- Row Decoder Latency  = 75.9148ps
       |--- Charger Latency      = 1.3957ps
 - Read Bandwidth  = 111.451GB/s
 - Write Bandwidth = 106.557MB/s
Power:
 -  Read Dynamic Energy = 1.23291nJ
 |--- H-Tree Dynamic Energy = 55.1924pJ
 |--- Mat Dynamic Energy    = 73.6072pJ per mat
    |--- Predecoder Dynamic Energy = 0.00556787pJ
    |--- Subarray Dynamic Energy   = 18.4004pJ per active subarray
       |--- Row Decoder Dynamic Energy = 0.00485086pJ
       |--- Mux Decoder Dynamic Energy = 0.0845504pJ
       |--- Bitline & Cell Read Energy = 0.000510452pJ
       |--- Senseamp Dynamic Energy    = 0.00145399pJ
       |--- Mux Dynamic Energy         = 0.00858229pJ
       |--- Precharge Dynamic Energy   = 0.0254427pJ
 - Write Dynamic Energy = 11.5818nJ
 - RESET Dynamic Energy = 6.20548nJ
 |--- H-Tree Dynamic Energy = 55.1924pJ
 |--- Mat Dynamic Energy    = 384.393pJ per mat
    |--- Predecoder Dynamic Energy = 0.00556787pJ
    |--- Subarray Dynamic Energy   = 180.102pJ per active subarray
       |--- Row Decoder Dynamic Energy = 0.00485086pJ
       |--- Mux Decoder Dynamic Energy = 0.0845504pJ
       |--- Mux Dynamic Energy         = 0.00858229pJ
       |--- Cell RESET Dynamic Energy  = 96.0038pJ  0pJ
       |--- Single Cell RESET Energy  = 9.6pJ  0pJ
 - SET Dynamic Energy = 11.5815nJ
 |--- H-Tree Dynamic Energy = 55.1924pJ
 |--- Mat Dynamic Energy    = 720.393pJ per mat
    |--- Predecoder Dynamic Energy = 0.00556787pJ
    |--- Subarray Dynamic Energy   = 180.102pJ per active subarray
       |--- Row Decoder Dynamic Energy = 0.00485086pJ
       |--- Mux Decoder Dynamic Energy = 0.0845504pJ
       |--- Mux Dynamic Energy         = 0.00858229pJ
       |--- Cell SET Dynamic Energy    = 180.004pJ  0pJ  180.102pJ
       |--- Single Cell SET Energy  = 18pJ  0pJ
 - Leakage Power = 372.679uW
 |--- H-Tree Leakage Power     = 0pW
 |--- Mat Leakage Power        = 45.4931nW per mat

Finished!
