User-defined configuration file (./cfg_files/SRAM_cache.cfg) is loaded


cap input beginning: 32768 bytes
Memory Cell: SRAM
Cell Area (F^2)    : 146.000 (14.600Fx10.000F)
Cell Aspect Ratio  : 1.460
SRAM Cell Access Transistor Width: 1.310F
SRAM Cell NMOS Width: 2.080F
SRAM Cell PMOS Width: 1.230F
[WARNING] Associativity setting is ignored for non-cache designs

====================
DESIGN SPECIFICATION
====================
Design Target: Random Access Memory
Capacity   : 32KB
Data Width : 512Bits (64Bytes)

Searching for the best solution that is optimized for read energy-delay-product ...

valid inputs

inputParameter->numLevelsMemCell == [2, 4]: 2
inputParameter->isMLC == [true, false]: false
inputParameter->fileMemCell == "[SRAM, RRAM]": ./cell_defs/SRAM.cell
cell->memCellType == [memristor (5)]: 0

continuing


=============
CONFIGURATION
=============
Bank Organization: 32 x 64
 - Row Activation   : 1 / 32
 - Column Activation: 64 / 64
Mat Organization: 2 x 2
 - Row Activation   : 2 / 2
 - Column Activation: 2 / 2
 - Subarray Size    : 8 Rows x 4 Columns
Mux Level:
 - Senseamp Mux      : 1
 - Output Level-1 Mux: 1
 - Output Level-2 Mux: 2
Local Wire:
 - Wire Type : Local Aggressive
 - Repeater Type: No Repeaters
 - Low Swing : No
Global Wire:
 - Wire Type : Global Aggressive
 - Repeater Type: No Repeaters
 - Low Swing : No
Buffer Design Style: Latency-Optimized
=============
   RESULT
=============
Area:
 - Total Area = 310.274um x 131.136um = 40688.151um^2
 |--- Mat Area      = 9.696um x 2.049um = 19.867um^2   (45.527%)
 |--- Subarray Area = 4.185um x 1.025um = 4.288um^2   (52.734%)
 - Area Efficiency = 45.527%
Timing:
 -  Read Latency = 133.093ps
 |--- H-Tree Latency = 18.838ps
 |--- Mat Latency    = 114.255ps
    |--- Predecoder Latency = 61.274ps
    |--- Subarray Latency   = 52.981ps
       |--- Row Decoder Latency = 25.438ps
       |--- Bitline Latency     = 19.618ps
       |--- Senseamp Latency    = 3.759ps
       |--- Mux Latency         = 4.167ps
       |--- Precharge Latency   = 28.477ps
 - Write Latency = 123.674ps
 |--- H-Tree Latency = 9.419ps
 |--- Mat Latency    = 114.255ps
    |--- Predecoder Latency = 61.274ps
    |--- Subarray Latency   = 52.981ps
       |--- Row Decoder Latency = 25.438ps
       |--- Charge Latency      = 7.427ps
 - Read Bandwidth  = 1.142TB/s
 - Write Bandwidth = 1.208TB/s
Power:
 -  Read Dynamic Energy = 29.739pJ
 |--- H-Tree Dynamic Energy = 28.378pJ
 |--- Mat Dynamic Energy    = 0.021pJ per mat
    |--- Predecoder Dynamic Energy = 0.002pJ
    |--- Subarray Dynamic Energy   = 0.005pJ per active subarray
       |--- Row Decoder Dynamic Energy = 0.000pJ
       |--- Mux Decoder Dynamic Energy = 0.001pJ
       |--- Senseamp Dynamic Energy    = 0.001pJ
       |--- Mux Dynamic Energy         = 0.000pJ
       |--- Precharge Dynamic Energy   = 0.002pJ
 - Write Dynamic Energy = 28.915pJ
 |--- H-Tree Dynamic Energy = 28.378pJ
 |--- Mat Dynamic Energy    = 0.008pJ per mat
    |--- Predecoder Dynamic Energy = 0.002pJ
    |--- Subarray Dynamic Energy   = 0.002pJ per active subarray
       |--- Row Decoder Dynamic Energy = 0.000pJ
       |--- Mux Decoder Dynamic Energy = 0.001pJ
       |--- Mux Dynamic Energy         = 0.000pJ
 - Leakage Power = 4.823uW
 |--- H-Tree Leakage Power = 0.000pW
 |--- Mat Leakage Power    = 2.355nW per mat

Finished!
