User-defined configuration file (/Users/sudo/CodeProjects/Tufts/EECE0193/Final_Project/EXPERIMENTS/Input/Destiny/iso_area/WriteLatency/SRAM/4096KB/4096KB.cfg) is loaded

====================
DESIGN SPECIFICATION
====================
Design Target: Random Access Memory
Capacity   : 4MB
Data Width : 128Bits (16Bytes)

Searching for the best solution that is optimized for write latency ...
Using cell file: ./cell_defs/SRAM.cell
numSolutions = 30098 / numDesigns = 218700

=============
   SUMMARY   
=============
Optimized for: Write Latency
Memory Cell: SRAM
Cell Area (F^2)    : 146 (14.6Fx10F)
Cell Aspect Ratio  : 1.46
SRAM Cell Access Transistor Width: 1.31F
SRAM Cell NMOS Width: 2.08F
SRAM Cell PMOS Width: 1.23F

=============
CONFIGURATION
=============
Bank Organization: 256 x 32 x 16
 - Row Activation   : 1 / 256 x 1
 - Column Activation: 32 / 32 x 1
Mat Organization: 2 x 2
 - Row Activation   : 2 / 2
 - Column Activation: 2 / 2
 - Subarray Size    : 4 Rows x 16 Columns
Mux Level:
 - Senseamp Mux      : 8
 - Output Level-1 Mux: 1
 - Output Level-2 Mux: 2
Local Wire:
 - Wire Type : Local Aggressive
 - Repeater Type: No Repeaters
 - Low Swing : No
Global Wire:
 - Wire Type : Global Aggressive
 - Repeater Type: No Repeaters
 - Low Swing : No
Buffer Design Style: Latency-Optimized
=============
   RESULT
=============
Area:
 - Total Area = 1.27478mm x 283.48um = 396124um^2
 |--- Mat Area      = 4.97961um x 8.85876um = 44.1131um^2   (656.131%)
 |--- Subarray Area = 2.4898um x 3.75476um = 9.3486um^2   (774.019%)
 |--- TSV Area      = 81um^2
 - Area Efficiency = 598.573%
Timing:
 -  Read Latency = 398.9ps
 |--- TSV Latency    = 0.171162ps
 |--- H-Tree Latency = 222.266ps
 |--- Mat Latency    = 176.462ps
    |--- Predecoder Latency = 62.6971ps
    |--- Subarray Latency   = 113.765ps
       |--- Row Decoder Latency = 38.8665ps
       |--- Bitline Latency     = 34.9807ps,0ps,0ps
       |--- Senseamp Latency    = 3.9879ps
       |--- Mux Latency         = 35.9301ps
       |--- Precharge Latency   = 18.6762ps
       |--- Read Pulse   = 0ps
 - Write Latency = 287.681ps
 |--- TSV Latency    = 0.0855811ps
 |--- H-Tree Latency = 111.133ps
 |--- Mat Latency    = 176.462ps
    |--- Predecoder Latency = 62.6971ps
    |--- Subarray Latency   = 113.765ps
       |--- Row Decoder Latency = 38.8665ps
       |--- Charge Latency      = 9.26525ps
 - Read Bandwidth  = 170.986GB/s
 - Write Bandwidth = 140.64GB/s
Power:
 -  Read Dynamic Energy = 265.83pJ
 |--- TSV Dynamic Energy    = 239.195pJ
 |--- H-Tree Dynamic Energy = 24.8285pJ
 |--- Mat Dynamic Energy    = 0.0564567pJ per mat
    |--- Predecoder Dynamic Energy = 0.00200879pJ
    |--- Subarray Dynamic Energy   = 0.013612pJ per active subarray
       |--- Row Decoder Dynamic Energy = 0.00139783pJ
       |--- Mux Decoder Dynamic Energy = 0.00331425pJ
       |--- Senseamp Dynamic Energy    = 0.000726993pJ
       |--- Mux Dynamic Energy         = 0.000721795pJ
       |--- Precharge Dynamic Energy   = 0.00609574pJ
 - Write Dynamic Energy = 264.794pJ
 |--- TSV Dynamic Energy    = 239.195pJ
 |--- H-Tree Dynamic Energy = 24.8285pJ
 |--- Mat Dynamic Energy    = 0.0240831pJ per mat
    |--- Predecoder Dynamic Energy = 0.00200879pJ
    |--- Subarray Dynamic Energy   = 0.00551859pJ per active subarray
       |--- Row Decoder Dynamic Energy = 0.00139783pJ
       |--- Mux Decoder Dynamic Energy = 0.00331425pJ
       |--- Mux Dynamic Energy         = 0.000721795pJ
 - Leakage Power = 660.679uW
 |--- TSV Leakage              = 0pW
 |--- H-Tree Leakage Power     = 0pW
 |--- Mat Leakage Power        = 5.04058nW per mat

Finished!
