User-defined configuration file (/Users/sudo/CodeProjects/Tufts/EECE0193/Final_Project/EXPERIMENTS/Input/NVSim/iso_area/Area/STTRAM/16KB/16KB.cfg) is loaded

Memory Cell: MRAM (Magnetoresistive)
Cell Area (F^2)    : 54.000 (5.400Fx10.000F)
Cell Aspect Ratio  : 0.540
Cell Turned-On Resistance : 3.000Kohm
Cell Turned-Off Resistance: 6.000Kohm
Read Mode: Current-Sensing
  - Read Voltage: 0.250V
Reset Mode: Current
  - Reset Current: 80.000uA
  - Reset Pulse: 10.000ns
Set Mode: Current
  - Set Current: 80.000uA
  - Set Pulse: 10.000ns
Access Type: CMOS

====================
DESIGN SPECIFICATION
====================
Design Target: Random Access Memory
Capacity   : 16KB
Data Width : 128Bits (16Bytes)

Searching for the best solution that is optimized for area ...

=============
CONFIGURATION
=============
Bank Organization: 1 x 1
 - Row Activation   : 1 / 1
 - Column Activation: 1 / 1
Mat Organization: 2 x 2
 - Row Activation   : 2 / 2
 - Column Activation: 2 / 2
 - Subarray Size    : 64 Rows x 512 Columns
Mux Level:
 - Senseamp Mux      : 16
 - Output Level-1 Mux: 1
 - Output Level-2 Mux: 1
Local Wire:
 - Wire Type : Local Aggressive
 - Repeater Type: No Repeaters
 - Low Swing : No
Global Wire:
 - Wire Type : Global Aggressive
 - Repeater Type: No Repeaters
 - Low Swing : No
Buffer Design Style: Latency-Optimized
=============
   RESULT
=============
Area:
 - Total Area = 32.804um x 259.409um = 8509.563um^2
 |--- Mat Area      = 32.804um x 259.409um = 8509.563um^2   (40.257%)
 |--- Subarray Area = 16.402um x 127.339um = 2088.596um^2   (41.005%)
 - Area Efficiency = 40.257%
Timing:
 -  Read Latency = 2.266ns
 |--- H-Tree Latency = 0.000ps
 |--- Mat Latency    = 2.266ns
    |--- Predecoder Latency = 151.574ps
    |--- Subarray Latency   = 2.115ns
       |--- Row Decoder Latency = 640.531ps
       |--- Bitline Latency     = 0.913ps
       |--- Senseamp Latency    = 1.456ns
       |--- Mux Latency         = 17.125ps
       |--- Precharge Latency   = 118.107ps
 - Write Latency = 10.792ns
 |--- H-Tree Latency = 0.000ps
 |--- Mat Latency    = 10.792ns
    |--- Predecoder Latency = 151.574ps
    |--- Subarray Latency   = 10.641ns
       |--- Write Pulse Duration = 10.000ns
       |--- Row Decoder Latency = 640.531ps
       |--- Charge Latency      = 4.429ps
 - Read Bandwidth  = 10.049GB/s
 - Write Bandwidth = 1.504GB/s
Power:
 -  Read Dynamic Energy = 32.820pJ
 |--- H-Tree Dynamic Energy = 0.000pJ
 |--- Mat Dynamic Energy    = 32.820pJ per mat
    |--- Predecoder Dynamic Energy = 0.068pJ
    |--- Subarray Dynamic Energy   = 8.188pJ per active subarray
       |--- Row Decoder Dynamic Energy = 0.095pJ
       |--- Mux Decoder Dynamic Energy = 0.218pJ
       |--- Bitline & Cell Read Energy = 2.796pJ
       |--- Senseamp Dynamic Energy    = 4.812pJ
       |--- Mux Dynamic Energy         = 0.065pJ
       |--- Precharge Dynamic Energy   = 0.202pJ
 - Write Dynamic Energy = 129.983pJ
 |--- H-Tree Dynamic Energy = 0.000pJ
 |--- Mat Dynamic Energy    = 129.983pJ per mat
    |--- Predecoder Dynamic Energy = 0.068pJ
    |--- Subarray Dynamic Energy   = 32.479pJ per active subarray
       |--- Row Decoder Dynamic Energy = 0.095pJ
       |--- Mux Decoder Dynamic Energy = 0.218pJ
       |--- Mux Dynamic Energy         = 0.065pJ
       |--- Bitline & Cell Write Energy= 32.101pJ
 - Leakage Power = 19.460uW
 |--- H-Tree Leakage Power = 0.000pW
 |--- Mat Leakage Power    = 19.460uW per mat

Finished!
