User-defined configuration file (/Users/sudo/CodeProjects/Tufts/EECE0193/Final_Project/EXPERIMENTS/Input/NVSim/iso_capacity/ReadDynamicEnergy/SRAM/256KB/256KB.cfg) is loaded

Memory Cell: SRAM
Cell Area (F^2)    : 146.000 (14.600Fx10.000F)
Cell Aspect Ratio  : 1.460
SRAM Cell Access Transistor Width: 1.310F
SRAM Cell NMOS Width: 2.080F
SRAM Cell PMOS Width: 1.230F
[WARNING] Associativity setting is ignored for non-cache designs

====================
DESIGN SPECIFICATION
====================
Design Target: Random Access Memory
Capacity   : 256KB
Data Width : 128Bits (16Bytes)

Searching for the best solution that is optimized for read energy ...

=============
CONFIGURATION
=============
Bank Organization: 32 x 1
 - Row Activation   : 1 / 32
 - Column Activation: 1 / 1
Mat Organization: 2 x 2
 - Row Activation   : 2 / 2
 - Column Activation: 2 / 2
 - Subarray Size    : 16 Rows x 1024 Columns
Mux Level:
 - Senseamp Mux      : 32
 - Output Level-1 Mux: 1
 - Output Level-2 Mux: 1
Local Wire:
 - Wire Type : Local Aggressive
 - Repeater Type: No Repeaters
 - Low Swing : No
Global Wire:
 - Wire Type : Global Aggressive
 - Repeater Type: No Repeaters
 - Low Swing : No
Buffer Design Style: Latency-Optimized
=============
   RESULT
=============
Area:
 - Total Area = 405.953um x 465.353um = 188911.152um^2
 |--- Mat Area      = 12.686um x 465.353um = 5903.473um^2   (78.446%)
 |--- Subarray Area = 6.343um x 230.717um = 1463.439um^2   (79.112%)
 - Area Efficiency = 78.446%
Timing:
 -  Read Latency = 1.563ns
 |--- H-Tree Latency = 18.803ps
 |--- Mat Latency    = 1.544ns
    |--- Predecoder Latency = 170.590ps
    |--- Subarray Latency   = 1.374ns
       |--- Row Decoder Latency = 1.033ns
       |--- Bitline Latency     = 255.391ps
       |--- Senseamp Latency    = 3.988ps
       |--- Mux Latency         = 81.762ps
       |--- Precharge Latency   = 53.991ps
 - Write Latency = 1.554ns
 |--- H-Tree Latency = 9.401ps
 |--- Mat Latency    = 1.544ns
    |--- Predecoder Latency = 170.590ps
    |--- Subarray Latency   = 1.374ns
       |--- Row Decoder Latency = 1.033ns
       |--- Charge Latency      = 14.345ps
 - Read Bandwidth  = 40.493GB/s
 - Write Bandwidth = 11.647GB/s
Power:
 -  Read Dynamic Energy = 9.480pJ
 |--- H-Tree Dynamic Energy = 5.194pJ
 |--- Mat Dynamic Energy    = 4.286pJ per mat
    |--- Predecoder Dynamic Energy = 0.107pJ
    |--- Subarray Dynamic Energy   = 1.045pJ per active subarray
       |--- Row Decoder Dynamic Energy = 0.093pJ
       |--- Mux Decoder Dynamic Energy = 0.225pJ
       |--- Senseamp Dynamic Energy    = 0.012pJ
       |--- Mux Dynamic Energy         = 0.028pJ
       |--- Precharge Dynamic Energy   = 0.394pJ
 - Write Dynamic Energy = 6.722pJ
 |--- H-Tree Dynamic Energy = 5.194pJ
 |--- Mat Dynamic Energy    = 1.528pJ per mat
    |--- Predecoder Dynamic Energy = 0.107pJ
    |--- Subarray Dynamic Energy   = 0.355pJ per active subarray
       |--- Row Decoder Dynamic Energy = 0.093pJ
       |--- Mux Decoder Dynamic Energy = 0.225pJ
       |--- Mux Dynamic Energy         = 0.028pJ
 - Leakage Power = 26.013uW
 |--- H-Tree Leakage Power = 0.000pW
 |--- Mat Leakage Power    = 812.900nW per mat

Finished!
