User-defined configuration file (/Users/sudo/CodeProjects/Tufts/EECE0193/Final_Project/EXPERIMENTS/Input/NVSim/iso_capacity/ReadEDP/SRAM/512KB/512KB.cfg) is loaded

Memory Cell: SRAM
Cell Area (F^2)    : 146.000 (14.600Fx10.000F)
Cell Aspect Ratio  : 1.460
SRAM Cell Access Transistor Width: 1.310F
SRAM Cell NMOS Width: 2.080F
SRAM Cell PMOS Width: 1.230F

====================
DESIGN SPECIFICATION
====================
Design Target: Random Access Memory
Capacity   : 512KB
Data Width : 128Bits (16Bytes)

Searching for the best solution that is optimized for read energy-delay-product ...

=============
CONFIGURATION
=============
Bank Organization: 64 x 8
 - Row Activation   : 1 / 64
 - Column Activation: 8 / 8
Mat Organization: 2 x 2
 - Row Activation   : 2 / 2
 - Column Activation: 2 / 2
 - Subarray Size    : 16 Rows x 128 Columns
Mux Level:
 - Senseamp Mux      : 8
 - Output Level-1 Mux: 1
 - Output Level-2 Mux: 4
Local Wire:
 - Wire Type : Local Aggressive
 - Repeater Type: No Repeaters
 - Low Swing : No
Global Wire:
 - Wire Type : Global Aggressive
 - Repeater Type: No Repeaters
 - Low Swing : No
Buffer Design Style: Latency-Optimized
=============
   RESULT
=============
Area:
 - Total Area = 851.770um x 521.211um = 443951.423um^2
 |--- Mat Area      = 13.309um x 65.151um = 867.093um^2   (66.761%)
 |--- Subarray Area = 6.654um x 31.144um = 207.243um^2   (69.831%)
 - Area Efficiency = 66.761%
Timing:
 -  Read Latency = 558.122ps
 |--- H-Tree Latency = 205.001ps
 |--- Mat Latency    = 353.121ps
    |--- Predecoder Latency = 111.441ps
    |--- Subarray Latency   = 241.679ps
       |--- Row Decoder Latency = 144.822ps
       |--- Bitline Latency     = 52.773ps
       |--- Senseamp Latency    = 3.988ps
       |--- Mux Latency         = 40.097ps
       |--- Precharge Latency   = 49.444ps
 - Write Latency = 455.621ps
 |--- H-Tree Latency = 102.501ps
 |--- Mat Latency    = 353.121ps
    |--- Predecoder Latency = 111.441ps
    |--- Subarray Latency   = 241.679ps
       |--- Row Decoder Latency = 144.822ps
       |--- Charge Latency      = 29.706ps
 - Read Bandwidth  = 109.364GB/s
 - Write Bandwidth = 66.203GB/s
Power:
 -  Read Dynamic Energy = 29.094pJ
 |--- H-Tree Dynamic Energy = 23.976pJ
 |--- Mat Dynamic Energy    = 0.640pJ per mat
    |--- Predecoder Dynamic Energy = 0.022pJ
    |--- Subarray Dynamic Energy   = 0.154pJ per active subarray
       |--- Row Decoder Dynamic Energy = 0.016pJ
       |--- Mux Decoder Dynamic Energy = 0.036pJ
       |--- Senseamp Dynamic Energy    = 0.006pJ
       |--- Mux Dynamic Energy         = 0.006pJ
       |--- Precharge Dynamic Energy   = 0.054pJ
 - Write Dynamic Energy = 26.038pJ
 |--- H-Tree Dynamic Energy = 23.976pJ
 |--- Mat Dynamic Energy    = 0.258pJ per mat
    |--- Predecoder Dynamic Energy = 0.022pJ
    |--- Subarray Dynamic Energy   = 0.059pJ per active subarray
       |--- Row Decoder Dynamic Energy = 0.016pJ
       |--- Mux Decoder Dynamic Energy = 0.036pJ
       |--- Mux Dynamic Energy         = 0.006pJ
 - Leakage Power = 62.492uW
 |--- H-Tree Leakage Power = 0.000pW
 |--- Mat Leakage Power    = 122.054nW per mat

Finished!
