User-defined configuration file (/Users/sudo/CodeProjects/Tufts/EECE0193/Final_Project/EXPERIMENTS/Input/Destiny/Area/PCRAM/2048KB/2048KB.cfg) is loaded

====================
DESIGN SPECIFICATION
====================
Design Target: Random Access Memory
Capacity   : 2MB
Data Width : 128Bits (16Bytes)

Searching for the best solution that is optimized for area ...
Using cell file: ./cell_defs/PCRAM.cell
numSolutions = 24237 / numDesigns = 218700

=============
   SUMMARY   
=============
Optimized for: Area
Memory Cell: PCRAM (Phase-Change)
Cell Area (F^2)    : 9 (3Fx3F)
Cell Aspect Ratio  : 1
Cell Turned-On Resistance : 1Kohm
Cell Turned-Off Resistance: 1Mohm
Read Mode: Voltage-Sensing
  - Read Current: 40uA
Reset Mode: Current
  - Reset Current: 300uA
  - Reset Pulse: 40ns
Set Mode: Current
  - Set Current: 150uA
  - Set Pulse: 150ns
Access Type: CMOS

=============
CONFIGURATION
=============
Bank Organization: 128 x 32 x 16
 - Row Activation   : 1 / 128 x 1
 - Column Activation: 32 / 32 x 1
Mat Organization: 2 x 2
 - Row Activation   : 2 / 2
 - Column Activation: 2 / 2
 - Subarray Size    : 4 Rows x 16 Columns
Mux Level:
 - Senseamp Mux      : 16
 - Output Level-1 Mux: 1
 - Output Level-2 Mux: 1
Local Wire:
 - Wire Type : Local Aggressive
 - Repeater Type: No Repeaters
 - Low Swing : No
Global Wire:
 - Wire Type : Global Aggressive
 - Repeater Type: No Repeaters
 - Low Swing : No
Buffer Design Style: Latency-Optimized
=============
   RESULT
=============
Area:
 - Total Area = 658.121um x 125.645um = 117277um^2
 |--- Mat Area      = 5.14157um x 3.92642um = 20.1879um^2   (88.3803%)
 |--- Subarray Area = 1.98653um x 1.96321um = 3.89997um^2   (114.374%)
 |--- TSV Area      = 81um^2
 - Area Efficiency = 62.3154%
Timing:
 -  Read Latency = 276.906ps
 |--- TSV Latency    = 0.171162ps
 |--- H-Tree Latency = 56.6675ps
 |--- Mat Latency    = 220.067ps
    |--- Predecoder Latency = 51.928ps
    |--- Subarray Latency   = 168.139ps
       |--- Row Decoder Latency = 30.0089ps
       |--- Bitline Latency     = 32.7033ps,1.64844ps,32.7033ps
       |--- Senseamp Latency    = 3.9879ps
       |--- Mux Latency         = 17.1247ps
       |--- Precharge Latency   = 10.9066ps
       |--- Read Pulse   = 0ps
 - Write Total Latency = 150.195ns
 - RESET Latency = 40.1951ns
 |--- TSV Latency    = 0.0855811ps
 |--- H-Tree Latency = 28.3338ps
 |--- Mat Latency    = 40.1667ns
    |--- Predecoder Latency = 51.928ps
    |--- Subarray Latency   = 40.1147ns
       |--- RESET Pulse Duration = 40ns
       |--- Row Decoder Latency  = 30.0089ps
       |--- Charge Latency   = 0.401411ps
 - SET Latency   = 150.195ns
 |--- TSV Latency    = 0.0855811ps
 |--- H-Tree Latency = 28.3338ps
 |--- Mat Latency    = 150.167ns
    |--- Predecoder Latency = 51.928ps
    |--- Subarray Latency   = 150.115ns
       |--- SET Pulse Duration   = 150ns
       |--- Row Decoder Latency  = 30.0089ps
       |--- Charger Latency      = 0.401411ps
 - Read Bandwidth  = 107.356GB/s
 - Write Bandwidth = 106.585MB/s
Power:
 -  Read Dynamic Energy = 838.59pJ
 |--- TSV Dynamic Energy    = 237.176pJ
 |--- H-Tree Dynamic Energy = 12.2209pJ
 |--- Mat Dynamic Energy    = 18.4123pJ per mat
    |--- Predecoder Dynamic Energy = 0.00151266pJ
    |--- Subarray Dynamic Energy   = 4.60269pJ per active subarray
       |--- Row Decoder Dynamic Energy = 0.000776165pJ
       |--- Mux Decoder Dynamic Energy = 0.0248606pJ
       |--- Bitline & Cell Read Energy = 0.000255226pJ
       |--- Senseamp Dynamic Energy    = 0.000363496pJ
       |--- Mux Dynamic Energy         = 0.00202883pJ
       |--- Precharge Dynamic Energy   = 0.00565425pJ
 - Write Dynamic Energy = 11.7732nJ
 - RESET Dynamic Energy = 6.39713nJ
 |--- TSV Dynamic Energy    = 237.176pJ
 |--- H-Tree Dynamic Energy = 12.2209pJ
 |--- Mat Dynamic Energy    = 192.117pJ per mat
    |--- Predecoder Dynamic Energy = 0.00151266pJ
    |--- Subarray Dynamic Energy   = 90.0296pJ per active subarray
       |--- Row Decoder Dynamic Energy = 0.000776165pJ
       |--- Mux Decoder Dynamic Energy = 0.0248606pJ
       |--- Mux Dynamic Energy         = 0.00202883pJ
       |--- Cell RESET Dynamic Energy  = 48.0019pJ  0pJ
       |--- Single Cell RESET Energy  = 9.6pJ  0pJ
 - SET Dynamic Energy = 11.7731nJ
 |--- H-Tree Dynamic Energy = 12.2209pJ
 |--- Mat Dynamic Energy    = 360.117pJ per mat
    |--- Predecoder Dynamic Energy = 0.00151266pJ
    |--- Subarray Dynamic Energy   = 90.0296pJ per active subarray
       |--- Row Decoder Dynamic Energy = 0.000776165pJ
       |--- Mux Decoder Dynamic Energy = 0.0248606pJ
       |--- Mux Dynamic Energy         = 0.00202883pJ
       |--- Cell SET Dynamic Energy    = 90.0019pJ  0pJ  90.0296pJ
       |--- Single Cell SET Energy  = 18pJ  0pJ
 - Leakage Power = 1.05049mW
 |--- TSV Leakage              = 0pW
 |--- H-Tree Leakage Power     = 0pW
 |--- Mat Leakage Power        = 16.0292nW per mat

Finished!
