User-defined configuration file (/Users/sudo/CodeProjects/Tufts/EECE0193/Final_Project/EXPERIMENTS/Input/NVSim/iso_area/ReadEDP/STTRAM/1024KB/1024KB.cfg) is loaded

Memory Cell: MRAM (Magnetoresistive)
Cell Area (F^2)    : 54.000 (5.400Fx10.000F)
Cell Aspect Ratio  : 0.540
Cell Turned-On Resistance : 3.000Kohm
Cell Turned-Off Resistance: 6.000Kohm
Read Mode: Current-Sensing
  - Read Voltage: 0.250V
Reset Mode: Current
  - Reset Current: 80.000uA
  - Reset Pulse: 10.000ns
Set Mode: Current
  - Set Current: 80.000uA
  - Set Pulse: 10.000ns
Access Type: CMOS
[WARNING] Associativity setting is ignored for non-cache designs

====================
DESIGN SPECIFICATION
====================
Design Target: Random Access Memory
Capacity   : 1MB
Data Width : 128Bits (16Bytes)

Searching for the best solution that is optimized for read energy-delay-product ...

=============
CONFIGURATION
=============
Bank Organization: 8 x 2
 - Row Activation   : 1 / 8
 - Column Activation: 2 / 2
Mat Organization: 2 x 2
 - Row Activation   : 2 / 2
 - Column Activation: 2 / 2
 - Subarray Size    : 512 Rows x 256 Columns
Mux Level:
 - Senseamp Mux      : 16
 - Output Level-1 Mux: 1
 - Output Level-2 Mux: 1
Local Wire:
 - Wire Type : Local Aggressive
 - Repeater Type: No Repeaters
 - Low Swing : No
Global Wire:
 - Wire Type : Global Aggressive
 - Repeater Type: No Repeaters
 - Low Swing : No
Buffer Design Style: Latency-Optimized
=============
   RESULT
=============
Area:
 - Total Area = 1.114mm x 301.999um = 336423.584um^2
 |--- Mat Area      = 139.248um x 151.000um = 21026.474um^2   (65.169%)
 |--- Subarray Area = 69.624um x 71.019um = 4944.661um^2   (69.281%)
 - Area Efficiency = 65.169%
Timing:
 -  Read Latency = 2.192ns
 |--- H-Tree Latency = 170.761ps
 |--- Mat Latency    = 2.021ns
    |--- Predecoder Latency = 210.944ps
    |--- Subarray Latency   = 1.810ns
       |--- Row Decoder Latency = 285.524ps
       |--- Bitline Latency     = 51.586ps
       |--- Senseamp Latency    = 1.456ns
       |--- Mux Latency         = 17.125ps
       |--- Precharge Latency   = 911.850ps
 - Write Latency = 10.627ns
 |--- H-Tree Latency = 85.381ps
 |--- Mat Latency    = 10.541ns
    |--- Predecoder Latency = 210.944ps
    |--- Subarray Latency   = 10.330ns
       |--- Write Pulse Duration = 10.000ns
       |--- Row Decoder Latency = 285.524ps
       |--- Charge Latency      = 85.567ps
 - Read Bandwidth  = 6.567GB/s
 - Write Bandwidth = 1.549GB/s
Power:
 -  Read Dynamic Energy = 50.324pJ
 |--- H-Tree Dynamic Energy = 17.179pJ
 |--- Mat Dynamic Energy    = 16.572pJ per mat
    |--- Predecoder Dynamic Energy = 0.070pJ
    |--- Subarray Dynamic Energy   = 4.126pJ per active subarray
       |--- Row Decoder Dynamic Energy = 0.053pJ
       |--- Mux Decoder Dynamic Energy = 0.117pJ
       |--- Bitline & Cell Read Energy = 1.398pJ
       |--- Senseamp Dynamic Energy    = 2.406pJ
       |--- Mux Dynamic Energy         = 0.032pJ
       |--- Precharge Dynamic Energy   = 0.103pJ
 - Write Dynamic Energy = 149.882pJ
 |--- H-Tree Dynamic Energy = 17.179pJ
 |--- Mat Dynamic Energy    = 66.351pJ per mat
    |--- Predecoder Dynamic Energy = 0.070pJ
    |--- Subarray Dynamic Energy   = 16.570pJ per active subarray
       |--- Row Decoder Dynamic Energy = 0.053pJ
       |--- Mux Decoder Dynamic Energy = 0.117pJ
       |--- Mux Dynamic Energy         = 0.032pJ
       |--- Bitline & Cell Write Energy= 16.368pJ
 - Leakage Power = 176.494uW
 |--- H-Tree Leakage Power = 0.000pW
 |--- Mat Leakage Power    = 11.031uW per mat

Finished!
