User-defined configuration file (/Users/sudo/CodeProjects/Tufts/EECE0193/Final_Project/EXPERIMENTS/Input/NVSim/iso_area/LeakagePower/STTRAM/256KB/256KB.cfg) is loaded

Memory Cell: MRAM (Magnetoresistive)
Cell Area (F^2)    : 54.000 (5.400Fx10.000F)
Cell Aspect Ratio  : 0.540
Cell Turned-On Resistance : 3.000Kohm
Cell Turned-Off Resistance: 6.000Kohm
Read Mode: Current-Sensing
  - Read Voltage: 0.250V
Reset Mode: Current
  - Reset Current: 80.000uA
  - Reset Pulse: 10.000ns
Set Mode: Current
  - Set Current: 80.000uA
  - Set Pulse: 10.000ns
Access Type: CMOS

====================
DESIGN SPECIFICATION
====================
Design Target: Random Access Memory
Capacity   : 256KB
Data Width : 128Bits (16Bytes)

Searching for the best solution that is optimized for leakage power ...

=============
CONFIGURATION
=============
Bank Organization: 1 x 1
 - Row Activation   : 1 / 1
 - Column Activation: 1 / 1
Mat Organization: 2 x 2
 - Row Activation   : 2 / 2
 - Column Activation: 2 / 2
 - Subarray Size    : 512 Rows x 1024 Columns
Mux Level:
 - Senseamp Mux      : 32
 - Output Level-1 Mux: 1
 - Output Level-2 Mux: 1
Local Wire:
 - Wire Type : Local Aggressive
 - Repeater Type: No Repeaters
 - Low Swing : No
Global Wire:
 - Wire Type : Global Aggressive
 - Repeater Type: No Repeaters
 - Low Swing : No
Buffer Design Style: Latency-Optimized
=============
   RESULT
=============
Area:
 - Total Area = 132.298um x 490.129um = 64843.005um^2
 |--- Mat Area      = 132.298um x 490.129um = 64843.005um^2   (84.529%)
 |--- Subarray Area = 66.149um x 239.979um = 15874.367um^2   (86.320%)
 - Area Efficiency = 84.529%
Timing:
 -  Read Latency = 3.759ns
 |--- H-Tree Latency = 0.000ps
 |--- Mat Latency    = 3.759ns
    |--- Predecoder Latency = 247.917ps
    |--- Subarray Latency   = 3.511ns
       |--- Row Decoder Latency = 1.970ns
       |--- Bitline Latency     = 51.586ps
       |--- Senseamp Latency    = 1.456ns
       |--- Mux Latency         = 32.891ps
       |--- Precharge Latency   = 916.441ps
 - Write Latency = 12.218ns
 |--- H-Tree Latency = 0.000ps
 |--- Mat Latency    = 12.218ns
    |--- Predecoder Latency = 247.917ps
    |--- Subarray Latency   = 11.970ns
       |--- Write Pulse Duration = 10.000ns
       |--- Row Decoder Latency = 1.970ns
       |--- Charge Latency      = 85.567ps
 - Read Bandwidth  = 6.512GB/s
 - Write Bandwidth = 1.337GB/s
Power:
 -  Read Dynamic Energy = 35.235pJ
 |--- H-Tree Dynamic Energy = 0.000pJ
 |--- Mat Dynamic Energy    = 35.235pJ per mat
    |--- Predecoder Dynamic Energy = 0.134pJ
    |--- Subarray Dynamic Energy   = 8.775pJ per active subarray
       |--- Row Decoder Dynamic Energy = 0.179pJ
       |--- Mux Decoder Dynamic Energy = 0.404pJ
       |--- Bitline & Cell Read Energy = 2.796pJ
       |--- Senseamp Dynamic Energy    = 4.812pJ
       |--- Mux Dynamic Energy         = 0.125pJ
       |--- Precharge Dynamic Energy   = 0.394pJ
 - Write Dynamic Energy = 133.914pJ
 |--- H-Tree Dynamic Energy = 0.000pJ
 |--- Mat Dynamic Energy    = 133.914pJ per mat
    |--- Predecoder Dynamic Energy = 0.134pJ
    |--- Subarray Dynamic Energy   = 33.445pJ per active subarray
       |--- Row Decoder Dynamic Energy = 0.179pJ
       |--- Mux Decoder Dynamic Energy = 0.404pJ
       |--- Mux Dynamic Energy         = 0.125pJ
       |--- Bitline & Cell Write Energy= 32.737pJ
 - Leakage Power = 20.742uW
 |--- H-Tree Leakage Power = 0.000pW
 |--- Mat Leakage Power    = 20.742uW per mat

Finished!
