User-defined configuration file (/Users/sudo/CodeProjects/Tufts/EECE0193/Final_Project/EXPERIMENTS/Input/Destiny/iso_area/ReadDynamicEnergy/RRAM/128KB/128KB.cfg) is loaded

====================
DESIGN SPECIFICATION
====================
Design Target: Random Access Memory
Capacity   : 128KB
Data Width : 128Bits (16Bytes)

Searching for the best solution that is optimized for read energy ...
Using cell file: ./cell_defs/RRAM.cell
numSolutions = 7819 / numDesigns = 218700

=============
   SUMMARY   
=============
Optimized for: Read Energy
Memory Cell: RRAM (Memristor)
Cell Area (F^2)    : 4 (2Fx2F)
Cell Aspect Ratio  : 1
Cell Turned-On Resistance : 1Mohm
Cell Turned-Off Resistance: 10Mohm
Read Mode: Current-Sensing
  - Read Voltage: 0.4V
Reset Mode: Voltage
  - Reset Voltage: 2V
  - Reset Pulse: 10ns
Set Mode: Voltage
  - Set Voltage: 2V
  - Set Pulse: 10ns
Access Type: None Access Device

=============
CONFIGURATION
=============
Bank Organization: 128 x 4
 - Row Activation   : 1 / 128
 - Column Activation: 4 / 4
Mat Organization: 2 x 2
 - Row Activation   : 2 / 2
 - Column Activation: 2 / 2
 - Subarray Size    : 1 Rows x 512 Columns
Mux Level:
 - Senseamp Mux      : 64
 - Output Level-1 Mux: 1
 - Output Level-2 Mux: 1
Local Wire:
 - Wire Type : Local Aggressive
 - Repeater Type: No Repeaters
 - Low Swing : No
Global Wire:
 - Wire Type : Global Aggressive
 - Repeater Type: No Repeaters
 - Low Swing : No
Buffer Design Style: Latency-Optimized
=============
   RESULT
=============
Area:
 - Total Area = 2.53396mm x 381.469um = 966627um^2
 |--- Mat Area      = 19.7966um x 95.3673um = 1887.94um^2   (0.210013%)
 |--- Subarray Area = 9.89828um x 46.97um = 464.922um^2   (0.213204%)
 - Area Efficiency = 0.210013%
Timing:
 -  Read Latency = 2.57263ns
 |--- H-Tree Latency = 795.596ps
 |--- Mat Latency    = 1.77703ns
    |--- Predecoder Latency = 21.944ps
    |--- Subarray Latency   = 1.75509ns
       |--- Row Decoder Latency = 152.673ps
       |--- Bitline Latency     = 0.000136593ps,0ps,0ps
       |--- Senseamp Latency    = 1.45399ns
       |--- Mux Latency         = 148.427ps
       |--- Precharge Latency   = 10.617ps
       |--- Read Pulse   = 0ps
 - Write Latency = 20.5725ns
 |--- H-Tree Latency = 397.798ps
 |--- Mat Latency    = 20.1747ns
    |--- Predecoder Latency = 21.944ps
    |--- Subarray Latency   = 20.1528ns
       |--- Row Decoder Latency = 152.673ps
       |--- Charge Latency      = 1.52774ps
 - Read Bandwidth  = 9.91921GB/s
 - Write Bandwidth = 793.936MB/s
Power:
 -  Read Dynamic Energy = 64.8628pJ
 |--- H-Tree Dynamic Energy = 40.5742pJ
 |--- Mat Dynamic Energy    = 6.07214pJ per mat
    |--- Predecoder Dynamic Energy = 0.000471738pJ
    |--- Subarray Dynamic Energy   = 1.51792pJ per active subarray
       |--- Row Decoder Dynamic Energy = 0.0445197pJ
       |--- Mux Decoder Dynamic Energy = 0.0681955pJ
       |--- Bitline & Cell Read Energy = 0.00372221pJ
       |--- Senseamp Dynamic Energy    = 1.20291pJ
       |--- Mux Dynamic Energy         = 0.012661pJ
       |--- Precharge Dynamic Energy   = 0.185908pJ
 - Write Dynamic Energy = 427.529pJ
 |--- H-Tree Dynamic Energy = 40.5742pJ
 |--- Mat Dynamic Energy    = 96.7387pJ per mat
    |--- Predecoder Dynamic Energy = 0.000471738pJ
    |--- Subarray Dynamic Energy   = 24.1845pJ per active subarray
       |--- Row Decoder Dynamic Energy = 0.0445197pJ
       |--- Mux Decoder Dynamic Energy = 0.0681955pJ
       |--- Mux Dynamic Energy         = 0.012661pJ
 - Leakage Power = 2.53405mW
 |--- H-Tree Leakage Power     = 0pW
 |--- Mat Leakage Power        = 4.94932uW per mat

Finished!
