User-defined configuration file (/Users/sudo/CodeProjects/Tufts/EECE0193/Final_Project/EXPERIMENTS/Input/NVSim/iso_capacity/WriteDynamicEnergy/SRAM/32KB/32KB.cfg) is loaded

Memory Cell: SRAM
Cell Area (F^2)    : 146.000 (14.600Fx10.000F)
Cell Aspect Ratio  : 1.460
SRAM Cell Access Transistor Width: 1.310F
SRAM Cell NMOS Width: 2.080F
SRAM Cell PMOS Width: 1.230F
[WARNING] Associativity setting is ignored for non-cache designs

====================
DESIGN SPECIFICATION
====================
Design Target: Random Access Memory
Capacity   : 32KB
Data Width : 128Bits (16Bytes)

Searching for the best solution that is optimized for write energy ...

=============
CONFIGURATION
=============
Bank Organization: 1 x 1
 - Row Activation   : 1 / 1
 - Column Activation: 1 / 1
Mat Organization: 2 x 2
 - Row Activation   : 2 / 2
 - Column Activation: 2 / 2
 - Subarray Size    : 256 Rows x 256 Columns
Mux Level:
 - Senseamp Mux      : 1
 - Output Level-1 Mux: 1
 - Output Level-2 Mux: 8
Local Wire:
 - Wire Type : Local Aggressive
 - Repeater Type: No Repeaters
 - Low Swing : No
Global Wire:
 - Wire Type : Global Aggressive
 - Repeater Type: No Repeaters
 - Low Swing : No
Buffer Design Style: Latency-Optimized
=============
   RESULT
=============
Area:
 - Total Area = 176.076um x 120.596um = 21234.090um^2
 |--- Mat Area      = 176.076um x 120.596um = 21234.090um^2   (87.238%)
 |--- Subarray Area = 84.416um x 60.298um = 5090.135um^2   (90.981%)
 - Area Efficiency = 87.238%
Timing:
 -  Read Latency = 747.492ps
 |--- H-Tree Latency = 0.000ps
 |--- Mat Latency    = 747.492ps
    |--- Predecoder Latency = 197.124ps
    |--- Subarray Latency   = 550.368ps
       |--- Row Decoder Latency = 207.315ps
       |--- Bitline Latency     = 322.628ps
       |--- Senseamp Latency    = 3.759ps
       |--- Mux Latency         = 16.666ps
       |--- Precharge Latency   = 710.024ps
 - Write Latency = 747.492ps
 |--- H-Tree Latency = 0.000ps
 |--- Mat Latency    = 747.492ps
    |--- Predecoder Latency = 197.124ps
    |--- Subarray Latency   = 550.368ps
       |--- Row Decoder Latency = 207.315ps
       |--- Charge Latency      = 277.455ps
 - Read Bandwidth  = 15.194GB/s
 - Write Bandwidth = 29.071GB/s
Power:
 -  Read Dynamic Energy = 5.659pJ
 |--- H-Tree Dynamic Energy = 0.000pJ
 |--- Mat Dynamic Energy    = 5.659pJ per mat
    |--- Predecoder Dynamic Energy = 0.070pJ
    |--- Subarray Dynamic Energy   = 1.397pJ per active subarray
       |--- Row Decoder Dynamic Energy = 0.029pJ
       |--- Mux Decoder Dynamic Energy = 0.068pJ
       |--- Senseamp Dynamic Energy    = 0.088pJ
       |--- Mux Dynamic Energy         = 0.006pJ
       |--- Precharge Dynamic Energy   = 0.103pJ
 - Write Dynamic Energy = 1.031pJ
 |--- H-Tree Dynamic Energy = 0.000pJ
 |--- Mat Dynamic Energy    = 1.031pJ per mat
    |--- Predecoder Dynamic Energy = 0.070pJ
    |--- Subarray Dynamic Energy   = 0.240pJ per active subarray
       |--- Row Decoder Dynamic Energy = 0.029pJ
       |--- Mux Decoder Dynamic Energy = 0.068pJ
       |--- Mux Dynamic Energy         = 0.006pJ
 - Leakage Power = 2.998uW
 |--- H-Tree Leakage Power = 0.000pW
 |--- Mat Leakage Power    = 2.998uW per mat

Finished!
