User-defined configuration file (/Users/sudo/CodeProjects/Tufts/EECE0193/Final_Project/EXPERIMENTS/Input/NVSim/iso_area/WriteDynamicEnergy/STTRAM/1024KB/1024KB.cfg) is loaded

Memory Cell: MRAM (Magnetoresistive)
Cell Area (F^2)    : 54.000 (5.400Fx10.000F)
Cell Aspect Ratio  : 0.540
Cell Turned-On Resistance : 3.000Kohm
Cell Turned-Off Resistance: 6.000Kohm
Read Mode: Current-Sensing
  - Read Voltage: 0.250V
Reset Mode: Current
  - Reset Current: 80.000uA
  - Reset Pulse: 10.000ns
Set Mode: Current
  - Set Current: 80.000uA
  - Set Pulse: 10.000ns
Access Type: CMOS
[WARNING] Associativity setting is ignored for non-cache designs

====================
DESIGN SPECIFICATION
====================
Design Target: Random Access Memory
Capacity   : 1MB
Data Width : 128Bits (16Bytes)

Searching for the best solution that is optimized for write energy ...

=============
CONFIGURATION
=============
Bank Organization: 4 x 1
 - Row Activation   : 1 / 4
 - Column Activation: 1 / 1
Mat Organization: 2 x 2
 - Row Activation   : 2 / 2
 - Column Activation: 2 / 2
 - Subarray Size    : 256 Rows x 2048 Columns
Mux Level:
 - Senseamp Mux      : 64
 - Output Level-1 Mux: 1
 - Output Level-2 Mux: 1
Local Wire:
 - Wire Type : Local Aggressive
 - Repeater Type: No Repeaters
 - Low Swing : No
Global Wire:
 - Wire Type : Global Aggressive
 - Repeater Type: No Repeaters
 - Low Swing : No
Buffer Design Style: Latency-Optimized
=============
   RESULT
=============
Area:
 - Total Area = 271.988um x 938.794um = 255340.325um^2
 |--- Mat Area      = 67.997um x 938.794um = 63835.081um^2   (85.864%)
 |--- Subarray Area = 33.998um x 465.259um = 15818.097um^2   (86.627%)
 - Area Efficiency = 85.864%
Timing:
 -  Read Latency = 8.897ns
 |--- H-Tree Latency = 7.921ps
 |--- Mat Latency    = 8.889ns
    |--- Predecoder Latency = 272.635ps
    |--- Subarray Latency   = 8.616ns
       |--- Row Decoder Latency = 7.082ns
       |--- Bitline Latency     = 13.793ps
       |--- Senseamp Latency    = 1.456ns
       |--- Mux Latency         = 64.423ps
       |--- Precharge Latency   = 455.331ps
 - Write Latency = 17.359ns
 |--- H-Tree Latency = 3.960ps
 |--- Mat Latency    = 17.355ns
    |--- Predecoder Latency = 272.635ps
    |--- Subarray Latency   = 17.082ns
       |--- Write Pulse Duration = 10.000ns
       |--- Row Decoder Latency = 7.082ns
       |--- Charge Latency      = 28.013ps
 - Read Bandwidth  = 8.042GB/s
 - Write Bandwidth = 936.655MB/s
Power:
 -  Read Dynamic Energy = 42.086pJ
 |--- H-Tree Dynamic Energy = 2.742pJ
 |--- Mat Dynamic Energy    = 39.344pJ per mat
    |--- Predecoder Dynamic Energy = 0.202pJ
    |--- Subarray Dynamic Energy   = 9.785pJ per active subarray
       |--- Row Decoder Dynamic Energy = 0.348pJ
       |--- Mux Decoder Dynamic Energy = 0.776pJ
       |--- Bitline & Cell Read Energy = 2.796pJ
       |--- Senseamp Dynamic Energy    = 4.812pJ
       |--- Mux Dynamic Energy         = 0.244pJ
       |--- Precharge Dynamic Energy   = 0.776pJ
 - Write Dynamic Energy = 137.910pJ
 |--- H-Tree Dynamic Energy = 2.742pJ
 |--- Mat Dynamic Energy    = 135.168pJ per mat
    |--- Predecoder Dynamic Energy = 0.202pJ
    |--- Subarray Dynamic Energy   = 33.741pJ per active subarray
       |--- Row Decoder Dynamic Energy = 0.348pJ
       |--- Mux Decoder Dynamic Energy = 0.776pJ
       |--- Mux Dynamic Energy         = 0.244pJ
       |--- Bitline & Cell Write Energy= 32.373pJ
 - Leakage Power = 80.819uW
 |--- H-Tree Leakage Power = 0.000pW
 |--- Mat Leakage Power    = 20.205uW per mat

Finished!
