User-defined configuration file (/Users/sudo/CodeProjects/Tufts/EECE0193/Final_Project/EXPERIMENTS/Input/Destiny/Area/RRAM/128KB/128KB.cfg) is loaded

====================
DESIGN SPECIFICATION
====================
Design Target: Random Access Memory
Capacity   : 128KB
Data Width : 128Bits (16Bytes)

Searching for the best solution that is optimized for area ...
Using cell file: ./cell_defs/RRAM.cell
numSolutions = 7819 / numDesigns = 218700

=============
   SUMMARY   
=============
Optimized for: Area
Memory Cell: RRAM (Memristor)
Cell Area (F^2)    : 4 (2Fx2F)
Cell Aspect Ratio  : 1
Cell Turned-On Resistance : 1Mohm
Cell Turned-Off Resistance: 10Mohm
Read Mode: Current-Sensing
  - Read Voltage: 0.4V
Reset Mode: Voltage
  - Reset Voltage: 2V
  - Reset Pulse: 10ns
Set Mode: Voltage
  - Set Voltage: 2V
  - Set Pulse: 10ns
Access Type: None Access Device

=============
CONFIGURATION
=============
Bank Organization: 16 x 32 x 16
 - Row Activation   : 1 / 16 x 1
 - Column Activation: 32 / 32 x 1
Mat Organization: 2 x 2
 - Row Activation   : 2 / 2
 - Column Activation: 2 / 2
 - Subarray Size    : 1 Rows x 32 Columns
Mux Level:
 - Senseamp Mux      : 32
 - Output Level-1 Mux: 1
 - Output Level-2 Mux: 1
Local Wire:
 - Wire Type : Local Aggressive
 - Repeater Type: No Repeaters
 - Low Swing : No
Global Wire:
 - Wire Type : Global Aggressive
 - Repeater Type: No Repeaters
 - Low Swing : No
Buffer Design Style: Latency-Optimized
=============
   RESULT
=============
Area:
 - Total Area = 613.627um x 228.253um = 174163um^2
 |--- Mat Area      = 38.3517um x 7.13292um = 273.559um^2   (1.44939%)
 |--- Subarray Area = 18.5866um x 3.56646um = 66.2882um^2   (1.49534%)
 |--- TSV Area      = 81um^2
 - Area Efficiency = 1.1656%
Timing:
 -  Read Latency = 1.68428ns
 |--- TSV Latency    = 0.171162ps
 |--- H-Tree Latency = 66.6126ps
 |--- Mat Latency    = 1.6175ns
    |--- Predecoder Latency = 21.944ps
    |--- Subarray Latency   = 1.59555ns
       |--- Row Decoder Latency = 32.9783ps
       |--- Bitline Latency     = 0.000136593ps,3.54105e+10s,6.39069e+10s
       |--- Senseamp Latency    = 1.45399ns
       |--- Mux Latency         = 81.7621ps
       |--- Precharge Latency   = 9.47551ps
       |--- Read Pulse   = 0ps
 - Write Latency = 20.1167ns
 |--- TSV Latency    = 0.0855811ps
 |--- H-Tree Latency = 33.3063ps
 |--- Mat Latency    = 20.0833ns
    |--- Predecoder Latency = 21.944ps
    |--- Subarray Latency   = 20.0613ns
       |--- Row Decoder Latency = 32.9783ps
       |--- Charge Latency      = 1.52774ps
 - Read Bandwidth  = 10.1778GB/s
 - Write Bandwidth = 797.554MB/s
Power:
 -  Read Dynamic Energy = 267.61pJ
 |--- TSV Dynamic Energy    = 231.121pJ
 |--- H-Tree Dynamic Energy = 14.6145pJ
 |--- Mat Dynamic Energy    = 0.683596pJ per mat
    |--- Predecoder Dynamic Energy = 0.000439014pJ
    |--- Subarray Dynamic Energy   = 0.170789pJ per active subarray
       |--- Row Decoder Dynamic Energy = 0.00240997pJ
       |--- Mux Decoder Dynamic Energy = 0.00365898pJ
       |--- Bitline & Cell Read Energy = 0.000465276pJ
       |--- Senseamp Dynamic Energy    = 0.150363pJ
       |--- Mux Dynamic Energy         = 0.0008718pJ
       |--- Precharge Dynamic Energy   = 0.0130196pJ
 - Write Dynamic Energy = 631.493pJ
 |--- TSV Dynamic Energy    = 231.121pJ
 |--- H-Tree Dynamic Energy = 14.6145pJ
 |--- Mat Dynamic Energy    = 12.0549pJ per mat
    |--- Predecoder Dynamic Energy = 0.000439014pJ
    |--- Subarray Dynamic Energy   = 3.01363pJ per active subarray
       |--- Row Decoder Dynamic Energy = 0.00240997pJ
       |--- Mux Decoder Dynamic Energy = 0.00365898pJ
       |--- Mux Dynamic Energy         = 0.0008718pJ
 - Leakage Power = 4.96704mW
 |--- TSV Leakage              = 0pW
 |--- H-Tree Leakage Power     = 0pW
 |--- Mat Leakage Power        = 606.328nW per mat

Finished!
