User-defined configuration file (/Users/sudo/CodeProjects/Tufts/EECE0193/Final_Project/EXPERIMENTS/Input/NVSim/ReadDynamicEnergy/RRAM/4096KB/4096KB.cfg) is loaded

Memory Cell: RRAM (Memristor)
Cell Area (F^2)    : 4.000 (2.000Fx2.000F)
Cell Aspect Ratio  : 1.000
Cell Turned-On Resistance : 1.000Mohm
Cell Turned-Off Resistance: 10.000Mohm
Read Mode: Current-Sensing
  - Read Voltage: 0.400V
Reset Mode: Voltage
  - Reset Voltage: 2.000V
  - Reset Pulse: 10.000ns
Set Mode: Voltage
  - Set Voltage: 2.000V
  - Set Pulse: 10.000ns
Access Type: None Access Device

====================
DESIGN SPECIFICATION
====================
Design Target: Random Access Memory
Capacity   : 4MB
Data Width : 128Bits (16Bytes)

Searching for the best solution that is optimized for read energy ...

=============
CONFIGURATION
=============
Bank Organization: 32 x 4
 - Row Activation   : 1 / 32
 - Column Activation: 4 / 4
Mat Organization: 2 x 2
 - Row Activation   : 2 / 2
 - Column Activation: 2 / 2
 - Subarray Size    : 128 Rows x 512 Columns
Mux Level:
 - Senseamp Mux      : 64
 - Output Level-1 Mux: 1
 - Output Level-2 Mux: 1
Local Wire:
 - Wire Type : Local Aggressive
 - Repeater Type: No Repeaters
 - Low Swing : No
Global Wire:
 - Wire Type : Global Aggressive
 - Repeater Type: No Repeaters
 - Low Swing : No
Buffer Design Style: Latency-Optimized
=============
   RESULT
=============
Area:
 - Total Area = 1.004mm x 435.685um = 437278.285um^2
 |--- Mat Area      = 31.364um x 108.921um = 3416.237um^2   (14.856%)
 |--- Subarray Area = 15.682um x 51.568um = 808.696um^2   (15.689%)
 - Area Efficiency = 14.856%
Timing:
 -  Read Latency = 2.392ns
 |--- H-Tree Latency = 196.228ps
 |--- Mat Latency    = 2.196ns
    |--- Predecoder Latency = 175.068ps
    |--- Subarray Latency   = 2.021ns
       |--- Row Decoder Latency = 208.502ps
       |--- Bitline Latency     = 2.238ps
       |--- Senseamp Latency    = 1.454ns
       |--- Mux Latency         = 122.059ps
       |--- Precharge Latency   = 354.313ps
 - Write Latency = 20.837ns
 |--- H-Tree Latency = 98.114ps
 |--- Mat Latency    = 20.739ns
    |--- Predecoder Latency = 175.068ps
    |--- Subarray Latency   = 20.564ns
       |--- Row Decoder Latency = 208.502ps
       |--- Charge Latency      = 60.677ps
 - Read Bandwidth  = 7.384GB/s
 - Write Bandwidth = 778.058MB/s
Power:
 -  Read Dynamic Energy = 53.502pJ
 |--- H-Tree Dynamic Energy = 22.442pJ
 |--- Mat Dynamic Energy    = 7.765pJ per mat
    |--- Predecoder Dynamic Energy = 0.037pJ
    |--- Subarray Dynamic Energy   = 1.932pJ per active subarray
       |--- Row Decoder Dynamic Energy = 0.045pJ
       |--- Mux Decoder Dynamic Energy = 0.474pJ
       |--- Bitline & Cell Read Energy = 0.004pJ
       |--- Senseamp Dynamic Energy    = 1.203pJ
       |--- Mux Dynamic Energy         = 0.021pJ
       |--- Precharge Dynamic Energy   = 0.186pJ
 - Write Dynamic Energy = 115.833pJ
 |--- H-Tree Dynamic Energy = 22.442pJ
 |--- Mat Dynamic Energy    = 23.348pJ per mat
    |--- Predecoder Dynamic Energy = 0.037pJ
    |--- Subarray Dynamic Energy   = 5.828pJ per active subarray
       |--- Row Decoder Dynamic Energy = 0.045pJ
       |--- Mux Decoder Dynamic Energy = 0.474pJ
       |--- Mux Dynamic Energy         = 0.021pJ
 - Leakage Power = 675.044uW
 |--- H-Tree Leakage Power = 0.000pW
 |--- Mat Leakage Power    = 5.274uW per mat

Finished!
