User-defined configuration file (/Users/sudo/CodeProjects/Tufts/EECE0193/Final_Project/EXPERIMENTS/Input/NVSim/iso_capacity/WriteDynamicEnergy/STTRAM/16KB/16KB.cfg) is loaded

Memory Cell: MRAM (Magnetoresistive)
Cell Area (F^2)    : 54.000 (5.400Fx10.000F)
Cell Aspect Ratio  : 0.540
Cell Turned-On Resistance : 3.000Kohm
Cell Turned-Off Resistance: 6.000Kohm
Read Mode: Current-Sensing
  - Read Voltage: 0.250V
Reset Mode: Current
  - Reset Current: 80.000uA
  - Reset Pulse: 10.000ns
Set Mode: Current
  - Set Current: 80.000uA
  - Set Pulse: 10.000ns
Access Type: CMOS

====================
DESIGN SPECIFICATION
====================
Design Target: Random Access Memory
Capacity   : 16KB
Data Width : 128Bits (16Bytes)

Searching for the best solution that is optimized for write energy ...

=============
CONFIGURATION
=============
Bank Organization: 1 x 1
 - Row Activation   : 1 / 1
 - Column Activation: 1 / 1
Mat Organization: 2 x 2
 - Row Activation   : 2 / 2
 - Column Activation: 2 / 2
 - Subarray Size    : 128 Rows x 256 Columns
Mux Level:
 - Senseamp Mux      : 1
 - Output Level-1 Mux: 1
 - Output Level-2 Mux: 8
Local Wire:
 - Wire Type : Local Aggressive
 - Repeater Type: No Repeaters
 - Low Swing : No
Global Wire:
 - Wire Type : Global Aggressive
 - Repeater Type: No Repeaters
 - Low Swing : No
Buffer Design Style: Latency-Optimized
=============
   RESULT
=============
Area:
 - Total Area = 262.284um x 142.039um = 37254.377um^2
 |--- Mat Area      = 262.284um x 142.039um = 37254.377um^2   (9.195%)
 |--- Subarray Area = 128.077um x 71.019um = 9095.962um^2   (9.415%)
 - Area Efficiency = 9.195%
Timing:
 -  Read Latency = 1.964ns
 |--- H-Tree Latency = 0.000ps
 |--- Mat Latency    = 1.964ns
    |--- Predecoder Latency = 208.792ps
    |--- Subarray Latency   = 1.755ns
       |--- Row Decoder Latency = 288.321ps
       |--- Bitline Latency     = 3.581ps
       |--- Senseamp Latency    = 1.456ns
       |--- Mux Latency         = 7.883ps
       |--- Precharge Latency   = 224.773ps
 - Write Latency = 10.497ns
 |--- H-Tree Latency = 0.000ps
 |--- Mat Latency    = 10.497ns
    |--- Predecoder Latency = 208.792ps
    |--- Subarray Latency   = 10.288ns
       |--- Write Pulse Duration = 10.000ns
       |--- Row Decoder Latency = 288.321ps
       |--- Charge Latency      = 10.425ps
 - Read Bandwidth  = 9.457GB/s
 - Write Bandwidth = 1.555GB/s
Power:
 -  Read Dynamic Energy = 166.430pJ
 |--- H-Tree Dynamic Energy = 0.000pJ
 |--- Mat Dynamic Energy    = 166.430pJ per mat
    |--- Predecoder Dynamic Energy = 0.089pJ
    |--- Subarray Dynamic Energy   = 41.585pJ per active subarray
       |--- Row Decoder Dynamic Energy = 0.053pJ
       |--- Mux Decoder Dynamic Energy = 0.116pJ
       |--- Bitline & Cell Read Energy = 2.795pJ
       |--- Senseamp Dynamic Energy    = 38.488pJ
       |--- Mux Dynamic Energy         = 0.030pJ
       |--- Precharge Dynamic Energy   = 0.103pJ
 - Write Dynamic Energy = 129.617pJ
 |--- H-Tree Dynamic Energy = 0.000pJ
 |--- Mat Dynamic Energy    = 129.617pJ per mat
    |--- Predecoder Dynamic Energy = 0.089pJ
    |--- Subarray Dynamic Energy   = 32.382pJ per active subarray
       |--- Row Decoder Dynamic Energy = 0.053pJ
       |--- Mux Decoder Dynamic Energy = 0.116pJ
       |--- Mux Dynamic Energy         = 0.030pJ
       |--- Bitline & Cell Write Energy= 32.183pJ
 - Leakage Power = 153.995uW
 |--- H-Tree Leakage Power = 0.000pW
 |--- Mat Leakage Power    = 153.995uW per mat

Finished!
