User-defined configuration file (/Users/sudo/CodeProjects/Tufts/EECE0193/Final_Project/EXPERIMENTS/Input/NVSim/iso_capacity/WriteEDP/RRAM/16KB/16KB.cfg) is loaded

Memory Cell: RRAM (Memristor)
Cell Area (F^2)    : 4.000 (2.000Fx2.000F)
Cell Aspect Ratio  : 1.000
Cell Turned-On Resistance : 1.000Mohm
Cell Turned-Off Resistance: 10.000Mohm
Read Mode: Current-Sensing
  - Read Voltage: 0.400V
Reset Mode: Voltage
  - Reset Voltage: 2.000V
  - Reset Pulse: 10.000ns
Set Mode: Voltage
  - Set Voltage: 2.000V
  - Set Pulse: 10.000ns
Access Type: None Access Device
[WARNING] Associativity setting is ignored for non-cache designs

====================
DESIGN SPECIFICATION
====================
Design Target: Random Access Memory
Capacity   : 16KB
Data Width : 128Bits (16Bytes)

Searching for the best solution that is optimized for write energy-delay-product ...

=============
CONFIGURATION
=============
Bank Organization: 4 x 2
 - Row Activation   : 1 / 4
 - Column Activation: 2 / 2
Mat Organization: 2 x 2
 - Row Activation   : 2 / 2
 - Column Activation: 2 / 2
 - Subarray Size    : 8 Rows x 512 Columns
Mux Level:
 - Senseamp Mux      : 32
 - Output Level-1 Mux: 1
 - Output Level-2 Mux: 1
Local Wire:
 - Wire Type : Local Aggressive
 - Repeater Type: No Repeaters
 - Low Swing : No
Global Wire:
 - Wire Type : Global Aggressive
 - Repeater Type: No Repeaters
 - Low Swing : No
Buffer Design Style: Latency-Optimized
=============
   RESULT
=============
Area:
 - Total Area = 151.156um x 194.362um = 29379.061um^2
 |--- Mat Area      = 37.789um x 97.181um = 3672.383um^2   (0.864%)
 |--- Subarray Area = 18.895um x 46.970um = 887.478um^2   (0.894%)
 - Area Efficiency = 0.864%
Timing:
 -  Read Latency = 1.856ns
 |--- H-Tree Latency = 15.389ps
 |--- Mat Latency    = 1.841ns
    |--- Predecoder Latency = 129.218ps
    |--- Subarray Latency   = 1.712ns
       |--- Row Decoder Latency = 171.165ps
       |--- Bitline Latency     = 0.009ps
       |--- Senseamp Latency    = 1.454ns
       |--- Mux Latency         = 81.762ps
       |--- Precharge Latency   = 31.402ps
 - Write Latency = 20.329ns
 |--- H-Tree Latency = 7.695ps
 |--- Mat Latency    = 20.321ns
    |--- Predecoder Latency = 129.218ps
    |--- Subarray Latency   = 20.192ns
       |--- Row Decoder Latency = 171.165ps
       |--- Charge Latency      = 7.835ps
 - Read Bandwidth  = 10.178GB/s
 - Write Bandwidth = 792.403MB/s
Power:
 -  Read Dynamic Energy = 25.996pJ
 |--- H-Tree Dynamic Energy = 3.987pJ
 |--- Mat Dynamic Energy    = 11.004pJ per mat
    |--- Predecoder Dynamic Energy = 0.018pJ
    |--- Subarray Dynamic Energy   = 2.747pJ per active subarray
       |--- Row Decoder Dynamic Energy = 0.045pJ
       |--- Mux Decoder Dynamic Energy = 0.089pJ
       |--- Bitline & Cell Read Energy = 0.007pJ
       |--- Senseamp Dynamic Energy    = 2.406pJ
       |--- Mux Dynamic Energy         = 0.014pJ
       |--- Precharge Dynamic Energy   = 0.186pJ
 - Write Dynamic Energy = 82.666pJ
 |--- H-Tree Dynamic Energy = 3.987pJ
 |--- Mat Dynamic Energy    = 39.339pJ per mat
    |--- Predecoder Dynamic Energy = 0.018pJ
    |--- Subarray Dynamic Energy   = 9.830pJ per active subarray
       |--- Row Decoder Dynamic Energy = 0.045pJ
       |--- Mux Decoder Dynamic Energy = 0.089pJ
       |--- Mux Dynamic Energy         = 0.014pJ
 - Leakage Power = 77.776uW
 |--- H-Tree Leakage Power = 0.000pW
 |--- Mat Leakage Power    = 9.722uW per mat

Finished!
