User-defined configuration file (/Users/sudo/CodeProjects/Tufts/EECE0193/Final_Project/EXPERIMENTS/Input/NVSim/iso_capacity/ReadDynamicEnergy/STTRAM/1024KB/1024KB.cfg) is loaded

Memory Cell: MRAM (Magnetoresistive)
Cell Area (F^2)    : 54.000 (5.400Fx10.000F)
Cell Aspect Ratio  : 0.540
Cell Turned-On Resistance : 3.000Kohm
Cell Turned-Off Resistance: 6.000Kohm
Read Mode: Current-Sensing
  - Read Voltage: 0.250V
Reset Mode: Current
  - Reset Current: 80.000uA
  - Reset Pulse: 10.000ns
Set Mode: Current
  - Set Current: 80.000uA
  - Set Pulse: 10.000ns
Access Type: CMOS
[WARNING] Associativity setting is ignored for non-cache designs

====================
DESIGN SPECIFICATION
====================
Design Target: Random Access Memory
Capacity   : 1MB
Data Width : 128Bits (16Bytes)

Searching for the best solution that is optimized for read energy ...

=============
CONFIGURATION
=============
Bank Organization: 1 x 1
 - Row Activation   : 1 / 1
 - Column Activation: 1 / 1
Mat Organization: 2 x 2
 - Row Activation   : 2 / 2
 - Column Activation: 2 / 2
 - Subarray Size    : 2048 Rows x 1024 Columns
Mux Level:
 - Senseamp Mux      : 32
 - Output Level-1 Mux: 1
 - Output Level-2 Mux: 1
Local Wire:
 - Wire Type : Local Aggressive
 - Repeater Type: No Repeaters
 - Low Swing : No
Global Wire:
 - Wire Type : Global Aggressive
 - Repeater Type: No Repeaters
 - Low Swing : No
Buffer Design Style: Latency-Optimized
=============
   RESULT
=============
Area:
 - Total Area = 511.669um x 479.959um = 245580.037um^2
 |--- Mat Area      = 511.669um x 479.959um = 245580.037um^2   (89.276%)
 |--- Subarray Area = 248.626um x 239.979um = 59665.014um^2   (91.865%)
 - Area Efficiency = 89.276%
Timing:
 -  Read Latency = 4.388ns
 |--- H-Tree Latency = 0.000ps
 |--- Mat Latency    = 4.388ns
    |--- Predecoder Latency = 288.475ps
    |--- Subarray Latency   = 4.099ns
       |--- Row Decoder Latency = 1.977ns
       |--- Bitline Latency     = 633.228ps
       |--- Senseamp Latency    = 1.456ns
       |--- Mux Latency         = 32.891ps
       |--- Precharge Latency   = 4.336ns
 - Write Latency = 12.841ns
 |--- H-Tree Latency = 0.000ps
 |--- Mat Latency    = 12.841ns
    |--- Predecoder Latency = 288.475ps
    |--- Subarray Latency   = 12.553ns
       |--- Write Pulse Duration = 10.000ns
       |--- Row Decoder Latency = 1.977ns
       |--- Charge Latency      = 1.058ns
 - Read Bandwidth  = 2.478GB/s
 - Write Bandwidth = 1.275GB/s
Power:
 -  Read Dynamic Energy = 39.057pJ
 |--- H-Tree Dynamic Energy = 0.000pJ
 |--- Mat Dynamic Energy    = 39.057pJ per mat
    |--- Predecoder Dynamic Energy = 0.200pJ
    |--- Subarray Dynamic Energy   = 9.714pJ per active subarray
       |--- Row Decoder Dynamic Energy = 0.179pJ
       |--- Mux Decoder Dynamic Energy = 0.404pJ
       |--- Bitline & Cell Read Energy = 2.796pJ
       |--- Senseamp Dynamic Energy    = 4.812pJ
       |--- Mux Dynamic Energy         = 0.125pJ
       |--- Precharge Dynamic Energy   = 0.394pJ
 - Write Dynamic Energy = 142.704pJ
 |--- H-Tree Dynamic Energy = 0.000pJ
 |--- Mat Dynamic Energy    = 142.704pJ per mat
    |--- Predecoder Dynamic Energy = 0.200pJ
    |--- Subarray Dynamic Energy   = 35.626pJ per active subarray
       |--- Row Decoder Dynamic Energy = 0.179pJ
       |--- Mux Decoder Dynamic Energy = 0.404pJ
       |--- Mux Dynamic Energy         = 0.125pJ
       |--- Bitline & Cell Write Energy= 34.918pJ
 - Leakage Power = 24.830uW
 |--- H-Tree Leakage Power = 0.000pW
 |--- Mat Leakage Power    = 24.830uW per mat

Finished!
