User-defined configuration file (/Users/sudo/CodeProjects/Tufts/EECE0193/Final_Project/EXPERIMENTS/Input/Destiny/Area/RRAM_MLC/1024KB/1024KB.cfg) is loaded

====================
DESIGN SPECIFICATION
====================
Design Target: Random Access Memory
Capacity   : 2MB
Data Width : 256Bits (32Bytes)

Searching for the best solution that is optimized for area ...
Using cell file: ./cell_defs/RRAM_MLC.cell
numSolutions = 6438 / numDesigns = 43740

=============
   SUMMARY   
=============
Optimized for: Area
Memory Cell: RRAM (Memristor)
Cell Area (F^2)    : 20 (4.47214Fx4.47214F)
Cell Aspect Ratio  : 1
Cell Turned-On Resistance : 1Mohm
Cell Turned-Off Resistance: 10Mohm
Read Mode: Current-Sensing
  - Read Voltage: 0.3V
Reset Mode: Voltage
  - Reset Voltage: 2.5V
  - Reset Pulse: 5ns
Set Mode: Current
  - Set Current: 25uA
  - Set Pulse: 5ns
Access Type: CMOS

=============
CONFIGURATION
=============
Bank Organization: 256 x 8
 - Row Activation   : 1 / 256
 - Column Activation: 8 / 8
Mat Organization: 2 x 2
 - Row Activation   : 2 / 2
 - Column Activation: 2 / 2
 - Subarray Size    : 2 Rows x 512 Columns
Mux Level:
 - Senseamp Mux      : 128
 - Output Level-1 Mux: 1
 - Output Level-2 Mux: 1
Local Wire:
 - Wire Type : Local Aggressive
 - Repeater Type: No Repeaters
 - Low Swing : No
Global Wire:
 - Wire Type : Global Aggressive
 - Repeater Type: No Repeaters
 - Low Swing : No
Buffer Design Style: Latency-Optimized
=============
   RESULT
=============
Area:
 - Total Area = 1.69243mm x 999.991um = 1.69242mm^2
 |--- Mat Area      = 6.61107um x 124.999um = 826.375um^2   (4.79797%)
 |--- Subarray Area = 3.30553um x 61.3049um = 202.645um^2   (4.89146%)
 - Area Efficiency = 4.79797%
Timing:
 -  Read Latency = 861.713ps
 |--- H-Tree Latency = 776.804ps
 |--- Mat Latency    = 84.9099ps
    |--- Predecoder Latency = 84.9099ps
    |--- Subarray Latency   = 0ps
       |--- Row Decoder Latency = 236.774ps
       |--- Bitline Latency     = 0.00150874ps,1.86287e+10s,1.62632e+10s
       |--- Senseamp Latency    = 1.45399ns
       |--- Mux Latency         = 281.756ps
       |--- Precharge Latency   = 11.5935ps
       |--- Read Pulse   = 2ns
 - Write Total Latency = 473.312ps
 - RESET Latency = 473.312ps
 |--- H-Tree Latency = 388.402ps
 |--- Mat Latency    = 84.9099ps
    |--- Predecoder Latency = 84.9099ps
    |--- Subarray Latency   = 0ps
       |--- RESET Pulse Duration = 5ns
       |--- Row Decoder Latency  = 236.774ps
       |--- Charge Latency   = 1.74049ps
 - SET Latency   = 473.312ps
 |--- H-Tree Latency = 388.402ps
 |--- Mat Latency    = 84.9099ps
    |--- Predecoder Latency = 84.9099ps
    |--- Subarray Latency   = 0ps
       |--- SET Pulse Duration   = 5ns
       |--- Row Decoder Latency  = 236.774ps
       |--- Charger Latency      = 1.74049ps
 - Read Bandwidth  = -7.10542e+10B/s
 - Write Bandwidth = infTB/s
Power:
 -  Read Dynamic Energy = 77.7009pJ
 |--- H-Tree Dynamic Energy = 46.9927pJ
 |--- Mat Dynamic Energy    = 3.83852pJ per mat
    |--- Predecoder Dynamic Energy = 0.0183725pJ
    |--- Subarray Dynamic Energy   = 0.955038pJ per active subarray
       |--- Row Decoder Dynamic Energy = 0.033769pJ
       |--- Mux Decoder Dynamic Energy = 0.116899pJ
       |--- Bitline & Cell Read Energy = 0pJ
       |--- Senseamp Dynamic Energy    = 0.601454pJ
       |--- Mux Dynamic Energy         = 0.0120171pJ
       |--- Precharge Dynamic Energy   = 0.190897pJ
 - Write Dynamic Energy = 52.3457pJ
 - RESET Dynamic Energy = 51.265pJ
 |--- H-Tree Dynamic Energy = 46.9927pJ
 |--- Mat Dynamic Energy    = 0.534038pJ per mat
    |--- Predecoder Dynamic Energy = 0.0183725pJ
    |--- Subarray Dynamic Energy   = 0.162685pJ per active subarray
       |--- Row Decoder Dynamic Energy = 0.033769pJ
       |--- Mux Decoder Dynamic Energy = 0.116899pJ
       |--- Mux Dynamic Energy         = 0.0120171pJ
       |--- Cell RESET Dynamic Energy  = 0pJ  0pJ
       |--- Single Cell RESET Energy  = 0.029375pJ  -0pJ
 - SET Dynamic Energy = 51.265pJ
 |--- H-Tree Dynamic Energy = 46.9927pJ
 |--- Mat Dynamic Energy    = 0.534038pJ per mat
    |--- Predecoder Dynamic Energy = 0.0183725pJ
    |--- Subarray Dynamic Energy   = 0.162685pJ per active subarray
       |--- Row Decoder Dynamic Energy = 0.033769pJ
       |--- Mux Decoder Dynamic Energy = 0.116899pJ
       |--- Mux Dynamic Energy         = 0.0120171pJ
       |--- Cell SET Dynamic Energy    = 0pJ  0pJ  0.162685pJ
       |--- Single Cell SET Energy  = 0.1pJ  0pJ
 - Leakage Power = 5.52895mW
 |--- H-Tree Leakage Power     = 0pW
 |--- Mat Leakage Power        = 2.69968uW per mat

Finished!
