User-defined configuration file (/Users/sudo/CodeProjects/Tufts/EECE0193/Final_Project/EXPERIMENTS/Input/Destiny/Area/STTRAM/64KB/64KB.cfg) is loaded

====================
DESIGN SPECIFICATION
====================
Design Target: Random Access Memory
Capacity   : 64KB
Data Width : 128Bits (16Bytes)

Searching for the best solution that is optimized for area ...
Using cell file: ./cell_defs/STTRAM.cell
numSolutions = 14103 / numDesigns = 218700

=============
   SUMMARY   
=============
Optimized for: Area
Memory Cell: MRAM (Magnetoresistive)
Cell Area (F^2)    : 54 (5.4Fx10F)
Cell Aspect Ratio  : 0.54
Cell Turned-On Resistance : 3Kohm
Cell Turned-Off Resistance: 6Kohm
Read Mode: Current-Sensing
  - Read Voltage: 0.25V
Reset Mode: Current
  - Reset Current: 80uA
  - Reset Pulse: 10ns
Set Mode: Current
  - Set Current: 80uA
  - Set Pulse: 10ns
Access Type: CMOS

=============
CONFIGURATION
=============
Bank Organization: 16 x 32 x 16
 - Row Activation   : 1 / 16 x 1
 - Column Activation: 32 / 32 x 1
Mat Organization: 2 x 2
 - Row Activation   : 2 / 2
 - Column Activation: 2 / 2
 - Subarray Size    : 2 Rows x 8 Columns
Mux Level:
 - Senseamp Mux      : 8
 - Output Level-1 Mux: 1
 - Output Level-2 Mux: 1
Local Wire:
 - Wire Type : Local Aggressive
 - Repeater Type: No Repeaters
 - Low Swing : No
Global Wire:
 - Wire Type : Global Aggressive
 - Repeater Type: No Repeaters
 - Low Swing : No
Buffer Design Style: Latency-Optimized
=============
   RESULT
=============
Area:
 - Total Area = 519.341um x 153.621um = 113801um^2
 |--- Mat Area      = 32.4588um x 4.80065um = 155.823um^2   (17.1754%)
 |--- Subarray Area = 15.5226um x 2.40032um = 37.2593um^2   (17.9574%)
 |--- TSV Area      = 81um^2
 - Area Efficiency = 12.041%
Timing:
 -  Read Latency = 1.60666ns
 |--- TSV Latency    = 0.171162ps
 |--- H-Tree Latency = 41.4533ps
 |--- Mat Latency    = 1.56503ns
    |--- Predecoder Latency = 64.2194ps
    |--- Subarray Latency   = 1.50081ns
       |--- Row Decoder Latency = 35.5687ps
       |--- Bitline Latency     = 0.000909994ps,2.63277e+10s,2.2019e+10s
       |--- Senseamp Latency    = 1.456ns
       |--- Mux Latency         = 9.24174ps
       |--- Precharge Latency   = 10.5444ps
       |--- Read Pulse   = 0ps
 - Write Total Latency = 10.1206ns
 - RESET Latency = 10.1206ns
 |--- TSV Latency    = 0.0855811ps
 |--- H-Tree Latency = 20.7267ps
 |--- Mat Latency    = 10.0998ns
    |--- Predecoder Latency = 64.2194ps
    |--- Subarray Latency   = 10.0356ns
       |--- RESET Pulse Duration = 10ns
       |--- Row Decoder Latency  = 35.5687ps
       |--- Charge Latency   = 0.397842ps
 - SET Latency   = 10.1206ns
 |--- TSV Latency    = 0.0855811ps
 |--- H-Tree Latency = 20.7267ps
 |--- Mat Latency    = 10.0998ns
    |--- Predecoder Latency = 64.2194ps
    |--- Subarray Latency   = 10.0356ns
       |--- SET Pulse Duration   = 10ns
       |--- Row Decoder Latency  = 35.5687ps
       |--- Charger Latency      = 0.397842ps
 - Read Bandwidth  = 10.8417GB/s
 - Write Bandwidth = 1.59433GB/s
Power:
 -  Read Dynamic Energy = 272.89pJ
 |--- TSV Dynamic Energy    = 230.111pJ
 |--- H-Tree Dynamic Energy = 11.031pJ
 |--- Mat Dynamic Energy    = 0.992122pJ per mat
    |--- Predecoder Dynamic Energy = 0.00598359pJ
    |--- Subarray Dynamic Energy   = 0.246535pJ per active subarray
       |--- Row Decoder Dynamic Energy = 0.00142756pJ
       |--- Mux Decoder Dynamic Energy = 0.00319957pJ
       |--- Bitline & Cell Read Energy = 0.0873601pJ
       |--- Senseamp Dynamic Energy    = 0.150363pJ
       |--- Mux Dynamic Energy         = 0.00109491pJ
       |--- Precharge Dynamic Energy   = 0.00308782pJ
 - Write Dynamic Energy = 370.117pJ
 - RESET Dynamic Energy = 369.935pJ
 |--- TSV Dynamic Energy    = 230.111pJ
 |--- H-Tree Dynamic Energy = 11.031pJ
 |--- Mat Dynamic Energy    = 4.02476pJ per mat
    |--- Predecoder Dynamic Energy = 0.00598359pJ
    |--- Subarray Dynamic Energy   = 1.00612pJ per active subarray
       |--- Row Decoder Dynamic Energy = 0.00142756pJ
       |--- Mux Decoder Dynamic Energy = 0.00319957pJ
       |--- Mux Dynamic Energy         = 0.00109491pJ
       |--- Cell RESET Dynamic Energy  = 1.0004pJ  0pJ
       |--- Single Cell RESET Energy  = 1pJ  0pJ
 - SET Dynamic Energy = 369.935pJ
 |--- H-Tree Dynamic Energy = 11.031pJ
 |--- Mat Dynamic Energy    = 4.02476pJ per mat
    |--- Predecoder Dynamic Energy = 0.00598359pJ
    |--- Subarray Dynamic Energy   = 1.00612pJ per active subarray
       |--- Row Decoder Dynamic Energy = 0.00142756pJ
       |--- Mux Decoder Dynamic Energy = 0.00319957pJ
       |--- Mux Dynamic Energy         = 0.00109491pJ
       |--- Cell SET Dynamic Energy    = 1.0004pJ  0pJ  1.00612pJ
       |--- Single Cell SET Energy  = 1pJ  0pJ
 - Leakage Power = 4.93151mW
 |--- TSV Leakage              = 0pW
 |--- H-Tree Leakage Power     = 0pW
 |--- Mat Leakage Power        = 601.991nW per mat

Finished!
