User-defined configuration file (/Users/sudo/CodeProjects/Tufts/EECE0193/Final_Project/EXPERIMENTS/Input/Destiny/iso_capacity/ReadDynamicEnergy/PCRAM/16KB/16KB.cfg) is loaded

====================
DESIGN SPECIFICATION
====================
Design Target: Random Access Memory
Capacity   : 16KB
Data Width : 128Bits (16Bytes)

Searching for the best solution that is optimized for read energy ...
Using cell file: ./cell_defs/PCRAM.cell
numSolutions = 4164 / numDesigns = 218700

=============
   SUMMARY   
=============
Optimized for: Read Energy
Memory Cell: PCRAM (Phase-Change)
Cell Area (F^2)    : 9 (3Fx3F)
Cell Aspect Ratio  : 1
Cell Turned-On Resistance : 1Kohm
Cell Turned-Off Resistance: 1Mohm
Read Mode: Voltage-Sensing
  - Read Current: 40uA
Reset Mode: Current
  - Reset Current: 300uA
  - Reset Pulse: 40ns
Set Mode: Current
  - Set Current: 150uA
  - Set Pulse: 150ns
Access Type: CMOS

=============
CONFIGURATION
=============
Bank Organization: 64 x 32 x 8
 - Row Activation   : 1 / 64 x 1
 - Column Activation: 32 / 32 x 1
Mat Organization: 2 x 2
 - Row Activation   : 2 / 2
 - Column Activation: 2 / 2
 - Subarray Size    : 1 Rows x 2 Columns
Mux Level:
 - Senseamp Mux      : 2
 - Output Level-1 Mux: 1
 - Output Level-2 Mux: 1
Local Wire:
 - Wire Type : Local Aggressive
 - Repeater Type: No Repeaters
 - Low Swing : No
Global Wire:
 - Wire Type : Global Aggressive
 - Repeater Type: No Repeaters
 - Low Swing : No
Buffer Design Style: Latency-Optimized
=============
   RESULT
=============
Area:
 - Total Area = 364.81um x 39.8981um = 47441.2um^2
 |--- Mat Area      = 5.70015um x 1.24682um = 7.10705um^2   (3.92264%)
 |--- Subarray Area = 2.72459um x 623.408nm = 1.69853um^2   (4.10331%)
 |--- TSV Area      = 81um^2
 - Area Efficiency = 1.20349%
Timing:
 -  Read Latency = 54.9575ps
 |--- TSV Latency    = 0.0798758ps
 |--- H-Tree Latency = 15.9222ps
 |--- Mat Latency    = 38.9555ps
    |--- Predecoder Latency = 3.59416ps
    |--- Subarray Latency   = 35.3613ps
       |--- Row Decoder Latency = 9.52698ps
       |--- Bitline Latency     = 8.36063ps,0.421308ps,8.36063ps
       |--- Senseamp Latency    = 4.7366ps
       |--- Mux Latency         = 3.58461ps
       |--- Precharge Latency   = 6.66598ps
       |--- Read Pulse   = 0ps
 - Write Total Latency = 150.031ns
 - RESET Latency = 40.0306ns
 |--- TSV Latency    = 0.0399379ps
 |--- H-Tree Latency = 7.96109ps
 |--- Mat Latency    = 40.0226ns
    |--- Predecoder Latency = 3.59416ps
    |--- Subarray Latency   = 40.019ns
       |--- RESET Pulse Duration = 40ns
       |--- Row Decoder Latency  = 9.52698ps
       |--- Charge Latency   = 0.322876ps
 - SET Latency   = 150.031ns
 |--- TSV Latency    = 0.0399379ps
 |--- H-Tree Latency = 7.96109ps
 |--- Mat Latency    = 150.023ns
    |--- Predecoder Latency = 3.59416ps
    |--- Subarray Latency   = 150.019ns
       |--- SET Pulse Duration   = 150ns
       |--- Row Decoder Latency  = 9.52698ps
       |--- Charger Latency      = 0.322876ps
 - Read Bandwidth  = 492.303GB/s
 - Write Bandwidth = 106.653MB/s
Power:
 -  Read Dynamic Energy = 166.684pJ
 |--- TSV Dynamic Energy    = 100.791pJ
 |--- H-Tree Dynamic Energy = 5.57461pJ
 |--- Mat Dynamic Energy    = 1.88494pJ per mat
    |--- Predecoder Dynamic Energy = 0.000171435pJ
    |--- Subarray Dynamic Energy   = 0.471193pJ per active subarray
       |--- Row Decoder Dynamic Energy = 0.000135313pJ
       |--- Mux Decoder Dynamic Energy = 0.00216262pJ
       |--- Bitline & Cell Read Energy = 0.000303142pJ
       |--- Senseamp Dynamic Energy    = 0.00043174pJ
       |--- Mux Dynamic Energy         = 0.000424683pJ
       |--- Precharge Dynamic Energy   = 0.000750702pJ
 - Write Dynamic Energy = 11.6269nJ
 - RESET Dynamic Energy = 6.2509nJ
 |--- TSV Dynamic Energy    = 100.791pJ
 |--- H-Tree Dynamic Energy = 5.57461pJ
 |--- Mat Dynamic Energy    = 192.017pJ per mat
    |--- Predecoder Dynamic Energy = 0.000171435pJ
    |--- Subarray Dynamic Energy   = 90.0043pJ per active subarray
       |--- Row Decoder Dynamic Energy = 0.000135313pJ
       |--- Mux Decoder Dynamic Energy = 0.00216262pJ
       |--- Mux Dynamic Energy         = 0.000424683pJ
       |--- Cell RESET Dynamic Energy  = 48.0015pJ  0pJ
       |--- Single Cell RESET Energy  = 9.6pJ  0pJ
 - SET Dynamic Energy = 11.6269nJ
 |--- H-Tree Dynamic Energy = 5.57461pJ
 |--- Mat Dynamic Energy    = 360.017pJ per mat
    |--- Predecoder Dynamic Energy = 0.000171435pJ
    |--- Subarray Dynamic Energy   = 90.0043pJ per active subarray
       |--- Row Decoder Dynamic Energy = 0.000135313pJ
       |--- Mux Decoder Dynamic Energy = 0.00216262pJ
       |--- Mux Dynamic Energy         = 0.000424683pJ
       |--- Cell SET Dynamic Energy    = 90.0015pJ  0pJ  90.0043pJ
       |--- Single Cell SET Energy  = 18pJ  0pJ
 - Leakage Power = 7.97047uW
 |--- TSV Leakage              = 0pW
 |--- H-Tree Leakage Power     = 0pW
 |--- Mat Leakage Power        = 486.479pW per mat

Finished!
