User-defined configuration file (/Users/sudo/CodeProjects/Tufts/EECE0193/Final_Project/EXPERIMENTS/Input/NVSim/iso_area/WriteDynamicEnergy/STTRAM/4096KB/4096KB.cfg) is loaded

Memory Cell: MRAM (Magnetoresistive)
Cell Area (F^2)    : 54.000 (5.400Fx10.000F)
Cell Aspect Ratio  : 0.540
Cell Turned-On Resistance : 3.000Kohm
Cell Turned-Off Resistance: 6.000Kohm
Read Mode: Current-Sensing
  - Read Voltage: 0.250V
Reset Mode: Current
  - Reset Current: 80.000uA
  - Reset Pulse: 10.000ns
Set Mode: Current
  - Set Current: 80.000uA
  - Set Pulse: 10.000ns
Access Type: CMOS
[WARNING] Associativity setting is ignored for non-cache designs

====================
DESIGN SPECIFICATION
====================
Design Target: Random Access Memory
Capacity   : 4MB
Data Width : 128Bits (16Bytes)

Searching for the best solution that is optimized for write energy ...

=============
CONFIGURATION
=============
Bank Organization: 8 x 1
 - Row Activation   : 1 / 8
 - Column Activation: 1 / 1
Mat Organization: 2 x 2
 - Row Activation   : 2 / 2
 - Column Activation: 2 / 2
 - Subarray Size    : 256 Rows x 4096 Columns
Mux Level:
 - Senseamp Mux      : 128
 - Output Level-1 Mux: 1
 - Output Level-2 Mux: 1
Local Wire:
 - Wire Type : Local Aggressive
 - Repeater Type: No Repeaters
 - Low Swing : No
Global Wire:
 - Wire Type : Global Aggressive
 - Repeater Type: No Repeaters
 - Low Swing : No
Buffer Design Style: Latency-Optimized
=============
   RESULT
=============
Area:
 - Total Area = 530.074um x 1.848mm = 979533.339um^2
 |--- Mat Area      = 66.259um x 1.848mm = 122441.667um^2   (89.530%)
 |--- Subarray Area = 33.130um x 919.763um = 30471.405um^2   (89.939%)
 - Area Efficiency = 89.530%
Timing:
 -  Read Latency = 29.143ns
 |--- H-Tree Latency = 31.588ps
 |--- Mat Latency    = 29.111ns
    |--- Predecoder Latency = 364.442ps
    |--- Subarray Latency   = 28.747ns
       |--- Row Decoder Latency = 27.150ns
       |--- Bitline Latency     = 13.793ps
       |--- Senseamp Latency    = 1.456ns
       |--- Mux Latency         = 127.486ps
       |--- Precharge Latency   = 461.751ps
 - Write Latency = 37.530ns
 |--- H-Tree Latency = 15.794ps
 |--- Mat Latency    = 37.514ns
    |--- Predecoder Latency = 364.442ps
    |--- Subarray Latency   = 37.150ns
       |--- Write Pulse Duration = 10.000ns
       |--- Row Decoder Latency = 27.150ns
       |--- Charge Latency      = 28.013ps
 - Read Bandwidth  = 7.771GB/s
 - Write Bandwidth = 430.690MB/s
Power:
 -  Read Dynamic Energy = 54.309pJ
 |--- H-Tree Dynamic Energy = 6.312pJ
 |--- Mat Dynamic Energy    = 47.997pJ per mat
    |--- Predecoder Dynamic Energy = 0.366pJ
    |--- Subarray Dynamic Energy   = 11.908pJ per active subarray
       |--- Row Decoder Dynamic Energy = 0.687pJ
       |--- Mux Decoder Dynamic Energy = 1.520pJ
       |--- Bitline & Cell Read Energy = 2.796pJ
       |--- Senseamp Dynamic Energy    = 4.812pJ
       |--- Mux Dynamic Energy         = 0.483pJ
       |--- Precharge Dynamic Energy   = 1.542pJ
 - Write Dynamic Energy = 146.934pJ
 |--- H-Tree Dynamic Energy = 6.312pJ
 |--- Mat Dynamic Energy    = 140.622pJ per mat
    |--- Predecoder Dynamic Energy = 0.366pJ
    |--- Subarray Dynamic Energy   = 35.064pJ per active subarray
       |--- Row Decoder Dynamic Energy = 0.687pJ
       |--- Mux Decoder Dynamic Energy = 1.520pJ
       |--- Mux Dynamic Energy         = 0.483pJ
       |--- Bitline & Cell Write Energy= 32.373pJ
 - Leakage Power = 165.421uW
 |--- H-Tree Leakage Power = 0.000pW
 |--- Mat Leakage Power    = 20.678uW per mat

Finished!
