User-defined configuration file (/Users/sudo/CodeProjects/Tufts/EECE0193/Final_Project/EXPERIMENTS/Input/NVSim/iso_capacity/WriteLatency/RRAM/128KB/128KB.cfg) is loaded

Memory Cell: RRAM (Memristor)
Cell Area (F^2)    : 4.000 (2.000Fx2.000F)
Cell Aspect Ratio  : 1.000
Cell Turned-On Resistance : 1.000Mohm
Cell Turned-Off Resistance: 10.000Mohm
Read Mode: Current-Sensing
  - Read Voltage: 0.400V
Reset Mode: Voltage
  - Reset Voltage: 2.000V
  - Reset Pulse: 10.000ns
Set Mode: Voltage
  - Set Voltage: 2.000V
  - Set Pulse: 10.000ns
Access Type: None Access Device

====================
DESIGN SPECIFICATION
====================
Design Target: Random Access Memory
Capacity   : 128KB
Data Width : 128Bits (16Bytes)

Searching for the best solution that is optimized for write latency ...

=============
CONFIGURATION
=============
Bank Organization: 16 x 32
 - Row Activation   : 1 / 16
 - Column Activation: 32 / 32
Mat Organization: 2 x 2
 - Row Activation   : 2 / 2
 - Column Activation: 2 / 2
 - Subarray Size    : 16 Rows x 32 Columns
Mux Level:
 - Senseamp Mux      : 32
 - Output Level-1 Mux: 1
 - Output Level-2 Mux: 1
Local Wire:
 - Wire Type : Local Aggressive
 - Repeater Type: No Repeaters
 - Low Swing : No
Global Wire:
 - Wire Type : Global Aggressive
 - Repeater Type: No Repeaters
 - Low Swing : No
Buffer Design Style: Latency-Optimized
=============
   RESULT
=============
Area:
 - Total Area = 660.512um x 446.977um = 295233.628um^2
 |--- Mat Area      = 41.282um x 13.968um = 576.628um^2   (0.688%)
 |--- Subarray Area = 19.247um x 6.984um = 134.418um^2   (0.737%)
 - Area Efficiency = 0.688%
Timing:
 -  Read Latency = 1.873ns
 |--- H-Tree Latency = 140.811ps
 |--- Mat Latency    = 1.732ns
    |--- Predecoder Latency = 103.708ps
    |--- Subarray Latency   = 1.629ns
       |--- Row Decoder Latency = 92.827ps
       |--- Bitline Latency     = 0.035ps
       |--- Senseamp Latency    = 1.454ns
       |--- Mux Latency         = 81.762ps
       |--- Precharge Latency   = 51.286ps
 - Write Latency = 20.290ns
 |--- H-Tree Latency = 70.406ps
 |--- Mat Latency    = 20.220ns
    |--- Predecoder Latency = 103.708ps
    |--- Subarray Latency   = 20.116ns
       |--- Row Decoder Latency = 92.827ps
       |--- Charge Latency      = 15.059ps
 - Read Bandwidth  = 10.081GB/s
 - Write Bandwidth = 795.388MB/s
Power:
 -  Read Dynamic Energy = 45.815pJ
 |--- H-Tree Dynamic Energy = 23.013pJ
 |--- Mat Dynamic Energy    = 0.713pJ per mat
    |--- Predecoder Dynamic Energy = 0.016pJ
    |--- Subarray Dynamic Energy   = 0.174pJ per active subarray
       |--- Row Decoder Dynamic Energy = 0.003pJ
       |--- Mux Decoder Dynamic Energy = 0.006pJ
       |--- Bitline & Cell Read Energy = 0.000pJ
       |--- Senseamp Dynamic Energy    = 0.150pJ
       |--- Mux Dynamic Energy         = 0.001pJ
       |--- Precharge Dynamic Energy   = 0.013pJ
 - Write Dynamic Energy = 102.765pJ
 |--- H-Tree Dynamic Energy = 23.013pJ
 |--- Mat Dynamic Energy    = 2.492pJ per mat
    |--- Predecoder Dynamic Energy = 0.016pJ
    |--- Subarray Dynamic Energy   = 0.619pJ per active subarray
       |--- Row Decoder Dynamic Energy = 0.003pJ
       |--- Mux Decoder Dynamic Energy = 0.006pJ
       |--- Mux Dynamic Energy         = 0.001pJ
 - Leakage Power = 312.894uW
 |--- H-Tree Leakage Power = 0.000pW
 |--- Mat Leakage Power    = 611.122nW per mat

Finished!
