User-defined configuration file (/Users/sudo/CodeProjects/Tufts/EECE0193/Final_Project/EXPERIMENTS/Input/Destiny/LeakagePower/STTRAM/4096KB/4096KB.cfg) is loaded

====================
DESIGN SPECIFICATION
====================
Design Target: Random Access Memory
Capacity   : 4MB
Data Width : 128Bits (16Bytes)

Searching for the best solution that is optimized for leakage power ...
Using cell file: ./cell_defs/STTRAM.cell
numSolutions = 37459 / numDesigns = 218700

=============
   SUMMARY   
=============
Optimized for: Leakage
Memory Cell: MRAM (Magnetoresistive)
Cell Area (F^2)    : 54 (5.4Fx10F)
Cell Aspect Ratio  : 0.54
Cell Turned-On Resistance : 3Kohm
Cell Turned-Off Resistance: 6Kohm
Read Mode: Current-Sensing
  - Read Voltage: 0.25V
Reset Mode: Current
  - Reset Current: 80uA
  - Reset Pulse: 10ns
Set Mode: Current
  - Set Current: 80uA
  - Set Pulse: 10ns
Access Type: CMOS

=============
CONFIGURATION
=============
Bank Organization: 16 x 32
 - Row Activation   : 1 / 16
 - Column Activation: 32 / 32
Mat Organization: 2 x 2
 - Row Activation   : 2 / 2
 - Column Activation: 2 / 2
 - Subarray Size    : 256 Rows x 64 Columns
Mux Level:
 - Senseamp Mux      : 64
 - Output Level-1 Mux: 1
 - Output Level-2 Mux: 1
Local Wire:
 - Wire Type : Local Aggressive
 - Repeater Type: No Repeaters
 - Low Swing : No
Global Wire:
 - Wire Type : Global Aggressive
 - Repeater Type: No Repeaters
 - Low Swing : No
Buffer Design Style: Latency-Optimized
=============
   RESULT
=============
Area:
 - Total Area = 1.19319mm x 1.44607mm = 1.72544mm^2
 |--- Mat Area      = 74.5746um x 45.1896um = 3370um^2   (50.8264%)
 |--- Subarray Area = 33.9985um x 22.5948um = 768.189um^2   (55.7431%)
 - Area Efficiency = 50.8264%
Timing:
 -  Read Latency = 2.96081ns
 |--- H-Tree Latency = 1.11631ns
 |--- Mat Latency    = 1.8445ns
    |--- Predecoder Latency = 170.607ps
    |--- Subarray Latency   = 1.67389ns
       |--- Row Decoder Latency = 139.673ps
       |--- Bitline Latency     = 13.7934ps,2.07502e+10s,8.20446e+09s
       |--- Senseamp Latency    = 1.456ns
       |--- Mux Latency         = 64.4226ps
       |--- Precharge Latency   = 445.11ps
       |--- Read Pulse   = 0ps
 - Write Total Latency = 10.8862ns
 - RESET Latency = 10.8862ns
 |--- H-Tree Latency = 558.155ps
 |--- Mat Latency    = 10.328ns
    |--- Predecoder Latency = 170.607ps
    |--- Subarray Latency   = 10.1574ns
       |--- RESET Pulse Duration = 10ns
       |--- Row Decoder Latency  = 139.673ps
       |--- Charge Latency   = 28.0126ps
 - SET Latency   = 10.8862ns
 |--- H-Tree Latency = 558.155ps
 |--- Mat Latency    = 10.328ns
    |--- Predecoder Latency = 170.607ps
    |--- Subarray Latency   = 10.1574ns
       |--- SET Pulse Duration   = 10ns
       |--- Row Decoder Latency  = 139.673ps
       |--- Charger Latency      = 28.0126ps
 - Read Bandwidth  = 8.08355GB/s
 - Write Bandwidth = 1.5752GB/s
Power:
 -  Read Dynamic Energy = 108.428pJ
 |--- H-Tree Dynamic Energy = 65.7008pJ
 |--- Mat Dynamic Energy    = 1.33523pJ per mat
    |--- Predecoder Dynamic Energy = 0.0325424pJ
    |--- Subarray Dynamic Energy   = 0.325673pJ per active subarray
       |--- Row Decoder Dynamic Energy = 0.0158544pJ
       |--- Mux Decoder Dynamic Energy = 0.0355677pJ
       |--- Bitline & Cell Read Energy = 0.0873601pJ
       |--- Senseamp Dynamic Energy    = 0.150363pJ
       |--- Mux Dynamic Energy         = 0.00763239pJ
       |--- Precharge Dynamic Energy   = 0.0278383pJ
 - Write Dynamic Energy = 203.795pJ
 - RESET Dynamic Energy = 201.765pJ
 |--- H-Tree Dynamic Energy = 65.7008pJ
 |--- Mat Dynamic Energy    = 4.25202pJ per mat
    |--- Predecoder Dynamic Energy = 0.0325424pJ
    |--- Subarray Dynamic Energy   = 1.07072pJ per active subarray
       |--- Row Decoder Dynamic Energy = 0.0158544pJ
       |--- Mux Decoder Dynamic Energy = 0.0355677pJ
       |--- Mux Dynamic Energy         = 0.00763239pJ
       |--- Cell RESET Dynamic Energy  = 1.01167pJ  0pJ
       |--- Single Cell RESET Energy  = 1pJ  0pJ
 - SET Dynamic Energy = 201.765pJ
 |--- H-Tree Dynamic Energy = 65.7008pJ
 |--- Mat Dynamic Energy    = 4.25202pJ per mat
    |--- Predecoder Dynamic Energy = 0.0325424pJ
    |--- Subarray Dynamic Energy   = 1.07072pJ per active subarray
       |--- Row Decoder Dynamic Energy = 0.0158544pJ
       |--- Mux Decoder Dynamic Energy = 0.0355677pJ
       |--- Mux Dynamic Energy         = 0.00763239pJ
       |--- Cell SET Dynamic Energy    = 1.01167pJ  0pJ  1.07072pJ
       |--- Single Cell SET Energy  = 1pJ  0pJ
 - Leakage Power = 518.954uW
 |--- H-Tree Leakage Power     = 0pW
 |--- Mat Leakage Power        = 1.01358uW per mat

Finished!
