User-defined configuration file (/Users/sudo/CodeProjects/Tufts/EECE0193/Final_Project/EXPERIMENTS/Input/NVSim/iso_area/ReadDynamicEnergy/STTRAM/512KB/512KB.cfg) is loaded

Memory Cell: MRAM (Magnetoresistive)
Cell Area (F^2)    : 54.000 (5.400Fx10.000F)
Cell Aspect Ratio  : 0.540
Cell Turned-On Resistance : 3.000Kohm
Cell Turned-Off Resistance: 6.000Kohm
Read Mode: Current-Sensing
  - Read Voltage: 0.250V
Reset Mode: Current
  - Reset Current: 80.000uA
  - Reset Pulse: 10.000ns
Set Mode: Current
  - Set Current: 80.000uA
  - Set Pulse: 10.000ns
Access Type: CMOS

====================
DESIGN SPECIFICATION
====================
Design Target: Random Access Memory
Capacity   : 512KB
Data Width : 128Bits (16Bytes)

Searching for the best solution that is optimized for read energy ...

=============
CONFIGURATION
=============
Bank Organization: 1 x 1
 - Row Activation   : 1 / 1
 - Column Activation: 1 / 1
Mat Organization: 2 x 2
 - Row Activation   : 2 / 2
 - Column Activation: 2 / 2
 - Subarray Size    : 2048 Rows x 512 Columns
Mux Level:
 - Senseamp Mux      : 16
 - Output Level-1 Mux: 1
 - Output Level-2 Mux: 1
Local Wire:
 - Wire Type : Local Aggressive
 - Repeater Type: No Repeaters
 - Low Swing : No
Global Wire:
 - Wire Type : Global Aggressive
 - Repeater Type: No Repeaters
 - Low Swing : No
Buffer Design Style: Latency-Optimized
=============
   RESULT
=============
Area:
 - Total Area = 518.597um x 254.679um = 132075.625um^2
 |--- Mat Area      = 518.597um x 254.679um = 132075.625um^2   (83.000%)
 |--- Subarray Area = 252.101um x 127.339um = 32102.358um^2   (85.369%)
 - Area Efficiency = 83.000%
Timing:
 -  Read Latency = 3.022ns
 |--- H-Tree Latency = 0.000ps
 |--- Mat Latency    = 3.022ns
    |--- Predecoder Latency = 266.304ps
    |--- Subarray Latency   = 2.756ns
       |--- Row Decoder Latency = 649.404ps
       |--- Bitline Latency     = 633.228ps
       |--- Senseamp Latency    = 1.456ns
       |--- Mux Latency         = 17.125ps
       |--- Precharge Latency   = 4.333ns
 - Write Latency = 11.840ns
 |--- H-Tree Latency = 0.000ps
 |--- Mat Latency    = 11.840ns
    |--- Predecoder Latency = 266.304ps
    |--- Subarray Latency   = 11.574ns
       |--- Write Pulse Duration = 10.000ns
       |--- Row Decoder Latency = 649.404ps
       |--- Charge Latency      = 1.058ns
 - Read Bandwidth  = 2.485GB/s
 - Write Bandwidth = 1.382GB/s
Power:
 -  Read Dynamic Energy = 34.921pJ
 |--- H-Tree Dynamic Energy = 0.000pJ
 |--- Mat Dynamic Energy    = 34.921pJ per mat
    |--- Predecoder Dynamic Energy = 0.161pJ
    |--- Subarray Dynamic Energy   = 8.690pJ per active subarray
       |--- Row Decoder Dynamic Energy = 0.095pJ
       |--- Mux Decoder Dynamic Energy = 0.218pJ
       |--- Bitline & Cell Read Energy = 2.796pJ
       |--- Senseamp Dynamic Energy    = 4.812pJ
       |--- Mux Dynamic Energy         = 0.065pJ
       |--- Precharge Dynamic Energy   = 0.202pJ
 - Write Dynamic Energy = 141.344pJ
 |--- H-Tree Dynamic Energy = 0.000pJ
 |--- Mat Dynamic Energy    = 141.344pJ per mat
    |--- Predecoder Dynamic Energy = 0.161pJ
    |--- Subarray Dynamic Energy   = 35.296pJ per active subarray
       |--- Row Decoder Dynamic Energy = 0.095pJ
       |--- Mux Decoder Dynamic Energy = 0.218pJ
       |--- Mux Dynamic Energy         = 0.065pJ
       |--- Bitline & Cell Write Energy= 34.918pJ
 - Leakage Power = 24.755uW
 |--- H-Tree Leakage Power = 0.000pW
 |--- Mat Leakage Power    = 24.755uW per mat

Finished!
