User-defined configuration file (/Users/sudo/CodeProjects/Tufts/EECE0193/Final_Project/EXPERIMENTS/Input/Destiny/iso_area/LeakagePower/STTRAM/2048KB/2048KB.cfg) is loaded

====================
DESIGN SPECIFICATION
====================
Design Target: Random Access Memory
Capacity   : 2MB
Data Width : 128Bits (16Bytes)

Searching for the best solution that is optimized for leakage power ...
Using cell file: ./cell_defs/STTRAM.cell
numSolutions = 32967 / numDesigns = 218700

=============
   SUMMARY   
=============
Optimized for: Leakage
Memory Cell: MRAM (Magnetoresistive)
Cell Area (F^2)    : 54 (5.4Fx10F)
Cell Aspect Ratio  : 0.54
Cell Turned-On Resistance : 3Kohm
Cell Turned-Off Resistance: 6Kohm
Read Mode: Current-Sensing
  - Read Voltage: 0.25V
Reset Mode: Current
  - Reset Current: 80uA
  - Reset Pulse: 10ns
Set Mode: Current
  - Set Current: 80uA
  - Set Pulse: 10ns
Access Type: CMOS

=============
CONFIGURATION
=============
Bank Organization: 16 x 16
 - Row Activation   : 1 / 16
 - Column Activation: 16 / 16
Mat Organization: 2 x 2
 - Row Activation   : 2 / 2
 - Column Activation: 2 / 2
 - Subarray Size    : 256 Rows x 64 Columns
Mux Level:
 - Senseamp Mux      : 32
 - Output Level-1 Mux: 1
 - Output Level-2 Mux: 1
Local Wire:
 - Wire Type : Local Aggressive
 - Repeater Type: No Repeaters
 - Low Swing : No
Global Wire:
 - Wire Type : Global Aggressive
 - Repeater Type: No Repeaters
 - Low Swing : No
Buffer Design Style: Latency-Optimized
=============
   RESULT
=============
Area:
 - Total Area = 1.25007mm x 723.034um = 903847um^2
 |--- Mat Area      = 78.1297um x 45.1896um = 3530.65um^2   (48.5137%)
 |--- Subarray Area = 35.7361um x 22.5948um = 807.451um^2   (53.0326%)
 - Area Efficiency = 48.5137%
Timing:
 -  Read Latency = 2.22955ns
 |--- H-Tree Latency = 415.66ps
 |--- Mat Latency    = 1.81389ns
    |--- Predecoder Latency = 171.454ps
    |--- Subarray Latency   = 1.64244ns
       |--- Row Decoder Latency = 139.754ps
       |--- Bitline Latency     = 13.7934ps,2.08784e+10s,2.23806e+09s
       |--- Senseamp Latency    = 1.456ns
       |--- Mux Latency         = 32.8907ps
       |--- Precharge Latency   = 445.11ps
       |--- Read Pulse   = 0ps
 - Write Total Latency = 10.5368ns
 - RESET Latency = 10.5368ns
 |--- H-Tree Latency = 207.83ps
 |--- Mat Latency    = 10.329ns
    |--- Predecoder Latency = 171.454ps
    |--- Subarray Latency   = 10.1575ns
       |--- RESET Pulse Duration = 10ns
       |--- Row Decoder Latency  = 139.754ps
       |--- Charge Latency   = 28.0126ps
 - SET Latency   = 10.5368ns
 |--- H-Tree Latency = 207.83ps
 |--- Mat Latency    = 10.329ns
    |--- Predecoder Latency = 171.454ps
    |--- Subarray Latency   = 10.1575ns
       |--- SET Pulse Duration   = 10ns
       |--- Row Decoder Latency  = 139.754ps
       |--- Charger Latency      = 28.0126ps
 - Read Bandwidth  = 8.21441GB/s
 - Write Bandwidth = 1.57519GB/s
Power:
 -  Read Dynamic Energy = 74.7284pJ
 |--- H-Tree Dynamic Energy = 38.1262pJ
 |--- Mat Dynamic Energy    = 2.28764pJ per mat
    |--- Predecoder Dynamic Energy = 0.0334069pJ
    |--- Subarray Dynamic Energy   = 0.563558pJ per active subarray
       |--- Row Decoder Dynamic Energy = 0.0158544pJ
       |--- Mux Decoder Dynamic Energy = 0.0355677pJ
       |--- Bitline & Cell Read Energy = 0.17472pJ
       |--- Senseamp Dynamic Energy    = 0.300727pJ
       |--- Mux Dynamic Energy         = 0.00779337pJ
       |--- Precharge Dynamic Energy   = 0.0278383pJ
 - Write Dynamic Energy = 171.944pJ
 - RESET Dynamic Energy = 170.929pJ
 |--- H-Tree Dynamic Energy = 38.1262pJ
 |--- Mat Dynamic Energy    = 8.3002pJ per mat
    |--- Predecoder Dynamic Energy = 0.0334069pJ
    |--- Subarray Dynamic Energy   = 2.08255pJ per active subarray
       |--- Row Decoder Dynamic Energy = 0.0158544pJ
       |--- Mux Decoder Dynamic Energy = 0.0355677pJ
       |--- Mux Dynamic Energy         = 0.00779337pJ
       |--- Cell RESET Dynamic Energy  = 2.02334pJ  0pJ
       |--- Single Cell RESET Energy  = 1pJ  0pJ
 - SET Dynamic Energy = 170.929pJ
 |--- H-Tree Dynamic Energy = 38.1262pJ
 |--- Mat Dynamic Energy    = 8.3002pJ per mat
    |--- Predecoder Dynamic Energy = 0.0334069pJ
    |--- Subarray Dynamic Energy   = 2.08255pJ per active subarray
       |--- Row Decoder Dynamic Energy = 0.0158544pJ
       |--- Mux Decoder Dynamic Energy = 0.0355677pJ
       |--- Mux Dynamic Energy         = 0.00779337pJ
       |--- Cell SET Dynamic Energy    = 2.02334pJ  0pJ  2.08255pJ
       |--- Single Cell SET Energy  = 1pJ  0pJ
 - Leakage Power = 404.503uW
 |--- H-Tree Leakage Power     = 0pW
 |--- Mat Leakage Power        = 1.58009uW per mat

Finished!
