User-defined configuration file (/Users/sudo/CodeProjects/Tufts/EECE0193/Final_Project/EXPERIMENTS/Input/NVSim/iso_capacity/ReadLatency/STTRAM/4096KB/4096KB.cfg) is loaded

Memory Cell: MRAM (Magnetoresistive)
Cell Area (F^2)    : 54.000 (5.400Fx10.000F)
Cell Aspect Ratio  : 0.540
Cell Turned-On Resistance : 3.000Kohm
Cell Turned-Off Resistance: 6.000Kohm
Read Mode: Current-Sensing
  - Read Voltage: 0.250V
Reset Mode: Current
  - Reset Current: 80.000uA
  - Reset Pulse: 10.000ns
Set Mode: Current
  - Set Current: 80.000uA
  - Set Pulse: 10.000ns
Access Type: CMOS

====================
DESIGN SPECIFICATION
====================
Design Target: Random Access Memory
Capacity   : 4MB
Data Width : 128Bits (16Bytes)

Searching for the best solution that is optimized for read latency ...

=============
CONFIGURATION
=============
Bank Organization: 32 x 8
 - Row Activation   : 1 / 32
 - Column Activation: 8 / 8
Mat Organization: 2 x 2
 - Row Activation   : 2 / 2
 - Column Activation: 2 / 2
 - Subarray Size    : 256 Rows x 128 Columns
Mux Level:
 - Senseamp Mux      : 32
 - Output Level-1 Mux: 1
 - Output Level-2 Mux: 1
Local Wire:
 - Wire Type : Local Aggressive
 - Repeater Type: No Repeaters
 - Low Swing : No
Global Wire:
 - Wire Type : Global Aggressive
 - Repeater Type: No Repeaters
 - Low Swing : No
Buffer Design Style: Latency-Optimized
=============
   RESULT
=============
Area:
 - Total Area = 2.287mm x 677.918um = 1.550mm^2
 |--- Mat Area      = 71.472um x 84.740um = 6056.537um^2   (56.562%)
 |--- Subarray Area = 35.736um x 38.916um = 1390.691um^2   (61.583%)
 - Area Efficiency = 56.562%
Timing:
 -  Read Latency = 2.664ns
 |--- H-Tree Latency = 803.485ps
 |--- Mat Latency    = 1.861ns
    |--- Predecoder Latency = 177.895ps
    |--- Subarray Latency   = 1.683ns
       |--- Row Decoder Latency = 180.035ps
       |--- Bitline Latency     = 13.793ps
       |--- Senseamp Latency    = 1.456ns
       |--- Mux Latency         = 32.891ps
       |--- Precharge Latency   = 445.477ps
 - Write Latency = 10.772ns
 |--- H-Tree Latency = 401.743ps
 |--- Mat Latency    = 10.370ns
    |--- Predecoder Latency = 177.895ps
    |--- Subarray Latency   = 10.192ns
       |--- Write Pulse Duration = 10.000ns
       |--- Row Decoder Latency = 180.035ps
       |--- Charge Latency      = 28.013ps
 - Read Bandwidth  = 8.213GB/s
 - Write Bandwidth = 1.570GB/s
Power:
 -  Read Dynamic Energy = 83.964pJ
 |--- H-Tree Dynamic Energy = 47.860pJ
 |--- Mat Dynamic Energy    = 4.513pJ per mat
    |--- Predecoder Dynamic Energy = 0.041pJ
    |--- Subarray Dynamic Energy   = 1.118pJ per active subarray
       |--- Row Decoder Dynamic Energy = 0.029pJ
       |--- Mux Decoder Dynamic Energy = 0.066pJ
       |--- Bitline & Cell Read Energy = 0.349pJ
       |--- Senseamp Dynamic Energy    = 0.601pJ
       |--- Mux Dynamic Energy         = 0.016pJ
       |--- Precharge Dynamic Energy   = 0.054pJ
 - Write Dynamic Energy = 181.228pJ
 |--- H-Tree Dynamic Energy = 47.860pJ
 |--- Mat Dynamic Energy    = 16.671pJ per mat
    |--- Predecoder Dynamic Energy = 0.041pJ
    |--- Subarray Dynamic Energy   = 4.158pJ per active subarray
       |--- Row Decoder Dynamic Energy = 0.029pJ
       |--- Mux Decoder Dynamic Energy = 0.066pJ
       |--- Mux Dynamic Energy         = 0.016pJ
       |--- Bitline & Cell Write Energy= 4.047pJ
 - Leakage Power = 765.362uW
 |--- H-Tree Leakage Power = 0.000pW
 |--- Mat Leakage Power    = 2.990uW per mat

Finished!
