User-defined configuration file (/Users/sudo/CodeProjects/Tufts/EECE0193/Final_Project/EXPERIMENTS/Input/NVSim/ReadDynamicEnergy/RRAM/128KB/128KB.cfg) is loaded

Memory Cell: RRAM (Memristor)
Cell Area (F^2)    : 4.000 (2.000Fx2.000F)
Cell Aspect Ratio  : 1.000
Cell Turned-On Resistance : 1.000Mohm
Cell Turned-Off Resistance: 10.000Mohm
Read Mode: Current-Sensing
  - Read Voltage: 0.400V
Reset Mode: Voltage
  - Reset Voltage: 2.000V
  - Reset Pulse: 10.000ns
Set Mode: Voltage
  - Set Voltage: 2.000V
  - Set Pulse: 10.000ns
Access Type: None Access Device

====================
DESIGN SPECIFICATION
====================
Design Target: Random Access Memory
Capacity   : 128KB
Data Width : 128Bits (16Bytes)

Searching for the best solution that is optimized for read energy ...

=============
CONFIGURATION
=============
Bank Organization: 2 x 1
 - Row Activation   : 1 / 2
 - Column Activation: 1 / 1
Mat Organization: 2 x 2
 - Row Activation   : 2 / 2
 - Column Activation: 2 / 2
 - Subarray Size    : 512 Rows x 256 Columns
Mux Level:
 - Senseamp Mux      : 8
 - Output Level-1 Mux: 1
 - Output Level-2 Mux: 1
Local Wire:
 - Wire Type : Local Aggressive
 - Repeater Type: No Repeaters
 - Low Swing : No
Global Wire:
 - Wire Type : Global Aggressive
 - Repeater Type: No Repeaters
 - Low Swing : No
Buffer Design Style: Latency-Optimized
=============
   RESULT
=============
Area:
 - Total Area = 393.482um x 78.188um = 30765.595um^2
 |--- Mat Area      = 196.741um x 78.188um = 15382.798um^2   (6.598%)
 |--- Subarray Area = 93.882um x 39.094um = 3670.233um^2   (6.914%)
 - Area Efficiency = 6.598%
Timing:
 -  Read Latency = 2.275ns
 |--- H-Tree Latency = 13.262ps
 |--- Mat Latency    = 2.262ns
    |--- Predecoder Latency = 209.264ps
    |--- Subarray Latency   = 2.053ns
       |--- Row Decoder Latency = 160.688ps
       |--- Bitline Latency     = 35.803ps
       |--- Senseamp Latency    = 1.454ns
       |--- Mux Latency         = 6.588ps
       |--- Precharge Latency   = 1.409ns
 - Write Latency = 20.966ns
 |--- H-Tree Latency = 6.631ps
 |--- Mat Latency    = 20.959ns
    |--- Predecoder Latency = 209.264ps
    |--- Subarray Latency   = 20.750ns
       |--- Row Decoder Latency = 160.688ps
       |--- Charge Latency      = 96.881ps
 - Read Bandwidth  = 4.847GB/s
 - Write Bandwidth = 771.078MB/s
Power:
 -  Read Dynamic Energy = 25.941pJ
 |--- H-Tree Dynamic Energy = 2.595pJ
 |--- Mat Dynamic Energy    = 23.346pJ per mat
    |--- Predecoder Dynamic Energy = 0.067pJ
    |--- Subarray Dynamic Energy   = 5.820pJ per active subarray
       |--- Row Decoder Dynamic Energy = 0.026pJ
       |--- Mux Decoder Dynamic Energy = 0.855pJ
       |--- Bitline & Cell Read Energy = 0.015pJ
       |--- Senseamp Dynamic Energy    = 4.812pJ
       |--- Mux Dynamic Energy         = 0.017pJ
       |--- Precharge Dynamic Energy   = 0.095pJ
 - Write Dynamic Energy = 112.700pJ
 |--- H-Tree Dynamic Energy = 2.595pJ
 |--- Mat Dynamic Energy    = 110.105pJ per mat
    |--- Predecoder Dynamic Energy = 0.067pJ
    |--- Subarray Dynamic Energy   = 27.510pJ per active subarray
       |--- Row Decoder Dynamic Energy = 0.026pJ
       |--- Mux Decoder Dynamic Energy = 0.855pJ
       |--- Mux Dynamic Energy         = 0.017pJ
 - Leakage Power = 40.443uW
 |--- H-Tree Leakage Power = 0.000pW
 |--- Mat Leakage Power    = 20.222uW per mat

Finished!
