User-defined configuration file (./cfg_files/SRAM_cache.cfg) is loaded


numLevelsMemCell 4

cap input 2097152 
cap after log 1048576 
cap after rounding 1048576


cap input beginning: 1048576 bytes
Memory Cell: RRAM (Memristor)
Cell Area (F^2)    : 4.000 (2.000Fx2.000F)
Cell Aspect Ratio  : 1.000
Cell Turned-On Resistance : 1.000Mohm
Cell Turned-Off Resistance: 10.000Mohm
Read Mode: Current-Sensing
  - Read Voltage: 0.400V
Reset Mode: Voltage
  - Reset Voltage: 2.000V
  - Reset Pulse: 10.000ns
Set Mode: Voltage
  - Set Voltage: 2.000V
  - Set Pulse: 10.000ns
Access Type: None Access Device

[HW3] memristor flash model

[WARNING] Associativity setting is ignored for non-cache designs

====================
DESIGN SPECIFICATION
====================
Design Target: Random Access Memory
Capacity   : 1MB
Data Width : 512Bits (64Bytes)

Searching for the best solution that is optimized for read energy-delay-product ...

valid inputs

inputParameter->numLevelsMemCell == [2, 4]: 4
inputParameter->isMLC == [true, false]: true
inputParameter->fileMemCell == "[SRAM, RRAM]": ./cell_defs/RRAM.cell
cell->memCellType == [memristor (5)]: 5

continuing


=============
CONFIGURATION
=============
Bank Organization: 4 x 4
 - Row Activation   : 1 / 4
 - Column Activation: 4 / 4
Mat Organization: 2 x 2
 - Row Activation   : 2 / 2
 - Column Activation: 2 / 2
 - Subarray Size    : 512 Rows x 256 Columns
Mux Level:
 - Senseamp Mux      : 8
 - Output Level-1 Mux: 1
 - Output Level-2 Mux: 1
Local Wire:
 - Wire Type : Local Aggressive
 - Repeater Type: No Repeaters
 - Low Swing : No
Global Wire:
 - Wire Type : Global Aggressive
 - Repeater Type: No Repeaters
 - Low Swing : No
Buffer Design Style: Latency-Optimized
=============
   RESULT
=============
Area:
 - Total Area = 786.965um x 312.752um = 246124.764um^2
 |--- Mat Area      = 196.741um x 78.188um = 15382.798um^2   (6.598%)
 |--- Subarray Area = 93.882um x 39.094um = 3670.233um^2   (6.914%)
 - Area Efficiency = 6.598%
Timing:
 -  Read Latency = 5.278ns
 |--- H-Tree Latency = 108.201ps
 |--- Mat Latency    = 5.170ns
    |--- Predecoder Latency = 209.264ps
    |--- Subarray Latency   = 4.961ns
       |--- Row Decoder Latency = 160.688ps
       |--- Bitline Latency     = 35.803ps
       |--- Senseamp Latency    = 4.362ns
       |--- Mux Latency         = 6.588ps
       |--- Precharge Latency   = 1.409ns
 - Write Latency = 21.014ns
 |--- H-Tree Latency = 54.100ps
 |--- Mat Latency    = 20.959ns
    |--- Predecoder Latency = 209.264ps
    |--- Subarray Latency   = 20.750ns
       |--- Row Decoder Latency = 160.688ps
       |--- Charge Latency      = 96.881ps
 - Read Bandwidth  = 10.307GB/s
 - Write Bandwidth = 3.084GB/s
Power:
 -  Read Dynamic Energy = 146.691pJ
 |--- H-Tree Dynamic Energy = 52.831pJ
 |--- Mat Dynamic Energy    = 23.465pJ per mat
    |--- Predecoder Dynamic Energy = 0.067pJ
    |--- Subarray Dynamic Energy   = 5.850pJ per active subarray
       |--- Row Decoder Dynamic Energy = 0.026pJ
       |--- Mux Decoder Dynamic Energy = 0.855pJ
       |--- Bitline & Cell Read Energy = 0.045pJ
       |--- Senseamp Dynamic Energy    = 4.812pJ
       |--- Mux Dynamic Energy         = 0.017pJ
       |--- Precharge Dynamic Energy   = 0.095pJ
 - Write Dynamic Energy = 493.250pJ
 |--- H-Tree Dynamic Energy = 52.831pJ
 |--- Mat Dynamic Energy    = 110.105pJ per mat
    |--- Predecoder Dynamic Energy = 0.067pJ
    |--- Subarray Dynamic Energy   = 27.510pJ per active subarray
       |--- Row Decoder Dynamic Energy = 0.026pJ
       |--- Mux Decoder Dynamic Energy = 0.855pJ
       |--- Mux Dynamic Energy         = 0.017pJ
 - Leakage Power = 323.546uW
 |--- H-Tree Leakage Power = 0.000pW
 |--- Mat Leakage Power    = 20.222uW per mat

Finished!
