User-defined configuration file (/Users/sudo/CodeProjects/Tufts/EECE0193/Final_Project/EXPERIMENTS/Input/Destiny/iso_area/LeakagePower/PCRAM/128KB/128KB.cfg) is loaded

====================
DESIGN SPECIFICATION
====================
Design Target: Random Access Memory
Capacity   : 128KB
Data Width : 128Bits (16Bytes)

Searching for the best solution that is optimized for leakage power ...
Using cell file: ./cell_defs/PCRAM.cell
numSolutions = 9865 / numDesigns = 218700

=============
   SUMMARY   
=============
Optimized for: Leakage
Memory Cell: PCRAM (Phase-Change)
Cell Area (F^2)    : 9 (3Fx3F)
Cell Aspect Ratio  : 1
Cell Turned-On Resistance : 1Kohm
Cell Turned-Off Resistance: 1Mohm
Read Mode: Voltage-Sensing
  - Read Current: 40uA
Reset Mode: Current
  - Reset Current: 300uA
  - Reset Pulse: 40ns
Set Mode: Current
  - Set Current: 150uA
  - Set Pulse: 150ns
Access Type: CMOS

=============
CONFIGURATION
=============
Bank Organization: 256 x 32
 - Row Activation   : 1 / 256
 - Column Activation: 32 / 32
Mat Organization: 2 x 2
 - Row Activation   : 2 / 2
 - Column Activation: 2 / 2
 - Subarray Size    : 2 Rows x 16 Columns
Mux Level:
 - Senseamp Mux      : 16
 - Output Level-1 Mux: 1
 - Output Level-2 Mux: 1
Local Wire:
 - Wire Type : Local Aggressive
 - Repeater Type: No Repeaters
 - Low Swing : No
Global Wire:
 - Wire Type : Global Aggressive
 - Repeater Type: No Repeaters
 - Low Swing : No
Buffer Design Style: Latency-Optimized
=============
   RESULT
=============
Area:
 - Total Area = 949.519um x 155.326um = 147485um^2
 |--- Mat Area      = 3.70906um x 4.85395um = 18.0036um^2   (3.09698%)
 |--- Subarray Area = 1.85453um x 1.96321um = 3.64083um^2   (3.82858%)
 - Area Efficiency = 3.09698%
Timing:
 -  Read Latency = 298.499ps
 |--- H-Tree Latency = 113.977ps
 |--- Mat Latency    = 184.522ps
    |--- Predecoder Latency = 19.2567ps
    |--- Subarray Latency   = 165.265ps
       |--- Row Decoder Latency = 27.0015ps
       |--- Bitline Latency     = 32.4003ps,1.63287ps,32.4003ps
       |--- Senseamp Latency    = 3.9879ps
       |--- Mux Latency         = 17.1247ps
       |--- Precharge Latency   = 8.61967ps
       |--- Read Pulse   = 0ps
 - Write Total Latency = 150.188ns
 - RESET Latency = 40.1883ns
 |--- H-Tree Latency = 56.9884ps
 |--- Mat Latency    = 40.1314ns
    |--- Predecoder Latency = 19.2567ps
    |--- Subarray Latency   = 40.1121ns
       |--- RESET Pulse Duration = 40ns
       |--- Row Decoder Latency  = 27.0015ps
       |--- Charge Latency   = 0.348924ps
 - SET Latency   = 150.188ns
 |--- H-Tree Latency = 56.9884ps
 |--- Mat Latency    = 150.131ns
    |--- Predecoder Latency = 19.2567ps
    |--- Subarray Latency   = 150.112ns
       |--- SET Pulse Duration   = 150ns
       |--- Row Decoder Latency  = 27.0015ps
       |--- Charger Latency      = 0.348924ps
 - Read Bandwidth  = 108.93GB/s
 - Write Bandwidth = 106.587MB/s
Power:
 -  Read Dynamic Energy = 534.877pJ
 |--- H-Tree Dynamic Energy = 16.7571pJ
 |--- Mat Dynamic Energy    = 16.1913pJ per mat
    |--- Predecoder Dynamic Energy = 0.00149115pJ
    |--- Subarray Dynamic Energy   = 4.04744pJ per active subarray
       |--- Row Decoder Dynamic Energy = 0.000776165pJ
       |--- Mux Decoder Dynamic Energy = 0.0248606pJ
       |--- Bitline & Cell Read Energy = 0.000255226pJ
       |--- Senseamp Dynamic Energy    = 0.000363496pJ
       |--- Mux Dynamic Energy         = 0.00202883pJ
       |--- Precharge Dynamic Energy   = 0.00565425pJ
 - Write Dynamic Energy = 11.5406nJ
 - RESET Dynamic Energy = 6.16446nJ
 |--- H-Tree Dynamic Energy = 16.7571pJ
 |--- Mat Dynamic Energy    = 192.116pJ per mat
    |--- Predecoder Dynamic Energy = 0.00149115pJ
    |--- Subarray Dynamic Energy   = 90.0293pJ per active subarray
       |--- Row Decoder Dynamic Energy = 0.000776165pJ
       |--- Mux Decoder Dynamic Energy = 0.0248606pJ
       |--- Mux Dynamic Energy         = 0.00202883pJ
       |--- Cell RESET Dynamic Energy  = 48.0017pJ  0pJ
       |--- Single Cell RESET Energy  = 9.6pJ  0pJ
 - SET Dynamic Energy = 11.5405nJ
 |--- H-Tree Dynamic Energy = 16.7571pJ
 |--- Mat Dynamic Energy    = 360.116pJ per mat
    |--- Predecoder Dynamic Energy = 0.00149115pJ
    |--- Subarray Dynamic Energy   = 90.0293pJ per active subarray
       |--- Row Decoder Dynamic Energy = 0.000776165pJ
       |--- Mux Decoder Dynamic Energy = 0.0248606pJ
       |--- Mux Dynamic Energy         = 0.00202883pJ
       |--- Cell SET Dynamic Energy    = 90.0017pJ  0pJ  90.0293pJ
       |--- Single Cell SET Energy  = 18pJ  0pJ
 - Leakage Power = 129.724uW
 |--- H-Tree Leakage Power     = 0pW
 |--- Mat Leakage Power        = 15.8355nW per mat

Finished!
