User-defined configuration file (/Users/sudo/CodeProjects/Tufts/EECE0193/Final_Project/EXPERIMENTS/Input/NVSim/iso_area/ReadDynamicEnergy/STTRAM/256KB/256KB.cfg) is loaded

Memory Cell: MRAM (Magnetoresistive)
Cell Area (F^2)    : 54.000 (5.400Fx10.000F)
Cell Aspect Ratio  : 0.540
Cell Turned-On Resistance : 3.000Kohm
Cell Turned-Off Resistance: 6.000Kohm
Read Mode: Current-Sensing
  - Read Voltage: 0.250V
Reset Mode: Current
  - Reset Current: 80.000uA
  - Reset Pulse: 10.000ns
Set Mode: Current
  - Set Current: 80.000uA
  - Set Pulse: 10.000ns
Access Type: CMOS

====================
DESIGN SPECIFICATION
====================
Design Target: Random Access Memory
Capacity   : 256KB
Data Width : 128Bits (16Bytes)

Searching for the best solution that is optimized for read energy ...

=============
CONFIGURATION
=============
Bank Organization: 1 x 1
 - Row Activation   : 1 / 1
 - Column Activation: 1 / 1
Mat Organization: 2 x 2
 - Row Activation   : 2 / 2
 - Column Activation: 2 / 2
 - Subarray Size    : 2048 Rows x 256 Columns
Mux Level:
 - Senseamp Mux      : 8
 - Output Level-1 Mux: 1
 - Output Level-2 Mux: 1
Local Wire:
 - Wire Type : Local Aggressive
 - Repeater Type: No Repeaters
 - Low Swing : No
Global Wire:
 - Wire Type : Global Aggressive
 - Repeater Type: No Repeaters
 - Low Swing : No
Buffer Design Style: Latency-Optimized
=============
   RESULT
=============
Area:
 - Total Area = 532.508um x 142.039um = 75636.693um^2
 |--- Mat Area      = 532.508um x 142.039um = 75636.693um^2   (72.466%)
 |--- Subarray Area = 259.052um x 71.019um = 18397.656um^2   (74.481%)
 - Area Efficiency = 72.466%
Timing:
 -  Read Latency = 2.647ns
 |--- H-Tree Latency = 0.000ps
 |--- Mat Latency    = 2.647ns
    |--- Predecoder Latency = 256.251ps
    |--- Subarray Latency   = 2.391ns
       |--- Row Decoder Latency = 292.642ps
       |--- Bitline Latency     = 633.228ps
       |--- Senseamp Latency    = 1.456ns
       |--- Mux Latency         = 9.242ps
       |--- Precharge Latency   = 4.331ns
 - Write Latency = 11.535ns
 |--- H-Tree Latency = 0.000ps
 |--- Mat Latency    = 11.535ns
    |--- Predecoder Latency = 256.251ps
    |--- Subarray Latency   = 11.279ns
       |--- Write Pulse Duration = 10.000ns
       |--- Row Decoder Latency = 292.642ps
       |--- Charge Latency      = 1.058ns
 - Read Bandwidth  = 2.488GB/s
 - Write Bandwidth = 1.419GB/s
Power:
 -  Read Dynamic Energy = 32.808pJ
 |--- H-Tree Dynamic Energy = 0.000pJ
 |--- Mat Dynamic Energy    = 32.808pJ per mat
    |--- Predecoder Dynamic Energy = 0.143pJ
    |--- Subarray Dynamic Energy   = 8.166pJ per active subarray
       |--- Row Decoder Dynamic Energy = 0.053pJ
       |--- Mux Decoder Dynamic Energy = 0.116pJ
       |--- Bitline & Cell Read Energy = 2.796pJ
       |--- Senseamp Dynamic Energy    = 4.812pJ
       |--- Mux Dynamic Energy         = 0.035pJ
       |--- Precharge Dynamic Energy   = 0.103pJ
 - Write Dynamic Energy = 140.631pJ
 |--- H-Tree Dynamic Energy = 0.000pJ
 |--- Mat Dynamic Energy    = 140.631pJ per mat
    |--- Predecoder Dynamic Energy = 0.143pJ
    |--- Subarray Dynamic Energy   = 35.122pJ per active subarray
       |--- Row Decoder Dynamic Energy = 0.053pJ
       |--- Mux Decoder Dynamic Energy = 0.116pJ
       |--- Mux Dynamic Energy         = 0.035pJ
       |--- Bitline & Cell Write Energy= 34.918pJ
 - Leakage Power = 24.711uW
 |--- H-Tree Leakage Power = 0.000pW
 |--- Mat Leakage Power    = 24.711uW per mat

Finished!
