User-defined configuration file (/Users/sudo/CodeProjects/Tufts/EECE0193/Final_Project/EXPERIMENTS/Input/NVSim/iso_area/ReadEDP/STTRAM/256KB/256KB.cfg) is loaded

Memory Cell: MRAM (Magnetoresistive)
Cell Area (F^2)    : 54.000 (5.400Fx10.000F)
Cell Aspect Ratio  : 0.540
Cell Turned-On Resistance : 3.000Kohm
Cell Turned-Off Resistance: 6.000Kohm
Read Mode: Current-Sensing
  - Read Voltage: 0.250V
Reset Mode: Current
  - Reset Current: 80.000uA
  - Reset Pulse: 10.000ns
Set Mode: Current
  - Set Current: 80.000uA
  - Set Pulse: 10.000ns
Access Type: CMOS

====================
DESIGN SPECIFICATION
====================
Design Target: Random Access Memory
Capacity   : 256KB
Data Width : 128Bits (16Bytes)

Searching for the best solution that is optimized for read energy-delay-product ...

=============
CONFIGURATION
=============
Bank Organization: 2 x 1
 - Row Activation   : 1 / 2
 - Column Activation: 1 / 1
Mat Organization: 2 x 2
 - Row Activation   : 2 / 2
 - Column Activation: 2 / 2
 - Subarray Size    : 1024 Rows x 256 Columns
Mux Level:
 - Senseamp Mux      : 8
 - Output Level-1 Mux: 1
 - Output Level-2 Mux: 1
Local Wire:
 - Wire Type : Local Aggressive
 - Repeater Type: No Repeaters
 - Low Swing : No
Global Wire:
 - Wire Type : Global Aggressive
 - Repeater Type: No Repeaters
 - Low Swing : No
Buffer Design Style: Latency-Optimized
=============
   RESULT
=============
Area:
 - Total Area = 570.453um x 142.039um = 81026.272um^2
 |--- Mat Area      = 285.226um x 142.039um = 40513.136um^2   (67.646%)
 |--- Subarray Area = 137.400um x 71.019um = 9758.078um^2   (70.213%)
 - Area Efficiency = 67.646%
Timing:
 -  Read Latency = 2.192ns
 |--- H-Tree Latency = 27.874ps
 |--- Mat Latency    = 2.164ns
    |--- Predecoder Latency = 225.478ps
    |--- Subarray Latency   = 1.939ns
       |--- Row Decoder Latency = 288.743ps
       |--- Bitline Latency     = 184.920ps
       |--- Senseamp Latency    = 1.456ns
       |--- Mux Latency         = 9.242ps
       |--- Precharge Latency   = 1.932ns
 - Write Latency = 10.744ns
 |--- H-Tree Latency = 13.937ps
 |--- Mat Latency    = 10.731ns
    |--- Predecoder Latency = 225.478ps
    |--- Subarray Latency   = 10.505ns
       |--- Write Pulse Duration = 10.000ns
       |--- Row Decoder Latency = 288.743ps
       |--- Charge Latency      = 290.191ps
 - Read Bandwidth  = 4.466GB/s
 - Write Bandwidth = 1.523GB/s
Power:
 -  Read Dynamic Energy = 35.815pJ
 |--- H-Tree Dynamic Energy = 3.790pJ
 |--- Mat Dynamic Energy    = 32.025pJ per mat
    |--- Predecoder Dynamic Energy = 0.095pJ
    |--- Subarray Dynamic Energy   = 7.983pJ per active subarray
       |--- Row Decoder Dynamic Energy = 0.053pJ
       |--- Mux Decoder Dynamic Energy = 0.116pJ
       |--- Bitline & Cell Read Energy = 2.796pJ
       |--- Senseamp Dynamic Energy    = 4.812pJ
       |--- Mux Dynamic Energy         = 0.035pJ
       |--- Precharge Dynamic Energy   = 0.103pJ
 - Write Dynamic Energy = 138.557pJ
 |--- H-Tree Dynamic Energy = 3.790pJ
 |--- Mat Dynamic Energy    = 134.767pJ per mat
    |--- Predecoder Dynamic Energy = 0.095pJ
    |--- Subarray Dynamic Energy   = 33.668pJ per active subarray
       |--- Row Decoder Dynamic Energy = 0.053pJ
       |--- Mux Decoder Dynamic Energy = 0.116pJ
       |--- Mux Dynamic Energy         = 0.035pJ
       |--- Bitline & Cell Write Energy= 33.464pJ
 - Leakage Power = 43.951uW
 |--- H-Tree Leakage Power = 0.000pW
 |--- Mat Leakage Power    = 21.975uW per mat

Finished!
