User-defined configuration file (/Users/sudo/CodeProjects/Tufts/EECE0193/Final_Project/EXPERIMENTS/Input/NVSim/iso_area/Area/STTRAM/512KB/512KB.cfg) is loaded

Memory Cell: MRAM (Magnetoresistive)
Cell Area (F^2)    : 54.000 (5.400Fx10.000F)
Cell Aspect Ratio  : 0.540
Cell Turned-On Resistance : 3.000Kohm
Cell Turned-Off Resistance: 6.000Kohm
Read Mode: Current-Sensing
  - Read Voltage: 0.250V
Reset Mode: Current
  - Reset Current: 80.000uA
  - Reset Pulse: 10.000ns
Set Mode: Current
  - Set Current: 80.000uA
  - Set Pulse: 10.000ns
Access Type: CMOS
[WARNING] Associativity setting is ignored for non-cache designs

====================
DESIGN SPECIFICATION
====================
Design Target: Random Access Memory
Capacity   : 512KB
Data Width : 128Bits (16Bytes)

Searching for the best solution that is optimized for area ...

=============
CONFIGURATION
=============
Bank Organization: 1 x 1
 - Row Activation   : 1 / 1
 - Column Activation: 1 / 1
Mat Organization: 2 x 2
 - Row Activation   : 2 / 2
 - Column Activation: 2 / 2
 - Subarray Size    : 512 Rows x 2048 Columns
Mux Level:
 - Senseamp Mux      : 64
 - Output Level-1 Mux: 1
 - Output Level-2 Mux: 1
Local Wire:
 - Wire Type : Local Aggressive
 - Repeater Type: No Repeaters
 - Low Swing : No
Global Wire:
 - Wire Type : Global Aggressive
 - Repeater Type: No Repeaters
 - Low Swing : No
Buffer Design Style: Latency-Optimized
=============
   RESULT
=============
Area:
 - Total Area = 128.823um x 940.721um = 121186.023um^2
 |--- Mat Area      = 128.823um x 940.721um = 121186.023um^2   (90.458%)
 |--- Subarray Area = 64.411um x 465.259um = 29967.933um^2   (91.450%)
 - Area Efficiency = 90.458%
Timing:
 -  Read Latency = 8.948ns
 |--- H-Tree Latency = 0.000ps
 |--- Mat Latency    = 8.948ns
    |--- Predecoder Latency = 293.352ps
    |--- Subarray Latency   = 8.655ns
       |--- Row Decoder Latency = 7.083ns
       |--- Bitline Latency     = 51.586ps
       |--- Senseamp Latency    = 1.456ns
       |--- Mux Latency         = 64.423ps
       |--- Precharge Latency   = 920.949ps
 - Write Latency = 17.376ns
 |--- H-Tree Latency = 0.000ps
 |--- Mat Latency    = 17.376ns
    |--- Predecoder Latency = 293.352ps
    |--- Subarray Latency   = 17.083ns
       |--- Write Pulse Duration = 10.000ns
       |--- Row Decoder Latency = 7.083ns
       |--- Charge Latency      = 85.567ps
 - Read Bandwidth  = 6.418GB/s
 - Write Bandwidth = 936.599MB/s
Power:
 -  Read Dynamic Energy = 39.754pJ
 |--- H-Tree Dynamic Energy = 0.000pJ
 |--- Mat Dynamic Energy    = 39.754pJ per mat
    |--- Predecoder Dynamic Energy = 0.215pJ
    |--- Subarray Dynamic Energy   = 9.885pJ per active subarray
       |--- Row Decoder Dynamic Energy = 0.348pJ
       |--- Mux Decoder Dynamic Energy = 0.776pJ
       |--- Bitline & Cell Read Energy = 2.796pJ
       |--- Senseamp Dynamic Energy    = 4.812pJ
       |--- Mux Dynamic Energy         = 0.244pJ
       |--- Precharge Dynamic Energy   = 0.776pJ
 - Write Dynamic Energy = 136.634pJ
 |--- H-Tree Dynamic Energy = 0.000pJ
 |--- Mat Dynamic Energy    = 136.634pJ per mat
    |--- Predecoder Dynamic Energy = 0.215pJ
    |--- Subarray Dynamic Energy   = 34.105pJ per active subarray
       |--- Row Decoder Dynamic Energy = 0.348pJ
       |--- Mux Decoder Dynamic Energy = 0.776pJ
       |--- Mux Dynamic Energy         = 0.244pJ
       |--- Bitline & Cell Write Energy= 32.737pJ
 - Leakage Power = 20.892uW
 |--- H-Tree Leakage Power = 0.000pW
 |--- Mat Leakage Power    = 20.892uW per mat

Finished!
