User-defined configuration file (/Users/sudo/CodeProjects/Tufts/EECE0193/Final_Project/EXPERIMENTS/Input/Destiny/iso_area/WriteEDP/PCRAM/256KB/256KB.cfg) is loaded

====================
DESIGN SPECIFICATION
====================
Design Target: Random Access Memory
Capacity   : 256KB
Data Width : 128Bits (16Bytes)

Searching for the best solution that is optimized for write energy-delay-product ...
Using cell file: ./cell_defs/PCRAM.cell
numSolutions = 12659 / numDesigns = 218700

=============
   SUMMARY   
=============
Optimized for: Write Energy-Delay-Product
Memory Cell: PCRAM (Phase-Change)
Cell Area (F^2)    : 9 (3Fx3F)
Cell Aspect Ratio  : 1
Cell Turned-On Resistance : 1Kohm
Cell Turned-Off Resistance: 1Mohm
Read Mode: Voltage-Sensing
  - Read Current: 40uA
Reset Mode: Current
  - Reset Current: 300uA
  - Reset Pulse: 40ns
Set Mode: Current
  - Set Current: 150uA
  - Set Pulse: 150ns
Access Type: CMOS

=============
CONFIGURATION
=============
Bank Organization: 512 x 32
 - Row Activation   : 1 / 512
 - Column Activation: 32 / 32
Mat Organization: 2 x 2
 - Row Activation   : 2 / 2
 - Column Activation: 2 / 2
 - Subarray Size    : 1 Rows x 32 Columns
Mux Level:
 - Senseamp Mux      : 32
 - Output Level-1 Mux: 1
 - Output Level-2 Mux: 1
Local Wire:
 - Wire Type : Local Aggressive
 - Repeater Type: No Repeaters
 - Low Swing : No
Global Wire:
 - Wire Type : Global Aggressive
 - Repeater Type: No Repeaters
 - Low Swing : No
Buffer Design Style: Latency-Optimized
=============
   RESULT
=============
Area:
 - Total Area = 2.089mm x 247.994um = 518061um^2
 |--- Mat Area      = 4.08008um x 7.74983um = 31.6199um^2   (1.76334%)
 |--- Subarray Area = 2.04004um x 3.28563um = 6.70283um^2   (2.0796%)
 - Area Efficiency = 1.76334%
Timing:
 -  Read Latency = 768.376ps
 |--- H-Tree Latency = 526.458ps
 |--- Mat Latency    = 241.918ps
    |--- Predecoder Latency = 21.944ps
    |--- Subarray Latency   = 219.974ps
       |--- Row Decoder Latency = 26.362ps
       |--- Bitline Latency     = 60.0638ps,3.02674ps,60.0638ps
       |--- Senseamp Latency    = 3.9879ps
       |--- Mux Latency         = 32.8907ps
       |--- Precharge Latency   = 7.11979ps
       |--- Read Pulse   = 0ps
 - Write Total Latency = 150.409ns
 - RESET Latency = 40.4085ns
 |--- H-Tree Latency = 263.229ps
 |--- Mat Latency    = 40.1453ns
    |--- Predecoder Latency = 21.944ps
    |--- Subarray Latency   = 40.1234ns
       |--- RESET Pulse Duration = 40ns
       |--- Row Decoder Latency  = 26.362ps
       |--- Charge Latency   = 0.322876ps
 - SET Latency   = 150.409ns
 |--- H-Tree Latency = 263.229ps
 |--- Mat Latency    = 150.145ns
    |--- Predecoder Latency = 21.944ps
    |--- Subarray Latency   = 150.123ns
       |--- SET Pulse Duration   = 150ns
       |--- Row Decoder Latency  = 26.362ps
       |--- Charger Latency      = 0.322876ps
 - Read Bandwidth  = 79.7082GB/s
 - Write Bandwidth = 106.579MB/s
Power:
 -  Read Dynamic Energy = 999.14pJ
 |--- H-Tree Dynamic Energy = 34.449pJ
 |--- Mat Dynamic Energy    = 30.1466pJ per mat
    |--- Predecoder Dynamic Energy = 0.000439014pJ
    |--- Subarray Dynamic Energy   = 7.53654pJ per active subarray
       |--- Row Decoder Dynamic Energy = 0.00149063pJ
       |--- Mux Decoder Dynamic Energy = 0.0455798pJ
       |--- Bitline & Cell Read Energy = 0.000255226pJ
       |--- Senseamp Dynamic Energy    = 0.000363496pJ
       |--- Mux Dynamic Energy         = 0.00389668pJ
       |--- Precharge Dynamic Energy   = 0.0131954pJ
 - Write Dynamic Energy = 11.5612nJ
 - RESET Dynamic Energy = 6.18499nJ
 |--- H-Tree Dynamic Energy = 34.449pJ
 |--- Mat Dynamic Energy    = 192.205pJ per mat
    |--- Predecoder Dynamic Energy = 0.000439014pJ
    |--- Subarray Dynamic Energy   = 90.0525pJ per active subarray
       |--- Row Decoder Dynamic Energy = 0.00149063pJ
       |--- Mux Decoder Dynamic Energy = 0.0455798pJ
       |--- Mux Dynamic Energy         = 0.00389668pJ
       |--- Cell RESET Dynamic Energy  = 48.0015pJ  0pJ
       |--- Single Cell RESET Energy  = 9.6pJ  0pJ
 - SET Dynamic Energy = 11.561nJ
 |--- H-Tree Dynamic Energy = 34.449pJ
 |--- Mat Dynamic Energy    = 360.205pJ per mat
    |--- Predecoder Dynamic Energy = 0.000439014pJ
    |--- Subarray Dynamic Energy   = 90.0525pJ per active subarray
       |--- Row Decoder Dynamic Energy = 0.00149063pJ
       |--- Mux Decoder Dynamic Energy = 0.0455798pJ
       |--- Mux Dynamic Energy         = 0.00389668pJ
       |--- Cell SET Dynamic Energy    = 90.0015pJ  0pJ  90.0525pJ
       |--- Single Cell SET Energy  = 18pJ  0pJ
 - Leakage Power = 745.385uW
 |--- H-Tree Leakage Power     = 0pW
 |--- Mat Leakage Power        = 45.4947nW per mat

Finished!
