User-defined configuration file (/Users/sudo/CodeProjects/Tufts/EECE0193/Final_Project/EXPERIMENTS/Input/NVSim/iso_capacity/WriteDynamicEnergy/SRAM/512KB/512KB.cfg) is loaded

Memory Cell: SRAM
Cell Area (F^2)    : 146.000 (14.600Fx10.000F)
Cell Aspect Ratio  : 1.460
SRAM Cell Access Transistor Width: 1.310F
SRAM Cell NMOS Width: 2.080F
SRAM Cell PMOS Width: 1.230F
[WARNING] Associativity setting is ignored for non-cache designs

====================
DESIGN SPECIFICATION
====================
Design Target: Random Access Memory
Capacity   : 512KB
Data Width : 128Bits (16Bytes)

Searching for the best solution that is optimized for write energy ...

=============
CONFIGURATION
=============
Bank Organization: 1 x 1
 - Row Activation   : 1 / 1
 - Column Activation: 1 / 1
Mat Organization: 2 x 2
 - Row Activation   : 2 / 2
 - Column Activation: 2 / 2
 - Subarray Size    : 1024 Rows x 1024 Columns
Mux Level:
 - Senseamp Mux      : 1
 - Output Level-1 Mux: 1
 - Output Level-2 Mux: 32
Local Wire:
 - Wire Type : Local Aggressive
 - Repeater Type: No Repeaters
 - Low Swing : No
Global Wire:
 - Wire Type : Global Aggressive
 - Repeater Type: No Repeaters
 - Low Swing : No
Buffer Design Style: Latency-Optimized
=============
   RESULT
=============
Area:
 - Total Area = 673.987um x 461.433um = 311000.310um^2
 |--- Mat Area      = 673.987um x 461.433um = 311000.310um^2   (95.301%)
 |--- Subarray Area = 331.098um x 230.717um = 76389.796um^2   (96.998%)
 - Area Efficiency = 95.301%
Timing:
 -  Read Latency = 3.086ns
 |--- H-Tree Latency = 0.000ps
 |--- Mat Latency    = 3.086ns
    |--- Predecoder Latency = 299.867ps
    |--- Subarray Latency   = 2.786ns
       |--- Row Decoder Latency = 1.045ns
       |--- Bitline Latency     = 1.671ns
       |--- Senseamp Latency    = 3.759ps
       |--- Mux Latency         = 66.665ps
       |--- Precharge Latency   = 3.547ns
 - Write Latency = 3.086ns
 |--- H-Tree Latency = 0.000ps
 |--- Mat Latency    = 3.086ns
    |--- Predecoder Latency = 299.867ps
    |--- Subarray Latency   = 2.786ns
       |--- Row Decoder Latency = 1.045ns
       |--- Charge Latency      = 1.842ns
 - Read Bandwidth  = 3.026GB/s
 - Write Bandwidth = 5.744GB/s
Power:
 -  Read Dynamic Energy = 75.156pJ
 |--- H-Tree Dynamic Energy = 0.000pJ
 |--- Mat Dynamic Energy    = 75.156pJ per mat
    |--- Predecoder Dynamic Energy = 0.227pJ
    |--- Subarray Dynamic Energy   = 18.732pJ per active subarray
       |--- Row Decoder Dynamic Energy = 0.093pJ
       |--- Mux Decoder Dynamic Energy = 0.225pJ
       |--- Senseamp Dynamic Energy    = 0.351pJ
       |--- Mux Dynamic Energy         = 0.023pJ
       |--- Precharge Dynamic Energy   = 0.394pJ
 - Write Dynamic Energy = 3.797pJ
 |--- H-Tree Dynamic Energy = 0.000pJ
 |--- Mat Dynamic Energy    = 3.797pJ per mat
    |--- Predecoder Dynamic Energy = 0.227pJ
    |--- Subarray Dynamic Energy   = 0.892pJ per active subarray
       |--- Row Decoder Dynamic Energy = 0.093pJ
       |--- Mux Decoder Dynamic Energy = 0.225pJ
       |--- Mux Dynamic Energy         = 0.023pJ
 - Leakage Power = 41.791uW
 |--- H-Tree Leakage Power = 0.000pW
 |--- Mat Leakage Power    = 41.791uW per mat

Finished!
