User-defined configuration file (/Users/sudo/CodeProjects/Tufts/EECE0193/Final_Project/EXPERIMENTS/Input/Destiny/Area/RRAM_MLC/128KB/128KB.cfg) is loaded

====================
DESIGN SPECIFICATION
====================
Design Target: Random Access Memory
Capacity   : 256KB
Data Width : 256Bits (32Bytes)

Searching for the best solution that is optimized for area ...
Using cell file: ./cell_defs/RRAM_MLC.cell
numSolutions = 3990 / numDesigns = 43740

=============
   SUMMARY   
=============
Optimized for: Area
Memory Cell: RRAM (Memristor)
Cell Area (F^2)    : 20 (4.47214Fx4.47214F)
Cell Aspect Ratio  : 1
Cell Turned-On Resistance : 1Mohm
Cell Turned-Off Resistance: 10Mohm
Read Mode: Current-Sensing
  - Read Voltage: 0.3V
Reset Mode: Voltage
  - Reset Voltage: 2.5V
  - Reset Pulse: 5ns
Set Mode: Current
  - Set Current: 25uA
  - Set Pulse: 5ns
Access Type: CMOS

=============
CONFIGURATION
=============
Bank Organization: 128 x 1
 - Row Activation   : 1 / 128
 - Column Activation: 1 / 1
Mat Organization: 2 x 2
 - Row Activation   : 2 / 2
 - Column Activation: 2 / 2
 - Subarray Size    : 1 Rows x 2048 Columns
Mux Level:
 - Senseamp Mux      : 64
 - Output Level-1 Mux: 1
 - Output Level-2 Mux: 1
Local Wire:
 - Wire Type : Local Aggressive
 - Repeater Type: No Repeaters
 - Low Swing : No
Global Wire:
 - Wire Type : Global Aggressive
 - Repeater Type: No Repeaters
 - Low Swing : No
Buffer Design Style: Latency-Optimized
=============
   RESULT
=============
Area:
 - Total Area = 1.31838mm x 435.806um = 574556um^2
 |--- Mat Area      = 10.2998um x 435.806um = 4488.72um^2   (1.76662%)
 |--- Subarray Area = 5.1499um x 217.189um = 1118.5um^2   (1.77242%)
 - Area Efficiency = 1.76662%
Timing:
 -  Read Latency = 220.437ps
 |--- H-Tree Latency = 198.493ps
 |--- Mat Latency    = 21.944ps
    |--- Predecoder Latency = 21.944ps
    |--- Subarray Latency   = 0ps
       |--- Row Decoder Latency = 2.02497ns
       |--- Bitline Latency     = 0.000377185ps,3.54105e+10s,6.39069e+10s
       |--- Senseamp Latency    = 1.45399ns
       |--- Mux Latency         = 148.427ps
       |--- Precharge Latency   = 11.784ps
       |--- Read Pulse   = 2ns
 - Write Total Latency = 121.19ps
 - RESET Latency = 121.19ps
 |--- H-Tree Latency = 99.2464ps
 |--- Mat Latency    = 21.944ps
    |--- Predecoder Latency = 21.944ps
    |--- Subarray Latency   = 0ps
       |--- RESET Pulse Duration = 5ns
       |--- Row Decoder Latency  = 2.02497ns
       |--- Charge Latency   = 1.18378ps
 - SET Latency   = 121.19ps
 |--- H-Tree Latency = 99.2464ps
 |--- Mat Latency    = 21.944ps
    |--- Predecoder Latency = 21.944ps
    |--- Subarray Latency   = 0ps
       |--- SET Pulse Duration   = 5ns
       |--- Row Decoder Latency  = 2.02497ns
       |--- Charger Latency      = 1.18378ps
 - Read Bandwidth  = -7.94758e+09B/s
 - Write Bandwidth = infTB/s
Power:
 -  Read Dynamic Energy = 41.5975pJ
 |--- H-Tree Dynamic Energy = 17.1395pJ
 |--- Mat Dynamic Energy    = 24.458pJ per mat
    |--- Predecoder Dynamic Energy = 0.000471738pJ
    |--- Subarray Dynamic Energy   = 6.11438pJ per active subarray
       |--- Row Decoder Dynamic Energy = 0.114789pJ
       |--- Mux Decoder Dynamic Energy = 0.405443pJ
       |--- Bitline & Cell Read Energy = 0pJ
       |--- Senseamp Dynamic Energy    = 4.81163pJ
       |--- Mux Dynamic Energy         = 0.0506439pJ
       |--- Precharge Dynamic Energy   = 0.731871pJ
 - Write Dynamic Energy = 19.4235pJ
 - RESET Dynamic Energy = 18.9643pJ
 |--- H-Tree Dynamic Energy = 17.1395pJ
 |--- Mat Dynamic Energy    = 1.82482pJ per mat
    |--- Predecoder Dynamic Energy = 0.000471738pJ
    |--- Subarray Dynamic Energy   = 0.570875pJ per active subarray
       |--- Row Decoder Dynamic Energy = 0.114789pJ
       |--- Mux Decoder Dynamic Energy = 0.405443pJ
       |--- Mux Dynamic Energy         = 0.0506439pJ
       |--- Cell RESET Dynamic Energy  = 0pJ  0pJ
       |--- Single Cell RESET Energy  = 0.029375pJ  -0pJ
 - SET Dynamic Energy = 18.9643pJ
 |--- H-Tree Dynamic Energy = 17.1395pJ
 |--- Mat Dynamic Energy    = 1.82482pJ per mat
    |--- Predecoder Dynamic Energy = 0.000471738pJ
    |--- Subarray Dynamic Energy   = 0.570875pJ per active subarray
       |--- Row Decoder Dynamic Energy = 0.114789pJ
       |--- Mux Decoder Dynamic Energy = 0.405443pJ
       |--- Mux Dynamic Energy         = 0.0506439pJ
       |--- Cell SET Dynamic Energy    = 0pJ  0pJ  0.570875pJ
       |--- Single Cell SET Energy  = 0.1pJ  0pJ
 - Leakage Power = 2.4973mW
 |--- H-Tree Leakage Power     = 0pW
 |--- Mat Leakage Power        = 19.5102uW per mat

Finished!
