User-defined configuration file (/Users/sudo/CodeProjects/Tufts/EECE0193/Final_Project/EXPERIMENTS/Input/NVSim/iso_capacity/WriteDynamicEnergy/SRAM/4096KB/4096KB.cfg) is loaded

Memory Cell: SRAM
Cell Area (F^2)    : 146.000 (14.600Fx10.000F)
Cell Aspect Ratio  : 1.460
SRAM Cell Access Transistor Width: 1.310F
SRAM Cell NMOS Width: 2.080F
SRAM Cell PMOS Width: 1.230F

====================
DESIGN SPECIFICATION
====================
Design Target: Random Access Memory
Capacity   : 4MB
Data Width : 128Bits (16Bytes)

Searching for the best solution that is optimized for write energy ...

=============
CONFIGURATION
=============
Bank Organization: 1 x 1
 - Row Activation   : 1 / 1
 - Column Activation: 1 / 1
Mat Organization: 2 x 2
 - Row Activation   : 2 / 2
 - Column Activation: 2 / 2
 - Subarray Size    : 2048 Rows x 4096 Columns
Mux Level:
 - Senseamp Mux      : 1
 - Output Level-1 Mux: 1
 - Output Level-2 Mux: 128
Local Wire:
 - Wire Type : Local Aggressive
 - Repeater Type: No Repeaters
 - Low Swing : No
Global Wire:
 - Wire Type : Global Aggressive
 - Repeater Type: No Repeaters
 - Low Swing : No
Buffer Design Style: Latency-Optimized
=============
   RESULT
=============
Area:
 - Total Area = 1.320mm x 1.828mm = 2.412mm^2
 |--- Mat Area      = 1.320mm x 1.828mm = 2.412mm^2   (98.284%)
 |--- Subarray Area = 660.007um x 906.557um = 598333.413um^2   (99.071%)
 - Area Efficiency = 98.284%
Timing:
 -  Read Latency = 21.537ns
 |--- H-Tree Latency = 0.000ps
 |--- Mat Latency    = 21.537ns
    |--- Predecoder Latency = 506.425ps
    |--- Subarray Latency   = 21.031ns
       |--- Row Decoder Latency = 13.358ns
       |--- Bitline Latency     = 7.402ns
       |--- Senseamp Latency    = 3.759ps
       |--- Mux Latency         = 266.658ps
       |--- Precharge Latency   = 9.047ns
 - Write Latency = 21.537ns
 |--- H-Tree Latency = 0.000ps
 |--- Mat Latency    = 21.537ns
    |--- Predecoder Latency = 506.425ps
    |--- Subarray Latency   = 21.031ns
       |--- Row Decoder Latency = 13.358ns
       |--- Charge Latency      = 5.641ns
 - Read Bandwidth  = 956.967MB/s
 - Write Bandwidth = 760.779MB/s
Power:
 -  Read Dynamic Energy = 581.930pJ
 |--- H-Tree Dynamic Energy = 0.000pJ
 |--- Mat Dynamic Energy    = 581.930pJ per mat
    |--- Predecoder Dynamic Energy = 0.587pJ
    |--- Subarray Dynamic Energy   = 145.336pJ per active subarray
       |--- Row Decoder Dynamic Energy = 0.340pJ
       |--- Mux Decoder Dynamic Energy = 0.804pJ
       |--- Senseamp Dynamic Energy    = 1.403pJ
       |--- Mux Dynamic Energy         = 0.091pJ
       |--- Precharge Dynamic Energy   = 1.542pJ
 - Write Dynamic Energy = 9.940pJ
 |--- H-Tree Dynamic Energy = 0.000pJ
 |--- Mat Dynamic Energy    = 9.940pJ per mat
    |--- Predecoder Dynamic Energy = 0.587pJ
    |--- Subarray Dynamic Energy   = 2.338pJ per active subarray
       |--- Row Decoder Dynamic Energy = 0.340pJ
       |--- Mux Decoder Dynamic Energy = 0.804pJ
       |--- Mux Dynamic Energy         = 0.091pJ
 - Leakage Power = 317.066uW
 |--- H-Tree Leakage Power = 0.000pW
 |--- Mat Leakage Power    = 317.066uW per mat

Finished!
