User-defined configuration file (/Users/sudo/CodeProjects/Tufts/EECE0193/Final_Project/EXPERIMENTS/Input/NVSim/ReadLatency/SRAM/128KB/128KB.cfg) is loaded

Memory Cell: SRAM
Cell Area (F^2)    : 146.000 (14.600Fx10.000F)
Cell Aspect Ratio  : 1.460
SRAM Cell Access Transistor Width: 1.310F
SRAM Cell NMOS Width: 2.080F
SRAM Cell PMOS Width: 1.230F

====================
DESIGN SPECIFICATION
====================
Design Target: Random Access Memory
Capacity   : 128KB
Data Width : 128Bits (16Bytes)

Searching for the best solution that is optimized for read latency ...

=============
CONFIGURATION
=============
Bank Organization: 64 x 32
 - Row Activation   : 1 / 64
 - Column Activation: 32 / 32
Mat Organization: 2 x 2
 - Row Activation   : 2 / 2
 - Column Activation: 2 / 2
 - Subarray Size    : 8 Rows x 16 Columns
Mux Level:
 - Senseamp Mux      : 1
 - Output Level-1 Mux: 4
 - Output Level-2 Mux: 4
Local Wire:
 - Wire Type : Local Aggressive
 - Repeater Type: No Repeaters
 - Low Swing : No
Global Wire:
 - Wire Type : Global Aggressive
 - Repeater Type: No Repeaters
 - Low Swing : No
Buffer Design Style: Latency-Optimized
=============
   RESULT
=============
Area:
 - Total Area = 701.280um x 240.304um = 168520.648um^2
 |--- Mat Area      = 10.957um x 7.510um = 82.285um^2   (43.969%)
 |--- Subarray Area = 4.646um x 3.755um = 17.446um^2   (51.846%)
 - Area Efficiency = 43.969%
Timing:
 -  Read Latency = 251.810ps
 |--- H-Tree Latency = 82.507ps
 |--- Mat Latency    = 169.303ps
    |--- Predecoder Latency = 74.014ps
    |--- Subarray Latency   = 95.290ps
       |--- Row Decoder Latency = 40.517ps
       |--- Bitline Latency     = 23.931ps
       |--- Senseamp Latency    = 3.759ps
       |--- Mux Latency         = 27.082ps
       |--- Precharge Latency   = 29.380ps
 - Write Latency = 210.557ps
 |--- H-Tree Latency = 41.253ps
 |--- Mat Latency    = 169.303ps
    |--- Predecoder Latency = 74.014ps
    |--- Subarray Latency   = 95.290ps
       |--- Row Decoder Latency = 40.517ps
       |--- Charge Latency      = 16.049ps
 - Read Bandwidth  = 190.131GB/s
 - Write Bandwidth = 167.909GB/s
Power:
 -  Read Dynamic Energy = 18.754pJ
 |--- H-Tree Dynamic Energy = 16.236pJ
 |--- Mat Dynamic Energy    = 0.079pJ per mat
    |--- Predecoder Dynamic Energy = 0.002pJ
    |--- Subarray Dynamic Energy   = 0.019pJ per active subarray
       |--- Row Decoder Dynamic Energy = 0.001pJ
       |--- Mux Decoder Dynamic Energy = 0.003pJ
       |--- Senseamp Dynamic Energy    = 0.005pJ
       |--- Mux Dynamic Energy         = 0.001pJ
       |--- Precharge Dynamic Energy   = 0.006pJ
 - Write Dynamic Energy = 17.005pJ
 |--- H-Tree Dynamic Energy = 16.236pJ
 |--- Mat Dynamic Energy    = 0.024pJ per mat
    |--- Predecoder Dynamic Energy = 0.002pJ
    |--- Subarray Dynamic Energy   = 0.005pJ per active subarray
       |--- Row Decoder Dynamic Energy = 0.001pJ
       |--- Mux Decoder Dynamic Energy = 0.003pJ
       |--- Mux Dynamic Energy         = 0.001pJ
 - Leakage Power = 16.641uW
 |--- H-Tree Leakage Power = 0.000pW
 |--- Mat Leakage Power    = 8.126nW per mat

Finished!
