User-defined configuration file (/Users/sudo/CodeProjects/Tufts/EECE0193/Final_Project/EXPERIMENTS/Input/NVSim/iso_area/WriteEDP/STTRAM/64KB/64KB.cfg) is loaded

Memory Cell: MRAM (Magnetoresistive)
Cell Area (F^2)    : 54.000 (5.400Fx10.000F)
Cell Aspect Ratio  : 0.540
Cell Turned-On Resistance : 3.000Kohm
Cell Turned-Off Resistance: 6.000Kohm
Read Mode: Current-Sensing
  - Read Voltage: 0.250V
Reset Mode: Current
  - Reset Current: 80.000uA
  - Reset Pulse: 10.000ns
Set Mode: Current
  - Set Current: 80.000uA
  - Set Pulse: 10.000ns
Access Type: CMOS

====================
DESIGN SPECIFICATION
====================
Design Target: Random Access Memory
Capacity   : 64KB
Data Width : 128Bits (16Bytes)

Searching for the best solution that is optimized for write energy-delay-product ...

=============
CONFIGURATION
=============
Bank Organization: 2 x 1
 - Row Activation   : 1 / 2
 - Column Activation: 1 / 1
Mat Organization: 2 x 2
 - Row Activation   : 2 / 2
 - Column Activation: 2 / 2
 - Subarray Size    : 256 Rows x 256 Columns
Mux Level:
 - Senseamp Mux      : 8
 - Output Level-1 Mux: 1
 - Output Level-2 Mux: 1
Local Wire:
 - Wire Type : Local Aggressive
 - Repeater Type: No Repeaters
 - Low Swing : No
Global Wire:
 - Wire Type : Global Aggressive
 - Repeater Type: No Repeaters
 - Low Swing : No
Buffer Design Style: Latency-Optimized
=============
   RESULT
=============
Area:
 - Total Area = 184.648um x 149.282um = 27564.674um^2
 |--- Mat Area      = 92.324um x 149.282um = 13782.337um^2   (49.711%)
 |--- Subarray Area = 46.162um x 71.019um = 3278.395um^2   (52.247%)
 - Area Efficiency = 49.711%
Timing:
 -  Read Latency = 1.957ns
 |--- H-Tree Latency = 2.920ps
 |--- Mat Latency    = 1.954ns
    |--- Predecoder Latency = 191.064ps
    |--- Subarray Latency   = 1.763ns
       |--- Row Decoder Latency = 284.304ps
       |--- Bitline Latency     = 13.793ps
       |--- Senseamp Latency    = 1.456ns
       |--- Mux Latency         = 9.242ps
       |--- Precharge Latency   = 446.358ps
 - Write Latency = 10.477ns
 |--- H-Tree Latency = 1.460ps
 |--- Mat Latency    = 10.475ns
    |--- Predecoder Latency = 191.064ps
    |--- Subarray Latency   = 10.284ns
       |--- Write Pulse Duration = 10.000ns
       |--- Row Decoder Latency = 284.304ps
       |--- Charge Latency      = 28.013ps
 - Read Bandwidth  = 8.310GB/s
 - Write Bandwidth = 1.556GB/s
Power:
 -  Read Dynamic Energy = 32.945pJ
 |--- H-Tree Dynamic Energy = 1.209pJ
 |--- Mat Dynamic Energy    = 31.736pJ per mat
    |--- Predecoder Dynamic Energy = 0.060pJ
    |--- Subarray Dynamic Energy   = 7.919pJ per active subarray
       |--- Row Decoder Dynamic Energy = 0.053pJ
       |--- Mux Decoder Dynamic Energy = 0.116pJ
       |--- Bitline & Cell Read Energy = 2.796pJ
       |--- Senseamp Dynamic Energy    = 4.812pJ
       |--- Mux Dynamic Energy         = 0.035pJ
       |--- Precharge Dynamic Energy   = 0.103pJ
 - Write Dynamic Energy = 131.579pJ
 |--- H-Tree Dynamic Energy = 1.209pJ
 |--- Mat Dynamic Energy    = 130.370pJ per mat
    |--- Predecoder Dynamic Energy = 0.060pJ
    |--- Subarray Dynamic Energy   = 32.578pJ per active subarray
       |--- Row Decoder Dynamic Energy = 0.053pJ
       |--- Mux Decoder Dynamic Energy = 0.116pJ
       |--- Mux Dynamic Energy         = 0.035pJ
       |--- Bitline & Cell Write Energy= 32.373pJ
 - Leakage Power = 39.862uW
 |--- H-Tree Leakage Power = 0.000pW
 |--- Mat Leakage Power    = 19.931uW per mat

Finished!
