User-defined configuration file (/Users/sudo/CodeProjects/Tufts/EECE0193/Final_Project/EXPERIMENTS/Input/Destiny/WriteEDP/PCRAM/64KB/64KB.cfg) is loaded

====================
DESIGN SPECIFICATION
====================
Design Target: Random Access Memory
Capacity   : 64KB
Data Width : 128Bits (16Bytes)

Searching for the best solution that is optimized for write energy-delay-product ...
Using cell file: ./cell_defs/PCRAM.cell
numSolutions = 7536 / numDesigns = 218700

=============
   SUMMARY   
=============
Optimized for: Write Energy-Delay-Product
Memory Cell: PCRAM (Phase-Change)
Cell Area (F^2)    : 9 (3Fx3F)
Cell Aspect Ratio  : 1
Cell Turned-On Resistance : 1Kohm
Cell Turned-Off Resistance: 1Mohm
Read Mode: Voltage-Sensing
  - Read Current: 40uA
Reset Mode: Current
  - Reset Current: 300uA
  - Reset Pulse: 40ns
Set Mode: Current
  - Set Current: 150uA
  - Set Pulse: 150ns
Access Type: CMOS

=============
CONFIGURATION
=============
Bank Organization: 256 x 32
 - Row Activation   : 1 / 256
 - Column Activation: 32 / 32
Mat Organization: 2 x 2
 - Row Activation   : 2 / 2
 - Column Activation: 2 / 2
 - Subarray Size    : 1 Rows x 16 Columns
Mux Level:
 - Senseamp Mux      : 16
 - Output Level-1 Mux: 1
 - Output Level-2 Mux: 1
Local Wire:
 - Wire Type : Local Aggressive
 - Repeater Type: No Repeaters
 - Low Swing : No
Global Wire:
 - Wire Type : Global Aggressive
 - Repeater Type: No Repeaters
 - Low Swing : No
Buffer Design Style: Latency-Optimized
=============
   RESULT
=============
Area:
 - Total Area = 915.727um x 153.189um = 140280um^2
 |--- Mat Area      = 3.57706um x 4.78717um = 17.124um^2   (1.62803%)
 |--- Subarray Area = 1.78853um x 1.96321um = 3.51126um^2   (1.98493%)
 - Area Efficiency = 1.62803%
Timing:
 -  Read Latency = 284.482ps
 |--- H-Tree Latency = 106.478ps
 |--- Mat Latency    = 178.004ps
    |--- Predecoder Latency = 18.9293ps
    |--- Subarray Latency   = 159.075ps
       |--- Row Decoder Latency = 19.3512ps
       |--- Bitline Latency     = 32.2488ps,1.62508ps,32.2488ps
       |--- Senseamp Latency    = 3.9879ps
       |--- Mux Latency         = 17.1247ps
       |--- Precharge Latency   = 7.20397ps
       |--- Read Pulse   = 0ps
 - Write Total Latency = 150.178ns
 - RESET Latency = 40.1782ns
 |--- H-Tree Latency = 53.2388ps
 |--- Mat Latency    = 40.125ns
    |--- Predecoder Latency = 18.9293ps
    |--- Subarray Latency   = 40.106ns
       |--- RESET Pulse Duration = 40ns
       |--- Row Decoder Latency  = 19.3512ps
       |--- Charge Latency   = 0.322876ps
 - SET Latency   = 150.178ns
 |--- H-Tree Latency = 53.2388ps
 |--- Mat Latency    = 150.125ns
    |--- Predecoder Latency = 18.9293ps
    |--- Subarray Latency   = 150.106ns
       |--- SET Pulse Duration   = 150ns
       |--- Row Decoder Latency  = 19.3512ps
       |--- Charger Latency      = 0.322876ps
 - Read Bandwidth  = 108.897GB/s
 - Write Bandwidth = 106.591MB/s
Power:
 -  Read Dynamic Energy = 498.629pJ
 |--- H-Tree Dynamic Energy = 16.0791pJ
 |--- Mat Dynamic Energy    = 15.0797pJ per mat
    |--- Predecoder Dynamic Energy = 0.00040629pJ
    |--- Subarray Dynamic Energy   = 3.76982pJ per active subarray
       |--- Row Decoder Dynamic Energy = 0.000776165pJ
       |--- Mux Decoder Dynamic Energy = 0.0248606pJ
       |--- Bitline & Cell Read Energy = 0.000255226pJ
       |--- Senseamp Dynamic Energy    = 0.000363496pJ
       |--- Mux Dynamic Energy         = 0.00202883pJ
       |--- Precharge Dynamic Energy   = 0.00565425pJ
 - Write Dynamic Energy = 11.5398nJ
 - RESET Dynamic Energy = 6.16373nJ
 |--- H-Tree Dynamic Energy = 16.0791pJ
 |--- Mat Dynamic Energy    = 192.114pJ per mat
    |--- Predecoder Dynamic Energy = 0.00040629pJ
    |--- Subarray Dynamic Energy   = 90.0292pJ per active subarray
       |--- Row Decoder Dynamic Energy = 0.000776165pJ
       |--- Mux Decoder Dynamic Energy = 0.0248606pJ
       |--- Mux Dynamic Energy         = 0.00202883pJ
       |--- Cell RESET Dynamic Energy  = 48.0015pJ  0pJ
       |--- Single Cell RESET Energy  = 9.6pJ  0pJ
 - SET Dynamic Energy = 11.5397nJ
 |--- H-Tree Dynamic Energy = 16.0791pJ
 |--- Mat Dynamic Energy    = 360.114pJ per mat
    |--- Predecoder Dynamic Energy = 0.00040629pJ
    |--- Subarray Dynamic Energy   = 90.0292pJ per active subarray
       |--- Row Decoder Dynamic Energy = 0.000776165pJ
       |--- Mux Decoder Dynamic Energy = 0.0248606pJ
       |--- Mux Dynamic Energy         = 0.00202883pJ
       |--- Cell SET Dynamic Energy    = 90.0015pJ  0pJ  90.0292pJ
       |--- Single Cell SET Energy  = 18pJ  0pJ
 - Leakage Power = 128.885uW
 |--- H-Tree Leakage Power     = 0pW
 |--- Mat Leakage Power        = 15.733nW per mat

Finished!
