User-defined configuration file (/Users/sudo/CodeProjects/Tufts/EECE0193/Final_Project/EXPERIMENTS/Input/NVSim/iso_capacity/ReadEDP/SRAM/256KB/256KB.cfg) is loaded

Memory Cell: SRAM
Cell Area (F^2)    : 146.000 (14.600Fx10.000F)
Cell Aspect Ratio  : 1.460
SRAM Cell Access Transistor Width: 1.310F
SRAM Cell NMOS Width: 2.080F
SRAM Cell PMOS Width: 1.230F
[WARNING] Associativity setting is ignored for non-cache designs

====================
DESIGN SPECIFICATION
====================
Design Target: Random Access Memory
Capacity   : 256KB
Data Width : 128Bits (16Bytes)

Searching for the best solution that is optimized for read energy-delay-product ...

=============
CONFIGURATION
=============
Bank Organization: 128 x 32
 - Row Activation   : 1 / 128
 - Column Activation: 32 / 32
Mat Organization: 2 x 2
 - Row Activation   : 2 / 2
 - Column Activation: 2 / 2
 - Subarray Size    : 8 Rows x 16 Columns
Mux Level:
 - Senseamp Mux      : 16
 - Output Level-1 Mux: 1
 - Output Level-2 Mux: 1
Local Wire:
 - Wire Type : Local Aggressive
 - Repeater Type: No Repeaters
 - Low Swing : No
Global Wire:
 - Wire Type : Global Aggressive
 - Repeater Type: No Repeaters
 - Low Swing : No
Buffer Design Style: Latency-Optimized
=============
   RESULT
=============
Area:
 - Total Area = 896.250um x 299.392um = 268330.521um^2
 |--- Mat Area      = 7.002um x 9.356um = 65.510um^2   (55.228%)
 |--- Subarray Area = 3.501um x 3.861um = 13.517um^2   (66.914%)
 - Area Efficiency = 55.228%
Timing:
 -  Read Latency = 373.325ps
 |--- H-Tree Latency = 132.641ps
 |--- Mat Latency    = 240.683ps
    |--- Predecoder Latency = 70.266ps
    |--- Subarray Latency   = 170.418ps
       |--- Row Decoder Latency = 39.870ps
       |--- Bitline Latency     = 47.628ps
       |--- Senseamp Latency    = 3.988ps
       |--- Mux Latency         = 48.430ps
       |--- Precharge Latency   = 29.347ps
 - Write Latency = 307.004ps
 |--- H-Tree Latency = 66.321ps
 |--- Mat Latency    = 240.683ps
    |--- Predecoder Latency = 70.266ps
    |--- Subarray Latency   = 170.418ps
       |--- Row Decoder Latency = 39.870ps
       |--- Charge Latency      = 7.427ps
 - Read Bandwidth  = 100.066GB/s
 - Write Bandwidth = 93.887GB/s
Power:
 -  Read Dynamic Energy = 22.391pJ
 |--- H-Tree Dynamic Energy = 20.466pJ
 |--- Mat Dynamic Energy    = 0.060pJ per mat
    |--- Predecoder Dynamic Energy = 0.002pJ
    |--- Subarray Dynamic Energy   = 0.014pJ per active subarray
       |--- Row Decoder Dynamic Energy = 0.001pJ
       |--- Mux Decoder Dynamic Energy = 0.004pJ
       |--- Senseamp Dynamic Energy    = 0.000pJ
       |--- Mux Dynamic Energy         = 0.001pJ
       |--- Precharge Dynamic Energy   = 0.006pJ
 - Write Dynamic Energy = 21.273pJ
 |--- H-Tree Dynamic Energy = 20.466pJ
 |--- Mat Dynamic Energy    = 0.025pJ per mat
    |--- Predecoder Dynamic Energy = 0.002pJ
    |--- Subarray Dynamic Energy   = 0.006pJ per active subarray
       |--- Row Decoder Dynamic Energy = 0.001pJ
       |--- Mux Decoder Dynamic Energy = 0.004pJ
       |--- Mux Dynamic Energy         = 0.001pJ
 - Leakage Power = 36.035uW
 |--- H-Tree Leakage Power = 0.000pW
 |--- Mat Leakage Power    = 8.798nW per mat

Finished!
