User-defined configuration file (/Users/sudo/CodeProjects/Tufts/EECE0193/Final_Project/EXPERIMENTS/Input/Destiny/LeakagePower/RRAM_MLC/256KB/256KB.cfg) is loaded

====================
DESIGN SPECIFICATION
====================
Design Target: Random Access Memory
Capacity   : 512KB
Data Width : 256Bits (32Bytes)

Searching for the best solution that is optimized for leakage power ...
Using cell file: ./cell_defs/RRAM_MLC.cell
numSolutions = 4752 / numDesigns = 43740

=============
   SUMMARY   
=============
Optimized for: Leakage
Memory Cell: RRAM (Memristor)
Cell Area (F^2)    : 20 (4.47214Fx4.47214F)
Cell Aspect Ratio  : 1
Cell Turned-On Resistance : 1Mohm
Cell Turned-Off Resistance: 10Mohm
Read Mode: Current-Sensing
  - Read Voltage: 0.3V
Reset Mode: Voltage
  - Reset Voltage: 2.5V
  - Reset Pulse: 5ns
Set Mode: Current
  - Set Current: 25uA
  - Set Pulse: 5ns
Access Type: CMOS

=============
CONFIGURATION
=============
Bank Organization: 8 x 1
 - Row Activation   : 1 / 8
 - Column Activation: 1 / 1
Mat Organization: 2 x 2
 - Row Activation   : 2 / 2
 - Column Activation: 2 / 2
 - Subarray Size    : 64 Rows x 1024 Columns
Mux Level:
 - Senseamp Mux      : 32
 - Output Level-1 Mux: 1
 - Output Level-2 Mux: 1
Local Wire:
 - Wire Type : Local Aggressive
 - Repeater Type: No Repeaters
 - Low Swing : No
Global Wire:
 - Wire Type : Global Aggressive
 - Repeater Type: No Repeaters
 - Low Swing : No
Buffer Design Style: Latency-Optimized
=============
   RESULT
=============
Area:
 - Total Area = 243.741um x 241.793um = 58934.9um^2
 |--- Mat Area      = 30.4676um x 241.793um = 7366.86um^2   (34.4455%)
 |--- Subarray Area = 15.2338um x 118.497um = 1805.16um^2   (35.143%)
 - Area Efficiency = 34.4455%
Timing:
 -  Read Latency = 156.065ps
 |--- H-Tree Latency = 6.67898ps
 |--- Mat Latency    = 149.387ps
    |--- Predecoder Latency = 149.387ps
    |--- Subarray Latency   = 0ps
       |--- Row Decoder Latency = 647.727ps
       |--- Bitline Latency     = 1.54485ps,0ps,0ps
       |--- Senseamp Latency    = 1.45399ns
       |--- Mux Latency         = 81.7621ps
       |--- Precharge Latency   = 120.559ps
       |--- Read Pulse   = 2ns
 - Write Total Latency = 152.726ps
 - RESET Latency = 152.726ps
 |--- H-Tree Latency = 3.33949ps
 |--- Mat Latency    = 149.387ps
    |--- Predecoder Latency = 149.387ps
    |--- Subarray Latency   = 0ps
       |--- RESET Pulse Duration = 5ns
       |--- Row Decoder Latency  = 647.727ps
       |--- Charge Latency   = 37.7296ps
 - SET Latency   = 152.726ps
 |--- H-Tree Latency = 3.33949ps
 |--- Mat Latency    = 149.387ps
    |--- Predecoder Latency = 149.387ps
    |--- Subarray Latency   = 0ps
       |--- SET Pulse Duration   = 5ns
       |--- Row Decoder Latency  = 647.727ps
       |--- Charger Latency      = 37.7296ps
 - Read Bandwidth  = -3.03509e+10B/s
 - Write Bandwidth = infTB/s
Power:
 -  Read Dynamic Energy = 24.8565pJ
 |--- H-Tree Dynamic Energy = 2.82209pJ
 |--- Mat Dynamic Energy    = 22.0344pJ per mat
    |--- Predecoder Dynamic Energy = 0.0646314pJ
    |--- Subarray Dynamic Energy   = 5.49244pJ per active subarray
       |--- Row Decoder Dynamic Energy = 0.0629357pJ
       |--- Mux Decoder Dynamic Energy = 0.218708pJ
       |--- Bitline & Cell Read Energy = 0pJ
       |--- Senseamp Dynamic Energy    = 4.81163pJ
       |--- Mux Dynamic Energy         = 0.0278976pJ
       |--- Precharge Dynamic Energy   = 0.371222pJ
 - Write Dynamic Energy = 4.12489pJ
 - RESET Dynamic Energy = 3.87314pJ
 |--- H-Tree Dynamic Energy = 2.82209pJ
 |--- Mat Dynamic Energy    = 1.05106pJ per mat
    |--- Predecoder Dynamic Energy = 0.0646314pJ
    |--- Subarray Dynamic Energy   = 0.309542pJ per active subarray
       |--- Row Decoder Dynamic Energy = 0.0629357pJ
       |--- Mux Decoder Dynamic Energy = 0.218708pJ
       |--- Mux Dynamic Energy         = 0.0278976pJ
       |--- Cell RESET Dynamic Energy  = 0pJ  0pJ
       |--- Single Cell RESET Energy  = 0.029375pJ  -0pJ
 - SET Dynamic Energy = 3.87314pJ
 |--- H-Tree Dynamic Energy = 2.82209pJ
 |--- Mat Dynamic Energy    = 1.05106pJ per mat
    |--- Predecoder Dynamic Energy = 0.0646314pJ
    |--- Subarray Dynamic Energy   = 0.309542pJ per active subarray
       |--- Row Decoder Dynamic Energy = 0.0629357pJ
       |--- Mux Decoder Dynamic Energy = 0.218708pJ
       |--- Mux Dynamic Energy         = 0.0278976pJ
       |--- Cell SET Dynamic Energy    = 0pJ  0pJ  0.309542pJ
       |--- Single Cell SET Energy  = 0.1pJ  0pJ
 - Leakage Power = 156.281uW
 |--- H-Tree Leakage Power     = 0pW
 |--- Mat Leakage Power        = 19.5352uW per mat

Finished!
