User-defined configuration file (/Users/sudo/CodeProjects/Tufts/EECE0193/Final_Project/EXPERIMENTS/Input/NVSim/WriteEDP/SRAM/256KB/256KB.cfg) is loaded

Memory Cell: SRAM
Cell Area (F^2)    : 146.000 (14.600Fx10.000F)
Cell Aspect Ratio  : 1.460
SRAM Cell Access Transistor Width: 1.310F
SRAM Cell NMOS Width: 2.080F
SRAM Cell PMOS Width: 1.230F

====================
DESIGN SPECIFICATION
====================
Design Target: Random Access Memory
Capacity   : 256KB
Data Width : 128Bits (16Bytes)

Searching for the best solution that is optimized for write energy-delay-product ...

=============
CONFIGURATION
=============
Bank Organization: 1 x 1
 - Row Activation   : 1 / 1
 - Column Activation: 1 / 1
Mat Organization: 2 x 2
 - Row Activation   : 2 / 2
 - Column Activation: 2 / 2
 - Subarray Size    : 512 Rows x 1024 Columns
Mux Level:
 - Senseamp Mux      : 1
 - Output Level-1 Mux: 16
 - Output Level-2 Mux: 2
Local Wire:
 - Wire Type : Local Aggressive
 - Repeater Type: No Repeaters
 - Low Swing : No
Global Wire:
 - Wire Type : Global Aggressive
 - Repeater Type: No Repeaters
 - Low Swing : No
Buffer Design Style: Latency-Optimized
=============
   RESULT
=============
Area:
 - Total Area = 333.683um x 471.575um = 157356.512um^2
 |--- Mat Area      = 333.683um x 471.575um = 157356.512um^2   (94.177%)
 |--- Subarray Area = 166.841um x 230.717um = 38493.099um^2   (96.247%)
 - Area Efficiency = 94.177%
Timing:
 -  Read Latency = 2.362ns
 |--- H-Tree Latency = 0.000ps
 |--- Mat Latency    = 2.362ns
    |--- Predecoder Latency = 266.538ps
    |--- Subarray Latency   = 2.095ns
       |--- Row Decoder Latency = 1.039ns
       |--- Bitline Latency     = 1.009ns
       |--- Senseamp Latency    = 3.759ps
       |--- Mux Latency         = 43.749ps
       |--- Precharge Latency   = 1.536ns
 - Write Latency = 2.362ns
 |--- H-Tree Latency = 0.000ps
 |--- Mat Latency    = 2.362ns
    |--- Predecoder Latency = 266.538ps
    |--- Subarray Latency   = 2.095ns
       |--- Row Decoder Latency = 1.039ns
       |--- Charge Latency      = 1.110ns
 - Read Bandwidth  = 6.171GB/s
 - Write Bandwidth = 7.635GB/s
Power:
 -  Read Dynamic Energy = 39.824pJ
 |--- H-Tree Dynamic Energy = 0.000pJ
 |--- Mat Dynamic Energy    = 39.824pJ per mat
    |--- Predecoder Dynamic Energy = 0.167pJ
    |--- Subarray Dynamic Energy   = 9.914pJ per active subarray
       |--- Row Decoder Dynamic Energy = 0.093pJ
       |--- Mux Decoder Dynamic Energy = 0.225pJ
       |--- Senseamp Dynamic Energy    = 0.351pJ
       |--- Mux Dynamic Energy         = 0.026pJ
       |--- Precharge Dynamic Energy   = 0.394pJ
 - Write Dynamic Energy = 2.646pJ
 |--- H-Tree Dynamic Energy = 0.000pJ
 |--- Mat Dynamic Energy    = 2.646pJ per mat
    |--- Predecoder Dynamic Energy = 0.167pJ
    |--- Subarray Dynamic Energy   = 0.620pJ per active subarray
       |--- Row Decoder Dynamic Energy = 0.093pJ
       |--- Mux Decoder Dynamic Energy = 0.225pJ
       |--- Mux Dynamic Energy         = 0.026pJ
 - Leakage Power = 20.959uW
 |--- H-Tree Leakage Power = 0.000pW
 |--- Mat Leakage Power    = 20.959uW per mat

Finished!
