User-defined configuration file (/Users/sudo/CodeProjects/Tufts/EECE0193/Final_Project/EXPERIMENTS/Input/NVSim/iso_capacity/LeakagePower/STTRAM/64KB/64KB.cfg) is loaded

Memory Cell: MRAM (Magnetoresistive)
Cell Area (F^2)    : 54.000 (5.400Fx10.000F)
Cell Aspect Ratio  : 0.540
Cell Turned-On Resistance : 3.000Kohm
Cell Turned-Off Resistance: 6.000Kohm
Read Mode: Current-Sensing
  - Read Voltage: 0.250V
Reset Mode: Current
  - Reset Current: 80.000uA
  - Reset Pulse: 10.000ns
Set Mode: Current
  - Set Current: 80.000uA
  - Set Pulse: 10.000ns
Access Type: CMOS

====================
DESIGN SPECIFICATION
====================
Design Target: Random Access Memory
Capacity   : 64KB
Data Width : 128Bits (16Bytes)

Searching for the best solution that is optimized for leakage power ...

=============
CONFIGURATION
=============
Bank Organization: 1 x 1
 - Row Activation   : 1 / 1
 - Column Activation: 1 / 1
Mat Organization: 2 x 2
 - Row Activation   : 2 / 2
 - Column Activation: 2 / 2
 - Subarray Size    : 256 Rows x 512 Columns
Mux Level:
 - Senseamp Mux      : 16
 - Output Level-1 Mux: 1
 - Output Level-2 Mux: 1
Local Wire:
 - Wire Type : Local Aggressive
 - Repeater Type: No Repeaters
 - Low Swing : No
Global Wire:
 - Wire Type : Global Aggressive
 - Repeater Type: No Repeaters
 - Low Swing : No
Buffer Design Style: Latency-Optimized
=============
   RESULT
=============
Area:
 - Total Area = 78.423um x 261.903um = 20539.174um^2
 |--- Mat Area      = 78.423um x 261.903um = 20539.174um^2   (66.715%)
 |--- Subarray Area = 39.211um x 127.339um = 4993.154um^2   (68.608%)
 - Area Efficiency = 66.715%
Timing:
 -  Read Latency = 2.330ns
 |--- H-Tree Latency = 0.000ps
 |--- Mat Latency    = 2.330ns
    |--- Predecoder Latency = 201.847ps
    |--- Subarray Latency   = 2.129ns
       |--- Row Decoder Latency = 641.670ps
       |--- Bitline Latency     = 13.793ps
       |--- Senseamp Latency    = 1.456ns
       |--- Mux Latency         = 17.125ps
       |--- Precharge Latency   = 447.935ps
 - Write Latency = 10.844ns
 |--- H-Tree Latency = 0.000ps
 |--- Mat Latency    = 10.844ns
    |--- Predecoder Latency = 201.847ps
    |--- Subarray Latency   = 10.642ns
       |--- Write Pulse Duration = 10.000ns
       |--- Row Decoder Latency = 641.670ps
       |--- Charge Latency      = 28.013ps
 - Read Bandwidth  = 8.269GB/s
 - Write Bandwidth = 1.504GB/s
Power:
 -  Read Dynamic Energy = 32.860pJ
 |--- H-Tree Dynamic Energy = 0.000pJ
 |--- Mat Dynamic Energy    = 32.860pJ per mat
    |--- Predecoder Dynamic Energy = 0.078pJ
    |--- Subarray Dynamic Energy   = 8.196pJ per active subarray
       |--- Row Decoder Dynamic Energy = 0.095pJ
       |--- Mux Decoder Dynamic Energy = 0.218pJ
       |--- Bitline & Cell Read Energy = 2.796pJ
       |--- Senseamp Dynamic Energy    = 4.812pJ
       |--- Mux Dynamic Energy         = 0.065pJ
       |--- Precharge Dynamic Energy   = 0.202pJ
 - Write Dynamic Energy = 131.083pJ
 |--- H-Tree Dynamic Energy = 0.000pJ
 |--- Mat Dynamic Energy    = 131.083pJ per mat
    |--- Predecoder Dynamic Energy = 0.078pJ
    |--- Subarray Dynamic Energy   = 32.751pJ per active subarray
       |--- Row Decoder Dynamic Energy = 0.095pJ
       |--- Mux Decoder Dynamic Energy = 0.218pJ
       |--- Mux Dynamic Energy         = 0.065pJ
       |--- Bitline & Cell Write Energy= 32.373pJ
 - Leakage Power = 19.976uW
 |--- H-Tree Leakage Power = 0.000pW
 |--- Mat Leakage Power    = 19.976uW per mat

Finished!
