User-defined configuration file (/Users/sudo/CodeProjects/Tufts/EECE0193/Final_Project/EXPERIMENTS/Input/NVSim/iso_area/ReadEDP/STTRAM/128KB/128KB.cfg) is loaded

Memory Cell: MRAM (Magnetoresistive)
Cell Area (F^2)    : 54.000 (5.400Fx10.000F)
Cell Aspect Ratio  : 0.540
Cell Turned-On Resistance : 3.000Kohm
Cell Turned-Off Resistance: 6.000Kohm
Read Mode: Current-Sensing
  - Read Voltage: 0.250V
Reset Mode: Current
  - Reset Current: 80.000uA
  - Reset Pulse: 10.000ns
Set Mode: Current
  - Set Current: 80.000uA
  - Set Pulse: 10.000ns
Access Type: CMOS
[WARNING] Associativity setting is ignored for non-cache designs

====================
DESIGN SPECIFICATION
====================
Design Target: Random Access Memory
Capacity   : 128KB
Data Width : 128Bits (16Bytes)

Searching for the best solution that is optimized for read energy-delay-product ...

=============
CONFIGURATION
=============
Bank Organization: 2 x 1
 - Row Activation   : 1 / 2
 - Column Activation: 1 / 1
Mat Organization: 2 x 2
 - Row Activation   : 2 / 2
 - Column Activation: 2 / 2
 - Subarray Size    : 512 Rows x 256 Columns
Mux Level:
 - Senseamp Mux      : 8
 - Output Level-1 Mux: 1
 - Output Level-2 Mux: 1
Local Wire:
 - Wire Type : Local Aggressive
 - Repeater Type: No Repeaters
 - Low Swing : No
Global Wire:
 - Wire Type : Global Aggressive
 - Repeater Type: No Repeaters
 - Low Swing : No
Buffer Design Style: Latency-Optimized
=============
   RESULT
=============
Area:
 - Total Area = 324.253um x 142.039um = 46056.376um^2
 |--- Mat Area      = 162.126um x 142.039um = 23028.188um^2   (59.504%)
 |--- Subarray Area = 76.575um x 71.019um = 5438.289um^2   (62.992%)
 - Area Efficiency = 59.504%
Timing:
 -  Read Latency = 2.024ns
 |--- H-Tree Latency = 9.006ps
 |--- Mat Latency    = 2.015ns
    |--- Predecoder Latency = 212.459ps
    |--- Subarray Latency   = 1.803ns
       |--- Row Decoder Latency = 285.873ps
       |--- Bitline Latency     = 51.586ps
       |--- Senseamp Latency    = 1.456ns
       |--- Mux Latency         = 9.242ps
       |--- Precharge Latency   = 911.853ps
 - Write Latency = 10.512ns
 |--- H-Tree Latency = 4.503ps
 |--- Mat Latency    = 10.508ns
    |--- Predecoder Latency = 212.459ps
    |--- Subarray Latency   = 10.295ns
       |--- Write Pulse Duration = 10.000ns
       |--- Row Decoder Latency = 285.873ps
       |--- Charge Latency      = 85.567ps
 - Read Bandwidth  = 6.588GB/s
 - Write Bandwidth = 1.554GB/s
Power:
 -  Read Dynamic Energy = 33.936pJ
 |--- H-Tree Dynamic Energy = 2.139pJ
 |--- Mat Dynamic Energy    = 31.798pJ per mat
    |--- Predecoder Dynamic Energy = 0.072pJ
    |--- Subarray Dynamic Energy   = 7.931pJ per active subarray
       |--- Row Decoder Dynamic Energy = 0.053pJ
       |--- Mux Decoder Dynamic Energy = 0.116pJ
       |--- Bitline & Cell Read Energy = 2.796pJ
       |--- Senseamp Dynamic Energy    = 4.812pJ
       |--- Mux Dynamic Energy         = 0.035pJ
       |--- Precharge Dynamic Energy   = 0.103pJ
 - Write Dynamic Energy = 133.975pJ
 |--- H-Tree Dynamic Energy = 2.139pJ
 |--- Mat Dynamic Energy    = 131.836pJ per mat
    |--- Predecoder Dynamic Energy = 0.072pJ
    |--- Subarray Dynamic Energy   = 32.941pJ per active subarray
       |--- Row Decoder Dynamic Energy = 0.053pJ
       |--- Mux Decoder Dynamic Energy = 0.116pJ
       |--- Mux Dynamic Energy         = 0.035pJ
       |--- Bitline & Cell Write Energy= 32.737pJ
 - Leakage Power = 41.230uW
 |--- H-Tree Leakage Power = 0.000pW
 |--- Mat Leakage Power    = 20.615uW per mat

Finished!
