User-defined configuration file (/Users/sudo/CodeProjects/Tufts/EECE0193/Final_Project/EXPERIMENTS/Input/Destiny/iso_capacity/LeakagePower/RRAM/128KB/128KB.cfg) is loaded

====================
DESIGN SPECIFICATION
====================
Design Target: Random Access Memory
Capacity   : 128KB
Data Width : 128Bits (16Bytes)

Searching for the best solution that is optimized for leakage power ...
Using cell file: ./cell_defs/RRAM.cell
numSolutions = 7819 / numDesigns = 218700

=============
   SUMMARY   
=============
Optimized for: Leakage
Memory Cell: RRAM (Memristor)
Cell Area (F^2)    : 4 (2Fx2F)
Cell Aspect Ratio  : 1
Cell Turned-On Resistance : 1Mohm
Cell Turned-Off Resistance: 10Mohm
Read Mode: Current-Sensing
  - Read Voltage: 0.4V
Reset Mode: Voltage
  - Reset Voltage: 2V
  - Reset Pulse: 10ns
Set Mode: Voltage
  - Set Voltage: 2V
  - Set Pulse: 10ns
Access Type: None Access Device

=============
CONFIGURATION
=============
Bank Organization: 8 x 32
 - Row Activation   : 1 / 8
 - Column Activation: 32 / 32
Mat Organization: 2 x 2
 - Row Activation   : 2 / 2
 - Column Activation: 2 / 2
 - Subarray Size    : 32 Rows x 32 Columns
Mux Level:
 - Senseamp Mux      : 32
 - Output Level-1 Mux: 1
 - Output Level-2 Mux: 1
Local Wire:
 - Wire Type : Local Aggressive
 - Repeater Type: No Repeaters
 - Low Swing : No
Global Wire:
 - Wire Type : Global Aggressive
 - Repeater Type: No Repeaters
 - Low Swing : No
Buffer Design Style: Latency-Optimized
=============
   RESULT
=============
Area:
 - Total Area = 346.419um x 446.977um = 154841um^2
 |--- Mat Area      = 43.3024um x 13.968um = 604.849um^2   (1.31105%)
 |--- Subarray Area = 19.9506um x 6.98402um = 139.335um^2   (1.4228%)
 - Area Efficiency = 1.31105%
Timing:
 -  Read Latency = 1.84147ns
 |--- H-Tree Latency = 104.671ps
 |--- Mat Latency    = 1.73679ns
    |--- Predecoder Latency = 107.971ps
    |--- Subarray Latency   = 1.62882ns
       |--- Row Decoder Latency = 92.9339ps
       |--- Bitline Latency     = 0.139871ps,2.61128e+10s,6.80111e+09s
       |--- Senseamp Latency    = 1.45399ns
       |--- Mux Latency         = 81.7621ps
       |--- Precharge Latency   = 94.1999ps
       |--- Read Pulse   = 0ps
 - Write Latency = 20.2575ns
 |--- H-Tree Latency = 52.3356ps
 |--- Mat Latency    = 20.2052ns
    |--- Predecoder Latency = 107.971ps
    |--- Subarray Latency   = 20.0972ns
       |--- Row Decoder Latency = 92.9339ps
       |--- Charge Latency      = 29.5604ps
 - Read Bandwidth  = 9.81541GB/s
 - Write Bandwidth = 796.131MB/s
Power:
 -  Read Dynamic Energy = 41.3272pJ
 |--- H-Tree Dynamic Energy = 18.8668pJ
 |--- Mat Dynamic Energy    = 0.701887pJ per mat
    |--- Predecoder Dynamic Energy = 0.0167322pJ
    |--- Subarray Dynamic Energy   = 0.171289pJ per active subarray
       |--- Row Decoder Dynamic Energy = 0.00290688pJ
       |--- Mux Decoder Dynamic Energy = 0.00365898pJ
       |--- Bitline & Cell Read Energy = 0.000465276pJ
       |--- Senseamp Dynamic Energy    = 0.150363pJ
       |--- Mux Dynamic Energy         = 0.0008718pJ
       |--- Precharge Dynamic Energy   = 0.0130196pJ
 - Write Dynamic Energy = 414.124pJ
 |--- H-Tree Dynamic Energy = 18.8668pJ
 |--- Mat Dynamic Energy    = 12.3518pJ per mat
    |--- Predecoder Dynamic Energy = 0.0167322pJ
    |--- Subarray Dynamic Energy   = 3.08376pJ per active subarray
       |--- Row Decoder Dynamic Energy = 0.00290688pJ
       |--- Mux Decoder Dynamic Energy = 0.00365898pJ
       |--- Mux Dynamic Energy         = 0.0008718pJ
 - Leakage Power = 156.987uW
 |--- H-Tree Leakage Power     = 0pW
 |--- Mat Leakage Power        = 613.229nW per mat

Finished!
