User-defined configuration file (/Users/sudo/CodeProjects/Tufts/EECE0193/Final_Project/EXPERIMENTS/Input/Destiny/iso_area/ReadDynamicEnergy/PCRAM/4096KB/4096KB.cfg) is loaded

====================
DESIGN SPECIFICATION
====================
Design Target: Random Access Memory
Capacity   : 4MB
Data Width : 128Bits (16Bytes)

Searching for the best solution that is optimized for read energy ...
Using cell file: ./cell_defs/PCRAM.cell
numSolutions = 28960 / numDesigns = 218700

=============
   SUMMARY   
=============
Optimized for: Read Energy
Memory Cell: PCRAM (Phase-Change)
Cell Area (F^2)    : 9 (3Fx3F)
Cell Aspect Ratio  : 1
Cell Turned-On Resistance : 1Kohm
Cell Turned-Off Resistance: 1Mohm
Read Mode: Voltage-Sensing
  - Read Current: 40uA
Reset Mode: Current
  - Reset Current: 300uA
  - Reset Pulse: 40ns
Set Mode: Current
  - Set Current: 150uA
  - Set Pulse: 150ns
Access Type: CMOS

=============
CONFIGURATION
=============
Bank Organization: 128 x 16 x 16
 - Row Activation   : 1 / 128 x 1
 - Column Activation: 16 / 16 x 1
Mat Organization: 2 x 2
 - Row Activation   : 2 / 2
 - Column Activation: 2 / 2
 - Subarray Size    : 16 Rows x 16 Columns
Mux Level:
 - Senseamp Mux      : 8
 - Output Level-1 Mux: 1
 - Output Level-2 Mux: 1
Local Wire:
 - Wire Type : Local Aggressive
 - Repeater Type: No Repeaters
 - Low Swing : No
Global Wire:
 - Wire Type : Global Aggressive
 - Repeater Type: No Repeaters
 - Low Swing : No
Buffer Design Style: Latency-Optimized
=============
   RESULT
=============
Area:
 - Total Area = 775.837um x 134.151um = 138828um^2
 |--- Mat Area      = 6.06123um x 8.38445um = 50.8201um^2   (140.434%)
 |--- Subarray Area = 3.03061um x 3.39962um = 10.3029um^2   (173.176%)
 |--- TSV Area      = 81um^2
 - Area Efficiency = 105.283%
Timing:
 -  Read Latency = 263.307ps
 |--- TSV Latency    = 0.171162ps
 |--- H-Tree Latency = 76.9289ps
 |--- Mat Latency    = 186.207ps
    |--- Predecoder Latency = 63.4367ps
    |--- Subarray Latency   = 122.77ps
       |--- Row Decoder Latency = 60.9522ps
       |--- Bitline Latency     = 20.6127ps,1.04008ps,20.6127ps
       |--- Senseamp Latency    = 3.9879ps
       |--- Mux Latency         = 9.24174ps
       |--- Precharge Latency   = 22.4297ps
       |--- Read Pulse   = 0ps
 - Write Total Latency = 150.192ns
 - RESET Latency = 40.1916ns
 |--- TSV Latency    = 0.0855811ps
 |--- H-Tree Latency = 38.4644ps
 |--- Mat Latency    = 40.1531ns
    |--- Predecoder Latency = 63.4367ps
    |--- Subarray Latency   = 40.0897ns
       |--- RESET Pulse Duration = 40ns
       |--- Row Decoder Latency  = 60.9522ps
       |--- Charge Latency   = 0.727324ps
 - SET Latency   = 150.192ns
 |--- TSV Latency    = 0.0855811ps
 |--- H-Tree Latency = 38.4644ps
 |--- Mat Latency    = 150.153ns
    |--- Predecoder Latency = 63.4367ps
    |--- Subarray Latency   = 150.09ns
       |--- SET Pulse Duration   = 150ns
       |--- Row Decoder Latency  = 60.9522ps
       |--- Charger Latency      = 0.727324ps
 - Read Bandwidth  = 189.917GB/s
 - Write Bandwidth = 106.603MB/s
Power:
 -  Read Dynamic Energy = 760.876pJ
 |--- TSV Dynamic Energy    = 239.195pJ
 |--- H-Tree Dynamic Energy = 13.7868pJ
 |--- Mat Dynamic Energy    = 31.7434pJ per mat
    |--- Predecoder Dynamic Energy = 0.00351398pJ
    |--- Subarray Dynamic Energy   = 7.93498pJ per active subarray
       |--- Row Decoder Dynamic Energy = 0.0010842pJ
       |--- Mux Decoder Dynamic Energy = 0.0245642pJ
       |--- Bitline & Cell Read Energy = 0.000510452pJ
       |--- Senseamp Dynamic Energy    = 0.000726993pJ
       |--- Mux Dynamic Energy         = 0.00218981pJ
       |--- Precharge Dynamic Energy   = 0.00565425pJ
 - Write Dynamic Energy = 11.7752nJ
 - RESET Dynamic Energy = 6.39917nJ
 |--- TSV Dynamic Energy    = 239.195pJ
 |--- H-Tree Dynamic Energy = 13.7868pJ
 |--- Mat Dynamic Energy    = 384.137pJ per mat
    |--- Predecoder Dynamic Energy = 0.00351398pJ
    |--- Subarray Dynamic Energy   = 180.034pJ per active subarray
       |--- Row Decoder Dynamic Energy = 0.0010842pJ
       |--- Mux Decoder Dynamic Energy = 0.0245642pJ
       |--- Mux Dynamic Energy         = 0.00218981pJ
       |--- Cell RESET Dynamic Energy  = 96.0065pJ  0pJ
       |--- Single Cell RESET Energy  = 9.6pJ  0pJ
 - SET Dynamic Energy = 11.7752nJ
 |--- H-Tree Dynamic Energy = 13.7868pJ
 |--- Mat Dynamic Energy    = 720.137pJ per mat
    |--- Predecoder Dynamic Energy = 0.00351398pJ
    |--- Subarray Dynamic Energy   = 180.034pJ per active subarray
       |--- Row Decoder Dynamic Energy = 0.0010842pJ
       |--- Mux Decoder Dynamic Energy = 0.0245642pJ
       |--- Mux Dynamic Energy         = 0.00218981pJ
       |--- Cell SET Dynamic Energy    = 180.007pJ  0pJ  180.034pJ
       |--- Single Cell SET Energy  = 18pJ  0pJ
 - Leakage Power = 352.009uW
 |--- TSV Leakage              = 0pW
 |--- H-Tree Leakage Power     = 0pW
 |--- Mat Leakage Power        = 10.7425nW per mat

Finished!
