User-defined configuration file (/Users/sudo/CodeProjects/Tufts/EECE0193/Final_Project/EXPERIMENTS/Input/Destiny/ReadLatency/SRAM/16KB/16KB.cfg) is loaded

====================
DESIGN SPECIFICATION
====================
Design Target: Random Access Memory
Capacity   : 16KB
Data Width : 128Bits (16Bytes)

Searching for the best solution that is optimized for read latency ...
Using cell file: ./cell_defs/SRAM.cell
numSolutions = 5305 / numDesigns = 218700

=============
   SUMMARY   
=============
Optimized for: Read Latency
Memory Cell: SRAM
Cell Area (F^2)    : 146 (14.6Fx10F)
Cell Aspect Ratio  : 1.46
SRAM Cell Access Transistor Width: 1.31F
SRAM Cell NMOS Width: 2.08F
SRAM Cell PMOS Width: 1.23F

=============
CONFIGURATION
=============
Bank Organization: 32 x 32 x 16
 - Row Activation   : 1 / 32 x 1
 - Column Activation: 32 / 32 x 1
Mat Organization: 2 x 2
 - Row Activation   : 2 / 2
 - Column Activation: 2 / 2
 - Subarray Size    : 1 Rows x 2 Columns
Mux Level:
 - Senseamp Mux      : 1
 - Output Level-1 Mux: 1
 - Output Level-2 Mux: 2
Local Wire:
 - Wire Type : Local Aggressive
 - Repeater Type: No Repeaters
 - Low Swing : No
Global Wire:
 - Wire Type : Global Aggressive
 - Repeater Type: No Repeaters
 - Low Swing : No
Buffer Design Style: Latency-Optimized
=============
   RESULT
=============
Area:
 - Total Area = 130.45um x 36.608um = 38552.5um^2
 |--- Mat Area      = 4.07655um x 1.144um = 4.66358um^2   (193.95%)
 |--- Subarray Area = 1.91279um x 572nm = 1.09412um^2   (206.674%)
 |--- TSV Area      = 81um^2
 - Area Efficiency = 24.0246%
Timing:
 -  Read Latency = 30.2872ps
 |--- TSV Latency    = 0.171162ps
 |--- H-Tree Latency = 2.5532ps
 |--- Mat Latency    = 27.5628ps
    |--- Predecoder Latency = 3.59416ps
    |--- Subarray Latency   = 23.9687ps
       |--- Row Decoder Latency = 11.2105ps
       |--- Bitline Latency     = 4.83255ps,1e+41s,1.39115e+11s
       |--- Senseamp Latency    = 3.75908ps
       |--- Mux Latency         = 4.16654ps
       |--- Precharge Latency   = 8.78854ps
       |--- Read Pulse   = 0ps
 - Write Latency = 28.925ps
 |--- TSV Latency    = 0.0855811ps
 |--- H-Tree Latency = 1.2766ps
 |--- Mat Latency    = 27.5628ps
    |--- Predecoder Latency = 3.59416ps
    |--- Subarray Latency   = 23.9687ps
       |--- Row Decoder Latency = 11.2105ps
       |--- Charge Latency      = 1.47114ps
 - Read Bandwidth  = 742.573GB/s
 - Write Bandwidth = 667.538GB/s
Power:
 -  Read Dynamic Energy = 229.929pJ
 |--- TSV Dynamic Energy    = 227.084pJ
 |--- H-Tree Dynamic Energy = 2.54086pJ
 |--- Mat Dynamic Energy    = 0.00952421pJ per mat
    |--- Predecoder Dynamic Energy = 0.000171435pJ
    |--- Subarray Dynamic Energy   = 0.00233819pJ per active subarray
       |--- Row Decoder Dynamic Energy = 0.000217419pJ
       |--- Mux Decoder Dynamic Energy = 0.000537471pJ
       |--- Senseamp Dynamic Energy    = 0.000685279pJ
       |--- Mux Dynamic Energy         = 4.44263e-05pJ
       |--- Precharge Dynamic Energy   = 0.000810203pJ
 - Write Dynamic Energy = 229.735pJ
 |--- TSV Dynamic Energy    = 227.084pJ
 |--- H-Tree Dynamic Energy = 2.54086pJ
 |--- Mat Dynamic Energy    = 0.00345549pJ per mat
    |--- Predecoder Dynamic Energy = 0.000171435pJ
    |--- Subarray Dynamic Energy   = 0.000821013pJ per active subarray
       |--- Row Decoder Dynamic Energy = 0.000217419pJ
       |--- Mux Decoder Dynamic Energy = 0.000537471pJ
       |--- Mux Dynamic Energy         = 4.44263e-05pJ
 - Leakage Power = 7.46493uW
 |--- TSV Leakage              = 0pW
 |--- H-Tree Leakage Power     = 0pW
 |--- Mat Leakage Power        = 455.623pW per mat

Finished!
