User-defined configuration file (/h/mrocke01/EECE0193/NVSim/cfg_files/SRAM_cache_1024_STTRAM.cfg) is loaded

Memory Cell: MRAM (Magnetoresistive)
Cell Area (F^2)    : 54.000 (5.400Fx10.000F)
Cell Aspect Ratio  : 0.540
Cell Turned-On Resistance : 3.000Kohm
Cell Turned-Off Resistance: 6.000Kohm
Read Mode: Current-Sensing
  - Read Voltage: 0.250V
Reset Mode: Current
  - Reset Current: 80.000uA
  - Reset Pulse: 10.000ns
Set Mode: Current
  - Set Current: 80.000uA
  - Set Pulse: 10.000ns
Access Type: CMOS

====================
DESIGN SPECIFICATION
====================
Design Target: Cache
Capacity   : 1MB
Cache Line Size: 64Bytes
Cache Associativity: 16 Ways

Searching for the best solution that is optimized for read energy-delay-product ...

=======================
CACHE DESIGN -- SUMMARY
=======================
Access Mode: Sequential
Area:
 - Total Area = 0.458mm^2
 |--- Data Array Area = 648.505um x 568.154um = 0.368mm^2
 |--- Tag Array Area  = 572.662um x 156.251um = 0.089mm^2
Timing:
 - Cache Hit Latency   = 4.262ns
 - Cache Miss Latency  = 2.064ns
 - Cache Write Latency = 10.599ns
Power:
 - Cache Hit Dynamic Energy   = 0.327nJ per access
 - Cache Miss Dynamic Energy  = 0.133nJ per access
 - Cache Write Dynamic Energy = 1.148nJ per access
 - Cache Total Leakage Power  = 0.658mW
 |--- Cache Data Array Leakage Power = 0.330mW
 |--- Cache Tag Array Leakage Power  = 0.328mW

CACHE DATA ARRAY
=============
CONFIGURATION
=============
Bank Organization: 4 x 4
 - Row Activation   : 1 / 4
 - Column Activation: 4 / 4
Mat Organization: 2 x 2
 - Row Activation   : 2 / 2
 - Column Activation: 2 / 2
 - Subarray Size    : 512 Rows x 256 Columns
Mux Level:
 - Senseamp Mux      : 8
 - Output Level-1 Mux: 1
 - Output Level-2 Mux: 1
 - One set is partitioned into 1 rows
Local Wire:
 - Wire Type : Local Aggressive
 - Repeater Type: No Repeaters
 - Low Swing : No
Global Wire:
 - Wire Type : Global Aggressive
 - Repeater Type: No Repeaters
 - Low Swing : No
Buffer Design Style: Latency-Optimized
=============
   RESULT
=============
Area:
 - Total Area = 648.505um x 568.154um = 368451.005um^2
 |--- Mat Area      = 162.126um x 142.039um = 23028.188um^2   (59.504%)
 |--- Subarray Area = 76.575um x 71.019um = 5438.289um^2   (62.992%)
 - Area Efficiency = 59.504%
Timing:
 -  Read Latency = 2.198ns
 |--- H-Tree Latency = 183.276ps
 |--- Mat Latency    = 2.015ns
    |--- Predecoder Latency = 212.459ps
    |--- Subarray Latency   = 1.803ns
       |--- Row Decoder Latency = 285.873ps
       |--- Bitline Latency     = 51.586ps
       |--- Senseamp Latency    = 1.456ns
       |--- Mux Latency         = 9.242ps
       |--- Precharge Latency   = 911.853ps
 - Write Latency = 10.599ns
 |--- H-Tree Latency = 91.638ps
 |--- Mat Latency    = 10.508ns
    |--- Predecoder Latency = 212.459ps
    |--- Subarray Latency   = 10.295ns
       |--- Write Pulse Duration = 10.000ns
       |--- Row Decoder Latency = 285.873ps
       |--- Charge Latency      = 85.567ps
 - Read Bandwidth  = 26.352GB/s
 - Write Bandwidth = 6.216GB/s
Power:
 -  Read Dynamic Energy = 193.980pJ
 |--- H-Tree Dynamic Energy = 66.790pJ
 |--- Mat Dynamic Energy    = 31.798pJ per mat
    |--- Predecoder Dynamic Energy = 0.072pJ
    |--- Subarray Dynamic Energy   = 7.931pJ per active subarray
       |--- Row Decoder Dynamic Energy = 0.053pJ
       |--- Mux Decoder Dynamic Energy = 0.116pJ
       |--- Bitline & Cell Read Energy = 2.796pJ
       |--- Senseamp Dynamic Energy    = 4.812pJ
       |--- Mux Dynamic Energy         = 0.035pJ
       |--- Precharge Dynamic Energy   = 0.103pJ
 - Write Dynamic Energy = 594.134pJ
 |--- H-Tree Dynamic Energy = 66.790pJ
 |--- Mat Dynamic Energy    = 131.836pJ per mat
    |--- Predecoder Dynamic Energy = 0.072pJ
    |--- Subarray Dynamic Energy   = 32.941pJ per active subarray
       |--- Row Decoder Dynamic Energy = 0.053pJ
       |--- Mux Decoder Dynamic Energy = 0.116pJ
       |--- Mux Dynamic Energy         = 0.035pJ
       |--- Bitline & Cell Write Energy= 32.737pJ
 - Leakage Power = 329.842uW
 |--- H-Tree Leakage Power = 0.000pW
 |--- Mat Leakage Power    = 20.615uW per mat

CACHE TAG ARRAY
=============
CONFIGURATION
=============
Bank Organization: 4 x 1
 - Row Activation   : 1 / 4
 - Column Activation: 1 / 1
Mat Organization: 1 x 2
 - Row Activation   : 1 / 1
 - Column Activation: 2 / 2
 - Subarray Size    : 256 Rows x 272 Columns
Mux Level:
 - Senseamp Mux      : 1
 - Output Level-1 Mux: 1
 - Output Level-2 Mux: 1
 - One set is partitioned into 1 rows
Local Wire:
 - Wire Type : Local Aggressive
 - Repeater Type: No Repeaters
 - Low Swing : No
Global Wire:
 - Wire Type : Global Aggressive
 - Repeater Type: No Repeaters
 - Low Swing : No
Buffer Design Style: Latency-Optimized
=============
   RESULT
=============
Area:
 - Total Area = 572.662um x 156.251um = 89479.248um^2
 |--- Mat Area      = 143.165um x 156.251um = 22369.812um^2   (16.271%)
 |--- Subarray Area = 142.404um x 74.539um = 10614.674um^2   (17.145%)
 - Area Efficiency = 16.271%
Timing:
 -  Read Latency = 2.064ns
 |--- H-Tree Latency = 35.112ps
 |--- Mat Latency    = 2.029ns
    |--- Predecoder Latency = 197.347ps
    |--- Subarray Latency   = 1.771ns
       |--- Row Decoder Latency = 301.977ps
       |--- Bitline Latency     = 13.793ps
       |--- Senseamp Latency    = 1.456ns
       |--- Mux Latency         = 0.000ps
       |--- Precharge Latency   = 446.502ps
    |--- Comparator Latency  = 59.975ps
 - Write Latency = 10.517ns
 |--- H-Tree Latency = 17.556ps
 |--- Mat Latency    = 10.499ns
    |--- Predecoder Latency = 197.347ps
    |--- Subarray Latency   = 10.302ns
       |--- Write Pulse Duration = 10.000ns
       |--- Row Decoder Latency = 301.977ps
       |--- Charge Latency      = 14.919ps
 - Read Bandwidth  = 2.218GB/s
 - Write Bandwidth = 412.542MB/s
Power:
 -  Read Dynamic Energy = 132.752pJ
 |--- H-Tree Dynamic Energy = 2.374pJ
 |--- Mat Dynamic Energy    = 130.377pJ per mat
    |--- Predecoder Dynamic Energy = 0.501pJ
    |--- Subarray Dynamic Energy   = 64.938pJ per active subarray
       |--- Row Decoder Dynamic Energy = 0.056pJ
       |--- Mux Decoder Dynamic Energy = 0.122pJ
       |--- Bitline & Cell Read Energy = 23.756pJ
       |--- Senseamp Dynamic Energy    = 40.893pJ
       |--- Mux Dynamic Energy         = 0.000pJ
       |--- Precharge Dynamic Energy   = 0.109pJ
 - Write Dynamic Energy = 553.435pJ
 |--- H-Tree Dynamic Energy = 2.374pJ
 |--- Mat Dynamic Energy    = 551.060pJ per mat
    |--- Predecoder Dynamic Energy = 0.501pJ
    |--- Subarray Dynamic Energy   = 275.280pJ per active subarray
       |--- Row Decoder Dynamic Energy = 0.056pJ
       |--- Mux Decoder Dynamic Energy = 0.122pJ
       |--- Mux Dynamic Energy         = 0.000pJ
       |--- Bitline & Cell Write Energy= 275.102pJ
 - Leakage Power = 327.963uW
 |--- H-Tree Leakage Power = 0.000pW
 |--- Mat Leakage Power    = 81.991uW per mat

Finished!
