User-defined configuration file (/Users/sudo/CodeProjects/Tufts/EECE0193/Final_Project/EXPERIMENTS/Input/NVSim/iso_capacity/WriteDynamicEnergy/SRAM/256KB/256KB.cfg) is loaded

Memory Cell: SRAM
Cell Area (F^2)    : 146.000 (14.600Fx10.000F)
Cell Aspect Ratio  : 1.460
SRAM Cell Access Transistor Width: 1.310F
SRAM Cell NMOS Width: 2.080F
SRAM Cell PMOS Width: 1.230F
[WARNING] Associativity setting is ignored for non-cache designs

====================
DESIGN SPECIFICATION
====================
Design Target: Random Access Memory
Capacity   : 256KB
Data Width : 128Bits (16Bytes)

Searching for the best solution that is optimized for write energy ...

=============
CONFIGURATION
=============
Bank Organization: 1 x 1
 - Row Activation   : 1 / 1
 - Column Activation: 1 / 1
Mat Organization: 2 x 2
 - Row Activation   : 2 / 2
 - Column Activation: 2 / 2
 - Subarray Size    : 512 Rows x 1024 Columns
Mux Level:
 - Senseamp Mux      : 1
 - Output Level-1 Mux: 1
 - Output Level-2 Mux: 32
Local Wire:
 - Wire Type : Local Aggressive
 - Repeater Type: No Repeaters
 - Low Swing : No
Global Wire:
 - Wire Type : Global Aggressive
 - Repeater Type: No Repeaters
 - Low Swing : No
Buffer Design Style: Latency-Optimized
=============
   RESULT
=============
Area:
 - Total Area = 333.287um x 471.604um = 157179.369um^2
 |--- Mat Area      = 333.287um x 471.604um = 157179.369um^2   (94.283%)
 |--- Subarray Area = 166.643um x 230.717um = 38447.417um^2   (96.361%)
 - Area Efficiency = 94.283%
Timing:
 -  Read Latency = 2.385ns
 |--- H-Tree Latency = 0.000ps
 |--- Mat Latency    = 2.385ns
    |--- Predecoder Latency = 266.497ps
    |--- Subarray Latency   = 2.118ns
       |--- Row Decoder Latency = 1.039ns
       |--- Bitline Latency     = 1.009ns
       |--- Senseamp Latency    = 3.759ps
       |--- Mux Latency         = 66.665ps
       |--- Precharge Latency   = 1.536ns
 - Write Latency = 2.385ns
 |--- H-Tree Latency = 0.000ps
 |--- Mat Latency    = 2.385ns
    |--- Predecoder Latency = 266.497ps
    |--- Subarray Latency   = 2.118ns
       |--- Row Decoder Latency = 1.039ns
       |--- Charge Latency      = 676.640ps
 - Read Bandwidth  = 6.117GB/s
 - Write Bandwidth = 7.553GB/s
Power:
 -  Read Dynamic Energy = 39.812pJ
 |--- H-Tree Dynamic Energy = 0.000pJ
 |--- Mat Dynamic Energy    = 39.812pJ per mat
    |--- Predecoder Dynamic Energy = 0.167pJ
    |--- Subarray Dynamic Energy   = 9.911pJ per active subarray
       |--- Row Decoder Dynamic Energy = 0.093pJ
       |--- Mux Decoder Dynamic Energy = 0.225pJ
       |--- Senseamp Dynamic Energy    = 0.351pJ
       |--- Mux Dynamic Energy         = 0.023pJ
       |--- Precharge Dynamic Energy   = 0.394pJ
 - Write Dynamic Energy = 2.634pJ
 |--- H-Tree Dynamic Energy = 0.000pJ
 |--- Mat Dynamic Energy    = 2.634pJ per mat
    |--- Predecoder Dynamic Energy = 0.167pJ
    |--- Subarray Dynamic Energy   = 0.617pJ per active subarray
       |--- Row Decoder Dynamic Energy = 0.093pJ
       |--- Mux Decoder Dynamic Energy = 0.225pJ
       |--- Mux Dynamic Energy         = 0.023pJ
 - Leakage Power = 20.999uW
 |--- H-Tree Leakage Power = 0.000pW
 |--- Mat Leakage Power    = 20.999uW per mat

Finished!
