User-defined configuration file (/Users/sudo/CodeProjects/Tufts/EECE0193/Final_Project/EXPERIMENTS/Input/Destiny/LeakagePower/STTRAM/512KB/512KB.cfg) is loaded

====================
DESIGN SPECIFICATION
====================
Design Target: Random Access Memory
Capacity   : 512KB
Data Width : 128Bits (16Bytes)

Searching for the best solution that is optimized for leakage power ...
Using cell file: ./cell_defs/STTRAM.cell
numSolutions = 24442 / numDesigns = 218700

=============
   SUMMARY   
=============
Optimized for: Leakage
Memory Cell: MRAM (Magnetoresistive)
Cell Area (F^2)    : 54 (5.4Fx10F)
Cell Aspect Ratio  : 0.54
Cell Turned-On Resistance : 3Kohm
Cell Turned-Off Resistance: 6Kohm
Read Mode: Current-Sensing
  - Read Voltage: 0.25V
Reset Mode: Current
  - Reset Current: 80uA
  - Reset Pulse: 10ns
Set Mode: Current
  - Set Current: 80uA
  - Set Pulse: 10ns
Access Type: CMOS

=============
CONFIGURATION
=============
Bank Organization: 8 x 32
 - Row Activation   : 1 / 8
 - Column Activation: 32 / 32
Mat Organization: 2 x 2
 - Row Activation   : 2 / 2
 - Column Activation: 2 / 2
 - Subarray Size    : 128 Rows x 32 Columns
Mux Level:
 - Senseamp Mux      : 32
 - Output Level-1 Mux: 1
 - Output Level-2 Mux: 1
Local Wire:
 - Wire Type : Local Aggressive
 - Repeater Type: No Repeaters
 - Low Swing : No
Global Wire:
 - Wire Type : Global Aggressive
 - Repeater Type: No Repeaters
 - Low Swing : No
Buffer Design Style: Latency-Optimized
=============
   RESULT
=============
Area:
 - Total Area = 370.588um x 909.464um = 337037um^2
 |--- Mat Area      = 46.3235um x 28.4207um = 1316.55um^2   (32.5253%)
 |--- Subarray Area = 20.5297um x 14.2104um = 291.735um^2   (36.6953%)
 - Area Efficiency = 32.5253%
Timing:
 -  Read Latency = 2.16028ns
 |--- H-Tree Latency = 392.924ps
 |--- Mat Latency    = 1.76735ns
    |--- Predecoder Latency = 158.122ps
    |--- Subarray Latency   = 1.60923ns
       |--- Row Decoder Latency = 116.755ps
       |--- Bitline Latency     = 3.58064ps,0ps,0ps
       |--- Senseamp Latency    = 1.456ns
       |--- Mux Latency         = 32.8907ps
       |--- Precharge Latency   = 223.226ps
       |--- Read Pulse   = 0ps
 - Write Total Latency = 10.4751ns
 - RESET Latency = 10.4751ns
 |--- H-Tree Latency = 196.462ps
 |--- Mat Latency    = 10.2786ns
    |--- Predecoder Latency = 158.122ps
    |--- Subarray Latency   = 10.1205ns
       |--- RESET Pulse Duration = 10ns
       |--- Row Decoder Latency  = 116.755ps
       |--- Charge Latency   = 10.425ps
 - SET Latency   = 10.4751ns
 |--- H-Tree Latency = 196.462ps
 |--- Mat Latency    = 10.2786ns
    |--- Predecoder Latency = 158.122ps
    |--- Subarray Latency   = 10.1205ns
       |--- SET Pulse Duration   = 10ns
       |--- Row Decoder Latency  = 116.755ps
       |--- Charger Latency      = 10.425ps
 - Read Bandwidth  = 9.32564GB/s
 - Write Bandwidth = 1.58095GB/s
Power:
 -  Read Dynamic Energy = 71.1897pJ
 |--- H-Tree Dynamic Energy = 34.0577pJ
 |--- Mat Dynamic Energy    = 1.16038pJ per mat
    |--- Predecoder Dynamic Energy = 0.0211569pJ
    |--- Subarray Dynamic Energy   = 0.284805pJ per active subarray
       |--- Row Decoder Dynamic Energy = 0.00874319pJ
       |--- Mux Decoder Dynamic Energy = 0.0197651pJ
       |--- Bitline & Cell Read Energy = 0.0873601pJ
       |--- Senseamp Dynamic Energy    = 0.150363pJ
       |--- Mux Dynamic Energy         = 0.00389668pJ
       |--- Precharge Dynamic Energy   = 0.0145206pJ
 - Write Dynamic Energy = 167.649pJ
 - RESET Dynamic Energy = 166.53pJ
 |--- H-Tree Dynamic Energy = 34.0577pJ
 |--- Mat Dynamic Energy    = 4.13976pJ per mat
    |--- Predecoder Dynamic Energy = 0.0211569pJ
    |--- Subarray Dynamic Energy   = 1.03839pJ per active subarray
       |--- Row Decoder Dynamic Energy = 0.00874319pJ
       |--- Mux Decoder Dynamic Energy = 0.0197651pJ
       |--- Mux Dynamic Energy         = 0.00389668pJ
       |--- Cell RESET Dynamic Energy  = 1.00599pJ  0pJ
       |--- Single Cell RESET Energy  = 1pJ  0pJ
 - SET Dynamic Energy = 166.53pJ
 |--- H-Tree Dynamic Energy = 34.0577pJ
 |--- Mat Dynamic Energy    = 4.13976pJ per mat
    |--- Predecoder Dynamic Energy = 0.0211569pJ
    |--- Subarray Dynamic Energy   = 1.03839pJ per active subarray
       |--- Row Decoder Dynamic Energy = 0.00874319pJ
       |--- Mux Decoder Dynamic Energy = 0.0197651pJ
       |--- Mux Dynamic Energy         = 0.00389668pJ
       |--- Cell SET Dynamic Energy    = 1.00599pJ  0pJ  1.03839pJ
       |--- Single Cell SET Energy  = 1pJ  0pJ
 - Leakage Power = 188.558uW
 |--- H-Tree Leakage Power     = 0pW
 |--- Mat Leakage Power        = 736.556nW per mat

Finished!
