User-defined configuration file (/Users/sudo/CodeProjects/Tufts/EECE0193/Final_Project/EXPERIMENTS/Input/NVSim/iso_area/WriteEDP/STTRAM/16KB/16KB.cfg) is loaded

Memory Cell: MRAM (Magnetoresistive)
Cell Area (F^2)    : 54.000 (5.400Fx10.000F)
Cell Aspect Ratio  : 0.540
Cell Turned-On Resistance : 3.000Kohm
Cell Turned-Off Resistance: 6.000Kohm
Read Mode: Current-Sensing
  - Read Voltage: 0.250V
Reset Mode: Current
  - Reset Current: 80.000uA
  - Reset Pulse: 10.000ns
Set Mode: Current
  - Set Current: 80.000uA
  - Set Pulse: 10.000ns
Access Type: CMOS

====================
DESIGN SPECIFICATION
====================
Design Target: Random Access Memory
Capacity   : 16KB
Data Width : 128Bits (16Bytes)

Searching for the best solution that is optimized for write energy-delay-product ...

=============
CONFIGURATION
=============
Bank Organization: 1 x 1
 - Row Activation   : 1 / 1
 - Column Activation: 1 / 1
Mat Organization: 2 x 2
 - Row Activation   : 2 / 2
 - Column Activation: 2 / 2
 - Subarray Size    : 256 Rows x 128 Columns
Mux Level:
 - Senseamp Mux      : 4
 - Output Level-1 Mux: 1
 - Output Level-2 Mux: 1
Local Wire:
 - Wire Type : Local Aggressive
 - Repeater Type: No Repeaters
 - Low Swing : No
Global Wire:
 - Wire Type : Global Aggressive
 - Repeater Type: No Repeaters
 - Low Swing : No
Buffer Design Style: Latency-Optimized
=============
   RESULT
=============
Area:
 - Total Area = 127.206um x 77.831um = 9900.584um^2
 |--- Mat Area      = 127.206um x 77.831um = 9900.584um^2   (34.601%)
 |--- Subarray Area = 60.063um x 38.916um = 2337.397um^2   (36.640%)
 - Area Efficiency = 34.601%
Timing:
 -  Read Latency = 1.842ns
 |--- H-Tree Latency = 0.000ps
 |--- Mat Latency    = 1.842ns
    |--- Predecoder Latency = 186.208ps
    |--- Subarray Latency   = 1.656ns
       |--- Row Decoder Latency = 180.660ps
       |--- Bitline Latency     = 13.793ps
       |--- Senseamp Latency    = 1.456ns
       |--- Mux Latency         = 5.300ps
       |--- Precharge Latency   = 445.481ps
 - Write Latency = 10.367ns
 |--- H-Tree Latency = 0.000ps
 |--- Mat Latency    = 10.367ns
    |--- Predecoder Latency = 186.208ps
    |--- Subarray Latency   = 10.181ns
       |--- Write Pulse Duration = 10.000ns
       |--- Row Decoder Latency = 180.660ps
       |--- Charge Latency      = 28.013ps
 - Read Bandwidth  = 8.331GB/s
 - Write Bandwidth = 1.572GB/s
Power:
 -  Read Dynamic Energy = 31.166pJ
 |--- H-Tree Dynamic Energy = 0.000pJ
 |--- Mat Dynamic Energy    = 31.166pJ per mat
    |--- Predecoder Dynamic Energy = 0.052pJ
    |--- Subarray Dynamic Energy   = 7.778pJ per active subarray
       |--- Row Decoder Dynamic Energy = 0.029pJ
       |--- Mux Decoder Dynamic Energy = 0.066pJ
       |--- Bitline & Cell Read Energy = 2.796pJ
       |--- Senseamp Dynamic Energy    = 4.812pJ
       |--- Mux Dynamic Energy         = 0.020pJ
       |--- Precharge Dynamic Energy   = 0.054pJ
 - Write Dynamic Energy = 130.006pJ
 |--- H-Tree Dynamic Energy = 0.000pJ
 |--- Mat Dynamic Energy    = 130.006pJ per mat
    |--- Predecoder Dynamic Energy = 0.052pJ
    |--- Subarray Dynamic Energy   = 32.488pJ per active subarray
       |--- Row Decoder Dynamic Energy = 0.029pJ
       |--- Mux Decoder Dynamic Energy = 0.066pJ
       |--- Mux Dynamic Energy         = 0.020pJ
       |--- Bitline & Cell Write Energy= 32.373pJ
 - Leakage Power = 19.746uW
 |--- H-Tree Leakage Power = 0.000pW
 |--- Mat Leakage Power    = 19.746uW per mat

Finished!
