User-defined configuration file (/Users/sudo/CodeProjects/Tufts/EECE0193/Final_Project/EXPERIMENTS/Input/Destiny/iso_area/Area/PCRAM/4096KB/4096KB.cfg) is loaded

====================
DESIGN SPECIFICATION
====================
Design Target: Random Access Memory
Capacity   : 4MB
Data Width : 128Bits (16Bytes)

Searching for the best solution that is optimized for area ...
Using cell file: ./cell_defs/PCRAM.cell
numSolutions = 28960 / numDesigns = 218700

=============
   SUMMARY   
=============
Optimized for: Area
Memory Cell: PCRAM (Phase-Change)
Cell Area (F^2)    : 9 (3Fx3F)
Cell Aspect Ratio  : 1
Cell Turned-On Resistance : 1Kohm
Cell Turned-Off Resistance: 1Mohm
Read Mode: Voltage-Sensing
  - Read Current: 40uA
Reset Mode: Current
  - Reset Current: 300uA
  - Reset Pulse: 40ns
Set Mode: Current
  - Set Current: 150uA
  - Set Pulse: 150ns
Access Type: CMOS

=============
CONFIGURATION
=============
Bank Organization: 128 x 32 x 16
 - Row Activation   : 1 / 128 x 1
 - Column Activation: 32 / 32 x 1
Mat Organization: 2 x 2
 - Row Activation   : 2 / 2
 - Column Activation: 2 / 2
 - Subarray Size    : 8 Rows x 16 Columns
Mux Level:
 - Senseamp Mux      : 16
 - Output Level-1 Mux: 1
 - Output Level-2 Mux: 1
Local Wire:
 - Wire Type : Local Aggressive
 - Repeater Type: No Repeaters
 - Low Swing : No
Global Wire:
 - Wire Type : Global Aggressive
 - Repeater Type: No Repeaters
 - Low Swing : No
Buffer Design Style: Latency-Optimized
=============
   RESULT
=============
Area:
 - Total Area = 770.587um x 125.645um = 131570um^2
 |--- Mat Area      = 6.02021um x 3.92642um = 23.6378um^2   (150.963%)
 |--- Subarray Area = 2.25053um x 1.96321um = 4.41826um^2   (201.914%)
 |--- TSV Area      = 81um^2
 - Area Efficiency = 111.092%
Timing:
 -  Read Latency = 300.871ps
 |--- TSV Latency    = 0.171162ps
 |--- H-Tree Latency = 75.0173ps
 |--- Mat Latency    = 225.683ps
    |--- Predecoder Latency = 56.5226ps
    |--- Subarray Latency   = 169.16ps
       |--- Row Decoder Latency = 30.4854ps
       |--- Bitline Latency     = 33.3093ps,1.6796ps,33.3093ps
       |--- Senseamp Latency    = 3.9879ps
       |--- Mux Latency         = 17.1247ps
       |--- Precharge Latency   = 14.9276ps
       |--- Read Pulse   = 0ps
 - Write Total Latency = 150.209ns
 - RESET Latency = 40.2094ns
 |--- TSV Latency    = 0.0855811ps
 |--- H-Tree Latency = 37.5086ps
 |--- Mat Latency    = 40.1718ns
    |--- Predecoder Latency = 56.5226ps
    |--- Subarray Latency   = 40.1152ns
       |--- RESET Pulse Duration = 40ns
       |--- Row Decoder Latency  = 30.4854ps
       |--- Charge Latency   = 0.507956ps
 - SET Latency   = 150.209ns
 |--- TSV Latency    = 0.0855811ps
 |--- H-Tree Latency = 37.5086ps
 |--- Mat Latency    = 150.172ns
    |--- Predecoder Latency = 56.5226ps
    |--- Subarray Latency   = 150.115ns
       |--- SET Pulse Duration   = 150ns
       |--- Row Decoder Latency  = 30.4854ps
       |--- Charger Latency      = 0.507956ps
 - Read Bandwidth  = 104.165GB/s
 - Write Bandwidth = 106.585MB/s
Power:
 -  Read Dynamic Energy = 984.406pJ
 |--- TSV Dynamic Energy    = 239.195pJ
 |--- H-Tree Dynamic Energy = 13.8716pJ
 |--- Mat Dynamic Energy    = 22.8544pJ per mat
    |--- Predecoder Dynamic Energy = 0.00160224pJ
    |--- Subarray Dynamic Energy   = 5.71319pJ per active subarray
       |--- Row Decoder Dynamic Energy = 0.000776165pJ
       |--- Mux Decoder Dynamic Energy = 0.0248606pJ
       |--- Bitline & Cell Read Energy = 0.000255226pJ
       |--- Senseamp Dynamic Energy    = 0.000363496pJ
       |--- Mux Dynamic Energy         = 0.00202883pJ
       |--- Precharge Dynamic Energy   = 0.00565425pJ
 - Write Dynamic Energy = 11.777nJ
 - RESET Dynamic Energy = 6.40086nJ
 |--- TSV Dynamic Energy    = 239.195pJ
 |--- H-Tree Dynamic Energy = 13.8716pJ
 |--- Mat Dynamic Energy    = 192.119pJ per mat
    |--- Predecoder Dynamic Energy = 0.00160224pJ
    |--- Subarray Dynamic Energy   = 90.03pJ per active subarray
       |--- Row Decoder Dynamic Energy = 0.000776165pJ
       |--- Mux Decoder Dynamic Energy = 0.0248606pJ
       |--- Mux Dynamic Energy         = 0.00202883pJ
       |--- Cell RESET Dynamic Energy  = 48.0023pJ  0pJ
       |--- Single Cell RESET Energy  = 9.6pJ  0pJ
 - SET Dynamic Energy = 11.7769nJ
 |--- H-Tree Dynamic Energy = 13.8716pJ
 |--- Mat Dynamic Energy    = 360.119pJ per mat
    |--- Predecoder Dynamic Energy = 0.00160224pJ
    |--- Subarray Dynamic Energy   = 90.03pJ per active subarray
       |--- Row Decoder Dynamic Energy = 0.000776165pJ
       |--- Mux Decoder Dynamic Energy = 0.0248606pJ
       |--- Mux Dynamic Energy         = 0.00202883pJ
       |--- Cell SET Dynamic Energy    = 90.0023pJ  0pJ  90.03pJ
       |--- Single Cell SET Energy  = 18pJ  0pJ
 - Leakage Power = 1.07459mW
 |--- TSV Leakage              = 0pW
 |--- H-Tree Leakage Power     = 0pW
 |--- Mat Leakage Power        = 16.3969nW per mat

Finished!
